<?xml version="1.0" encoding="UTF-8"?>
<testsuite xmlns:xsi="http://www.w3.org/2001/XMLSchema-instance" xsi:noNamespaceSchemaLocation="https://maven.apache.org/surefire/maven-surefire-plugin/xsd/surefire-test-report-3.0.xsd" version="3.0" name="runner.DogApiRunner" time="10.673" tests="18" errors="0" skipped="0" failures="0">
  <properties>
    <property name="sun.desktop" value="windows"/>
    <property name="awt.toolkit" value="sun.awt.windows.WToolkit"/>
    <property name="java.specification.version" value="11"/>
    <property name="sun.cpu.isalist" value="amd64"/>
    <property name="sun.jnu.encoding" value="Cp1252"/>
    <property name="java.class.path" value="C:\Users\bella\Desktop\Dog Api\target\test-classes;C:\Users\bella\Desktop\Dog Api\target\classes;C:\Users\bella\.m2\repository\com\intuit\karate\karate-junit5\1.4.1\karate-junit5-1.4.1.jar;C:\Users\bella\.m2\repository\com\intuit\karate\karate-core\1.4.1\karate-core-1.4.1.jar;C:\Users\bella\.m2\repository\org\graalvm\js\js-scriptengine\22.3.3\js-scriptengine-22.3.3.jar;C:\Users\bella\.m2\repository\org\graalvm\sdk\graal-sdk\22.3.3\graal-sdk-22.3.3.jar;C:\Users\bella\.m2\repository\org\graalvm\js\js\22.3.3\js-22.3.3.jar;C:\Users\bella\.m2\repository\org\graalvm\regex\regex\22.3.3\regex-22.3.3.jar;C:\Users\bella\.m2\repository\org\graalvm\truffle\truffle-api\22.3.3\truffle-api-22.3.3.jar;C:\Users\bella\.m2\repository\com\ibm\icu\icu4j\71.1\icu4j-71.1.jar;C:\Users\bella\.m2\repository\org\thymeleaf\thymeleaf\3.1.2.RELEASE\thymeleaf-3.1.2.RELEASE.jar;C:\Users\bella\.m2\repository\ognl\ognl\3.3.4\ognl-3.3.4.jar;C:\Users\bella\.m2\repository\org\javassist\javassist\3.29.0-GA\javassist-3.29.0-GA.jar;C:\Users\bella\.m2\repository\org\attoparser\attoparser\2.0.7.RELEASE\attoparser-2.0.7.RELEASE.jar;C:\Users\bella\.m2\repository\org\unbescape\unbescape\1.1.6.RELEASE\unbescape-1.1.6.RELEASE.jar;C:\Users\bella\.m2\repository\org\slf4j\slf4j-api\2.0.7\slf4j-api-2.0.7.jar;C:\Users\bella\.m2\repository\com\linecorp\armeria\armeria\1.25.2\armeria-1.25.2.jar;C:\Users\bella\.m2\repository\com\fasterxml\jackson\core\jackson-core\2.15.2\jackson-core-2.15.2.jar;C:\Users\bella\.m2\repository\com\fasterxml\jackson\core\jackson-annotations\2.15.2\jackson-annotations-2.15.2.jar;C:\Users\bella\.m2\repository\com\fasterxml\jackson\core\jackson-databind\2.15.2\jackson-databind-2.15.2.jar;C:\Users\bella\.m2\repository\com\fasterxml\jackson\datatype\jackson-datatype-jdk8\2.15.2\jackson-datatype-jdk8-2.15.2.jar;C:\Users\bella\.m2\repository\com\fasterxml\jackson\datatype\jackson-datatype-jsr310\2.15.2\jackson-datatype-jsr310-2.15.2.jar;C:\Users\bella\.m2\repository\io\micrometer\micrometer-core\1.11.3\micrometer-core-1.11.3.jar;C:\Users\bella\.m2\repository\io\micrometer\micrometer-commons\1.11.3\micrometer-commons-1.11.3.jar;C:\Users\bella\.m2\repository\io\micrometer\micrometer-observation\1.11.3\micrometer-observation-1.11.3.jar;C:\Users\bella\.m2\repository\org\hdrhistogram\HdrHistogram\2.1.12\HdrHistogram-2.1.12.jar;C:\Users\bella\.m2\repository\org\latencyutils\LatencyUtils\2.0.3\LatencyUtils-2.0.3.jar;C:\Users\bella\.m2\repository\io\netty\netty-transport\4.1.96.Final\netty-transport-4.1.96.Final.jar;C:\Users\bella\.m2\repository\io\netty\netty-common\4.1.96.Final\netty-common-4.1.96.Final.jar;C:\Users\bella\.m2\repository\io\netty\netty-buffer\4.1.96.Final\netty-buffer-4.1.96.Final.jar;C:\Users\bella\.m2\repository\io\netty\netty-resolver\4.1.96.Final\netty-resolver-4.1.96.Final.jar;C:\Users\bella\.m2\repository\io\netty\netty-codec-haproxy\4.1.96.Final\netty-codec-haproxy-4.1.96.Final.jar;C:\Users\bella\.m2\repository\io\netty\netty-codec\4.1.96.Final\netty-codec-4.1.96.Final.jar;C:\Users\bella\.m2\repository\io\netty\netty-codec-http2\4.1.96.Final\netty-codec-http2-4.1.96.Final.jar;C:\Users\bella\.m2\repository\io\netty\netty-handler\4.1.96.Final\netty-handler-4.1.96.Final.jar;C:\Users\bella\.m2\repository\io\netty\netty-codec-http\4.1.96.Final\netty-codec-http-4.1.96.Final.jar;C:\Users\bella\.m2\repository\io\netty\netty-resolver-dns\4.1.96.Final\netty-resolver-dns-4.1.96.Final.jar;C:\Users\bella\.m2\repository\io\netty\netty-codec-dns\4.1.96.Final\netty-codec-dns-4.1.96.Final.jar;C:\Users\bella\.m2\repository\org\reactivestreams\reactive-streams\1.0.4\reactive-streams-1.0.4.jar;C:\Users\bella\.m2\repository\com\google\code\findbugs\jsr305\3.0.2\jsr305-3.0.2.jar;C:\Users\bella\.m2\repository\io\netty\netty-handler-proxy\4.1.96.Final\netty-handler-proxy-4.1.96.Final.jar;C:\Users\bella\.m2\repository\io\netty\netty-codec-socks\4.1.96.Final\netty-codec-socks-4.1.96.Final.jar;C:\Users\bella\.m2\repository\io\netty\netty-transport-native-unix-common\4.1.96.Final\netty-transport-native-unix-common-4.1.96.Final-linux-x86_64.jar;C:\Users\bella\.m2\repository\io\netty\netty-transport-native-epoll\4.1.96.Final\netty-transport-native-epoll-4.1.96.Final-linux-x86_64.jar;C:\Users\bella\.m2\repository\io\netty\netty-transport-native-unix-common\4.1.96.Final\netty-transport-native-unix-common-4.1.96.Final.jar;C:\Users\bella\.m2\repository\io\netty\netty-transport-classes-epoll\4.1.96.Final\netty-transport-classes-epoll-4.1.96.Final.jar;C:\Users\bella\.m2\repository\io\netty\netty-transport-native-unix-common\4.1.96.Final\netty-transport-native-unix-common-4.1.96.Final-linux-aarch_64.jar;C:\Users\bella\.m2\repository\io\netty\netty-transport-native-epoll\4.1.96.Final\netty-transport-native-epoll-4.1.96.Final-linux-aarch_64.jar;C:\Users\bella\.m2\repository\io\netty\netty-transport-native-unix-common\4.1.96.Final\netty-transport-native-unix-common-4.1.96.Final-osx-x86_64.jar;C:\Users\bella\.m2\repository\io\netty\netty-transport-native-kqueue\4.1.96.Final\netty-transport-native-kqueue-4.1.96.Final-osx-x86_64.jar;C:\Users\bella\.m2\repository\io\netty\netty-transport-classes-kqueue\4.1.96.Final\netty-transport-classes-kqueue-4.1.96.Final.jar;C:\Users\bella\.m2\repository\io\netty\netty-resolver-dns-native-macos\4.1.96.Final\netty-resolver-dns-native-macos-4.1.96.Final-osx-x86_64.jar;C:\Users\bella\.m2\repository\io\netty\netty-resolver-dns-classes-macos\4.1.96.Final\netty-resolver-dns-classes-macos-4.1.96.Final.jar;C:\Users\bella\.m2\repository\io\netty\netty-transport-native-unix-common\4.1.96.Final\netty-transport-native-unix-common-4.1.96.Final-osx-aarch_64.jar;C:\Users\bella\.m2\repository\io\netty\netty-transport-native-kqueue\4.1.96.Final\netty-transport-native-kqueue-4.1.96.Final-osx-aarch_64.jar;C:\Users\bella\.m2\repository\io\netty\netty-resolver-dns-native-macos\4.1.96.Final\netty-resolver-dns-native-macos-4.1.96.Final-osx-aarch_64.jar;C:\Users\bella\.m2\repository\io\netty\netty-tcnative-boringssl-static\2.0.61.Final\netty-tcnative-boringssl-static-2.0.61.Final-linux-x86_64.jar;C:\Users\bella\.m2\repository\io\netty\netty-tcnative-classes\2.0.61.Final\netty-tcnative-classes-2.0.61.Final.jar;C:\Users\bella\.m2\repository\io\netty\netty-tcnative-boringssl-static\2.0.61.Final\netty-tcnative-boringssl-static-2.0.61.Final-linux-aarch_64.jar;C:\Users\bella\.m2\repository\io\netty\netty-tcnative-boringssl-static\2.0.61.Final\netty-tcnative-boringssl-static-2.0.61.Final-osx-x86_64.jar;C:\Users\bella\.m2\repository\io\netty\netty-tcnative-boringssl-static\2.0.61.Final\netty-tcnative-boringssl-static-2.0.61.Final-osx-aarch_64.jar;C:\Users\bella\.m2\repository\io\netty\netty-tcnative-boringssl-static\2.0.61.Final\netty-tcnative-boringssl-static-2.0.61.Final-windows-x86_64.jar;C:\Users\bella\.m2\repository\com\aayushatharva\brotli4j\brotli4j\1.12.0\brotli4j-1.12.0.jar;C:\Users\bella\.m2\repository\com\aayushatharva\brotli4j\service\1.12.0\service-1.12.0.jar;C:\Users\bella\.m2\repository\com\aayushatharva\brotli4j\native-windows-x86_64\1.12.0\native-windows-x86_64-1.12.0.jar;C:\Users\bella\.m2\repository\org\apache\httpcomponents\httpclient\4.5.14\httpclient-4.5.14.jar;C:\Users\bella\.m2\repository\org\apache\httpcomponents\httpcore\4.4.16\httpcore-4.4.16.jar;C:\Users\bella\.m2\repository\commons-codec\commons-codec\1.16.0\commons-codec-1.16.0.jar;C:\Users\bella\.m2\repository\ch\qos\logback\logback-classic\1.4.11\logback-classic-1.4.11.jar;C:\Users\bella\.m2\repository\ch\qos\logback\logback-core\1.4.11\logback-core-1.4.11.jar;C:\Users\bella\.m2\repository\org\slf4j\jcl-over-slf4j\2.0.9\jcl-over-slf4j-2.0.9.jar;C:\Users\bella\.m2\repository\org\antlr\antlr4-runtime\4.11.1\antlr4-runtime-4.11.1.jar;C:\Users\bella\.m2\repository\com\jayway\jsonpath\json-path\2.8.0\json-path-2.8.0.jar;C:\Users\bella\.m2\repository\net\minidev\json-smart\2.4.10\json-smart-2.4.10.jar;C:\Users\bella\.m2\repository\net\minidev\accessors-smart\2.4.9\accessors-smart-2.4.9.jar;C:\Users\bella\.m2\repository\org\ow2\asm\asm\9.3\asm-9.3.jar;C:\Users\bella\.m2\repository\org\yaml\snakeyaml\2.0\snakeyaml-2.0.jar;C:\Users\bella\.m2\repository\de\siegmar\fastcsv\2.2.1\fastcsv-2.2.1.jar;C:\Users\bella\.m2\repository\info\picocli\picocli\4.7.1\picocli-4.7.1.jar;C:\Users\bella\.m2\repository\io\github\classgraph\classgraph\4.8.160\classgraph-4.8.160.jar;C:\Users\bella\.m2\repository\io\github\t12y\resemble\1.0.2\resemble-1.0.2.jar;C:\Users\bella\.m2\repository\io\github\t12y\ssim\1.0.0\ssim-1.0.0.jar;C:\Users\bella\.m2\repository\org\junit\jupiter\junit-jupiter-api\5.9.3\junit-jupiter-api-5.9.3.jar;C:\Users\bella\.m2\repository\org\opentest4j\opentest4j\1.2.0\opentest4j-1.2.0.jar;C:\Users\bella\.m2\repository\org\junit\platform\junit-platform-commons\1.9.3\junit-platform-commons-1.9.3.jar;C:\Users\bella\.m2\repository\org\junit\jupiter\junit-jupiter-engine\5.8.2\junit-jupiter-engine-5.8.2.jar;C:\Users\bella\.m2\repository\org\junit\platform\junit-platform-engine\1.8.2\junit-platform-engine-1.8.2.jar;C:\Users\bella\.m2\repository\org\apiguardian\apiguardian-api\1.1.2\apiguardian-api-1.1.2.jar;"/>
    <property name="java.vm.vendor" value="Eclipse Adoptium"/>
    <property name="sun.arch.data.model" value="64"/>
    <property name="user.variant" value=""/>
    <property name="java.vendor.url" value="https://adoptium.net/"/>
    <property name="user.timezone" value="America/Sao_Paulo"/>
    <property name="java.vm.specification.version" value="11"/>
    <property name="os.name" value="Windows 11"/>
    <property name="sun.java.launcher" value="SUN_STANDARD"/>
    <property name="user.country" value="BR"/>
    <property name="sun.boot.library.path" value="C:\Program Files\Eclipse Adoptium\jdk-11.0.27.6-hotspot\bin"/>
    <property name="sun.java.command" value="C:\Users\bella\AppData\Local\Temp\surefire10607014689763589406\surefirebooter-20250722150810254_3.jar C:\Users\bella\AppData\Local\Temp\surefire10607014689763589406 2025-07-22T15-08-10_016-jvmRun1 surefire-20250722150810254_1tmp surefire_0-20250722150810254_2tmp"/>
    <property name="jdk.debug" value="release"/>
    <property name="surefire.test.class.path" value="C:\Users\bella\Desktop\Dog Api\target\test-classes;C:\Users\bella\Desktop\Dog Api\target\classes;C:\Users\bella\.m2\repository\com\intuit\karate\karate-junit5\1.4.1\karate-junit5-1.4.1.jar;C:\Users\bella\.m2\repository\com\intuit\karate\karate-core\1.4.1\karate-core-1.4.1.jar;C:\Users\bella\.m2\repository\org\graalvm\js\js-scriptengine\22.3.3\js-scriptengine-22.3.3.jar;C:\Users\bella\.m2\repository\org\graalvm\sdk\graal-sdk\22.3.3\graal-sdk-22.3.3.jar;C:\Users\bella\.m2\repository\org\graalvm\js\js\22.3.3\js-22.3.3.jar;C:\Users\bella\.m2\repository\org\graalvm\regex\regex\22.3.3\regex-22.3.3.jar;C:\Users\bella\.m2\repository\org\graalvm\truffle\truffle-api\22.3.3\truffle-api-22.3.3.jar;C:\Users\bella\.m2\repository\com\ibm\icu\icu4j\71.1\icu4j-71.1.jar;C:\Users\bella\.m2\repository\org\thymeleaf\thymeleaf\3.1.2.RELEASE\thymeleaf-3.1.2.RELEASE.jar;C:\Users\bella\.m2\repository\ognl\ognl\3.3.4\ognl-3.3.4.jar;C:\Users\bella\.m2\repository\org\javassist\javassist\3.29.0-GA\javassist-3.29.0-GA.jar;C:\Users\bella\.m2\repository\org\attoparser\attoparser\2.0.7.RELEASE\attoparser-2.0.7.RELEASE.jar;C:\Users\bella\.m2\repository\org\unbescape\unbescape\1.1.6.RELEASE\unbescape-1.1.6.RELEASE.jar;C:\Users\bella\.m2\repository\org\slf4j\slf4j-api\2.0.7\slf4j-api-2.0.7.jar;C:\Users\bella\.m2\repository\com\linecorp\armeria\armeria\1.25.2\armeria-1.25.2.jar;C:\Users\bella\.m2\repository\com\fasterxml\jackson\core\jackson-core\2.15.2\jackson-core-2.15.2.jar;C:\Users\bella\.m2\repository\com\fasterxml\jackson\core\jackson-annotations\2.15.2\jackson-annotations-2.15.2.jar;C:\Users\bella\.m2\repository\com\fasterxml\jackson\core\jackson-databind\2.15.2\jackson-databind-2.15.2.jar;C:\Users\bella\.m2\repository\com\fasterxml\jackson\datatype\jackson-datatype-jdk8\2.15.2\jackson-datatype-jdk8-2.15.2.jar;C:\Users\bella\.m2\repository\com\fasterxml\jackson\datatype\jackson-datatype-jsr310\2.15.2\jackson-datatype-jsr310-2.15.2.jar;C:\Users\bella\.m2\repository\io\micrometer\micrometer-core\1.11.3\micrometer-core-1.11.3.jar;C:\Users\bella\.m2\repository\io\micrometer\micrometer-commons\1.11.3\micrometer-commons-1.11.3.jar;C:\Users\bella\.m2\repository\io\micrometer\micrometer-observation\1.11.3\micrometer-observation-1.11.3.jar;C:\Users\bella\.m2\repository\org\hdrhistogram\HdrHistogram\2.1.12\HdrHistogram-2.1.12.jar;C:\Users\bella\.m2\repository\org\latencyutils\LatencyUtils\2.0.3\LatencyUtils-2.0.3.jar;C:\Users\bella\.m2\repository\io\netty\netty-transport\4.1.96.Final\netty-transport-4.1.96.Final.jar;C:\Users\bella\.m2\repository\io\netty\netty-common\4.1.96.Final\netty-common-4.1.96.Final.jar;C:\Users\bella\.m2\repository\io\netty\netty-buffer\4.1.96.Final\netty-buffer-4.1.96.Final.jar;C:\Users\bella\.m2\repository\io\netty\netty-resolver\4.1.96.Final\netty-resolver-4.1.96.Final.jar;C:\Users\bella\.m2\repository\io\netty\netty-codec-haproxy\4.1.96.Final\netty-codec-haproxy-4.1.96.Final.jar;C:\Users\bella\.m2\repository\io\netty\netty-codec\4.1.96.Final\netty-codec-4.1.96.Final.jar;C:\Users\bella\.m2\repository\io\netty\netty-codec-http2\4.1.96.Final\netty-codec-http2-4.1.96.Final.jar;C:\Users\bella\.m2\repository\io\netty\netty-handler\4.1.96.Final\netty-handler-4.1.96.Final.jar;C:\Users\bella\.m2\repository\io\netty\netty-codec-http\4.1.96.Final\netty-codec-http-4.1.96.Final.jar;C:\Users\bella\.m2\repository\io\netty\netty-resolver-dns\4.1.96.Final\netty-resolver-dns-4.1.96.Final.jar;C:\Users\bella\.m2\repository\io\netty\netty-codec-dns\4.1.96.Final\netty-codec-dns-4.1.96.Final.jar;C:\Users\bella\.m2\repository\org\reactivestreams\reactive-streams\1.0.4\reactive-streams-1.0.4.jar;C:\Users\bella\.m2\repository\com\google\code\findbugs\jsr305\3.0.2\jsr305-3.0.2.jar;C:\Users\bella\.m2\repository\io\netty\netty-handler-proxy\4.1.96.Final\netty-handler-proxy-4.1.96.Final.jar;C:\Users\bella\.m2\repository\io\netty\netty-codec-socks\4.1.96.Final\netty-codec-socks-4.1.96.Final.jar;C:\Users\bella\.m2\repository\io\netty\netty-transport-native-unix-common\4.1.96.Final\netty-transport-native-unix-common-4.1.96.Final-linux-x86_64.jar;C:\Users\bella\.m2\repository\io\netty\netty-transport-native-epoll\4.1.96.Final\netty-transport-native-epoll-4.1.96.Final-linux-x86_64.jar;C:\Users\bella\.m2\repository\io\netty\netty-transport-native-unix-common\4.1.96.Final\netty-transport-native-unix-common-4.1.96.Final.jar;C:\Users\bella\.m2\repository\io\netty\netty-transport-classes-epoll\4.1.96.Final\netty-transport-classes-epoll-4.1.96.Final.jar;C:\Users\bella\.m2\repository\io\netty\netty-transport-native-unix-common\4.1.96.Final\netty-transport-native-unix-common-4.1.96.Final-linux-aarch_64.jar;C:\Users\bella\.m2\repository\io\netty\netty-transport-native-epoll\4.1.96.Final\netty-transport-native-epoll-4.1.96.Final-linux-aarch_64.jar;C:\Users\bella\.m2\repository\io\netty\netty-transport-native-unix-common\4.1.96.Final\netty-transport-native-unix-common-4.1.96.Final-osx-x86_64.jar;C:\Users\bella\.m2\repository\io\netty\netty-transport-native-kqueue\4.1.96.Final\netty-transport-native-kqueue-4.1.96.Final-osx-x86_64.jar;C:\Users\bella\.m2\repository\io\netty\netty-transport-classes-kqueue\4.1.96.Final\netty-transport-classes-kqueue-4.1.96.Final.jar;C:\Users\bella\.m2\repository\io\netty\netty-resolver-dns-native-macos\4.1.96.Final\netty-resolver-dns-native-macos-4.1.96.Final-osx-x86_64.jar;C:\Users\bella\.m2\repository\io\netty\netty-resolver-dns-classes-macos\4.1.96.Final\netty-resolver-dns-classes-macos-4.1.96.Final.jar;C:\Users\bella\.m2\repository\io\netty\netty-transport-native-unix-common\4.1.96.Final\netty-transport-native-unix-common-4.1.96.Final-osx-aarch_64.jar;C:\Users\bella\.m2\repository\io\netty\netty-transport-native-kqueue\4.1.96.Final\netty-transport-native-kqueue-4.1.96.Final-osx-aarch_64.jar;C:\Users\bella\.m2\repository\io\netty\netty-resolver-dns-native-macos\4.1.96.Final\netty-resolver-dns-native-macos-4.1.96.Final-osx-aarch_64.jar;C:\Users\bella\.m2\repository\io\netty\netty-tcnative-boringssl-static\2.0.61.Final\netty-tcnative-boringssl-static-2.0.61.Final-linux-x86_64.jar;C:\Users\bella\.m2\repository\io\netty\netty-tcnative-classes\2.0.61.Final\netty-tcnative-classes-2.0.61.Final.jar;C:\Users\bella\.m2\repository\io\netty\netty-tcnative-boringssl-static\2.0.61.Final\netty-tcnative-boringssl-static-2.0.61.Final-linux-aarch_64.jar;C:\Users\bella\.m2\repository\io\netty\netty-tcnative-boringssl-static\2.0.61.Final\netty-tcnative-boringssl-static-2.0.61.Final-osx-x86_64.jar;C:\Users\bella\.m2\repository\io\netty\netty-tcnative-boringssl-static\2.0.61.Final\netty-tcnative-boringssl-static-2.0.61.Final-osx-aarch_64.jar;C:\Users\bella\.m2\repository\io\netty\netty-tcnative-boringssl-static\2.0.61.Final\netty-tcnative-boringssl-static-2.0.61.Final-windows-x86_64.jar;C:\Users\bella\.m2\repository\com\aayushatharva\brotli4j\brotli4j\1.12.0\brotli4j-1.12.0.jar;C:\Users\bella\.m2\repository\com\aayushatharva\brotli4j\service\1.12.0\service-1.12.0.jar;C:\Users\bella\.m2\repository\com\aayushatharva\brotli4j\native-windows-x86_64\1.12.0\native-windows-x86_64-1.12.0.jar;C:\Users\bella\.m2\repository\org\apache\httpcomponents\httpclient\4.5.14\httpclient-4.5.14.jar;C:\Users\bella\.m2\repository\org\apache\httpcomponents\httpcore\4.4.16\httpcore-4.4.16.jar;C:\Users\bella\.m2\repository\commons-codec\commons-codec\1.16.0\commons-codec-1.16.0.jar;C:\Users\bella\.m2\repository\ch\qos\logback\logback-classic\1.4.11\logback-classic-1.4.11.jar;C:\Users\bella\.m2\repository\ch\qos\logback\logback-core\1.4.11\logback-core-1.4.11.jar;C:\Users\bella\.m2\repository\org\slf4j\jcl-over-slf4j\2.0.9\jcl-over-slf4j-2.0.9.jar;C:\Users\bella\.m2\repository\org\antlr\antlr4-runtime\4.11.1\antlr4-runtime-4.11.1.jar;C:\Users\bella\.m2\repository\com\jayway\jsonpath\json-path\2.8.0\json-path-2.8.0.jar;C:\Users\bella\.m2\repository\net\minidev\json-smart\2.4.10\json-smart-2.4.10.jar;C:\Users\bella\.m2\repository\net\minidev\accessors-smart\2.4.9\accessors-smart-2.4.9.jar;C:\Users\bella\.m2\repository\org\ow2\asm\asm\9.3\asm-9.3.jar;C:\Users\bella\.m2\repository\org\yaml\snakeyaml\2.0\snakeyaml-2.0.jar;C:\Users\bella\.m2\repository\de\siegmar\fastcsv\2.2.1\fastcsv-2.2.1.jar;C:\Users\bella\.m2\repository\info\picocli\picocli\4.7.1\picocli-4.7.1.jar;C:\Users\bella\.m2\repository\io\github\classgraph\classgraph\4.8.160\classgraph-4.8.160.jar;C:\Users\bella\.m2\repository\io\github\t12y\resemble\1.0.2\resemble-1.0.2.jar;C:\Users\bella\.m2\repository\io\github\t12y\ssim\1.0.0\ssim-1.0.0.jar;C:\Users\bella\.m2\repository\org\junit\jupiter\junit-jupiter-api\5.9.3\junit-jupiter-api-5.9.3.jar;C:\Users\bella\.m2\repository\org\opentest4j\opentest4j\1.2.0\opentest4j-1.2.0.jar;C:\Users\bella\.m2\repository\org\junit\platform\junit-platform-commons\1.9.3\junit-platform-commons-1.9.3.jar;C:\Users\bella\.m2\repository\org\junit\jupiter\junit-jupiter-engine\5.8.2\junit-jupiter-engine-5.8.2.jar;C:\Users\bella\.m2\repository\org\junit\platform\junit-platform-engine\1.8.2\junit-platform-engine-1.8.2.jar;C:\Users\bella\.m2\repository\org\apiguardian\apiguardian-api\1.1.2\apiguardian-api-1.1.2.jar;"/>
    <property name="sun.cpu.endian" value="little"/>
    <property name="user.home" value="C:\Users\bella"/>
    <property name="user.language" value="pt"/>
    <property name="java.specification.vendor" value="Oracle Corporation"/>
    <property name="java.version.date" value="2025-04-15"/>
    <property name="java.home" value="C:\Program Files\Eclipse Adoptium\jdk-11.0.27.6-hotspot"/>
    <property name="file.separator" value="\"/>
    <property name="basedir" value="C:\Users\bella\Desktop\Dog Api"/>
    <property name="java.vm.compressedOopsMode" value="Zero based"/>
    <property name="line.separator" value="&#10;"/>
    <property name="java.specification.name" value="Java Platform API Specification"/>
    <property name="java.vm.specification.vendor" value="Oracle Corporation"/>
    <property name="java.awt.graphicsenv" value="sun.awt.Win32GraphicsEnvironment"/>
    <property name="surefire.real.class.path" value="C:\Users\bella\AppData\Local\Temp\surefire10607014689763589406\surefirebooter-20250722150810254_3.jar"/>
    <property name="user.script" value=""/>
    <property name="sun.management.compiler" value="HotSpot 64-Bit Tiered Compilers"/>
    <property name="java.runtime.version" value="11.0.27+6"/>
    <property name="user.name" value="bella"/>
    <property name="path.separator" value=";"/>
    <property name="os.version" value="10.0"/>
    <property name="java.runtime.name" value="OpenJDK Runtime Environment"/>
    <property name="file.encoding" value="Cp1252"/>
    <property name="java.vm.name" value="OpenJDK 64-Bit Server VM"/>
    <property name="java.vendor.version" value="Temurin-11.0.27+6"/>
    <property name="localRepository" value="C:\Users\bella\.m2\repository"/>
    <property name="java.vendor.url.bug" value="https://github.com/adoptium/adoptium-support/issues"/>
    <property name="java.io.tmpdir" value="C:\Users\bella\AppData\Local\Temp\"/>
    <property name="java.version" value="11.0.27"/>
    <property name="user.dir" value="C:\Users\bella\Desktop\Dog Api"/>
    <property name="os.arch" value="amd64"/>
    <property name="java.vm.specification.name" value="Java Virtual Machine Specification"/>
    <property name="java.awt.printerjob" value="sun.awt.windows.WPrinterJob"/>
    <property name="sun.os.patch.level" value=""/>
    <property name="java.library.path" value="C:\Program Files\Eclipse Adoptium\jdk-11.0.27.6-hotspot\bin;C:\Windows\Sun\Java\bin;C:\Windows\system32;C:\Windows;C:\Program Files\Eclipse Adoptium\jdk-11.0.27.6-hotspot\bin;C:\Windows\system32;C:\Windows;C:\Windows\System32\Wbem;C:\Windows\System32\WindowsPowerShell\v1.0\;C:\Windows\System32\OpenSSH\;C:\Program Files (x86)\NVIDIA Corporation\PhysX\Common;C:\Program Files\NVIDIA Corporation\NVIDIA NvDLISR;C:\Program Files\Git\cmd;c:\Users\bella\AppData\Local\Programs\cursor\resources\app\bin;c:\Users\bella\AppData\Local\Programs\cursor\resources\app\bin;C:\Program Files\Apache\Maven\apache-maven-3.9.11\bin;C:\Users\bella\AppData\Local\Programs\Python\Python313\Scripts\;C:\Users\bella\AppData\Local\Programs\Python\Python313\;C:\Users\bella\AppData\Local\Microsoft\WindowsApps;C:\Users\bella\AppData\Local\Programs\Microsoft VS Code\bin;C:\Users\bella\AppData\Local\Programs\cursor\resources\app\bin;."/>
    <property name="java.vm.info" value="mixed mode"/>
    <property name="java.vendor" value="Eclipse Adoptium"/>
    <property name="java.vm.version" value="11.0.27+6"/>
    <property name="java.specification.maintenance.version" value="3"/>
    <property name="sun.io.unicode.encoding" value="UnicodeLittle"/>
    <property name="java.class.version" value="55.0"/>
  </properties>
  <testcase name="[1:4] Buscar imagem aleatória com sucesso" classname="features/breeds_image_random" time="1.594">
    <system-out><![CDATA[15:08:11.389 [main] DEBUG com.intuit.karate.Suite -- [config] classpath:karate-config.js
15:08:12.407 [main] DEBUG org.apache.http.client.protocol.RequestAddCookies -- CookieSpec selected: karate
15:08:12.411 [main] DEBUG org.apache.http.client.protocol.RequestAuthCache -- Auth cache not set in the context
15:08:12.412 [main] DEBUG com.intuit.karate -- request:
1 > GET https://dog.ceo/api/breeds/image/random
1 > Host: dog.ceo
1 > Connection: Keep-Alive
1 > User-Agent: Apache-HttpClient/4.5.14 (Java/11.0.27)
1 > Accept-Encoding: gzip,deflate


15:08:12.413 [main] DEBUG org.apache.http.impl.conn.PoolingHttpClientConnectionManager -- Connection request: [route: {s}->https://dog.ceo:443][total available: 0; route allocated: 0 of 5; total allocated: 0 of 10]
15:08:12.421 [main] DEBUG org.apache.http.impl.conn.PoolingHttpClientConnectionManager -- Connection leased: [id: 0][route: {s}->https://dog.ceo:443][total available: 0; route allocated: 1 of 5; total allocated: 1 of 10]
15:08:12.422 [main] DEBUG org.apache.http.impl.execchain.MainClientExec -- Opening connection {s}->https://dog.ceo:443
15:08:12.427 [main] DEBUG org.apache.http.impl.conn.DefaultHttpClientConnectionOperator -- Connecting to dog.ceo/104.21.17.246:443
15:08:12.427 [main] DEBUG org.apache.http.conn.ssl.SSLConnectionSocketFactory -- Connecting socket to dog.ceo/104.21.17.246:443 with timeout 30000
15:08:12.452 [main] DEBUG org.apache.http.conn.ssl.SSLConnectionSocketFactory -- Enabled protocols: [TLSv1.3, TLSv1.2]
15:08:12.452 [main] DEBUG org.apache.http.conn.ssl.SSLConnectionSocketFactory -- Enabled cipher suites:[TLS_AES_256_GCM_SHA384, TLS_AES_128_GCM_SHA256, TLS_CHACHA20_POLY1305_SHA256, TLS_ECDHE_ECDSA_WITH_AES_256_GCM_SHA384, TLS_ECDHE_ECDSA_WITH_AES_128_GCM_SHA256, TLS_ECDHE_ECDSA_WITH_CHACHA20_POLY1305_SHA256, TLS_ECDHE_RSA_WITH_AES_256_GCM_SHA384, TLS_ECDHE_RSA_WITH_CHACHA20_POLY1305_SHA256, TLS_ECDHE_RSA_WITH_AES_128_GCM_SHA256, TLS_DHE_RSA_WITH_AES_256_GCM_SHA384, TLS_DHE_RSA_WITH_CHACHA20_POLY1305_SHA256, TLS_DHE_DSS_WITH_AES_256_GCM_SHA384, TLS_DHE_RSA_WITH_AES_128_GCM_SHA256, TLS_DHE_DSS_WITH_AES_128_GCM_SHA256, TLS_ECDHE_ECDSA_WITH_AES_256_CBC_SHA384, TLS_ECDHE_RSA_WITH_AES_256_CBC_SHA384, TLS_ECDHE_ECDSA_WITH_AES_128_CBC_SHA256, TLS_ECDHE_RSA_WITH_AES_128_CBC_SHA256, TLS_DHE_RSA_WITH_AES_256_CBC_SHA256, TLS_DHE_DSS_WITH_AES_256_CBC_SHA256, TLS_DHE_RSA_WITH_AES_128_CBC_SHA256, TLS_DHE_DSS_WITH_AES_128_CBC_SHA256, TLS_ECDHE_ECDSA_WITH_AES_256_CBC_SHA, TLS_ECDHE_RSA_WITH_AES_256_CBC_SHA, TLS_ECDHE_ECDSA_WITH_AES_128_CBC_SHA, TLS_ECDHE_RSA_WITH_AES_128_CBC_SHA, TLS_DHE_RSA_WITH_AES_256_CBC_SHA, TLS_DHE_DSS_WITH_AES_256_CBC_SHA, TLS_DHE_RSA_WITH_AES_128_CBC_SHA, TLS_DHE_DSS_WITH_AES_128_CBC_SHA, TLS_RSA_WITH_AES_256_GCM_SHA384, TLS_RSA_WITH_AES_128_GCM_SHA256, TLS_RSA_WITH_AES_256_CBC_SHA256, TLS_RSA_WITH_AES_128_CBC_SHA256, TLS_RSA_WITH_AES_256_CBC_SHA, TLS_RSA_WITH_AES_128_CBC_SHA, TLS_EMPTY_RENEGOTIATION_INFO_SCSV]
15:08:12.452 [main] DEBUG org.apache.http.conn.ssl.SSLConnectionSocketFactory -- Starting handshake
15:08:12.533 [main] DEBUG org.apache.http.conn.ssl.SSLConnectionSocketFactory -- Secure session established
15:08:12.533 [main] DEBUG org.apache.http.conn.ssl.SSLConnectionSocketFactory --  negotiated protocol: TLSv1.3
15:08:12.533 [main] DEBUG org.apache.http.conn.ssl.SSLConnectionSocketFactory --  negotiated cipher suite: TLS_AES_256_GCM_SHA384
15:08:12.534 [main] DEBUG org.apache.http.conn.ssl.SSLConnectionSocketFactory --  peer principal: CN=dog.ceo
15:08:12.534 [main] DEBUG org.apache.http.conn.ssl.SSLConnectionSocketFactory --  peer alternative names: [dog.ceo, *.dog.ceo]
15:08:12.534 [main] DEBUG org.apache.http.conn.ssl.SSLConnectionSocketFactory --  issuer principal: CN=WE1, O=Google Trust Services, C=US
15:08:12.536 [main] DEBUG org.apache.http.impl.conn.DefaultHttpClientConnectionOperator -- Connection established 192.168.0.105:65281<->104.21.17.246:443
15:08:12.536 [main] DEBUG org.apache.http.impl.conn.DefaultManagedHttpClientConnection -- http-outgoing-0: set socket timeout to 30000
15:08:12.536 [main] DEBUG org.apache.http.impl.execchain.MainClientExec -- Executing request GET /api/breeds/image/random HTTP/1.1
15:08:12.536 [main] DEBUG org.apache.http.impl.execchain.MainClientExec -- Target auth state: UNCHALLENGED
15:08:12.536 [main] DEBUG org.apache.http.impl.execchain.MainClientExec -- Proxy auth state: UNCHALLENGED
15:08:12.537 [main] DEBUG org.apache.http.headers -- http-outgoing-0 >> GET /api/breeds/image/random HTTP/1.1
15:08:12.537 [main] DEBUG org.apache.http.headers -- http-outgoing-0 >> Host: dog.ceo
15:08:12.537 [main] DEBUG org.apache.http.headers -- http-outgoing-0 >> Connection: Keep-Alive
15:08:12.537 [main] DEBUG org.apache.http.headers -- http-outgoing-0 >> User-Agent: Apache-HttpClient/4.5.14 (Java/11.0.27)
15:08:12.537 [main] DEBUG org.apache.http.headers -- http-outgoing-0 >> Accept-Encoding: gzip,deflate
15:08:12.537 [main] DEBUG org.apache.http.wire -- http-outgoing-0 >> "GET /api/breeds/image/random HTTP/1.1[\r][\n]"
15:08:12.537 [main] DEBUG org.apache.http.wire -- http-outgoing-0 >> "Host: dog.ceo[\r][\n]"
15:08:12.537 [main] DEBUG org.apache.http.wire -- http-outgoing-0 >> "Connection: Keep-Alive[\r][\n]"
15:08:12.537 [main] DEBUG org.apache.http.wire -- http-outgoing-0 >> "User-Agent: Apache-HttpClient/4.5.14 (Java/11.0.27)[\r][\n]"
15:08:12.537 [main] DEBUG org.apache.http.wire -- http-outgoing-0 >> "Accept-Encoding: gzip,deflate[\r][\n]"
15:08:12.537 [main] DEBUG org.apache.http.wire -- http-outgoing-0 >> "[\r][\n]"
15:08:12.940 [main] DEBUG org.apache.http.wire -- http-outgoing-0 << "HTTP/1.1 200 OK[\r][\n]"
15:08:12.940 [main] DEBUG org.apache.http.wire -- http-outgoing-0 << "Date: Tue, 22 Jul 2025 18:08:27 GMT[\r][\n]"
15:08:12.940 [main] DEBUG org.apache.http.wire -- http-outgoing-0 << "Content-Type: application/json[\r][\n]"
15:08:12.940 [main] DEBUG org.apache.http.wire -- http-outgoing-0 << "Content-Length: 108[\r][\n]"
15:08:12.940 [main] DEBUG org.apache.http.wire -- http-outgoing-0 << "Connection: keep-alive[\r][\n]"
15:08:12.940 [main] DEBUG org.apache.http.wire -- http-outgoing-0 << "Server: cloudflare[\r][\n]"
15:08:12.940 [main] DEBUG org.apache.http.wire -- http-outgoing-0 << "X-Powered-By: PHP/8.1.32[\r][\n]"
15:08:12.940 [main] DEBUG org.apache.http.wire -- http-outgoing-0 << "Cache-Control: no-cache, private[\r][\n]"
15:08:12.940 [main] DEBUG org.apache.http.wire -- http-outgoing-0 << "Access-Control-Allow-Origin: *[\r][\n]"
15:08:12.940 [main] DEBUG org.apache.http.wire -- http-outgoing-0 << "Content-Encoding: gzip[\r][\n]"
15:08:12.940 [main] DEBUG org.apache.http.wire -- http-outgoing-0 << "Via: 1.1 varnish (Varnish/6.3), 1.1 varnish (Varnish/6.3)[\r][\n]"
15:08:12.940 [main] DEBUG org.apache.http.wire -- http-outgoing-0 << "X-Cache-Hits: 0[\r][\n]"
15:08:12.940 [main] DEBUG org.apache.http.wire -- http-outgoing-0 << "X-Cache: MISS[\r][\n]"
15:08:12.940 [main] DEBUG org.apache.http.wire -- http-outgoing-0 << "Accept-Ranges: bytes[\r][\n]"
15:08:12.940 [main] DEBUG org.apache.http.wire -- http-outgoing-0 << "Age: 0[\r][\n]"
15:08:12.940 [main] DEBUG org.apache.http.wire -- http-outgoing-0 << "Vary: Accept-Encoding[\r][\n]"
15:08:12.940 [main] DEBUG org.apache.http.wire -- http-outgoing-0 << "Nel: {"report_to":"cf-nel","success_fraction":0.0,"max_age":604800}[\r][\n]"
15:08:12.940 [main] DEBUG org.apache.http.wire -- http-outgoing-0 << "Cf-Cache-Status: DYNAMIC[\r][\n]"
15:08:12.940 [main] DEBUG org.apache.http.wire -- http-outgoing-0 << "Report-To: {"group":"cf-nel","max_age":604800,"endpoints":[{"url":"https://a.nel.cloudflare.com/report/v4?s=o%2BSt2VK%2FSYIpouobuhgCMQEJISzvcYEyOknVwKkqgeeVxnfCH%2B4n%2BmKumDAXfcmSN5sC%2FJv4o4mpOj6fomVTIvPqRDQrO5s%3D"}]}[\r][\n]"
15:08:12.940 [main] DEBUG org.apache.http.wire -- http-outgoing-0 << "CF-RAY: 9634e22a9df26296-GRU[\r][\n]"
15:08:12.941 [main] DEBUG org.apache.http.wire -- http-outgoing-0 << "alt-svc: h3=":443"; ma=86400[\r][\n]"
15:08:12.941 [main] DEBUG org.apache.http.wire -- http-outgoing-0 << "[\r][\n]"
15:08:12.941 [main] DEBUG org.apache.http.wire -- http-outgoing-0 << "[0x1f][0x8b][0x8][0x0][0x0][0x0][0x0][0x0][0x0][0x3][\r][0xcc][0xc1][\n]"
15:08:12.941 [main] DEBUG org.apache.http.wire -- http-outgoing-0 << "[0x80] [0xc][0x0][0xd0][0xd9][0xb9][0x9c]D[0x98][0xf4]-[0x83]([0x1d]VT[0x8b][0xa6][0xa7][0xe8][0xdf][0xf3][0xfa][0xe][0xef][0x85][0x93]U[0xe7][0xc4]0[0xc2][0x9a][0xf3][0xad]#![0xe1]vVQ[0x13]%[0x99][0xc0]B[0xb8]<[0xcc]Q[0x9]W)Wl[0x97]C$[0x12]^[0xb6][0xb3][0xde][0xf7][0xce]M[0xde][0xe][0xde][0xec]w[0x82][0x6]4[0xcf][0xb9]h[0xcd][0xb4][0x84]Pg[0xf8]~[0xd0]i[0x91][0xde]b[0x0][0x0][0x0]"
15:08:12.942 [main] DEBUG org.apache.http.headers -- http-outgoing-0 << HTTP/1.1 200 OK
15:08:12.942 [main] DEBUG org.apache.http.headers -- http-outgoing-0 << Date: Tue, 22 Jul 2025 18:08:27 GMT
15:08:12.942 [main] DEBUG org.apache.http.headers -- http-outgoing-0 << Content-Type: application/json
15:08:12.942 [main] DEBUG org.apache.http.headers -- http-outgoing-0 << Content-Length: 108
15:08:12.942 [main] DEBUG org.apache.http.headers -- http-outgoing-0 << Connection: keep-alive
15:08:12.942 [main] DEBUG org.apache.http.headers -- http-outgoing-0 << Server: cloudflare
15:08:12.942 [main] DEBUG org.apache.http.headers -- http-outgoing-0 << X-Powered-By: PHP/8.1.32
15:08:12.942 [main] DEBUG org.apache.http.headers -- http-outgoing-0 << Cache-Control: no-cache, private
15:08:12.942 [main] DEBUG org.apache.http.headers -- http-outgoing-0 << Access-Control-Allow-Origin: *
15:08:12.942 [main] DEBUG org.apache.http.headers -- http-outgoing-0 << Content-Encoding: gzip
15:08:12.942 [main] DEBUG org.apache.http.headers -- http-outgoing-0 << Via: 1.1 varnish (Varnish/6.3), 1.1 varnish (Varnish/6.3)
15:08:12.942 [main] DEBUG org.apache.http.headers -- http-outgoing-0 << X-Cache-Hits: 0
15:08:12.942 [main] DEBUG org.apache.http.headers -- http-outgoing-0 << X-Cache: MISS
15:08:12.942 [main] DEBUG org.apache.http.headers -- http-outgoing-0 << Accept-Ranges: bytes
15:08:12.942 [main] DEBUG org.apache.http.headers -- http-outgoing-0 << Age: 0
15:08:12.942 [main] DEBUG org.apache.http.headers -- http-outgoing-0 << Vary: Accept-Encoding
15:08:12.942 [main] DEBUG org.apache.http.headers -- http-outgoing-0 << Nel: {"report_to":"cf-nel","success_fraction":0.0,"max_age":604800}
15:08:12.942 [main] DEBUG org.apache.http.headers -- http-outgoing-0 << Cf-Cache-Status: DYNAMIC
15:08:12.942 [main] DEBUG org.apache.http.headers -- http-outgoing-0 << Report-To: {"group":"cf-nel","max_age":604800,"endpoints":[{"url":"https://a.nel.cloudflare.com/report/v4?s=o%2BSt2VK%2FSYIpouobuhgCMQEJISzvcYEyOknVwKkqgeeVxnfCH%2B4n%2BmKumDAXfcmSN5sC%2FJv4o4mpOj6fomVTIvPqRDQrO5s%3D"}]}
15:08:12.943 [main] DEBUG org.apache.http.headers -- http-outgoing-0 << CF-RAY: 9634e22a9df26296-GRU
15:08:12.943 [main] DEBUG org.apache.http.headers -- http-outgoing-0 << alt-svc: h3=":443"; ma=86400
15:08:12.945 [main] DEBUG org.apache.http.impl.execchain.MainClientExec -- Connection can be kept alive indefinitely
15:08:12.947 [main] DEBUG org.apache.http.impl.conn.DefaultManagedHttpClientConnection -- http-outgoing-0: Close connection
15:08:12.961 [main] DEBUG org.apache.http.impl.execchain.MainClientExec -- Connection discarded
15:08:12.961 [main] DEBUG org.apache.http.impl.conn.PoolingHttpClientConnectionManager -- Connection released: [id: 0][route: {s}->https://dog.ceo:443][total available: 0; route allocated: 0 of 5; total allocated: 0 of 10]
15:08:12.961 [main] DEBUG org.apache.http.impl.conn.PoolingHttpClientConnectionManager -- Connection manager is shutting down
15:08:12.961 [main] DEBUG org.apache.http.impl.conn.PoolingHttpClientConnectionManager -- Connection manager shut down
15:08:12.963 [main] DEBUG com.intuit.karate -- response time in milliseconds: 534
1 < 200
1 < Date: Tue, 22 Jul 2025 18:08:27 GMT
1 < Content-Type: application/json
1 < Connection: keep-alive
1 < Server: cloudflare
1 < X-Powered-By: PHP/8.1.32
1 < Cache-Control: no-cache, private
1 < Access-Control-Allow-Origin: *
1 < Via: 1.1 varnish (Varnish/6.3), 1.1 varnish (Varnish/6.3)
1 < X-Cache-Hits: 0
1 < X-Cache: MISS
1 < Accept-Ranges: bytes
1 < Age: 0
1 < Vary: Accept-Encoding
1 < Nel: {"report_to":"cf-nel","success_fraction":0.0,"max_age":604800}
1 < Cf-Cache-Status: DYNAMIC
1 < Report-To: {"group":"cf-nel","max_age":604800,"endpoints":[{"url":"https://a.nel.cloudflare.com/report/v4?s=o%2BSt2VK%2FSYIpouobuhgCMQEJISzvcYEyOknVwKkqgeeVxnfCH%2B4n%2BmKumDAXfcmSN5sC%2FJv4o4mpOj6fomVTIvPqRDQrO5s%3D"}]}
1 < CF-RAY: 9634e22a9df26296-GRU
1 < alt-svc: h3=":443"; ma=86400
{"message":"https:\/\/images.dog.ceo\/breeds\/hound-blood\/n02088466_8078.jpg","status":"success"}

15:08:13.001 [main] DEBUG com.jayway.jsonpath.internal.path.CompiledPath -- Evaluating path: $['status']
15:08:13.009 [main] DEBUG com.jayway.jsonpath.internal.path.CompiledPath -- Evaluating path: $['message']
]]></system-out>
  </testcase>
  <testcase name="[2:11] Endpoint inválido retorna 404" classname="features/breeds_image_random" time="0.864">
    <system-out><![CDATA[15:08:13.022 [main] DEBUG org.apache.http.client.protocol.RequestAddCookies -- CookieSpec selected: karate
15:08:13.022 [main] DEBUG org.apache.http.client.protocol.RequestAuthCache -- Auth cache not set in the context
15:08:13.022 [main] DEBUG com.intuit.karate -- request:
1 > GET https://dog.ceo/api/breeds/image/aleatoria
1 > Host: dog.ceo
1 > Connection: Keep-Alive
1 > User-Agent: Apache-HttpClient/4.5.14 (Java/11.0.27)
1 > Accept-Encoding: gzip,deflate


15:08:13.022 [main] DEBUG org.apache.http.impl.conn.PoolingHttpClientConnectionManager -- Connection request: [route: {s}->https://dog.ceo:443][total available: 0; route allocated: 0 of 5; total allocated: 0 of 10]
15:08:13.022 [main] DEBUG org.apache.http.impl.conn.PoolingHttpClientConnectionManager -- Connection leased: [id: 1][route: {s}->https://dog.ceo:443][total available: 0; route allocated: 1 of 5; total allocated: 1 of 10]
15:08:13.022 [main] DEBUG org.apache.http.impl.execchain.MainClientExec -- Opening connection {s}->https://dog.ceo:443
15:08:13.022 [main] DEBUG org.apache.http.impl.conn.DefaultHttpClientConnectionOperator -- Connecting to dog.ceo/104.21.17.246:443
15:08:13.022 [main] DEBUG org.apache.http.conn.ssl.SSLConnectionSocketFactory -- Connecting socket to dog.ceo/104.21.17.246:443 with timeout 30000
15:08:13.037 [main] DEBUG org.apache.http.conn.ssl.SSLConnectionSocketFactory -- Enabled protocols: [TLSv1.3, TLSv1.2]
15:08:13.037 [main] DEBUG org.apache.http.conn.ssl.SSLConnectionSocketFactory -- Enabled cipher suites:[TLS_AES_256_GCM_SHA384, TLS_AES_128_GCM_SHA256, TLS_CHACHA20_POLY1305_SHA256, TLS_ECDHE_ECDSA_WITH_AES_256_GCM_SHA384, TLS_ECDHE_ECDSA_WITH_AES_128_GCM_SHA256, TLS_ECDHE_ECDSA_WITH_CHACHA20_POLY1305_SHA256, TLS_ECDHE_RSA_WITH_AES_256_GCM_SHA384, TLS_ECDHE_RSA_WITH_CHACHA20_POLY1305_SHA256, TLS_ECDHE_RSA_WITH_AES_128_GCM_SHA256, TLS_DHE_RSA_WITH_AES_256_GCM_SHA384, TLS_DHE_RSA_WITH_CHACHA20_POLY1305_SHA256, TLS_DHE_DSS_WITH_AES_256_GCM_SHA384, TLS_DHE_RSA_WITH_AES_128_GCM_SHA256, TLS_DHE_DSS_WITH_AES_128_GCM_SHA256, TLS_ECDHE_ECDSA_WITH_AES_256_CBC_SHA384, TLS_ECDHE_RSA_WITH_AES_256_CBC_SHA384, TLS_ECDHE_ECDSA_WITH_AES_128_CBC_SHA256, TLS_ECDHE_RSA_WITH_AES_128_CBC_SHA256, TLS_DHE_RSA_WITH_AES_256_CBC_SHA256, TLS_DHE_DSS_WITH_AES_256_CBC_SHA256, TLS_DHE_RSA_WITH_AES_128_CBC_SHA256, TLS_DHE_DSS_WITH_AES_128_CBC_SHA256, TLS_ECDHE_ECDSA_WITH_AES_256_CBC_SHA, TLS_ECDHE_RSA_WITH_AES_256_CBC_SHA, TLS_ECDHE_ECDSA_WITH_AES_128_CBC_SHA, TLS_ECDHE_RSA_WITH_AES_128_CBC_SHA, TLS_DHE_RSA_WITH_AES_256_CBC_SHA, TLS_DHE_DSS_WITH_AES_256_CBC_SHA, TLS_DHE_RSA_WITH_AES_128_CBC_SHA, TLS_DHE_DSS_WITH_AES_128_CBC_SHA, TLS_RSA_WITH_AES_256_GCM_SHA384, TLS_RSA_WITH_AES_128_GCM_SHA256, TLS_RSA_WITH_AES_256_CBC_SHA256, TLS_RSA_WITH_AES_128_CBC_SHA256, TLS_RSA_WITH_AES_256_CBC_SHA, TLS_RSA_WITH_AES_128_CBC_SHA, TLS_EMPTY_RENEGOTIATION_INFO_SCSV]
15:08:13.037 [main] DEBUG org.apache.http.conn.ssl.SSLConnectionSocketFactory -- Starting handshake
15:08:13.061 [main] DEBUG org.apache.http.conn.ssl.SSLConnectionSocketFactory -- Secure session established
15:08:13.061 [main] DEBUG org.apache.http.conn.ssl.SSLConnectionSocketFactory --  negotiated protocol: TLSv1.3
15:08:13.061 [main] DEBUG org.apache.http.conn.ssl.SSLConnectionSocketFactory --  negotiated cipher suite: TLS_AES_256_GCM_SHA384
15:08:13.061 [main] DEBUG org.apache.http.conn.ssl.SSLConnectionSocketFactory --  peer principal: CN=dog.ceo
15:08:13.061 [main] DEBUG org.apache.http.conn.ssl.SSLConnectionSocketFactory --  peer alternative names: [dog.ceo, *.dog.ceo]
15:08:13.061 [main] DEBUG org.apache.http.conn.ssl.SSLConnectionSocketFactory --  issuer principal: CN=WE1, O=Google Trust Services, C=US
15:08:13.062 [main] DEBUG org.apache.http.impl.conn.DefaultHttpClientConnectionOperator -- Connection established 192.168.0.105:65284<->104.21.17.246:443
15:08:13.062 [main] DEBUG org.apache.http.impl.conn.DefaultManagedHttpClientConnection -- http-outgoing-1: set socket timeout to 30000
15:08:13.062 [main] DEBUG org.apache.http.impl.execchain.MainClientExec -- Executing request GET /api/breeds/image/aleatoria HTTP/1.1
15:08:13.062 [main] DEBUG org.apache.http.impl.execchain.MainClientExec -- Target auth state: UNCHALLENGED
15:08:13.062 [main] DEBUG org.apache.http.impl.execchain.MainClientExec -- Proxy auth state: UNCHALLENGED
15:08:13.062 [main] DEBUG org.apache.http.headers -- http-outgoing-1 >> GET /api/breeds/image/aleatoria HTTP/1.1
15:08:13.062 [main] DEBUG org.apache.http.headers -- http-outgoing-1 >> Host: dog.ceo
15:08:13.062 [main] DEBUG org.apache.http.headers -- http-outgoing-1 >> Connection: Keep-Alive
15:08:13.062 [main] DEBUG org.apache.http.headers -- http-outgoing-1 >> User-Agent: Apache-HttpClient/4.5.14 (Java/11.0.27)
15:08:13.062 [main] DEBUG org.apache.http.headers -- http-outgoing-1 >> Accept-Encoding: gzip,deflate
15:08:13.062 [main] DEBUG org.apache.http.wire -- http-outgoing-1 >> "GET /api/breeds/image/aleatoria HTTP/1.1[\r][\n]"
15:08:13.062 [main] DEBUG org.apache.http.wire -- http-outgoing-1 >> "Host: dog.ceo[\r][\n]"
15:08:13.062 [main] DEBUG org.apache.http.wire -- http-outgoing-1 >> "Connection: Keep-Alive[\r][\n]"
15:08:13.062 [main] DEBUG org.apache.http.wire -- http-outgoing-1 >> "User-Agent: Apache-HttpClient/4.5.14 (Java/11.0.27)[\r][\n]"
15:08:13.062 [main] DEBUG org.apache.http.wire -- http-outgoing-1 >> "Accept-Encoding: gzip,deflate[\r][\n]"
15:08:13.062 [main] DEBUG org.apache.http.wire -- http-outgoing-1 >> "[\r][\n]"
15:08:13.456 [main] DEBUG org.apache.http.wire -- http-outgoing-1 << "HTTP/1.1 404 Not Found[\r][\n]"
15:08:13.456 [main] DEBUG org.apache.http.wire -- http-outgoing-1 << "Date: Tue, 22 Jul 2025 18:08:28 GMT[\r][\n]"
15:08:13.456 [main] DEBUG org.apache.http.wire -- http-outgoing-1 << "Content-Type: application/json[\r][\n]"
15:08:13.456 [main] DEBUG org.apache.http.wire -- http-outgoing-1 << "Transfer-Encoding: chunked[\r][\n]"
15:08:13.456 [main] DEBUG org.apache.http.wire -- http-outgoing-1 << "Connection: keep-alive[\r][\n]"
15:08:13.456 [main] DEBUG org.apache.http.wire -- http-outgoing-1 << "Server: cloudflare[\r][\n]"
15:08:13.456 [main] DEBUG org.apache.http.wire -- http-outgoing-1 << "X-Powered-By: PHP/8.1.32[\r][\n]"
15:08:13.456 [main] DEBUG org.apache.http.wire -- http-outgoing-1 << "Cache-Control: no-cache, private[\r][\n]"
15:08:13.456 [main] DEBUG org.apache.http.wire -- http-outgoing-1 << "Access-Control-Allow-Origin: *[\r][\n]"
15:08:13.456 [main] DEBUG org.apache.http.wire -- http-outgoing-1 << "Via: 1.1 varnish (Varnish/6.3), 1.1 varnish (Varnish/6.3)[\r][\n]"
15:08:13.456 [main] DEBUG org.apache.http.wire -- http-outgoing-1 << "X-Cache-Hits: 0[\r][\n]"
15:08:13.456 [main] DEBUG org.apache.http.wire -- http-outgoing-1 << "X-Cache: MISS[\r][\n]"
15:08:13.456 [main] DEBUG org.apache.http.wire -- http-outgoing-1 << "Age: 0[\r][\n]"
15:08:13.456 [main] DEBUG org.apache.http.wire -- http-outgoing-1 << "Vary: [\r][\n]"
15:08:13.456 [main] DEBUG org.apache.http.wire -- http-outgoing-1 << "Nel: {"report_to":"cf-nel","success_fraction":0.0,"max_age":604800}[\r][\n]"
15:08:13.456 [main] DEBUG org.apache.http.wire -- http-outgoing-1 << "Cf-Cache-Status: DYNAMIC[\r][\n]"
15:08:13.456 [main] DEBUG org.apache.http.wire -- http-outgoing-1 << "Report-To: {"group":"cf-nel","max_age":604800,"endpoints":[{"url":"https://a.nel.cloudflare.com/report/v4?s=fsjVb%2B68kgZIG2ajKugoggq9xGYjnic7ihjksHmBR85TekHBUcUhE%2BLkdc26bbGB%2BdTwIPxTUNeYvDTwVWL4OHGU%2Fnvm"}]}[\r][\n]"
15:08:13.456 [main] DEBUG org.apache.http.wire -- http-outgoing-1 << "Content-Encoding: gzip[\r][\n]"
15:08:13.456 [main] DEBUG org.apache.http.wire -- http-outgoing-1 << "CF-RAY: 9634e22de8f4601e-GRU[\r][\n]"
15:08:13.456 [main] DEBUG org.apache.http.wire -- http-outgoing-1 << "alt-svc: h3=":443"; ma=86400[\r][\n]"
15:08:13.456 [main] DEBUG org.apache.http.wire -- http-outgoing-1 << "[\r][\n]"
15:08:13.456 [main] DEBUG org.apache.http.wire -- http-outgoing-1 << "83[\r][\n]"
15:08:13.456 [main] DEBUG org.apache.http.wire -- http-outgoing-1 << "[0x1f][0x8b][0x8][0x0][0x0][0x0][0x0][0x0][0x0][0xff][0x15][0x8d][0xb1][\n]"
15:08:13.457 [main] DEBUG org.apache.http.wire -- http-outgoing-1 << "[0xc3]0[0xc][0x5]Eh.u[0x86]L[0xde]K[0xb7]N[0x1d][0xb5][0xb8][0xb1][0x9a][0x18][0x9a]*H2[0x1d]J[0xfe]=[0xca][0xf2]x[0x1c][0x1c][0xf7]G[0xf3][0xe2][0xdd]0#[0xab][0x8a][0xe2][0x5]W6+3[0x7]y[0x8][0xa8]tgxK[0xff][0xd6]X[0x5][0xc2][0xfb][0xed][0x9][0x8b][0xfb][0x96])Q[0xaa]2_'[0x16]Jek[0x94]^[0xca]\[0x8d]R[[0xc3][0xf][0xf6][0xe1][0xe2][0xa2][0xad][0x10][0xc2][0xaf][0xf9][0x2][0x93]T[0xce]0D[0xe3]|[0x98][0xc7]a[0xdc][0xf][0xe3][0xcc]4-[0x81][0x0][0x0][0x0][\r][\n]"
15:08:13.457 [main] DEBUG org.apache.http.headers -- http-outgoing-1 << HTTP/1.1 404 Not Found
15:08:13.457 [main] DEBUG org.apache.http.headers -- http-outgoing-1 << Date: Tue, 22 Jul 2025 18:08:28 GMT
15:08:13.457 [main] DEBUG org.apache.http.headers -- http-outgoing-1 << Content-Type: application/json
15:08:13.457 [main] DEBUG org.apache.http.headers -- http-outgoing-1 << Transfer-Encoding: chunked
15:08:13.457 [main] DEBUG org.apache.http.headers -- http-outgoing-1 << Connection: keep-alive
15:08:13.457 [main] DEBUG org.apache.http.headers -- http-outgoing-1 << Server: cloudflare
15:08:13.457 [main] DEBUG org.apache.http.headers -- http-outgoing-1 << X-Powered-By: PHP/8.1.32
15:08:13.457 [main] DEBUG org.apache.http.headers -- http-outgoing-1 << Cache-Control: no-cache, private
15:08:13.457 [main] DEBUG org.apache.http.headers -- http-outgoing-1 << Access-Control-Allow-Origin: *
15:08:13.457 [main] DEBUG org.apache.http.headers -- http-outgoing-1 << Via: 1.1 varnish (Varnish/6.3), 1.1 varnish (Varnish/6.3)
15:08:13.457 [main] DEBUG org.apache.http.headers -- http-outgoing-1 << X-Cache-Hits: 0
15:08:13.457 [main] DEBUG org.apache.http.headers -- http-outgoing-1 << X-Cache: MISS
15:08:13.457 [main] DEBUG org.apache.http.headers -- http-outgoing-1 << Age: 0
15:08:13.457 [main] DEBUG org.apache.http.headers -- http-outgoing-1 << Vary: 
15:08:13.457 [main] DEBUG org.apache.http.headers -- http-outgoing-1 << Nel: {"report_to":"cf-nel","success_fraction":0.0,"max_age":604800}
15:08:13.457 [main] DEBUG org.apache.http.headers -- http-outgoing-1 << Cf-Cache-Status: DYNAMIC
15:08:13.457 [main] DEBUG org.apache.http.headers -- http-outgoing-1 << Report-To: {"group":"cf-nel","max_age":604800,"endpoints":[{"url":"https://a.nel.cloudflare.com/report/v4?s=fsjVb%2B68kgZIG2ajKugoggq9xGYjnic7ihjksHmBR85TekHBUcUhE%2BLkdc26bbGB%2BdTwIPxTUNeYvDTwVWL4OHGU%2Fnvm"}]}
15:08:13.457 [main] DEBUG org.apache.http.headers -- http-outgoing-1 << Content-Encoding: gzip
15:08:13.457 [main] DEBUG org.apache.http.headers -- http-outgoing-1 << CF-RAY: 9634e22de8f4601e-GRU
15:08:13.457 [main] DEBUG org.apache.http.headers -- http-outgoing-1 << alt-svc: h3=":443"; ma=86400
15:08:13.458 [main] DEBUG org.apache.http.impl.execchain.MainClientExec -- Connection can be kept alive indefinitely
15:08:13.458 [main] DEBUG org.apache.http.impl.conn.DefaultManagedHttpClientConnection -- http-outgoing-1: Close connection
15:08:13.458 [main] DEBUG org.apache.http.impl.execchain.MainClientExec -- Connection discarded
15:08:13.458 [main] DEBUG org.apache.http.impl.conn.PoolingHttpClientConnectionManager -- Connection released: [id: 1][route: {s}->https://dog.ceo:443][total available: 0; route allocated: 0 of 5; total allocated: 0 of 10]
15:08:13.458 [main] DEBUG org.apache.http.impl.conn.PoolingHttpClientConnectionManager -- Connection manager is shutting down
15:08:13.458 [main] DEBUG org.apache.http.impl.conn.PoolingHttpClientConnectionManager -- Connection manager shut down
15:08:13.458 [main] DEBUG com.intuit.karate -- response time in milliseconds: 436
1 < 404
1 < Date: Tue, 22 Jul 2025 18:08:28 GMT
1 < Content-Type: application/json
1 < Transfer-Encoding: chunked
1 < Connection: keep-alive
1 < Server: cloudflare
1 < X-Powered-By: PHP/8.1.32
1 < Cache-Control: no-cache, private
1 < Access-Control-Allow-Origin: *
1 < Via: 1.1 varnish (Varnish/6.3), 1.1 varnish (Varnish/6.3)
1 < X-Cache-Hits: 0
1 < X-Cache: MISS
1 < Age: 0
1 < Vary: 
1 < Nel: {"report_to":"cf-nel","success_fraction":0.0,"max_age":604800}
1 < Cf-Cache-Status: DYNAMIC
1 < Report-To: {"group":"cf-nel","max_age":604800,"endpoints":[{"url":"https://a.nel.cloudflare.com/report/v4?s=fsjVb%2B68kgZIG2ajKugoggq9xGYjnic7ihjksHmBR85TekHBUcUhE%2BLkdc26bbGB%2BdTwIPxTUNeYvDTwVWL4OHGU%2Fnvm"}]}
1 < CF-RAY: 9634e22de8f4601e-GRU
1 < alt-svc: h3=":443"; ma=86400
{"status":"error","message":"No route found for \"GET http:\/\/dog.ceo\/api\/breeds\/image\/aleatoria\" with code: 0","code":404}

15:08:13.501 [main] DEBUG org.thymeleaf.TemplateEngine -- [THYMELEAF] INITIALIZING TEMPLATE ENGINE
15:08:13.583 [main] DEBUG org.thymeleaf.TemplateEngine.CONFIG -- Initializing Thymeleaf Template engine configuration...
[THYMELEAF] TEMPLATE ENGINE CONFIGURATION:
[THYMELEAF] * Thymeleaf version: 3.1.2.RELEASE (built 2023-07-30T19:25:50+0000)
[THYMELEAF] * Cache Manager implementation: org.thymeleaf.cache.StandardCacheManager
[THYMELEAF] * Template resolvers:
[THYMELEAF]     * [1] com.intuit.karate.template.ResourceHtmlTemplateResolver
[THYMELEAF] * Message resolvers:
[THYMELEAF]     * org.thymeleaf.messageresolver.StandardMessageResolver
[THYMELEAF] * Link builders:
[THYMELEAF]     * org.thymeleaf.linkbuilder.StandardLinkBuilder
[THYMELEAF] * Dialect [1 of 2]: Standard (com.intuit.karate.template.KarateStandardDialect)
[THYMELEAF]     * Prefix: "th"
[THYMELEAF]     * Processors for Template Mode: HTML
[THYMELEAF]         * Element Tag Processors by [matching element and attribute name] [precedence]:
[THYMELEAF]             * [* {th:include,data-th-include}] [100]: org.thymeleaf.standard.processor.StandardIncludeTagProcessor
[THYMELEAF]             * [* {th:insert,data-th-insert}] [100]: org.thymeleaf.standard.processor.StandardInsertTagProcessor
[THYMELEAF]             * [* {th:replace,data-th-replace}] [100]: org.thymeleaf.standard.processor.StandardReplaceTagProcessor
[THYMELEAF]             * [* {th:each,data-th-each}] [200]: com.intuit.karate.template.KarateEachTagProcessor
[THYMELEAF]             * [* {th:switch,data-th-switch}] [250]: org.thymeleaf.standard.processor.StandardSwitchTagProcessor
[THYMELEAF]             * [* {th:case,data-th-case}] [275]: org.thymeleaf.standard.processor.StandardCaseTagProcessor
[THYMELEAF]             * [* {th:if,data-th-if}] [300]: org.thymeleaf.standard.processor.StandardIfTagProcessor
[THYMELEAF]             * [* {th:unless,data-th-unless}] [400]: org.thymeleaf.standard.processor.StandardUnlessTagProcessor
[THYMELEAF]             * [* {th:object,data-th-object}] [500]: org.thymeleaf.standard.processor.StandardObjectTagProcessor
[THYMELEAF]             * [* {th:with,data-th-with}] [600]: com.intuit.karate.template.KarateWithTagProcessor
[THYMELEAF]             * [* {th:attr,data-th-attr}] [700]: com.intuit.karate.template.KarateAttributeTagProcessor.KarateAttrTagProcessor
[THYMELEAF]             * [* {th:attrappend,data-th-attrappend}] [900]: com.intuit.karate.template.KarateAttributeTagProcessor.KarateAttrappendTagProcessor
[THYMELEAF]             * [* {th:attrprepend,data-th-attrprepend}] [900]: com.intuit.karate.template.KarateAttributeTagProcessor.KarateAttrprependTagProcessor
[THYMELEAF]             * [* {th:alt-title,data-th-alt-title}] [990]: org.thymeleaf.standard.processor.StandardAltTitleTagProcessor
[THYMELEAF]             * [* {th:lang-xmllang,data-th-lang-xmllang}] [990]: org.thymeleaf.standard.processor.StandardLangXmlLangTagProcessor
[THYMELEAF]             * [* {th:action,data-th-action}] [1000]: org.thymeleaf.standard.processor.StandardActionTagProcessor
[THYMELEAF]             * [* {th:novalidate,data-th-novalidate}] [1000]: org.thymeleaf.standard.processor.StandardConditionalFixedValueTagProcessor
[THYMELEAF]             * [* {th:controls,data-th-controls}] [1000]: org.thymeleaf.standard.processor.StandardConditionalFixedValueTagProcessor
[THYMELEAF]             * [* {th:ismap,data-th-ismap}] [1000]: org.thymeleaf.standard.processor.StandardConditionalFixedValueTagProcessor
[THYMELEAF]             * [* {th:checked,data-th-checked}] [1000]: org.thymeleaf.standard.processor.StandardConditionalFixedValueTagProcessor
[THYMELEAF]             * [* {th:disabled,data-th-disabled}] [1000]: org.thymeleaf.standard.processor.StandardConditionalFixedValueTagProcessor
[THYMELEAF]             * [* {th:required,data-th-required}] [1000]: org.thymeleaf.standard.processor.StandardConditionalFixedValueTagProcessor
[THYMELEAF]             * [* {th:declare,data-th-declare}] [1000]: org.thymeleaf.standard.processor.StandardConditionalFixedValueTagProcessor
[THYMELEAF]             * [* {th:multiple,data-th-multiple}] [1000]: org.thymeleaf.standard.processor.StandardConditionalFixedValueTagProcessor
[THYMELEAF]             * [* {th:autoplay,data-th-autoplay}] [1000]: org.thymeleaf.standard.processor.StandardConditionalFixedValueTagProcessor
[THYMELEAF]             * [* {th:formnovalidate,data-th-formnovalidate}] [1000]: org.thymeleaf.standard.processor.StandardConditionalFixedValueTagProcessor
[THYMELEAF]             * [* {th:scoped,data-th-scoped}] [1000]: org.thymeleaf.standard.processor.StandardConditionalFixedValueTagProcessor
[THYMELEAF]             * [* {th:readonly,data-th-readonly}] [1000]: org.thymeleaf.standard.processor.StandardConditionalFixedValueTagProcessor
[THYMELEAF]             * [* {th:default,data-th-default}] [1000]: org.thymeleaf.standard.processor.StandardConditionalFixedValueTagProcessor
[THYMELEAF]             * [* {th:defer,data-th-defer}] [1000]: org.thymeleaf.standard.processor.StandardConditionalFixedValueTagProcessor
[THYMELEAF]             * [* {th:seamless,data-th-seamless}] [1000]: org.thymeleaf.standard.processor.StandardConditionalFixedValueTagProcessor
[THYMELEAF]             * [* {th:hidden,data-th-hidden}] [1000]: org.thymeleaf.standard.processor.StandardConditionalFixedValueTagProcessor
[THYMELEAF]             * [* {th:autofocus,data-th-autofocus}] [1000]: org.thymeleaf.standard.processor.StandardConditionalFixedValueTagProcessor
[THYMELEAF]             * [* {th:nowrap,data-th-nowrap}] [1000]: org.thymeleaf.standard.processor.StandardConditionalFixedValueTagProcessor
[THYMELEAF]             * [* {th:pubdate,data-th-pubdate}] [1000]: org.thymeleaf.standard.processor.StandardConditionalFixedValueTagProcessor
[THYMELEAF]             * [* {th:selected,data-th-selected}] [1000]: org.thymeleaf.standard.processor.StandardConditionalFixedValueTagProcessor
[THYMELEAF]             * [* {th:open,data-th-open}] [1000]: org.thymeleaf.standard.processor.StandardConditionalFixedValueTagProcessor
[THYMELEAF]             * [* {th:async,data-th-async}] [1000]: org.thymeleaf.standard.processor.StandardConditionalFixedValueTagProcessor
[THYMELEAF]             * [* {th:reversed,data-th-reversed}] [1000]: org.thymeleaf.standard.processor.StandardConditionalFixedValueTagProcessor
[THYMELEAF]             * [* {th:loop,data-th-loop}] [1000]: org.thymeleaf.standard.processor.StandardConditionalFixedValueTagProcessor
[THYMELEAF]             * [* {th:onerror,data-th-onerror}] [1000]: org.thymeleaf.standard.processor.StandardDOMEventAttributeTagProcessor
[THYMELEAF]             * [* {th:onkeydown,data-th-onkeydown}] [1000]: org.thymeleaf.standard.processor.StandardDOMEventAttributeTagProcessor
[THYMELEAF]             * [* {th:onmessage,data-th-onmessage}] [1000]: org.thymeleaf.standard.processor.StandardDOMEventAttributeTagProcessor
[THYMELEAF]             * [* {th:onload,data-th-onload}] [1000]: org.thymeleaf.standard.processor.StandardDOMEventAttributeTagProcessor
[THYMELEAF]             * [* {th:onabort,data-th-onabort}] [1000]: org.thymeleaf.standard.processor.StandardDOMEventAttributeTagProcessor
[THYMELEAF]             * [* {th:onformchange,data-th-onformchange}] [1000]: org.thymeleaf.standard.processor.StandardDOMEventAttributeTagProcessor
[THYMELEAF]             * [* {th:onchange,data-th-onchange}] [1000]: org.thymeleaf.standard.processor.StandardDOMEventAttributeTagProcessor
[THYMELEAF]             * [* {th:onplaying,data-th-onplaying}] [1000]: org.thymeleaf.standard.processor.StandardDOMEventAttributeTagProcessor
[THYMELEAF]             * [* {th:ononline,data-th-ononline}] [1000]: org.thymeleaf.standard.processor.StandardDOMEventAttributeTagProcessor
[THYMELEAF]             * [* {th:onbeforeprint,data-th-onbeforeprint}] [1000]: org.thymeleaf.standard.processor.StandardDOMEventAttributeTagProcessor
[THYMELEAF]             * [* {th:onmousewheel,data-th-onmousewheel}] [1000]: org.thymeleaf.standard.processor.StandardDOMEventAttributeTagProcessor
[THYMELEAF]             * [* {th:oninput,data-th-oninput}] [1000]: org.thymeleaf.standard.processor.StandardDOMEventAttributeTagProcessor
[THYMELEAF]             * [* {th:onafterprint,data-th-onafterprint}] [1000]: org.thymeleaf.standard.processor.StandardDOMEventAttributeTagProcessor
[THYMELEAF]             * [* {th:onbeforeunload,data-th-onbeforeunload}] [1000]: org.thymeleaf.standard.processor.StandardDOMEventAttributeTagProcessor
[THYMELEAF]             * [* {th:ondragover,data-th-ondragover}] [1000]: org.thymeleaf.standard.processor.StandardDOMEventAttributeTagProcessor
[THYMELEAF]             * [* {th:onpopstate,data-th-onpopstate}] [1000]: org.thymeleaf.standard.processor.StandardDOMEventAttributeTagProcessor
[THYMELEAF]             * [* {th:onseeking,data-th-onseeking}] [1000]: org.thymeleaf.standard.processor.StandardDOMEventAttributeTagProcessor
[THYMELEAF]             * [* {th:onstorage,data-th-onstorage}] [1000]: org.thymeleaf.standard.processor.StandardDOMEventAttributeTagProcessor
[THYMELEAF]             * [* {th:onseeked,data-th-onseeked}] [1000]: org.thymeleaf.standard.processor.StandardDOMEventAttributeTagProcessor
[THYMELEAF]             * [* {th:onloadstart,data-th-onloadstart}] [1000]: org.thymeleaf.standard.processor.StandardDOMEventAttributeTagProcessor
[THYMELEAF]             * [* {th:onwaiting,data-th-onwaiting}] [1000]: org.thymeleaf.standard.processor.StandardDOMEventAttributeTagProcessor
[THYMELEAF]             * [* {th:onfocus,data-th-onfocus}] [1000]: org.thymeleaf.standard.processor.StandardDOMEventAttributeTagProcessor
[THYMELEAF]             * [* {th:oncanplaythrough,data-th-oncanplaythrough}] [1000]: org.thymeleaf.standard.processor.StandardDOMEventAttributeTagProcessor
[THYMELEAF]             * [* {th:ondrag,data-th-ondrag}] [1000]: org.thymeleaf.standard.processor.StandardDOMEventAttributeTagProcessor
[THYMELEAF]             * [* {th:onselect,data-th-onselect}] [1000]: org.thymeleaf.standard.processor.StandardDOMEventAttributeTagProcessor
[THYMELEAF]             * [* {th:onforminput,data-th-onforminput}] [1000]: org.thymeleaf.standard.processor.StandardDOMEventAttributeTagProcessor
[THYMELEAF]             * [* {th:onredo,data-th-onredo}] [1000]: org.thymeleaf.standard.processor.StandardDOMEventAttributeTagProcessor
[THYMELEAF]             * [* {th:onpause,data-th-onpause}] [1000]: org.thymeleaf.standard.processor.StandardDOMEventAttributeTagProcessor
[THYMELEAF]             * [* {th:onscroll,data-th-onscroll}] [1000]: org.thymeleaf.standard.processor.StandardDOMEventAttributeTagProcessor
[THYMELEAF]             * [* {th:onloadedmetadata,data-th-onloadedmetadata}] [1000]: org.thymeleaf.standard.processor.StandardDOMEventAttributeTagProcessor
[THYMELEAF]             * [* {th:ondurationchange,data-th-ondurationchange}] [1000]: org.thymeleaf.standard.processor.StandardDOMEventAttributeTagProcessor
[THYMELEAF]             * [* {th:onratechange,data-th-onratechange}] [1000]: org.thymeleaf.standard.processor.StandardDOMEventAttributeTagProcessor
[THYMELEAF]             * [* {th:onundo,data-th-onundo}] [1000]: org.thymeleaf.standard.processor.StandardDOMEventAttributeTagProcessor
[THYMELEAF]             * [* {th:onemptied,data-th-onemptied}] [1000]: org.thymeleaf.standard.processor.StandardDOMEventAttributeTagProcessor
[THYMELEAF]             * [* {th:onreset,data-th-onreset}] [1000]: org.thymeleaf.standard.processor.StandardDOMEventAttributeTagProcessor
[THYMELEAF]             * [* {th:onresize,data-th-onresize}] [1000]: org.thymeleaf.standard.processor.StandardDOMEventAttributeTagProcessor
[THYMELEAF]             * [* {th:oncanplay,data-th-oncanplay}] [1000]: org.thymeleaf.standard.processor.StandardDOMEventAttributeTagProcessor
[THYMELEAF]             * [* {th:ondragleave,data-th-ondragleave}] [1000]: org.thymeleaf.standard.processor.StandardDOMEventAttributeTagProcessor
[THYMELEAF]             * [* {th:onended,data-th-onended}] [1000]: org.thymeleaf.standard.processor.StandardDOMEventAttributeTagProcessor
[THYMELEAF]             * [* {th:onunload,data-th-onunload}] [1000]: org.thymeleaf.standard.processor.StandardDOMEventAttributeTagProcessor
[THYMELEAF]             * [* {th:onsuspend,data-th-onsuspend}] [1000]: org.thymeleaf.standard.processor.StandardDOMEventAttributeTagProcessor
[THYMELEAF]             * [* {th:onvolumechange,data-th-onvolumechange}] [1000]: org.thymeleaf.standard.processor.StandardDOMEventAttributeTagProcessor
[THYMELEAF]             * [* {th:onclick,data-th-onclick}] [1000]: org.thymeleaf.standard.processor.StandardDOMEventAttributeTagProcessor
[THYMELEAF]             * [* {th:onmousemove,data-th-onmousemove}] [1000]: org.thymeleaf.standard.processor.StandardDOMEventAttributeTagProcessor
[THYMELEAF]             * [* {th:onplay,data-th-onplay}] [1000]: org.thymeleaf.standard.processor.StandardDOMEventAttributeTagProcessor
[THYMELEAF]             * [* {th:onblur,data-th-onblur}] [1000]: org.thymeleaf.standard.processor.StandardDOMEventAttributeTagProcessor
[THYMELEAF]             * [* {th:onmouseover,data-th-onmouseover}] [1000]: org.thymeleaf.standard.processor.StandardDOMEventAttributeTagProcessor
[THYMELEAF]             * [* {th:ondblclick,data-th-ondblclick}] [1000]: org.thymeleaf.standard.processor.StandardDOMEventAttributeTagProcessor
[THYMELEAF]             * [* {th:onmouseup,data-th-onmouseup}] [1000]: org.thymeleaf.standard.processor.StandardDOMEventAttributeTagProcessor
[THYMELEAF]             * [* {th:onshow,data-th-onshow}] [1000]: org.thymeleaf.standard.processor.StandardDOMEventAttributeTagProcessor
[THYMELEAF]             * [* {th:ondrop,data-th-ondrop}] [1000]: org.thymeleaf.standard.processor.StandardDOMEventAttributeTagProcessor
[THYMELEAF]             * [* {th:onhashchange,data-th-onhashchange}] [1000]: org.thymeleaf.standard.processor.StandardDOMEventAttributeTagProcessor
[THYMELEAF]             * [* {th:oncontextmenu,data-th-oncontextmenu}] [1000]: org.thymeleaf.standard.processor.StandardDOMEventAttributeTagProcessor
[THYMELEAF]             * [* {th:onloadeddata,data-th-onloadeddata}] [1000]: org.thymeleaf.standard.processor.StandardDOMEventAttributeTagProcessor
[THYMELEAF]             * [* {th:ondragenter,data-th-ondragenter}] [1000]: org.thymeleaf.standard.processor.StandardDOMEventAttributeTagProcessor
[THYMELEAF]             * [* {th:onkeyup,data-th-onkeyup}] [1000]: org.thymeleaf.standard.processor.StandardDOMEventAttributeTagProcessor
[THYMELEAF]             * [* {th:onoffline,data-th-onoffline}] [1000]: org.thymeleaf.standard.processor.StandardDOMEventAttributeTagProcessor
[THYMELEAF]             * [* {th:onprogress,data-th-onprogress}] [1000]: org.thymeleaf.standard.processor.StandardDOMEventAttributeTagProcessor
[THYMELEAF]             * [* {th:onstalled,data-th-onstalled}] [1000]: org.thymeleaf.standard.processor.StandardDOMEventAttributeTagProcessor
[THYMELEAF]             * [* {th:ondragstart,data-th-ondragstart}] [1000]: org.thymeleaf.standard.processor.StandardDOMEventAttributeTagProcessor
[THYMELEAF]             * [* {th:onmousedown,data-th-onmousedown}] [1000]: org.thymeleaf.standard.processor.StandardDOMEventAttributeTagProcessor
[THYMELEAF]             * [* {th:onmouseout,data-th-onmouseout}] [1000]: org.thymeleaf.standard.processor.StandardDOMEventAttributeTagProcessor
[THYMELEAF]             * [* {th:ondragend,data-th-ondragend}] [1000]: org.thymeleaf.standard.processor.StandardDOMEventAttributeTagProcessor
[THYMELEAF]             * [* {th:onsubmit,data-th-onsubmit}] [1000]: org.thymeleaf.standard.processor.StandardDOMEventAttributeTagProcessor
[THYMELEAF]             * [* {th:onreadystatechange,data-th-onreadystatechange}] [1000]: org.thymeleaf.standard.processor.StandardDOMEventAttributeTagProcessor
[THYMELEAF]             * [* {th:ontimeupdate,data-th-ontimeupdate}] [1000]: org.thymeleaf.standard.processor.StandardDOMEventAttributeTagProcessor
[THYMELEAF]             * [* {th:oninvalid,data-th-oninvalid}] [1000]: org.thymeleaf.standard.processor.StandardDOMEventAttributeTagProcessor
[THYMELEAF]             * [* {th:onkeypress,data-th-onkeypress}] [1000]: org.thymeleaf.standard.processor.StandardDOMEventAttributeTagProcessor
[THYMELEAF]             * [* {th:href,data-th-href}] [1000]: org.thymeleaf.standard.processor.StandardHrefTagProcessor
[THYMELEAF]             * [* {th:inline,data-th-inline}] [1000]: org.thymeleaf.standard.processor.StandardInlineHTMLTagProcessor
[THYMELEAF]             * [* {th:method,data-th-method}] [1000]: org.thymeleaf.standard.processor.StandardMethodTagProcessor
[THYMELEAF]             * [* {th:name,data-th-name}] [1000]: org.thymeleaf.standard.processor.StandardNonRemovableAttributeTagProcessor
[THYMELEAF]             * [* {th:type,data-th-type}] [1000]: org.thymeleaf.standard.processor.StandardNonRemovableAttributeTagProcessor
[THYMELEAF]             * [* {th:classid,data-th-classid}] [1000]: org.thymeleaf.standard.processor.StandardRemovableAttributeTagProcessor
[THYMELEAF]             * [* {th:formaction,data-th-formaction}] [1000]: org.thymeleaf.standard.processor.StandardRemovableAttributeTagProcessor
[THYMELEAF]             * [* {th:width,data-th-width}] [1000]: org.thymeleaf.standard.processor.StandardRemovableAttributeTagProcessor
[THYMELEAF]             * [* {th:cellpadding,data-th-cellpadding}] [1000]: org.thymeleaf.standard.processor.StandardRemovableAttributeTagProcessor
[THYMELEAF]             * [* {th:tabindex,data-th-tabindex}] [1000]: org.thymeleaf.standard.processor.StandardRemovableAttributeTagProcessor
[THYMELEAF]             * [* {th:spellcheck,data-th-spellcheck}] [1000]: org.thymeleaf.standard.processor.StandardRemovableAttributeTagProcessor
[THYMELEAF]             * [* {th:summary,data-th-summary}] [1000]: org.thymeleaf.standard.processor.StandardRemovableAttributeTagProcessor
[THYMELEAF]             * [* {th:standby,data-th-standby}] [1000]: org.thymeleaf.standard.processor.StandardRemovableAttributeTagProcessor
[THYMELEAF]             * [* {th:rules,data-th-rules}] [1000]: org.thymeleaf.standard.processor.StandardRemovableAttributeTagProcessor
[THYMELEAF]             * [* {th:step,data-th-step}] [1000]: org.thymeleaf.standard.processor.StandardRemovableAttributeTagProcessor
[THYMELEAF]             * [* {th:cite,data-th-cite}] [1000]: org.thymeleaf.standard.processor.StandardRemovableAttributeTagProcessor
[THYMELEAF]             * [* {th:max,data-th-max}] [1000]: org.thymeleaf.standard.processor.StandardRemovableAttributeTagProcessor
[THYMELEAF]             * [* {th:manifest,data-th-manifest}] [1000]: org.thymeleaf.standard.processor.StandardRemovableAttributeTagProcessor
[THYMELEAF]             * [* {th:contenteditable,data-th-contenteditable}] [1000]: org.thymeleaf.standard.processor.StandardRemovableAttributeTagProcessor
[THYMELEAF]             * [* {th:sizes,data-th-sizes}] [1000]: org.thymeleaf.standard.processor.StandardRemovableAttributeTagProcessor
[THYMELEAF]             * [* {th:radiogroup,data-th-radiogroup}] [1000]: org.thymeleaf.standard.processor.StandardRemovableAttributeTagProcessor
[THYMELEAF]             * [* {th:rows,data-th-rows}] [1000]: org.thymeleaf.standard.processor.StandardRemovableAttributeTagProcessor
[THYMELEAF]             * [* {th:draggable,data-th-draggable}] [1000]: org.thymeleaf.standard.processor.StandardRemovableAttributeTagProcessor
[THYMELEAF]             * [* {th:scope,data-th-scope}] [1000]: org.thymeleaf.standard.processor.StandardRemovableAttributeTagProcessor
[THYMELEAF]             * [* {th:border,data-th-border}] [1000]: org.thymeleaf.standard.processor.StandardRemovableAttributeTagProcessor
[THYMELEAF]             * [* {th:label,data-th-label}] [1000]: org.thymeleaf.standard.processor.StandardRemovableAttributeTagProcessor
[THYMELEAF]             * [* {th:start,data-th-start}] [1000]: org.thymeleaf.standard.processor.StandardRemovableAttributeTagProcessor
[THYMELEAF]             * [* {th:content,data-th-content}] [1000]: org.thymeleaf.standard.processor.StandardRemovableAttributeTagProcessor
[THYMELEAF]             * [* {th:audio,data-th-audio}] [1000]: org.thymeleaf.standard.processor.StandardRemovableAttributeTagProcessor
[THYMELEAF]             * [* {th:codebase,data-th-codebase}] [1000]: org.thymeleaf.standard.processor.StandardRemovableAttributeTagProcessor
[THYMELEAF]             * [* {th:hreflang,data-th-hreflang}] [1000]: org.thymeleaf.standard.processor.StandardRemovableAttributeTagProcessor
[THYMELEAF]             * [* {th:form,data-th-form}] [1000]: org.thymeleaf.standard.processor.StandardRemovableAttributeTagProcessor
[THYMELEAF]             * [* {th:preload,data-th-preload}] [1000]: org.thymeleaf.standard.processor.StandardRemovableAttributeTagProcessor
[THYMELEAF]             * [* {th:placeholder,data-th-placeholder}] [1000]: org.thymeleaf.standard.processor.StandardRemovableAttributeTagProcessor
[THYMELEAF]             * [* {th:id,data-th-id}] [1000]: org.thymeleaf.standard.processor.StandardRemovableAttributeTagProcessor
[THYMELEAF]             * [* {th:kind,data-th-kind}] [1000]: org.thymeleaf.standard.processor.StandardRemovableAttributeTagProcessor
[THYMELEAF]             * [* {th:span,data-th-span}] [1000]: org.thymeleaf.standard.processor.StandardRemovableAttributeTagProcessor
[THYMELEAF]             * [* {th:poster,data-th-poster}] [1000]: org.thymeleaf.standard.processor.StandardRemovableAttributeTagProcessor
[THYMELEAF]             * [* {th:bgcolor,data-th-bgcolor}] [1000]: org.thymeleaf.standard.processor.StandardRemovableAttributeTagProcessor
[THYMELEAF]             * [* {th:formmethod,data-th-formmethod}] [1000]: org.thymeleaf.standard.processor.StandardRemovableAttributeTagProcessor
[THYMELEAF]             * [* {th:scheme,data-th-scheme}] [1000]: org.thymeleaf.standard.processor.StandardRemovableAttributeTagProcessor
[THYMELEAF]             * [* {th:headers,data-th-headers}] [1000]: org.thymeleaf.standard.processor.StandardRemovableAttributeTagProcessor
[THYMELEAF]             * [* {th:background,data-th-background}] [1000]: org.thymeleaf.standard.processor.StandardRemovableAttributeTagProcessor
[THYMELEAF]             * [* {th:longdesc,data-th-longdesc}] [1000]: org.thymeleaf.standard.processor.StandardRemovableAttributeTagProcessor
[THYMELEAF]             * [* {th:accept,data-th-accept}] [1000]: org.thymeleaf.standard.processor.StandardRemovableAttributeTagProcessor
[THYMELEAF]             * [* {th:frameborder,data-th-frameborder}] [1000]: org.thymeleaf.standard.processor.StandardRemovableAttributeTagProcessor
[THYMELEAF]             * [* {th:formtarget,data-th-formtarget}] [1000]: org.thymeleaf.standard.processor.StandardRemovableAttributeTagProcessor
[THYMELEAF]             * [* {th:style,data-th-style}] [1000]: org.thymeleaf.standard.processor.StandardRemovableAttributeTagProcessor
[THYMELEAF]             * [* {th:abbr,data-th-abbr}] [1000]: org.thymeleaf.standard.processor.StandardRemovableAttributeTagProcessor
[THYMELEAF]             * [* {th:http-equiv,data-th-http-equiv}] [1000]: org.thymeleaf.standard.processor.StandardRemovableAttributeTagProcessor
[THYMELEAF]             * [* {th:low,data-th-low}] [1000]: org.thymeleaf.standard.processor.StandardRemovableAttributeTagProcessor
[THYMELEAF]             * [* {th:charset,data-th-charset}] [1000]: org.thymeleaf.standard.processor.StandardRemovableAttributeTagProcessor
[THYMELEAF]             * [* {th:usemap,data-th-usemap}] [1000]: org.thymeleaf.standard.processor.StandardRemovableAttributeTagProcessor
[THYMELEAF]             * [* {th:srclang,data-th-srclang}] [1000]: org.thymeleaf.standard.processor.StandardRemovableAttributeTagProcessor
[THYMELEAF]             * [* {th:dir,data-th-dir}] [1000]: org.thymeleaf.standard.processor.StandardRemovableAttributeTagProcessor
[THYMELEAF]             * [* {th:keytype,data-th-keytype}] [1000]: org.thymeleaf.standard.processor.StandardRemovableAttributeTagProcessor
[THYMELEAF]             * [* {th:alt,data-th-alt}] [1000]: org.thymeleaf.standard.processor.StandardRemovableAttributeTagProcessor
[THYMELEAF]             * [* {th:axis,data-th-axis}] [1000]: org.thymeleaf.standard.processor.StandardRemovableAttributeTagProcessor
[THYMELEAF]             * [* {th:maxlength,data-th-maxlength}] [1000]: org.thymeleaf.standard.processor.StandardRemovableAttributeTagProcessor
[THYMELEAF]             * [* {th:wrap,data-th-wrap}] [1000]: org.thymeleaf.standard.processor.StandardRemovableAttributeTagProcessor
[THYMELEAF]             * [* {th:valuetype,data-th-valuetype}] [1000]: org.thymeleaf.standard.processor.StandardRemovableAttributeTagProcessor
[THYMELEAF]             * [* {th:size,data-th-size}] [1000]: org.thymeleaf.standard.processor.StandardRemovableAttributeTagProcessor
[THYMELEAF]             * [* {th:datetime,data-th-datetime}] [1000]: org.thymeleaf.standard.processor.StandardRemovableAttributeTagProcessor
[THYMELEAF]             * [* {th:compact,data-th-compact}] [1000]: org.thymeleaf.standard.processor.StandardRemovableAttributeTagProcessor
[THYMELEAF]             * [* {th:scrolling,data-th-scrolling}] [1000]: org.thymeleaf.standard.processor.StandardRemovableAttributeTagProcessor
[THYMELEAF]             * [* {th:height,data-th-height}] [1000]: org.thymeleaf.standard.processor.StandardRemovableAttributeTagProcessor
[THYMELEAF]             * [* {th:for,data-th-for}] [1000]: org.thymeleaf.standard.processor.StandardRemovableAttributeTagProcessor
[THYMELEAF]             * [* {th:hspace,data-th-hspace}] [1000]: org.thymeleaf.standard.processor.StandardRemovableAttributeTagProcessor
[THYMELEAF]             * [* {th:rel,data-th-rel}] [1000]: org.thymeleaf.standard.processor.StandardRemovableAttributeTagProcessor
[THYMELEAF]             * [* {th:optimum,data-th-optimum}] [1000]: org.thymeleaf.standard.processor.StandardRemovableAttributeTagProcessor
[THYMELEAF]             * [* {th:target,data-th-target}] [1000]: org.thymeleaf.standard.processor.StandardRemovableAttributeTagProcessor
[THYMELEAF]             * [* {th:data,data-th-data}] [1000]: org.thymeleaf.standard.processor.StandardRemovableAttributeTagProcessor
[THYMELEAF]             * [* {th:cellspacing,data-th-cellspacing}] [1000]: org.thymeleaf.standard.processor.StandardRemovableAttributeTagProcessor
[THYMELEAF]             * [* {th:colspan,data-th-colspan}] [1000]: org.thymeleaf.standard.processor.StandardRemovableAttributeTagProcessor
[THYMELEAF]             * [* {th:vspace,data-th-vspace}] [1000]: org.thymeleaf.standard.processor.StandardRemovableAttributeTagProcessor
[THYMELEAF]             * [* {th:pattern,data-th-pattern}] [1000]: org.thymeleaf.standard.processor.StandardRemovableAttributeTagProcessor
[THYMELEAF]             * [* {th:class,data-th-class}] [1000]: org.thymeleaf.standard.processor.StandardRemovableAttributeTagProcessor
[THYMELEAF]             * [* {th:formenctype,data-th-formenctype}] [1000]: org.thymeleaf.standard.processor.StandardRemovableAttributeTagProcessor
[THYMELEAF]             * [* {th:accesskey,data-th-accesskey}] [1000]: org.thymeleaf.standard.processor.StandardRemovableAttributeTagProcessor
[THYMELEAF]             * [* {th:cols,data-th-cols}] [1000]: org.thymeleaf.standard.processor.StandardRemovableAttributeTagProcessor
[THYMELEAF]             * [* {th:frame,data-th-frame}] [1000]: org.thymeleaf.standard.processor.StandardRemovableAttributeTagProcessor
[THYMELEAF]             * [* {th:autocomplete,data-th-autocomplete}] [1000]: org.thymeleaf.standard.processor.StandardRemovableAttributeTagProcessor
[THYMELEAF]             * [* {th:list,data-th-list}] [1000]: org.thymeleaf.standard.processor.StandardRemovableAttributeTagProcessor
[THYMELEAF]             * [* {th:title,data-th-title}] [1000]: org.thymeleaf.standard.processor.StandardRemovableAttributeTagProcessor
[THYMELEAF]             * [* {th:high,data-th-high}] [1000]: org.thymeleaf.standard.processor.StandardRemovableAttributeTagProcessor
[THYMELEAF]             * [* {th:rev,data-th-rev}] [1000]: org.thymeleaf.standard.processor.StandardRemovableAttributeTagProcessor
[THYMELEAF]             * [* {th:icon,data-th-icon}] [1000]: org.thymeleaf.standard.processor.StandardRemovableAttributeTagProcessor
[THYMELEAF]             * [* {th:align,data-th-align}] [1000]: org.thymeleaf.standard.processor.StandardRemovableAttributeTagProcessor
[THYMELEAF]             * [* {th:sandbox,data-th-sandbox}] [1000]: org.thymeleaf.standard.processor.StandardRemovableAttributeTagProcessor
[THYMELEAF]             * [* {th:enctype,data-th-enctype}] [1000]: org.thymeleaf.standard.processor.StandardRemovableAttributeTagProcessor
[THYMELEAF]             * [* {th:min,data-th-min}] [1000]: org.thymeleaf.standard.processor.StandardRemovableAttributeTagProcessor
[THYMELEAF]             * [* {th:archive,data-th-archive}] [1000]: org.thymeleaf.standard.processor.StandardRemovableAttributeTagProcessor
[THYMELEAF]             * [* {th:dropzone,data-th-dropzone}] [1000]: org.thymeleaf.standard.processor.StandardRemovableAttributeTagProcessor
[THYMELEAF]             * [* {th:codetype,data-th-codetype}] [1000]: org.thymeleaf.standard.processor.StandardRemovableAttributeTagProcessor
[THYMELEAF]             * [* {th:media,data-th-media}] [1000]: org.thymeleaf.standard.processor.StandardRemovableAttributeTagProcessor
[THYMELEAF]             * [* {th:marginwidth,data-th-marginwidth}] [1000]: org.thymeleaf.standard.processor.StandardRemovableAttributeTagProcessor
[THYMELEAF]             * [* {th:accept-charset,data-th-accept-charset}] [1000]: org.thymeleaf.standard.processor.StandardRemovableAttributeTagProcessor
[THYMELEAF]             * [* {th:rowspan,data-th-rowspan}] [1000]: org.thymeleaf.standard.processor.StandardRemovableAttributeTagProcessor
[THYMELEAF]             * [* {th:contextmenu,data-th-contextmenu}] [1000]: org.thymeleaf.standard.processor.StandardRemovableAttributeTagProcessor
[THYMELEAF]             * [* {th:marginheight,data-th-marginheight}] [1000]: org.thymeleaf.standard.processor.StandardRemovableAttributeTagProcessor
[THYMELEAF]             * [* {th:lang,data-th-lang}] [1000]: org.thymeleaf.standard.processor.StandardRemovableAttributeTagProcessor
[THYMELEAF]             * [* {th:challenge,data-th-challenge}] [1000]: org.thymeleaf.standard.processor.StandardRemovableAttributeTagProcessor
[THYMELEAF]             * [* {th:src,data-th-src}] [1000]: org.thymeleaf.standard.processor.StandardSrcTagProcessor
[THYMELEAF]             * [* {th:value,data-th-value}] [1000]: org.thymeleaf.standard.processor.StandardValueTagProcessor
[THYMELEAF]             * [* {th:xmlbase,data-th-xmlbase}] [1000]: org.thymeleaf.standard.processor.StandardXmlBaseTagProcessor
[THYMELEAF]             * [* {th:xmllang,data-th-xmllang}] [1000]: org.thymeleaf.standard.processor.StandardXmlLangTagProcessor
[THYMELEAF]             * [* {xmlns:th}] [1000]: org.thymeleaf.standard.processor.StandardXmlNsTagProcessor
[THYMELEAF]             * [* {th:xmlspace,data-th-xmlspace}] [1000]: org.thymeleaf.standard.processor.StandardXmlSpaceTagProcessor
[THYMELEAF]             * [* {th:classappend,data-th-classappend}] [1100]: org.thymeleaf.standard.processor.StandardClassappendTagProcessor
[THYMELEAF]             * [* {th:styleappend,data-th-styleappend}] [1100]: org.thymeleaf.standard.processor.StandardStyleappendTagProcessor
[THYMELEAF]             * [* {th:text,data-th-text}] [1300]: org.thymeleaf.standard.processor.StandardTextTagProcessor
[THYMELEAF]             * [* {th:utext,data-th-utext}] [1400]: org.thymeleaf.standard.processor.StandardUtextTagProcessor
[THYMELEAF]             * [* {th:fragment,data-th-fragment}] [1500]: org.thymeleaf.standard.processor.StandardFragmentTagProcessor
[THYMELEAF]             * [* {th:assert,data-th-assert}] [1550]: org.thymeleaf.standard.processor.StandardAssertTagProcessor
[THYMELEAF]             * [* {th:remove,data-th-remove}] [1600]: org.thymeleaf.standard.processor.StandardRemoveTagProcessor
[THYMELEAF]             * [* {th:ref,data-th-ref}] [10000]: org.thymeleaf.standard.processor.StandardRefAttributeTagProcessor
[THYMELEAF]             * [{th:block,th-block} *] [100000]: org.thymeleaf.standard.processor.StandardBlockTagProcessor
[THYMELEAF]             * [* th:*] [2147483647]: org.thymeleaf.standard.processor.StandardDefaultAttributesTagProcessor
[THYMELEAF]         * Text Processors by [precedence]:
[THYMELEAF]             * [1000]: org.thymeleaf.standard.processor.StandardInliningTextProcessor
[THYMELEAF]         * DOCTYPE Processors by [precedence]:
[THYMELEAF]             * [1000]: org.thymeleaf.standard.processor.StandardTranslationDocTypeProcessor
[THYMELEAF]         * CDATA Section Processors by [precedence]:
[THYMELEAF]             * [1000]: org.thymeleaf.standard.processor.StandardInliningCDATASectionProcessor
[THYMELEAF]         * Comment Processors by [precedence]:
[THYMELEAF]             * [1000]: org.thymeleaf.standard.processor.StandardInliningCommentProcessor
[THYMELEAF]             * [1100]: org.thymeleaf.standard.processor.StandardConditionalCommentProcessor
[THYMELEAF]     * Processors for Template Mode: XML
[THYMELEAF]         * Element Tag Processors by [matching element and attribute name] [precedence]:
[THYMELEAF]             * [* {th:include}] [100]: org.thymeleaf.standard.processor.StandardIncludeTagProcessor
[THYMELEAF]             * [* {th:insert}] [100]: org.thymeleaf.standard.processor.StandardInsertTagProcessor
[THYMELEAF]             * [* {th:replace}] [100]: org.thymeleaf.standard.processor.StandardReplaceTagProcessor
[THYMELEAF]             * [* {th:each}] [200]: com.intuit.karate.template.KarateEachTagProcessor
[THYMELEAF]             * [* {th:switch}] [250]: org.thymeleaf.standard.processor.StandardSwitchTagProcessor
[THYMELEAF]             * [* {th:case}] [275]: org.thymeleaf.standard.processor.StandardCaseTagProcessor
[THYMELEAF]             * [* {th:if}] [300]: org.thymeleaf.standard.processor.StandardIfTagProcessor
[THYMELEAF]             * [* {th:unless}] [400]: org.thymeleaf.standard.processor.StandardUnlessTagProcessor
[THYMELEAF]             * [* {th:object}] [500]: org.thymeleaf.standard.processor.StandardObjectTagProcessor
[THYMELEAF]             * [* {th:with}] [600]: com.intuit.karate.template.KarateWithTagProcessor
[THYMELEAF]             * [* {th:attr}] [700]: com.intuit.karate.template.KarateAttributeTagProcessor.KarateAttrTagProcessor
[THYMELEAF]             * [* {th:attrappend}] [900]: com.intuit.karate.template.KarateAttributeTagProcessor.KarateAttrappendTagProcessor
[THYMELEAF]             * [* {th:attrprepend}] [900]: com.intuit.karate.template.KarateAttributeTagProcessor.KarateAttrprependTagProcessor
[THYMELEAF]             * [* {th:inline}] [1000]: org.thymeleaf.standard.processor.StandardInlineXMLTagProcessor
[THYMELEAF]             * [* {xmlns:th}] [1000]: org.thymeleaf.standard.processor.StandardXmlNsTagProcessor
[THYMELEAF]             * [* {th:text}] [1300]: org.thymeleaf.standard.processor.StandardTextTagProcessor
[THYMELEAF]             * [* {th:utext}] [1400]: org.thymeleaf.standard.processor.StandardUtextTagProcessor
[THYMELEAF]             * [* {th:fragment}] [1500]: org.thymeleaf.standard.processor.StandardFragmentTagProcessor
[THYMELEAF]             * [* {th:assert}] [1550]: org.thymeleaf.standard.processor.StandardAssertTagProcessor
[THYMELEAF]             * [* {th:remove}] [1600]: org.thymeleaf.standard.processor.StandardRemoveTagProcessor
[THYMELEAF]             * [* {th:ref}] [10000]: org.thymeleaf.standard.processor.StandardRefAttributeTagProcessor
[THYMELEAF]             * [{th:block} *] [100000]: org.thymeleaf.standard.processor.StandardBlockTagProcessor
[THYMELEAF]             * [* th:*] [2147483647]: org.thymeleaf.standard.processor.StandardDefaultAttributesTagProcessor
[THYMELEAF]         * Text Processors by [precedence]:
[THYMELEAF]             * [1000]: org.thymeleaf.standard.processor.StandardInliningTextProcessor
[THYMELEAF]         * CDATA Section Processors by [precedence]:
[THYMELEAF]             * [1000]: org.thymeleaf.standard.processor.StandardInliningCDATASectionProcessor
[THYMELEAF]         * Comment Processors by [precedence]:
[THYMELEAF]             * [1000]: org.thymeleaf.standard.processor.StandardInliningCommentProcessor
[THYMELEAF]     * Processors for Template Mode: TEXT
[THYMELEAF]         * Element Tag Processors by [matching element and attribute name] [precedence]:
[THYMELEAF]             * [* {th:insert}] [100]: org.thymeleaf.standard.processor.StandardInsertTagProcessor
[THYMELEAF]             * [* {th:replace}] [100]: org.thymeleaf.standard.processor.StandardReplaceTagProcessor
[THYMELEAF]             * [* {th:each}] [200]: com.intuit.karate.template.KarateEachTagProcessor
[THYMELEAF]             * [* {th:switch}] [250]: org.thymeleaf.standard.processor.StandardSwitchTagProcessor
[THYMELEAF]             * [* {th:case}] [275]: org.thymeleaf.standard.processor.StandardCaseTagProcessor
[THYMELEAF]             * [* {th:if}] [300]: org.thymeleaf.standard.processor.StandardIfTagProcessor
[THYMELEAF]             * [* {th:unless}] [400]: org.thymeleaf.standard.processor.StandardUnlessTagProcessor
[THYMELEAF]             * [* {th:object}] [500]: org.thymeleaf.standard.processor.StandardObjectTagProcessor
[THYMELEAF]             * [* {th:with}] [600]: com.intuit.karate.template.KarateWithTagProcessor
[THYMELEAF]             * [* {th:inline}] [1000]: org.thymeleaf.standard.processor.StandardInlineTextualTagProcessor
[THYMELEAF]             * [* {th:text}] [1300]: org.thymeleaf.standard.processor.StandardTextTagProcessor
[THYMELEAF]             * [* {th:utext}] [1400]: org.thymeleaf.standard.processor.StandardUtextTagProcessor
[THYMELEAF]             * [* {th:assert}] [1550]: org.thymeleaf.standard.processor.StandardAssertTagProcessor
[THYMELEAF]             * [* {th:remove}] [1600]: org.thymeleaf.standard.processor.StandardRemoveTagProcessor
[THYMELEAF]             * [* 100000] [org.thymeleaf.standard.processor.StandardBlockTagProcessor]: {}
[THYMELEAF]             * [{th:block} *] [100000]: org.thymeleaf.standard.processor.StandardBlockTagProcessor
[THYMELEAF]         * Text Processors by [precedence]:
[THYMELEAF]             * [1000]: org.thymeleaf.standard.processor.StandardInliningTextProcessor
[THYMELEAF]     * Processors for Template Mode: JAVASCRIPT
[THYMELEAF]         * Element Tag Processors by [matching element and attribute name] [precedence]:
[THYMELEAF]             * [* {th:insert}] [100]: org.thymeleaf.standard.processor.StandardInsertTagProcessor
[THYMELEAF]             * [* {th:replace}] [100]: org.thymeleaf.standard.processor.StandardReplaceTagProcessor
[THYMELEAF]             * [* {th:each}] [200]: com.intuit.karate.template.KarateEachTagProcessor
[THYMELEAF]             * [* {th:switch}] [250]: org.thymeleaf.standard.processor.StandardSwitchTagProcessor
[THYMELEAF]             * [* {th:case}] [275]: org.thymeleaf.standard.processor.StandardCaseTagProcessor
[THYMELEAF]             * [* {th:if}] [300]: org.thymeleaf.standard.processor.StandardIfTagProcessor
[THYMELEAF]             * [* {th:unless}] [400]: org.thymeleaf.standard.processor.StandardUnlessTagProcessor
[THYMELEAF]             * [* {th:object}] [500]: org.thymeleaf.standard.processor.StandardObjectTagProcessor
[THYMELEAF]             * [* {th:with}] [600]: com.intuit.karate.template.KarateWithTagProcessor
[THYMELEAF]             * [* {th:inline}] [1000]: org.thymeleaf.standard.processor.StandardInlineTextualTagProcessor
[THYMELEAF]             * [* {th:text}] [1300]: org.thymeleaf.standard.processor.StandardTextTagProcessor
[THYMELEAF]             * [* {th:utext}] [1400]: org.thymeleaf.standard.processor.StandardUtextTagProcessor
[THYMELEAF]             * [* {th:assert}] [1550]: org.thymeleaf.standard.processor.StandardAssertTagProcessor
[THYMELEAF]             * [* {th:remove}] [1600]: org.thymeleaf.standard.processor.StandardRemoveTagProcessor
[THYMELEAF]             * [* 100000] [org.thymeleaf.standard.processor.StandardBlockTagProcessor]: {}
[THYMELEAF]             * [{th:block} *] [100000]: org.thymeleaf.standard.processor.StandardBlockTagProcessor
[THYMELEAF]         * Text Processors by [precedence]:
[THYMELEAF]             * [1000]: org.thymeleaf.standard.processor.StandardInliningTextProcessor
[THYMELEAF]     * Processors for Template Mode: CSS
[THYMELEAF]         * Element Tag Processors by [matching element and attribute name] [precedence]:
[THYMELEAF]             * [* {th:insert}] [100]: org.thymeleaf.standard.processor.StandardInsertTagProcessor
[THYMELEAF]             * [* {th:replace}] [100]: org.thymeleaf.standard.processor.StandardReplaceTagProcessor
[THYMELEAF]             * [* {th:each}] [200]: com.intuit.karate.template.KarateEachTagProcessor
[THYMELEAF]             * [* {th:switch}] [250]: org.thymeleaf.standard.processor.StandardSwitchTagProcessor
[THYMELEAF]             * [* {th:case}] [275]: org.thymeleaf.standard.processor.StandardCaseTagProcessor
[THYMELEAF]             * [* {th:if}] [300]: org.thymeleaf.standard.processor.StandardIfTagProcessor
[THYMELEAF]             * [* {th:unless}] [400]: org.thymeleaf.standard.processor.StandardUnlessTagProcessor
[THYMELEAF]             * [* {th:object}] [500]: org.thymeleaf.standard.processor.StandardObjectTagProcessor
[THYMELEAF]             * [* {th:with}] [600]: com.intuit.karate.template.KarateWithTagProcessor
[THYMELEAF]             * [* {th:inline}] [1000]: org.thymeleaf.standard.processor.StandardInlineTextualTagProcessor
[THYMELEAF]             * [* {th:text}] [1300]: org.thymeleaf.standard.processor.StandardTextTagProcessor
[THYMELEAF]             * [* {th:utext}] [1400]: org.thymeleaf.standard.processor.StandardUtextTagProcessor
[THYMELEAF]             * [* {th:assert}] [1550]: org.thymeleaf.standard.processor.StandardAssertTagProcessor
[THYMELEAF]             * [* {th:remove}] [1600]: org.thymeleaf.standard.processor.StandardRemoveTagProcessor
[THYMELEAF]             * [{th:block} *] [100000]: org.thymeleaf.standard.processor.StandardBlockTagProcessor
[THYMELEAF]             * [* 100000] [org.thymeleaf.standard.processor.StandardBlockTagProcessor]: {}
[THYMELEAF]         * Text Processors by [precedence]:
[THYMELEAF]             * [1000]: org.thymeleaf.standard.processor.StandardInliningTextProcessor
[THYMELEAF]     * Expression Objects:
[THYMELEAF]         * #ctx
[THYMELEAF]         * #root
[THYMELEAF]         * #vars
[THYMELEAF]         * #object
[THYMELEAF]         * #locale
[THYMELEAF]         * #conversions
[THYMELEAF]         * #uris
[THYMELEAF]         * #temporals
[THYMELEAF]         * #calendars
[THYMELEAF]         * #dates
[THYMELEAF]         * #bools
[THYMELEAF]         * #numbers
[THYMELEAF]         * #objects
[THYMELEAF]         * #strings
[THYMELEAF]         * #arrays
[THYMELEAF]         * #lists
[THYMELEAF]         * #sets
[THYMELEAF]         * #maps
[THYMELEAF]         * #aggregates
[THYMELEAF]         * #messages
[THYMELEAF]         * #ids
[THYMELEAF]         * #execInfo
[THYMELEAF]         * #request
[THYMELEAF]         * #response
[THYMELEAF]         * #session
[THYMELEAF]         * #servletContext
[THYMELEAF]     * Execution Attributes:
[THYMELEAF]         * "StandardExpressionParser": com.intuit.karate.template.KarateStandardDialect@69ec93c2
[THYMELEAF]         * "StandardJavaScriptSerializer": org.thymeleaf.standard.serializer.StandardJavaScriptSerializer@71c0b742
[THYMELEAF]         * "StandardCSSSerializer": org.thymeleaf.standard.serializer.StandardCSSSerializer@3bbb8c16
[THYMELEAF]         * "StandardVariableExpressionEvaluator": com.intuit.karate.template.KarateStandardDialect@69ec93c2
[THYMELEAF]         * "StandardConversionService": org.thymeleaf.standard.expression.StandardConversionService@73e1ecd0
[THYMELEAF] * Dialect [2 of 2]: karate (com.intuit.karate.template.KarateScriptDialect)
[THYMELEAF]     * Prefix: "ka"
[THYMELEAF]     * Processors for Template Mode: HTML
[THYMELEAF]         * Element Tag Processors by [matching element and attribute name] [precedence]:
[THYMELEAF]             * [* {src}] [1000]: com.intuit.karate.template.KaScriptAttrProcessor
[THYMELEAF]         * Element Model Processors by [matching element and attribute name] [precedence]:
[THYMELEAF]             * [{script} {ka:scope,data-ka-scope}] [1000]: com.intuit.karate.template.KaScriptElemProcessor
[THYMELEAF]             * [* {ka:set,data-ka-set}] [1000]: com.intuit.karate.template.KaSetElemProcessor
[THYMELEAF] TEMPLATE ENGINE CONFIGURED OK
15:08:13.584 [main] DEBUG org.thymeleaf.TemplateEngine -- [THYMELEAF] TEMPLATE ENGINE INITIALIZED
---------------------------------------------------------
feature: classpath:features/breeds_image_random.feature
scenarios:  2 | passed:  2 | failed:  0 | time: 1,3075
---------------------------------------------------------

]]></system-out>
  </testcase>
  <testcase name="[1:4] Listar todas as raças com sucesso" classname="features/breeds_list_all" time="0.461">
    <system-out><![CDATA[15:08:13.886 [main] DEBUG org.apache.http.client.protocol.RequestAddCookies -- CookieSpec selected: karate
15:08:13.886 [main] DEBUG org.apache.http.client.protocol.RequestAuthCache -- Auth cache not set in the context
15:08:13.886 [main] DEBUG com.intuit.karate -- request:
1 > GET https://dog.ceo/api/breeds/list/all
1 > Host: dog.ceo
1 > Connection: Keep-Alive
1 > User-Agent: Apache-HttpClient/4.5.14 (Java/11.0.27)
1 > Accept-Encoding: gzip,deflate


15:08:13.886 [main] DEBUG org.apache.http.impl.conn.PoolingHttpClientConnectionManager -- Connection request: [route: {s}->https://dog.ceo:443][total available: 0; route allocated: 0 of 5; total allocated: 0 of 10]
15:08:13.886 [main] DEBUG org.apache.http.impl.conn.PoolingHttpClientConnectionManager -- Connection leased: [id: 2][route: {s}->https://dog.ceo:443][total available: 0; route allocated: 1 of 5; total allocated: 1 of 10]
15:08:13.886 [main] DEBUG org.apache.http.impl.execchain.MainClientExec -- Opening connection {s}->https://dog.ceo:443
15:08:13.886 [main] DEBUG org.apache.http.impl.conn.DefaultHttpClientConnectionOperator -- Connecting to dog.ceo/104.21.17.246:443
15:08:13.886 [main] DEBUG org.apache.http.conn.ssl.SSLConnectionSocketFactory -- Connecting socket to dog.ceo/104.21.17.246:443 with timeout 30000
15:08:13.901 [main] DEBUG org.apache.http.conn.ssl.SSLConnectionSocketFactory -- Enabled protocols: [TLSv1.3, TLSv1.2]
15:08:13.901 [main] DEBUG org.apache.http.conn.ssl.SSLConnectionSocketFactory -- Enabled cipher suites:[TLS_AES_256_GCM_SHA384, TLS_AES_128_GCM_SHA256, TLS_CHACHA20_POLY1305_SHA256, TLS_ECDHE_ECDSA_WITH_AES_256_GCM_SHA384, TLS_ECDHE_ECDSA_WITH_AES_128_GCM_SHA256, TLS_ECDHE_ECDSA_WITH_CHACHA20_POLY1305_SHA256, TLS_ECDHE_RSA_WITH_AES_256_GCM_SHA384, TLS_ECDHE_RSA_WITH_CHACHA20_POLY1305_SHA256, TLS_ECDHE_RSA_WITH_AES_128_GCM_SHA256, TLS_DHE_RSA_WITH_AES_256_GCM_SHA384, TLS_DHE_RSA_WITH_CHACHA20_POLY1305_SHA256, TLS_DHE_DSS_WITH_AES_256_GCM_SHA384, TLS_DHE_RSA_WITH_AES_128_GCM_SHA256, TLS_DHE_DSS_WITH_AES_128_GCM_SHA256, TLS_ECDHE_ECDSA_WITH_AES_256_CBC_SHA384, TLS_ECDHE_RSA_WITH_AES_256_CBC_SHA384, TLS_ECDHE_ECDSA_WITH_AES_128_CBC_SHA256, TLS_ECDHE_RSA_WITH_AES_128_CBC_SHA256, TLS_DHE_RSA_WITH_AES_256_CBC_SHA256, TLS_DHE_DSS_WITH_AES_256_CBC_SHA256, TLS_DHE_RSA_WITH_AES_128_CBC_SHA256, TLS_DHE_DSS_WITH_AES_128_CBC_SHA256, TLS_ECDHE_ECDSA_WITH_AES_256_CBC_SHA, TLS_ECDHE_RSA_WITH_AES_256_CBC_SHA, TLS_ECDHE_ECDSA_WITH_AES_128_CBC_SHA, TLS_ECDHE_RSA_WITH_AES_128_CBC_SHA, TLS_DHE_RSA_WITH_AES_256_CBC_SHA, TLS_DHE_DSS_WITH_AES_256_CBC_SHA, TLS_DHE_RSA_WITH_AES_128_CBC_SHA, TLS_DHE_DSS_WITH_AES_128_CBC_SHA, TLS_RSA_WITH_AES_256_GCM_SHA384, TLS_RSA_WITH_AES_128_GCM_SHA256, TLS_RSA_WITH_AES_256_CBC_SHA256, TLS_RSA_WITH_AES_128_CBC_SHA256, TLS_RSA_WITH_AES_256_CBC_SHA, TLS_RSA_WITH_AES_128_CBC_SHA, TLS_EMPTY_RENEGOTIATION_INFO_SCSV]
15:08:13.901 [main] DEBUG org.apache.http.conn.ssl.SSLConnectionSocketFactory -- Starting handshake
15:08:13.925 [main] DEBUG org.apache.http.conn.ssl.SSLConnectionSocketFactory -- Secure session established
15:08:13.925 [main] DEBUG org.apache.http.conn.ssl.SSLConnectionSocketFactory --  negotiated protocol: TLSv1.3
15:08:13.925 [main] DEBUG org.apache.http.conn.ssl.SSLConnectionSocketFactory --  negotiated cipher suite: TLS_AES_256_GCM_SHA384
15:08:13.925 [main] DEBUG org.apache.http.conn.ssl.SSLConnectionSocketFactory --  peer principal: CN=dog.ceo
15:08:13.925 [main] DEBUG org.apache.http.conn.ssl.SSLConnectionSocketFactory --  peer alternative names: [dog.ceo, *.dog.ceo]
15:08:13.925 [main] DEBUG org.apache.http.conn.ssl.SSLConnectionSocketFactory --  issuer principal: CN=WE1, O=Google Trust Services, C=US
15:08:13.925 [main] DEBUG org.apache.http.impl.conn.DefaultHttpClientConnectionOperator -- Connection established 192.168.0.105:65285<->104.21.17.246:443
15:08:13.925 [main] DEBUG org.apache.http.impl.conn.DefaultManagedHttpClientConnection -- http-outgoing-2: set socket timeout to 30000
15:08:13.925 [main] DEBUG org.apache.http.impl.execchain.MainClientExec -- Executing request GET /api/breeds/list/all HTTP/1.1
15:08:13.925 [main] DEBUG org.apache.http.impl.execchain.MainClientExec -- Target auth state: UNCHALLENGED
15:08:13.926 [main] DEBUG org.apache.http.impl.execchain.MainClientExec -- Proxy auth state: UNCHALLENGED
15:08:13.926 [main] DEBUG org.apache.http.headers -- http-outgoing-2 >> GET /api/breeds/list/all HTTP/1.1
15:08:13.926 [main] DEBUG org.apache.http.headers -- http-outgoing-2 >> Host: dog.ceo
15:08:13.926 [main] DEBUG org.apache.http.headers -- http-outgoing-2 >> Connection: Keep-Alive
15:08:13.926 [main] DEBUG org.apache.http.headers -- http-outgoing-2 >> User-Agent: Apache-HttpClient/4.5.14 (Java/11.0.27)
15:08:13.926 [main] DEBUG org.apache.http.headers -- http-outgoing-2 >> Accept-Encoding: gzip,deflate
15:08:13.926 [main] DEBUG org.apache.http.wire -- http-outgoing-2 >> "GET /api/breeds/list/all HTTP/1.1[\r][\n]"
15:08:13.926 [main] DEBUG org.apache.http.wire -- http-outgoing-2 >> "Host: dog.ceo[\r][\n]"
15:08:13.926 [main] DEBUG org.apache.http.wire -- http-outgoing-2 >> "Connection: Keep-Alive[\r][\n]"
15:08:13.926 [main] DEBUG org.apache.http.wire -- http-outgoing-2 >> "User-Agent: Apache-HttpClient/4.5.14 (Java/11.0.27)[\r][\n]"
15:08:13.926 [main] DEBUG org.apache.http.wire -- http-outgoing-2 >> "Accept-Encoding: gzip,deflate[\r][\n]"
15:08:13.926 [main] DEBUG org.apache.http.wire -- http-outgoing-2 >> "[\r][\n]"
15:08:14.313 [main] DEBUG org.apache.http.wire -- http-outgoing-2 << "HTTP/1.1 200 OK[\r][\n]"
15:08:14.314 [main] DEBUG org.apache.http.wire -- http-outgoing-2 << "Date: Tue, 22 Jul 2025 18:08:29 GMT[\r][\n]"
15:08:14.314 [main] DEBUG org.apache.http.wire -- http-outgoing-2 << "Content-Type: application/json[\r][\n]"
15:08:14.314 [main] DEBUG org.apache.http.wire -- http-outgoing-2 << "Content-Length: 1035[\r][\n]"
15:08:14.314 [main] DEBUG org.apache.http.wire -- http-outgoing-2 << "Connection: keep-alive[\r][\n]"
15:08:14.314 [main] DEBUG org.apache.http.wire -- http-outgoing-2 << "Server: cloudflare[\r][\n]"
15:08:14.314 [main] DEBUG org.apache.http.wire -- http-outgoing-2 << "X-Powered-By: PHP/8.1.32[\r][\n]"
15:08:14.314 [main] DEBUG org.apache.http.wire -- http-outgoing-2 << "Access-Control-Allow-Origin: *[\r][\n]"
15:08:14.314 [main] DEBUG org.apache.http.wire -- http-outgoing-2 << "Content-Encoding: gzip[\r][\n]"
15:08:14.314 [main] DEBUG org.apache.http.wire -- http-outgoing-2 << "Via: 1.1 varnish (Varnish/6.3), 1.1 varnish (Varnish/6.3)[\r][\n]"
15:08:14.314 [main] DEBUG org.apache.http.wire -- http-outgoing-2 << "Cache-Control: max-age=1800[\r][\n]"
15:08:14.314 [main] DEBUG org.apache.http.wire -- http-outgoing-2 << "X-Cache-Age: 7496[\r][\n]"
15:08:14.314 [main] DEBUG org.apache.http.wire -- http-outgoing-2 << "X-Cache-Hits: 560[\r][\n]"
15:08:14.314 [main] DEBUG org.apache.http.wire -- http-outgoing-2 << "X-Cache: HIT[\r][\n]"
15:08:14.314 [main] DEBUG org.apache.http.wire -- http-outgoing-2 << "Accept-Ranges: bytes[\r][\n]"
15:08:14.314 [main] DEBUG org.apache.http.wire -- http-outgoing-2 << "Age: 0[\r][\n]"
15:08:14.314 [main] DEBUG org.apache.http.wire -- http-outgoing-2 << "Vary: Accept-Encoding[\r][\n]"
15:08:14.314 [main] DEBUG org.apache.http.wire -- http-outgoing-2 << "Nel: {"report_to":"cf-nel","success_fraction":0.0,"max_age":604800}[\r][\n]"
15:08:14.314 [main] DEBUG org.apache.http.wire -- http-outgoing-2 << "Cf-Cache-Status: DYNAMIC[\r][\n]"
15:08:14.314 [main] DEBUG org.apache.http.wire -- http-outgoing-2 << "Report-To: {"group":"cf-nel","max_age":604800,"endpoints":[{"url":"https://a.nel.cloudflare.com/report/v4?s=wk0UMtPdQheht0PKyvWklri6clcvPNabP22iikkMA6DhzkBBMKWBz5oPHr9%2FxhYJ5MCHKzdZNDRVudT09j952CI7XOWQKyg%3D"}]}[\r][\n]"
15:08:14.314 [main] DEBUG org.apache.http.wire -- http-outgoing-2 << "CF-RAY: 9634e23348c4f1cb-GRU[\r][\n]"
15:08:14.314 [main] DEBUG org.apache.http.wire -- http-outgoing-2 << "alt-svc: h3=":443"; ma=86400[\r][\n]"
15:08:14.315 [main] DEBUG org.apache.http.wire -- http-outgoing-2 << "[\r][\n]"
15:08:14.315 [main] DEBUG org.apache.http.wire -- http-outgoing-2 << "[0x1f][0x8b][0x8][0x0][0x0][0x0][0x0][0x0][0x0][0x3]mV[0xdb][0xae][0xdc]:[0x8][0xfd][0x97]<[0xcf][0x17][0xf4]W[0x8e][0xfa]@bb[0xd3]8[0xb6][0xe5][0xcb]d2U[0xff][0xbd][0xe0]KfrTiK[0x3][0xe][0x6][0xb3][0x80][0xc5][0xfe]=[0xed][0x98][0x12]h[0x9c]~[0xfc][0x9e]`][0xd1][0x5]ri1[0x18][0xa7][0x1f][0xff][0xfd]|[0xf0]Q[0xa4][0x5]\W([0xa2][0x2][0x8b]][0xdb](C[0x17]C@[0xf7]Fk[0xaf]k%[0xe5][0x8][0x96][0xea][0xcd]iC[0x1b][0x8][0xa7][0xc7][0x94][0xc][0x6]v[0xad]&6[0x99]a3[0x10][0xf][0xb0]bAN[0x89]m=N[0xe8]~Qs3#[0xe8][0x11]n[0xb6][0x5]3-[[0xd7]||[0xfb]a[0xe5][0xcb][0x93]F[0xe4][0xd9][0xbf].1[0xc2][0xc]n[0xf1]n[0xa8][0x4][0x1c][0xba][0xc9][0xc5][0x14]'[0xf2][0xe4]|<P[0x8f][0xe0][0xc5]Z[0xe5][0xb5][0x9c][0xcf]>e[0xbe][0xf9][0x98][0xd0]iK[0xc9][0xb0][0xb4]Ft[0x8b][0x19]v[0x19]clQ[0xa7][0x94][0x19]9[0x1f]U2[0xc][0x90]|_ g[0x8b][0xdd][0xd3][0x17][0x16][0xf5][0xd3][0x13][0x82][0xf7][0xed][0x19][0x8b]!S[0x80][0xff].5[0x4][\n]"
15:08:14.315 [main] DEBUG org.apache.http.wire -- http-outgoing-2 << "[0x10][0x81][0xee][0xa0],[0xc6][0x1f][0xdd][0xc4][0x96]}[0x1e][0x9].~[0xd9][0xbe][0x9c]yk[0x9][0xdb][0xdb][0xa3]b[0x9b]z[0xe6][0x9d][0xf1]-[0xd5][0xaa]F]]/[0x8c][0x4][0xe9][0xee][0xdc]s[0xa2][\n]"
15:08:14.315 [main] DEBUG org.apache.http.wire -- http-outgoing-2 << "s[0xb1][0x8][0xdd][0xb1][0x82][0xc5]$s][0xe3][0x9a][0xef][0x90]i[0xb4][0x81][0x2]W[0xc3][0xe8][0x88][0x90][0xa7]v [0x8][0x9][0x12][0x7]*[0x11][0xe5][0x10]1[0x8e][0xd0]S[0xe2] y|0~[0xd4]T[0x91][0xd3][0xfd][0xf5][0xca]sZ[0xfb][0x8][0x81]v[0xbb][0xee][0xde]*[0x84][0x8e][0x81][0x9d][0xcb][0xa7]A1m[0xb4]w[0x1f]+[0xb9][0xf1][0x10][0xcb]-Y[0x13][0x90][0xe3]H[0xa9][0xe1]B[0xc]du[0xa3]A[0xa9][0xff]a[0xac]k[0xf8][0xab]C[0xab]C[0xce][0xf0][0xbc][0xde][0xd1]M[0x1f][0x13][0xb7][0xfd][0xa8][0xa6][0x8e][0x1e][0x1d]:[0x5]h[0xdb][\r][0xc3][0xe5]u[0x98]z~[0xd7]]X[0xb5][0xa9]w[0xb9][0xbd][0x13]f[0x11][0xac][0xf7][0xea][0xd6]^4[0xd3][0xbb][0xda][0x4][0xcb]`[0xf1]/[0xcf][0xc6][0xd6][0xca]hJ[0xda][0xce][0xe6]rCL[0x9c][0x84][0x1a]Z[0x9d][0xac]&[0xfb]}[0x6][0xba]d[0xb6][0xf1][0x1d][0xa3][0xad]<![0xbd][0x9b]l[0x81][0xc7]Bq[0xec]Q[0x83]~[0xd0]M-z[0xc7][0x85][0xd0]]3[0x90]zo[0xee]`a/[0x19]/[0x8d][0x9c][0xa7]ti[0xf9][0xca]y[0x87][0x94]i]+[0xde]<&[0xf7][0x14][0x7][0x84][0x99]f[0xcc][\r][0xc2][0x1d]_[0xc2]0[0x86][0xc9][0xc5]2[0x15]u'[0xf4][0xea][0x2]#[0x98][0x81]*[0x8d][0xf0][0xbb]*[0xb4][0xcc]#[0x7][0xb1][0xa5]|.[0xd2]M[0xf7]B:<V[0xc1][0xdd][0xc2]@[0x89][0xe1][0xfc][0xf4][0xa2][0xe8][0xcf][0x85][0xa9]g"
15:08:14.316 [main] DEBUG org.apache.http.headers -- http-outgoing-2 << HTTP/1.1 200 OK
15:08:14.316 [main] DEBUG org.apache.http.headers -- http-outgoing-2 << Date: Tue, 22 Jul 2025 18:08:29 GMT
15:08:14.316 [main] DEBUG org.apache.http.headers -- http-outgoing-2 << Content-Type: application/json
15:08:14.316 [main] DEBUG org.apache.http.headers -- http-outgoing-2 << Content-Length: 1035
15:08:14.316 [main] DEBUG org.apache.http.headers -- http-outgoing-2 << Connection: keep-alive
15:08:14.316 [main] DEBUG org.apache.http.headers -- http-outgoing-2 << Server: cloudflare
15:08:14.316 [main] DEBUG org.apache.http.headers -- http-outgoing-2 << X-Powered-By: PHP/8.1.32
15:08:14.316 [main] DEBUG org.apache.http.headers -- http-outgoing-2 << Access-Control-Allow-Origin: *
15:08:14.316 [main] DEBUG org.apache.http.headers -- http-outgoing-2 << Content-Encoding: gzip
15:08:14.316 [main] DEBUG org.apache.http.headers -- http-outgoing-2 << Via: 1.1 varnish (Varnish/6.3), 1.1 varnish (Varnish/6.3)
15:08:14.316 [main] DEBUG org.apache.http.headers -- http-outgoing-2 << Cache-Control: max-age=1800
15:08:14.316 [main] DEBUG org.apache.http.headers -- http-outgoing-2 << X-Cache-Age: 7496
15:08:14.316 [main] DEBUG org.apache.http.headers -- http-outgoing-2 << X-Cache-Hits: 560
15:08:14.316 [main] DEBUG org.apache.http.headers -- http-outgoing-2 << X-Cache: HIT
15:08:14.316 [main] DEBUG org.apache.http.headers -- http-outgoing-2 << Accept-Ranges: bytes
15:08:14.316 [main] DEBUG org.apache.http.headers -- http-outgoing-2 << Age: 0
15:08:14.316 [main] DEBUG org.apache.http.headers -- http-outgoing-2 << Vary: Accept-Encoding
15:08:14.316 [main] DEBUG org.apache.http.headers -- http-outgoing-2 << Nel: {"report_to":"cf-nel","success_fraction":0.0,"max_age":604800}
15:08:14.316 [main] DEBUG org.apache.http.headers -- http-outgoing-2 << Cf-Cache-Status: DYNAMIC
15:08:14.316 [main] DEBUG org.apache.http.headers -- http-outgoing-2 << Report-To: {"group":"cf-nel","max_age":604800,"endpoints":[{"url":"https://a.nel.cloudflare.com/report/v4?s=wk0UMtPdQheht0PKyvWklri6clcvPNabP22iikkMA6DhzkBBMKWBz5oPHr9%2FxhYJ5MCHKzdZNDRVudT09j952CI7XOWQKyg%3D"}]}
15:08:14.316 [main] DEBUG org.apache.http.headers -- http-outgoing-2 << CF-RAY: 9634e23348c4f1cb-GRU
15:08:14.316 [main] DEBUG org.apache.http.headers -- http-outgoing-2 << alt-svc: h3=":443"; ma=86400
15:08:14.316 [main] DEBUG org.apache.http.impl.execchain.MainClientExec -- Connection can be kept alive indefinitely
15:08:14.317 [main] DEBUG org.apache.http.wire -- http-outgoing-2 << "[0x83]6[0x9]e[0x81][0xd4][0xaf][0x6][0x8]d[0xed] [0xc][0x1e]D[0x2]sw[0x1e]p[0xa3]O}[0x3][0xee]s[0xf4][0xdb][0xd0]>[0xcc][0xc9][0x9]8[0x82]\[0x1a][0x1d][0x4][0xca][0x15][0x8a]f[0xe5][0xc9][0xe5]f[0xd4]Zn[0x1a][0xbd][0xc7][0x81][0xb5][0xc0]P[0xaf][0xf8][0x1d]#[0x8f][0xd5][0x18][0x88]0*[0xc6]x)*[0xfb][0xf4][0xf8][\n]"
15:08:14.317 [main] DEBUG org.apache.http.wire -- http-outgoing-2 << "[0xf1][0x10][0x6][0xe2]&[0x8c][0xd2]P[0xd9][0x9f][0xd5]A[0xe9]5d[0xe1][0xe2][0xd0]p2[0x85]q[0x3]5-[0xc2]/[0x8]\[0xd6][0x13][0xf6]{[0x92][0xcc][0xf2][0xb3]w[0xfd]N[0xc4][0xcc]<[0xf7]l/[0xe6][0xf4][0x12][0x4][0x84]M[0x82].%[0xda]Sx[0xd1]B^<d[0x94][0xf0][0xda][[0x85][0xcd][0xb])[0x8d]3T[0xc6][0x9e][0x18]~[0x85][0x3][0xe6][0xc8][0x5]9[0x90][0xae]m[0x91][0xc0][0x96][0x8d][0x86][0xbc][0xfb][0x13]{[0xa1]ReD[0x8c][0x3]a[0xd6][0x1d][0x94]wG[0x8f][0xbd][0xe5][0x1b][0xe]b[0x81][0xba]h[0xf2]5[0x9f][0xcf][0x98][0xf2][0xc8]u[0xc8]?[0xbd][0xa8][0x99]$+[0xc1]S[0xec][0xc4][0x94][0xb8])[0x2][0x8e]w[0x18][0xc4][0xd0][0x19][0xfc][0x1f][\r][0xcc][0x9f]sm[0xb0]jJ3[0x8c][d[0xf2][0xbb]t%p[0x1]+1[0xf0][0xb4][0xa3]3HR6^C[0x99][0xab]%[0xc0][0x9][0xf3][0xb3][0xc6][0x13][0x1e][0x93][0xd4]c[0xb4]xa[0xa2]x[0x9][0xb][0xa0][0xed][0xcf][0xe3]6z[0xdf][0x88][0xe8]2[0xaf]_#[0x93][0xe9]=I9[0xce]25[0xd7][0xde][0xfb]ZZ[0xc0][\r]VW[0xfb]m[[0xcb][0xce]U<[0xdb][0xba]-[0xbf][0xbe]IdmQ[0x94][0x3][0xa6]zUW[0xf9][0xea]__[0xf][0xe7]4[0xe2])[0x1b]z[0x12]BaV[0x12]h[0x1e]B[0xdd][0xab][0xb7][[0x93][0xe]f_a7[0x90]Z[0xd4]#[0xb8][0x13]$[0xcb]J[0x12][0xd7][0x86][0x90]j[0x81]=[\r][0x8]X[0x89][0xec]v~[0xf1]Ek[0xef][0x1][0x8a][0xfc][0xa6]lH[0x9b][0x1e][0xef]0[0xbc][0x91]P[0xcc]N[0x1f][0xb7]k[0x1d]s[0xbc]'[0xf7]G[0x1f][0xa5]'[0xbd][0x93][0xed][0xf5]:@[0xde][0xd2][0xaa]\[0xcb][0xd5]P[0xe3][0xe6][0xdc]y[0xb][0xbb][0xd1][0xa0]Gm[0xc3][0xdc][0x15]o[0xd7][0xcf]Rh[0xcd][0xf3][0xa7][0x8e]`.<Y\[0xb9]e[0x11]"[0xfb][0xf3][0x17][0x17]2[0x94]<\[0x9][0x0][0x0]"
15:08:14.317 [main] DEBUG org.apache.http.impl.conn.DefaultManagedHttpClientConnection -- http-outgoing-2: Close connection
15:08:14.330 [main] DEBUG org.apache.http.impl.execchain.MainClientExec -- Connection discarded
15:08:14.331 [main] DEBUG org.apache.http.impl.conn.PoolingHttpClientConnectionManager -- Connection released: [id: 2][route: {s}->https://dog.ceo:443][total available: 0; route allocated: 0 of 5; total allocated: 0 of 10]
15:08:14.331 [main] DEBUG org.apache.http.impl.conn.PoolingHttpClientConnectionManager -- Connection manager is shutting down
15:08:14.331 [main] DEBUG org.apache.http.impl.conn.PoolingHttpClientConnectionManager -- Connection manager shut down
15:08:14.331 [main] DEBUG com.intuit.karate -- response time in milliseconds: 431
1 < 200
1 < Date: Tue, 22 Jul 2025 18:08:29 GMT
1 < Content-Type: application/json
1 < Connection: keep-alive
1 < Server: cloudflare
1 < X-Powered-By: PHP/8.1.32
1 < Access-Control-Allow-Origin: *
1 < Via: 1.1 varnish (Varnish/6.3), 1.1 varnish (Varnish/6.3)
1 < Cache-Control: max-age=1800
1 < X-Cache-Age: 7496
1 < X-Cache-Hits: 560
1 < X-Cache: HIT
1 < Accept-Ranges: bytes
1 < Age: 0
1 < Vary: Accept-Encoding
1 < Nel: {"report_to":"cf-nel","success_fraction":0.0,"max_age":604800}
1 < Cf-Cache-Status: DYNAMIC
1 < Report-To: {"group":"cf-nel","max_age":604800,"endpoints":[{"url":"https://a.nel.cloudflare.com/report/v4?s=wk0UMtPdQheht0PKyvWklri6clcvPNabP22iikkMA6DhzkBBMKWBz5oPHr9%2FxhYJ5MCHKzdZNDRVudT09j952CI7XOWQKyg%3D"}]}
1 < CF-RAY: 9634e23348c4f1cb-GRU
1 < alt-svc: h3=":443"; ma=86400
{"message":{"affenpinscher":[],"african":[],"airedale":[],"akita":[],"appenzeller":[],"australian":["kelpie","shepherd"],"bakharwal":["indian"],"basenji":[],"beagle":[],"bluetick":[],"borzoi":[],"bouvier":[],"boxer":[],"brabancon":[],"briard":[],"buhund":["norwegian"],"bulldog":["boston","english","french"],"bullterrier":["staffordshire"],"cattledog":["australian"],"cavapoo":[],"chihuahua":[],"chippiparai":["indian"],"chow":[],"clumber":[],"cockapoo":[],"collie":["border"],"coonhound":[],"corgi":["cardigan"],"cotondetulear":[],"dachshund":[],"dalmatian":[],"dane":["great"],"danish":["swedish"],"deerhound":["scottish"],"dhole":[],"dingo":[],"doberman":[],"elkhound":["norwegian"],"entlebucher":[],"eskimo":[],"finnish":["lapphund"],"frise":["bichon"],"gaddi":["indian"],"germanshepherd":[],"greyhound":["indian","italian"],"groenendael":[],"havanese":[],"hound":["afghan","basset","blood","english","ibizan","plott","walker"],"husky":[],"keeshond":[],"kelpie":[],"kombai":[],"komondor":[],"kuvasz":[],"labradoodle":[],"labrador":[],"leonberg":[],"lhasa":[],"malamute":[],"malinois":[],"maltese":[],"mastiff":["bull","english","indian","tibetan"],"mexicanhairless":[],"mix":[],"mountain":["bernese","swiss"],"mudhol":["indian"],"newfoundland":[],"otterhound":[],"ovcharka":["caucasian"],"papillon":[],"pariah":["indian"],"pekinese":[],"pembroke":[],"pinscher":["miniature"],"pitbull":[],"pointer":["german","germanlonghair"],"pomeranian":[],"poodle":["medium","miniature","standard","toy"],"pug":[],"puggle":[],"pyrenees":[],"rajapalayam":["indian"],"redbone":[],"retriever":["chesapeake","curly","flatcoated","golden"],"ridgeback":["rhodesian"],"rottweiler":[],"saluki":[],"samoyed":[],"schipperke":[],"schnauzer":["giant","miniature"],"segugio":["italian"],"setter":["english","gordon","irish"],"sharpei":[],"sheepdog":["english","indian","shetland"],"shiba":[],"shihtzu":[],"spaniel":["blenheim","brittany","cocker","irish","japanese","sussex","welsh"],"spitz":["indian","japanese"],"springer":["english"],"stbernard":[],"terrier":["american","australian","bedlington","border","cairn","dandie","fox","irish","kerryblue","lakeland","norfolk","norwich","patterdale","russell","scottish","sealyham","silky","tibetan","toy","welsh","westhighland","wheaten","yorkshire"],"tervuren":[],"vizsla":[],"waterdog":["spanish"],"weimaraner":[],"whippet":[],"wolfhound":["irish"]},"status":"success"}

15:08:14.333 [main] DEBUG com.jayway.jsonpath.internal.path.CompiledPath -- Evaluating path: $['status']
15:08:14.334 [main] DEBUG com.jayway.jsonpath.internal.path.CompiledPath -- Evaluating path: $['message']
15:08:14.336 [main] DEBUG com.jayway.jsonpath.internal.path.CompiledPath -- Evaluating path: $['message']['hound']
15:08:14.337 [main] DEBUG com.jayway.jsonpath.internal.path.CompiledPath -- Evaluating path: $['message']['bulldog']
15:08:14.338 [main] DEBUG com.jayway.jsonpath.internal.path.CompiledPath -- Evaluating path: $['message']['retriever']
]]></system-out>
  </testcase>
  <testcase name="[2:14] Endpoint inválido retorna 404" classname="features/breeds_list_all" time="0.503">
    <system-out><![CDATA[15:08:14.348 [main] DEBUG org.apache.http.client.protocol.RequestAddCookies -- CookieSpec selected: karate
15:08:14.348 [main] DEBUG org.apache.http.client.protocol.RequestAuthCache -- Auth cache not set in the context
15:08:14.348 [main] DEBUG com.intuit.karate -- request:
1 > GET https://dog.ceo/api/breeds/list/invalid
1 > Host: dog.ceo
1 > Connection: Keep-Alive
1 > User-Agent: Apache-HttpClient/4.5.14 (Java/11.0.27)
1 > Accept-Encoding: gzip,deflate


15:08:14.348 [main] DEBUG org.apache.http.impl.conn.PoolingHttpClientConnectionManager -- Connection request: [route: {s}->https://dog.ceo:443][total available: 0; route allocated: 0 of 5; total allocated: 0 of 10]
15:08:14.348 [main] DEBUG org.apache.http.impl.conn.PoolingHttpClientConnectionManager -- Connection leased: [id: 3][route: {s}->https://dog.ceo:443][total available: 0; route allocated: 1 of 5; total allocated: 1 of 10]
15:08:14.349 [main] DEBUG org.apache.http.impl.execchain.MainClientExec -- Opening connection {s}->https://dog.ceo:443
15:08:14.349 [main] DEBUG org.apache.http.impl.conn.DefaultHttpClientConnectionOperator -- Connecting to dog.ceo/104.21.17.246:443
15:08:14.349 [main] DEBUG org.apache.http.conn.ssl.SSLConnectionSocketFactory -- Connecting socket to dog.ceo/104.21.17.246:443 with timeout 30000
15:08:14.363 [main] DEBUG org.apache.http.conn.ssl.SSLConnectionSocketFactory -- Enabled protocols: [TLSv1.3, TLSv1.2]
15:08:14.363 [main] DEBUG org.apache.http.conn.ssl.SSLConnectionSocketFactory -- Enabled cipher suites:[TLS_AES_256_GCM_SHA384, TLS_AES_128_GCM_SHA256, TLS_CHACHA20_POLY1305_SHA256, TLS_ECDHE_ECDSA_WITH_AES_256_GCM_SHA384, TLS_ECDHE_ECDSA_WITH_AES_128_GCM_SHA256, TLS_ECDHE_ECDSA_WITH_CHACHA20_POLY1305_SHA256, TLS_ECDHE_RSA_WITH_AES_256_GCM_SHA384, TLS_ECDHE_RSA_WITH_CHACHA20_POLY1305_SHA256, TLS_ECDHE_RSA_WITH_AES_128_GCM_SHA256, TLS_DHE_RSA_WITH_AES_256_GCM_SHA384, TLS_DHE_RSA_WITH_CHACHA20_POLY1305_SHA256, TLS_DHE_DSS_WITH_AES_256_GCM_SHA384, TLS_DHE_RSA_WITH_AES_128_GCM_SHA256, TLS_DHE_DSS_WITH_AES_128_GCM_SHA256, TLS_ECDHE_ECDSA_WITH_AES_256_CBC_SHA384, TLS_ECDHE_RSA_WITH_AES_256_CBC_SHA384, TLS_ECDHE_ECDSA_WITH_AES_128_CBC_SHA256, TLS_ECDHE_RSA_WITH_AES_128_CBC_SHA256, TLS_DHE_RSA_WITH_AES_256_CBC_SHA256, TLS_DHE_DSS_WITH_AES_256_CBC_SHA256, TLS_DHE_RSA_WITH_AES_128_CBC_SHA256, TLS_DHE_DSS_WITH_AES_128_CBC_SHA256, TLS_ECDHE_ECDSA_WITH_AES_256_CBC_SHA, TLS_ECDHE_RSA_WITH_AES_256_CBC_SHA, TLS_ECDHE_ECDSA_WITH_AES_128_CBC_SHA, TLS_ECDHE_RSA_WITH_AES_128_CBC_SHA, TLS_DHE_RSA_WITH_AES_256_CBC_SHA, TLS_DHE_DSS_WITH_AES_256_CBC_SHA, TLS_DHE_RSA_WITH_AES_128_CBC_SHA, TLS_DHE_DSS_WITH_AES_128_CBC_SHA, TLS_RSA_WITH_AES_256_GCM_SHA384, TLS_RSA_WITH_AES_128_GCM_SHA256, TLS_RSA_WITH_AES_256_CBC_SHA256, TLS_RSA_WITH_AES_128_CBC_SHA256, TLS_RSA_WITH_AES_256_CBC_SHA, TLS_RSA_WITH_AES_128_CBC_SHA, TLS_EMPTY_RENEGOTIATION_INFO_SCSV]
15:08:14.363 [main] DEBUG org.apache.http.conn.ssl.SSLConnectionSocketFactory -- Starting handshake
15:08:14.385 [main] DEBUG org.apache.http.conn.ssl.SSLConnectionSocketFactory -- Secure session established
15:08:14.385 [main] DEBUG org.apache.http.conn.ssl.SSLConnectionSocketFactory --  negotiated protocol: TLSv1.3
15:08:14.385 [main] DEBUG org.apache.http.conn.ssl.SSLConnectionSocketFactory --  negotiated cipher suite: TLS_AES_256_GCM_SHA384
15:08:14.385 [main] DEBUG org.apache.http.conn.ssl.SSLConnectionSocketFactory --  peer principal: CN=dog.ceo
15:08:14.385 [main] DEBUG org.apache.http.conn.ssl.SSLConnectionSocketFactory --  peer alternative names: [dog.ceo, *.dog.ceo]
15:08:14.385 [main] DEBUG org.apache.http.conn.ssl.SSLConnectionSocketFactory --  issuer principal: CN=WE1, O=Google Trust Services, C=US
15:08:14.385 [main] DEBUG org.apache.http.impl.conn.DefaultHttpClientConnectionOperator -- Connection established 192.168.0.105:65288<->104.21.17.246:443
15:08:14.386 [main] DEBUG org.apache.http.impl.conn.DefaultManagedHttpClientConnection -- http-outgoing-3: set socket timeout to 30000
15:08:14.386 [main] DEBUG org.apache.http.impl.execchain.MainClientExec -- Executing request GET /api/breeds/list/invalid HTTP/1.1
15:08:14.386 [main] DEBUG org.apache.http.impl.execchain.MainClientExec -- Target auth state: UNCHALLENGED
15:08:14.386 [main] DEBUG org.apache.http.impl.execchain.MainClientExec -- Proxy auth state: UNCHALLENGED
15:08:14.386 [main] DEBUG org.apache.http.headers -- http-outgoing-3 >> GET /api/breeds/list/invalid HTTP/1.1
15:08:14.386 [main] DEBUG org.apache.http.headers -- http-outgoing-3 >> Host: dog.ceo
15:08:14.386 [main] DEBUG org.apache.http.headers -- http-outgoing-3 >> Connection: Keep-Alive
15:08:14.386 [main] DEBUG org.apache.http.headers -- http-outgoing-3 >> User-Agent: Apache-HttpClient/4.5.14 (Java/11.0.27)
15:08:14.386 [main] DEBUG org.apache.http.headers -- http-outgoing-3 >> Accept-Encoding: gzip,deflate
15:08:14.386 [main] DEBUG org.apache.http.wire -- http-outgoing-3 >> "GET /api/breeds/list/invalid HTTP/1.1[\r][\n]"
15:08:14.386 [main] DEBUG org.apache.http.wire -- http-outgoing-3 >> "Host: dog.ceo[\r][\n]"
15:08:14.386 [main] DEBUG org.apache.http.wire -- http-outgoing-3 >> "Connection: Keep-Alive[\r][\n]"
15:08:14.386 [main] DEBUG org.apache.http.wire -- http-outgoing-3 >> "User-Agent: Apache-HttpClient/4.5.14 (Java/11.0.27)[\r][\n]"
15:08:14.386 [main] DEBUG org.apache.http.wire -- http-outgoing-3 >> "Accept-Encoding: gzip,deflate[\r][\n]"
15:08:14.386 [main] DEBUG org.apache.http.wire -- http-outgoing-3 >> "[\r][\n]"
15:08:14.783 [main] DEBUG org.apache.http.wire -- http-outgoing-3 << "HTTP/1.1 404 Not Found[\r][\n]"
15:08:14.783 [main] DEBUG org.apache.http.wire -- http-outgoing-3 << "Date: Tue, 22 Jul 2025 18:08:29 GMT[\r][\n]"
15:08:14.783 [main] DEBUG org.apache.http.wire -- http-outgoing-3 << "Content-Type: application/json[\r][\n]"
15:08:14.783 [main] DEBUG org.apache.http.wire -- http-outgoing-3 << "Transfer-Encoding: chunked[\r][\n]"
15:08:14.783 [main] DEBUG org.apache.http.wire -- http-outgoing-3 << "Connection: keep-alive[\r][\n]"
15:08:14.783 [main] DEBUG org.apache.http.wire -- http-outgoing-3 << "Server: cloudflare[\r][\n]"
15:08:14.783 [main] DEBUG org.apache.http.wire -- http-outgoing-3 << "X-Powered-By: PHP/8.1.32[\r][\n]"
15:08:14.783 [main] DEBUG org.apache.http.wire -- http-outgoing-3 << "Cache-Control: no-cache, private[\r][\n]"
15:08:14.783 [main] DEBUG org.apache.http.wire -- http-outgoing-3 << "Access-Control-Allow-Origin: *[\r][\n]"
15:08:14.783 [main] DEBUG org.apache.http.wire -- http-outgoing-3 << "Via: 1.1 varnish (Varnish/6.3), 1.1 varnish (Varnish/6.3)[\r][\n]"
15:08:14.783 [main] DEBUG org.apache.http.wire -- http-outgoing-3 << "X-Cache-Hits: 0[\r][\n]"
15:08:14.783 [main] DEBUG org.apache.http.wire -- http-outgoing-3 << "X-Cache: MISS[\r][\n]"
15:08:14.783 [main] DEBUG org.apache.http.wire -- http-outgoing-3 << "Age: 0[\r][\n]"
15:08:14.783 [main] DEBUG org.apache.http.wire -- http-outgoing-3 << "Vary: [\r][\n]"
15:08:14.783 [main] DEBUG org.apache.http.wire -- http-outgoing-3 << "Nel: {"report_to":"cf-nel","success_fraction":0.0,"max_age":604800}[\r][\n]"
15:08:14.783 [main] DEBUG org.apache.http.wire -- http-outgoing-3 << "Cf-Cache-Status: DYNAMIC[\r][\n]"
15:08:14.783 [main] DEBUG org.apache.http.wire -- http-outgoing-3 << "Report-To: {"group":"cf-nel","max_age":604800,"endpoints":[{"url":"https://a.nel.cloudflare.com/report/v4?s=AsKG%2FOqTSiTP91iLidROzHxVaOhh2VNq3Qm8%2BRY%2B6dMOEKCCqC6Oph5d2T63rBc38Z4J7Z%2BdbKbAMmrCvBqRmuGFac1D"}]}[\r][\n]"
15:08:14.783 [main] DEBUG org.apache.http.wire -- http-outgoing-3 << "Content-Encoding: gzip[\r][\n]"
15:08:14.783 [main] DEBUG org.apache.http.wire -- http-outgoing-3 << "CF-RAY: 9634e236293b03e5-GRU[\r][\n]"
15:08:14.783 [main] DEBUG org.apache.http.wire -- http-outgoing-3 << "alt-svc: h3=":443"; ma=86400[\r][\n]"
15:08:14.783 [main] DEBUG org.apache.http.wire -- http-outgoing-3 << "[\r][\n]"
15:08:14.783 [main] DEBUG org.apache.http.wire -- http-outgoing-3 << "81[\r][\n]"
15:08:14.783 [main] DEBUG org.apache.http.wire -- http-outgoing-3 << "[0x1f][0x8b][0x8][0x0][0x0][0x0][0x0][0x0][0x0][0xff][0x15][0x8d]1[0xe][0xc2]0[0xc][0x0][0xbf]byF[0xb8]C[0xa7][0xec][0x88][0x8d][0x89][0xd1]KhL[0x1b][0xa9][0xd4][0x95][0xed][0xc0][0x80][0xf8];[0xe9]r:[0xdd]r_[0xf4][0xc8][0xd1][0x1c][0x13][0x8a][0x99][0x1a][0x9e][0xf0]%[0xee]y[0x96]^n[\n]"
15:08:14.783 [main] DEBUG org.apache.http.wire -- http-outgoing-3 << "[0xa6]-[0x4][0x9e][0xda][0xb6][0xd2]i[0xc0]x[0xbd][0xdc]a[0x89][0xd8][0x13][0x13]S[0xd1][0xf9]<[0x89]2[0xe5][0xbd]2=L[0xa4]8[0xd3]Z=[0x98][0xea][0xf6][0xce]k-[0x8c][0xf0][0xa9][0xb1][0xc0][0xa4]E[0x12][0xc]}p[0x18][0xa6]q[0x18]v)[0xe4]A~[0x0][0x0][0x0][\r][\n]"
15:08:14.783 [main] DEBUG org.apache.http.headers -- http-outgoing-3 << HTTP/1.1 404 Not Found
15:08:14.783 [main] DEBUG org.apache.http.headers -- http-outgoing-3 << Date: Tue, 22 Jul 2025 18:08:29 GMT
15:08:14.783 [main] DEBUG org.apache.http.headers -- http-outgoing-3 << Content-Type: application/json
15:08:14.783 [main] DEBUG org.apache.http.headers -- http-outgoing-3 << Transfer-Encoding: chunked
15:08:14.783 [main] DEBUG org.apache.http.headers -- http-outgoing-3 << Connection: keep-alive
15:08:14.783 [main] DEBUG org.apache.http.headers -- http-outgoing-3 << Server: cloudflare
15:08:14.783 [main] DEBUG org.apache.http.headers -- http-outgoing-3 << X-Powered-By: PHP/8.1.32
15:08:14.783 [main] DEBUG org.apache.http.headers -- http-outgoing-3 << Cache-Control: no-cache, private
15:08:14.783 [main] DEBUG org.apache.http.headers -- http-outgoing-3 << Access-Control-Allow-Origin: *
15:08:14.783 [main] DEBUG org.apache.http.headers -- http-outgoing-3 << Via: 1.1 varnish (Varnish/6.3), 1.1 varnish (Varnish/6.3)
15:08:14.783 [main] DEBUG org.apache.http.headers -- http-outgoing-3 << X-Cache-Hits: 0
15:08:14.783 [main] DEBUG org.apache.http.headers -- http-outgoing-3 << X-Cache: MISS
15:08:14.783 [main] DEBUG org.apache.http.headers -- http-outgoing-3 << Age: 0
15:08:14.783 [main] DEBUG org.apache.http.headers -- http-outgoing-3 << Vary: 
15:08:14.783 [main] DEBUG org.apache.http.headers -- http-outgoing-3 << Nel: {"report_to":"cf-nel","success_fraction":0.0,"max_age":604800}
15:08:14.783 [main] DEBUG org.apache.http.headers -- http-outgoing-3 << Cf-Cache-Status: DYNAMIC
15:08:14.783 [main] DEBUG org.apache.http.headers -- http-outgoing-3 << Report-To: {"group":"cf-nel","max_age":604800,"endpoints":[{"url":"https://a.nel.cloudflare.com/report/v4?s=AsKG%2FOqTSiTP91iLidROzHxVaOhh2VNq3Qm8%2BRY%2B6dMOEKCCqC6Oph5d2T63rBc38Z4J7Z%2BdbKbAMmrCvBqRmuGFac1D"}]}
15:08:14.783 [main] DEBUG org.apache.http.headers -- http-outgoing-3 << Content-Encoding: gzip
15:08:14.784 [main] DEBUG org.apache.http.headers -- http-outgoing-3 << CF-RAY: 9634e236293b03e5-GRU
15:08:14.784 [main] DEBUG org.apache.http.headers -- http-outgoing-3 << alt-svc: h3=":443"; ma=86400
15:08:14.784 [main] DEBUG org.apache.http.impl.execchain.MainClientExec -- Connection can be kept alive indefinitely
15:08:14.784 [main] DEBUG org.apache.http.impl.conn.DefaultManagedHttpClientConnection -- http-outgoing-3: Close connection
15:08:14.784 [main] DEBUG org.apache.http.impl.execchain.MainClientExec -- Connection discarded
15:08:14.784 [main] DEBUG org.apache.http.impl.conn.PoolingHttpClientConnectionManager -- Connection released: [id: 3][route: {s}->https://dog.ceo:443][total available: 0; route allocated: 0 of 5; total allocated: 0 of 10]
15:08:14.784 [main] DEBUG org.apache.http.impl.conn.PoolingHttpClientConnectionManager -- Connection manager is shutting down
15:08:14.784 [main] DEBUG org.apache.http.impl.conn.PoolingHttpClientConnectionManager -- Connection manager shut down
15:08:14.784 [main] DEBUG com.intuit.karate -- response time in milliseconds: 436
1 < 404
1 < Date: Tue, 22 Jul 2025 18:08:29 GMT
1 < Content-Type: application/json
1 < Transfer-Encoding: chunked
1 < Connection: keep-alive
1 < Server: cloudflare
1 < X-Powered-By: PHP/8.1.32
1 < Cache-Control: no-cache, private
1 < Access-Control-Allow-Origin: *
1 < Via: 1.1 varnish (Varnish/6.3), 1.1 varnish (Varnish/6.3)
1 < X-Cache-Hits: 0
1 < X-Cache: MISS
1 < Age: 0
1 < Vary: 
1 < Nel: {"report_to":"cf-nel","success_fraction":0.0,"max_age":604800}
1 < Cf-Cache-Status: DYNAMIC
1 < Report-To: {"group":"cf-nel","max_age":604800,"endpoints":[{"url":"https://a.nel.cloudflare.com/report/v4?s=AsKG%2FOqTSiTP91iLidROzHxVaOhh2VNq3Qm8%2BRY%2B6dMOEKCCqC6Oph5d2T63rBc38Z4J7Z%2BdbKbAMmrCvBqRmuGFac1D"}]}
1 < CF-RAY: 9634e236293b03e5-GRU
1 < alt-svc: h3=":443"; ma=86400
{"status":"error","message":"No route found for \"GET http:\/\/dog.ceo\/api\/breeds\/list\/invalid\" with code: 0","code":404}

15:08:14.790 [main] DEBUG org.thymeleaf.TemplateEngine -- [THYMELEAF] INITIALIZING TEMPLATE ENGINE
15:08:14.800 [main] DEBUG org.thymeleaf.TemplateEngine.CONFIG -- Initializing Thymeleaf Template engine configuration...
[THYMELEAF] TEMPLATE ENGINE CONFIGURATION:
[THYMELEAF] * Thymeleaf version: 3.1.2.RELEASE (built 2023-07-30T19:25:50+0000)
[THYMELEAF] * Cache Manager implementation: org.thymeleaf.cache.StandardCacheManager
[THYMELEAF] * Template resolvers:
[THYMELEAF]     * [1] com.intuit.karate.template.ResourceHtmlTemplateResolver
[THYMELEAF] * Message resolvers:
[THYMELEAF]     * org.thymeleaf.messageresolver.StandardMessageResolver
[THYMELEAF] * Link builders:
[THYMELEAF]     * org.thymeleaf.linkbuilder.StandardLinkBuilder
[THYMELEAF] * Dialect [1 of 2]: Standard (com.intuit.karate.template.KarateStandardDialect)
[THYMELEAF]     * Prefix: "th"
[THYMELEAF]     * Processors for Template Mode: HTML
[THYMELEAF]         * Element Tag Processors by [matching element and attribute name] [precedence]:
[THYMELEAF]             * [* {th:include,data-th-include}] [100]: org.thymeleaf.standard.processor.StandardIncludeTagProcessor
[THYMELEAF]             * [* {th:insert,data-th-insert}] [100]: org.thymeleaf.standard.processor.StandardInsertTagProcessor
[THYMELEAF]             * [* {th:replace,data-th-replace}] [100]: org.thymeleaf.standard.processor.StandardReplaceTagProcessor
[THYMELEAF]             * [* {th:each,data-th-each}] [200]: com.intuit.karate.template.KarateEachTagProcessor
[THYMELEAF]             * [* {th:switch,data-th-switch}] [250]: org.thymeleaf.standard.processor.StandardSwitchTagProcessor
[THYMELEAF]             * [* {th:case,data-th-case}] [275]: org.thymeleaf.standard.processor.StandardCaseTagProcessor
[THYMELEAF]             * [* {th:if,data-th-if}] [300]: org.thymeleaf.standard.processor.StandardIfTagProcessor
[THYMELEAF]             * [* {th:unless,data-th-unless}] [400]: org.thymeleaf.standard.processor.StandardUnlessTagProcessor
[THYMELEAF]             * [* {th:object,data-th-object}] [500]: org.thymeleaf.standard.processor.StandardObjectTagProcessor
[THYMELEAF]             * [* {th:with,data-th-with}] [600]: com.intuit.karate.template.KarateWithTagProcessor
[THYMELEAF]             * [* {th:attr,data-th-attr}] [700]: com.intuit.karate.template.KarateAttributeTagProcessor.KarateAttrTagProcessor
[THYMELEAF]             * [* {th:attrappend,data-th-attrappend}] [900]: com.intuit.karate.template.KarateAttributeTagProcessor.KarateAttrappendTagProcessor
[THYMELEAF]             * [* {th:attrprepend,data-th-attrprepend}] [900]: com.intuit.karate.template.KarateAttributeTagProcessor.KarateAttrprependTagProcessor
[THYMELEAF]             * [* {th:alt-title,data-th-alt-title}] [990]: org.thymeleaf.standard.processor.StandardAltTitleTagProcessor
[THYMELEAF]             * [* {th:lang-xmllang,data-th-lang-xmllang}] [990]: org.thymeleaf.standard.processor.StandardLangXmlLangTagProcessor
[THYMELEAF]             * [* {th:action,data-th-action}] [1000]: org.thymeleaf.standard.processor.StandardActionTagProcessor
[THYMELEAF]             * [* {th:autofocus,data-th-autofocus}] [1000]: org.thymeleaf.standard.processor.StandardConditionalFixedValueTagProcessor
[THYMELEAF]             * [* {th:checked,data-th-checked}] [1000]: org.thymeleaf.standard.processor.StandardConditionalFixedValueTagProcessor
[THYMELEAF]             * [* {th:scoped,data-th-scoped}] [1000]: org.thymeleaf.standard.processor.StandardConditionalFixedValueTagProcessor
[THYMELEAF]             * [* {th:default,data-th-default}] [1000]: org.thymeleaf.standard.processor.StandardConditionalFixedValueTagProcessor
[THYMELEAF]             * [* {th:declare,data-th-declare}] [1000]: org.thymeleaf.standard.processor.StandardConditionalFixedValueTagProcessor
[THYMELEAF]             * [* {th:pubdate,data-th-pubdate}] [1000]: org.thymeleaf.standard.processor.StandardConditionalFixedValueTagProcessor
[THYMELEAF]             * [* {th:multiple,data-th-multiple}] [1000]: org.thymeleaf.standard.processor.StandardConditionalFixedValueTagProcessor
[THYMELEAF]             * [* {th:nowrap,data-th-nowrap}] [1000]: org.thymeleaf.standard.processor.StandardConditionalFixedValueTagProcessor
[THYMELEAF]             * [* {th:reversed,data-th-reversed}] [1000]: org.thymeleaf.standard.processor.StandardConditionalFixedValueTagProcessor
[THYMELEAF]             * [* {th:ismap,data-th-ismap}] [1000]: org.thymeleaf.standard.processor.StandardConditionalFixedValueTagProcessor
[THYMELEAF]             * [* {th:readonly,data-th-readonly}] [1000]: org.thymeleaf.standard.processor.StandardConditionalFixedValueTagProcessor
[THYMELEAF]             * [* {th:defer,data-th-defer}] [1000]: org.thymeleaf.standard.processor.StandardConditionalFixedValueTagProcessor
[THYMELEAF]             * [* {th:async,data-th-async}] [1000]: org.thymeleaf.standard.processor.StandardConditionalFixedValueTagProcessor
[THYMELEAF]             * [* {th:open,data-th-open}] [1000]: org.thymeleaf.standard.processor.StandardConditionalFixedValueTagProcessor
[THYMELEAF]             * [* {th:seamless,data-th-seamless}] [1000]: org.thymeleaf.standard.processor.StandardConditionalFixedValueTagProcessor
[THYMELEAF]             * [* {th:disabled,data-th-disabled}] [1000]: org.thymeleaf.standard.processor.StandardConditionalFixedValueTagProcessor
[THYMELEAF]             * [* {th:autoplay,data-th-autoplay}] [1000]: org.thymeleaf.standard.processor.StandardConditionalFixedValueTagProcessor
[THYMELEAF]             * [* {th:hidden,data-th-hidden}] [1000]: org.thymeleaf.standard.processor.StandardConditionalFixedValueTagProcessor
[THYMELEAF]             * [* {th:required,data-th-required}] [1000]: org.thymeleaf.standard.processor.StandardConditionalFixedValueTagProcessor
[THYMELEAF]             * [* {th:controls,data-th-controls}] [1000]: org.thymeleaf.standard.processor.StandardConditionalFixedValueTagProcessor
[THYMELEAF]             * [* {th:selected,data-th-selected}] [1000]: org.thymeleaf.standard.processor.StandardConditionalFixedValueTagProcessor
[THYMELEAF]             * [* {th:formnovalidate,data-th-formnovalidate}] [1000]: org.thymeleaf.standard.processor.StandardConditionalFixedValueTagProcessor
[THYMELEAF]             * [* {th:loop,data-th-loop}] [1000]: org.thymeleaf.standard.processor.StandardConditionalFixedValueTagProcessor
[THYMELEAF]             * [* {th:novalidate,data-th-novalidate}] [1000]: org.thymeleaf.standard.processor.StandardConditionalFixedValueTagProcessor
[THYMELEAF]             * [* {th:onkeyup,data-th-onkeyup}] [1000]: org.thymeleaf.standard.processor.StandardDOMEventAttributeTagProcessor
[THYMELEAF]             * [* {th:onoffline,data-th-onoffline}] [1000]: org.thymeleaf.standard.processor.StandardDOMEventAttributeTagProcessor
[THYMELEAF]             * [* {th:ondurationchange,data-th-ondurationchange}] [1000]: org.thymeleaf.standard.processor.StandardDOMEventAttributeTagProcessor
[THYMELEAF]             * [* {th:oncanplay,data-th-oncanplay}] [1000]: org.thymeleaf.standard.processor.StandardDOMEventAttributeTagProcessor
[THYMELEAF]             * [* {th:oncanplaythrough,data-th-oncanplaythrough}] [1000]: org.thymeleaf.standard.processor.StandardDOMEventAttributeTagProcessor
[THYMELEAF]             * [* {th:onplaying,data-th-onplaying}] [1000]: org.thymeleaf.standard.processor.StandardDOMEventAttributeTagProcessor
[THYMELEAF]             * [* {th:onmousemove,data-th-onmousemove}] [1000]: org.thymeleaf.standard.processor.StandardDOMEventAttributeTagProcessor
[THYMELEAF]             * [* {th:onabort,data-th-onabort}] [1000]: org.thymeleaf.standard.processor.StandardDOMEventAttributeTagProcessor
[THYMELEAF]             * [* {th:onshow,data-th-onshow}] [1000]: org.thymeleaf.standard.processor.StandardDOMEventAttributeTagProcessor
[THYMELEAF]             * [* {th:onsuspend,data-th-onsuspend}] [1000]: org.thymeleaf.standard.processor.StandardDOMEventAttributeTagProcessor
[THYMELEAF]             * [* {th:onloadstart,data-th-onloadstart}] [1000]: org.thymeleaf.standard.processor.StandardDOMEventAttributeTagProcessor
[THYMELEAF]             * [* {th:onblur,data-th-onblur}] [1000]: org.thymeleaf.standard.processor.StandardDOMEventAttributeTagProcessor
[THYMELEAF]             * [* {th:onload,data-th-onload}] [1000]: org.thymeleaf.standard.processor.StandardDOMEventAttributeTagProcessor
[THYMELEAF]             * [* {th:onpause,data-th-onpause}] [1000]: org.thymeleaf.standard.processor.StandardDOMEventAttributeTagProcessor
[THYMELEAF]             * [* {th:onundo,data-th-onundo}] [1000]: org.thymeleaf.standard.processor.StandardDOMEventAttributeTagProcessor
[THYMELEAF]             * [* {th:onunload,data-th-onunload}] [1000]: org.thymeleaf.standard.processor.StandardDOMEventAttributeTagProcessor
[THYMELEAF]             * [* {th:onscroll,data-th-onscroll}] [1000]: org.thymeleaf.standard.processor.StandardDOMEventAttributeTagProcessor
[THYMELEAF]             * [* {th:onended,data-th-onended}] [1000]: org.thymeleaf.standard.processor.StandardDOMEventAttributeTagProcessor
[THYMELEAF]             * [* {th:ondragenter,data-th-ondragenter}] [1000]: org.thymeleaf.standard.processor.StandardDOMEventAttributeTagProcessor
[THYMELEAF]             * [* {th:onhashchange,data-th-onhashchange}] [1000]: org.thymeleaf.standard.processor.StandardDOMEventAttributeTagProcessor
[THYMELEAF]             * [* {th:ondblclick,data-th-ondblclick}] [1000]: org.thymeleaf.standard.processor.StandardDOMEventAttributeTagProcessor
[THYMELEAF]             * [* {th:onchange,data-th-onchange}] [1000]: org.thymeleaf.standard.processor.StandardDOMEventAttributeTagProcessor
[THYMELEAF]             * [* {th:onreset,data-th-onreset}] [1000]: org.thymeleaf.standard.processor.StandardDOMEventAttributeTagProcessor
[THYMELEAF]             * [* {th:oninvalid,data-th-oninvalid}] [1000]: org.thymeleaf.standard.processor.StandardDOMEventAttributeTagProcessor
[THYMELEAF]             * [* {th:onformchange,data-th-onformchange}] [1000]: org.thymeleaf.standard.processor.StandardDOMEventAttributeTagProcessor
[THYMELEAF]             * [* {th:onforminput,data-th-onforminput}] [1000]: org.thymeleaf.standard.processor.StandardDOMEventAttributeTagProcessor
[THYMELEAF]             * [* {th:onresize,data-th-onresize}] [1000]: org.thymeleaf.standard.processor.StandardDOMEventAttributeTagProcessor
[THYMELEAF]             * [* {th:onbeforeunload,data-th-onbeforeunload}] [1000]: org.thymeleaf.standard.processor.StandardDOMEventAttributeTagProcessor
[THYMELEAF]             * [* {th:ondragstart,data-th-ondragstart}] [1000]: org.thymeleaf.standard.processor.StandardDOMEventAttributeTagProcessor
[THYMELEAF]             * [* {th:onredo,data-th-onredo}] [1000]: org.thymeleaf.standard.processor.StandardDOMEventAttributeTagProcessor
[THYMELEAF]             * [* {th:onvolumechange,data-th-onvolumechange}] [1000]: org.thymeleaf.standard.processor.StandardDOMEventAttributeTagProcessor
[THYMELEAF]             * [* {th:onprogress,data-th-onprogress}] [1000]: org.thymeleaf.standard.processor.StandardDOMEventAttributeTagProcessor
[THYMELEAF]             * [* {th:onplay,data-th-onplay}] [1000]: org.thymeleaf.standard.processor.StandardDOMEventAttributeTagProcessor
[THYMELEAF]             * [* {th:onmouseout,data-th-onmouseout}] [1000]: org.thymeleaf.standard.processor.StandardDOMEventAttributeTagProcessor
[THYMELEAF]             * [* {th:onratechange,data-th-onratechange}] [1000]: org.thymeleaf.standard.processor.StandardDOMEventAttributeTagProcessor
[THYMELEAF]             * [* {th:onreadystatechange,data-th-onreadystatechange}] [1000]: org.thymeleaf.standard.processor.StandardDOMEventAttributeTagProcessor
[THYMELEAF]             * [* {th:ontimeupdate,data-th-ontimeupdate}] [1000]: org.thymeleaf.standard.processor.StandardDOMEventAttributeTagProcessor
[THYMELEAF]             * [* {th:onselect,data-th-onselect}] [1000]: org.thymeleaf.standard.processor.StandardDOMEventAttributeTagProcessor
[THYMELEAF]             * [* {th:onmouseover,data-th-onmouseover}] [1000]: org.thymeleaf.standard.processor.StandardDOMEventAttributeTagProcessor
[THYMELEAF]             * [* {th:oncontextmenu,data-th-oncontextmenu}] [1000]: org.thymeleaf.standard.processor.StandardDOMEventAttributeTagProcessor
[THYMELEAF]             * [* {th:onmouseup,data-th-onmouseup}] [1000]: org.thymeleaf.standard.processor.StandardDOMEventAttributeTagProcessor
[THYMELEAF]             * [* {th:onmousedown,data-th-onmousedown}] [1000]: org.thymeleaf.standard.processor.StandardDOMEventAttributeTagProcessor
[THYMELEAF]             * [* {th:onseeking,data-th-onseeking}] [1000]: org.thymeleaf.standard.processor.StandardDOMEventAttributeTagProcessor
[THYMELEAF]             * [* {th:onfocus,data-th-onfocus}] [1000]: org.thymeleaf.standard.processor.StandardDOMEventAttributeTagProcessor
[THYMELEAF]             * [* {th:ononline,data-th-ononline}] [1000]: org.thymeleaf.standard.processor.StandardDOMEventAttributeTagProcessor
[THYMELEAF]             * [* {th:ondragleave,data-th-ondragleave}] [1000]: org.thymeleaf.standard.processor.StandardDOMEventAttributeTagProcessor
[THYMELEAF]             * [* {th:onafterprint,data-th-onafterprint}] [1000]: org.thymeleaf.standard.processor.StandardDOMEventAttributeTagProcessor
[THYMELEAF]             * [* {th:onemptied,data-th-onemptied}] [1000]: org.thymeleaf.standard.processor.StandardDOMEventAttributeTagProcessor
[THYMELEAF]             * [* {th:onseeked,data-th-onseeked}] [1000]: org.thymeleaf.standard.processor.StandardDOMEventAttributeTagProcessor
[THYMELEAF]             * [* {th:onclick,data-th-onclick}] [1000]: org.thymeleaf.standard.processor.StandardDOMEventAttributeTagProcessor
[THYMELEAF]             * [* {th:oninput,data-th-oninput}] [1000]: org.thymeleaf.standard.processor.StandardDOMEventAttributeTagProcessor
[THYMELEAF]             * [* {th:ondragover,data-th-ondragover}] [1000]: org.thymeleaf.standard.processor.StandardDOMEventAttributeTagProcessor
[THYMELEAF]             * [* {th:onwaiting,data-th-onwaiting}] [1000]: org.thymeleaf.standard.processor.StandardDOMEventAttributeTagProcessor
[THYMELEAF]             * [* {th:onloadedmetadata,data-th-onloadedmetadata}] [1000]: org.thymeleaf.standard.processor.StandardDOMEventAttributeTagProcessor
[THYMELEAF]             * [* {th:onstorage,data-th-onstorage}] [1000]: org.thymeleaf.standard.processor.StandardDOMEventAttributeTagProcessor
[THYMELEAF]             * [* {th:onstalled,data-th-onstalled}] [1000]: org.thymeleaf.standard.processor.StandardDOMEventAttributeTagProcessor
[THYMELEAF]             * [* {th:onmousewheel,data-th-onmousewheel}] [1000]: org.thymeleaf.standard.processor.StandardDOMEventAttributeTagProcessor
[THYMELEAF]             * [* {th:onkeypress,data-th-onkeypress}] [1000]: org.thymeleaf.standard.processor.StandardDOMEventAttributeTagProcessor
[THYMELEAF]             * [* {th:onmessage,data-th-onmessage}] [1000]: org.thymeleaf.standard.processor.StandardDOMEventAttributeTagProcessor
[THYMELEAF]             * [* {th:ondragend,data-th-ondragend}] [1000]: org.thymeleaf.standard.processor.StandardDOMEventAttributeTagProcessor
[THYMELEAF]             * [* {th:onbeforeprint,data-th-onbeforeprint}] [1000]: org.thymeleaf.standard.processor.StandardDOMEventAttributeTagProcessor
[THYMELEAF]             * [* {th:onerror,data-th-onerror}] [1000]: org.thymeleaf.standard.processor.StandardDOMEventAttributeTagProcessor
[THYMELEAF]             * [* {th:onsubmit,data-th-onsubmit}] [1000]: org.thymeleaf.standard.processor.StandardDOMEventAttributeTagProcessor
[THYMELEAF]             * [* {th:onloadeddata,data-th-onloadeddata}] [1000]: org.thymeleaf.standard.processor.StandardDOMEventAttributeTagProcessor
[THYMELEAF]             * [* {th:onkeydown,data-th-onkeydown}] [1000]: org.thymeleaf.standard.processor.StandardDOMEventAttributeTagProcessor
[THYMELEAF]             * [* {th:ondrop,data-th-ondrop}] [1000]: org.thymeleaf.standard.processor.StandardDOMEventAttributeTagProcessor
[THYMELEAF]             * [* {th:ondrag,data-th-ondrag}] [1000]: org.thymeleaf.standard.processor.StandardDOMEventAttributeTagProcessor
[THYMELEAF]             * [* {th:onpopstate,data-th-onpopstate}] [1000]: org.thymeleaf.standard.processor.StandardDOMEventAttributeTagProcessor
[THYMELEAF]             * [* {th:href,data-th-href}] [1000]: org.thymeleaf.standard.processor.StandardHrefTagProcessor
[THYMELEAF]             * [* {th:inline,data-th-inline}] [1000]: org.thymeleaf.standard.processor.StandardInlineHTMLTagProcessor
[THYMELEAF]             * [* {th:method,data-th-method}] [1000]: org.thymeleaf.standard.processor.StandardMethodTagProcessor
[THYMELEAF]             * [* {th:name,data-th-name}] [1000]: org.thymeleaf.standard.processor.StandardNonRemovableAttributeTagProcessor
[THYMELEAF]             * [* {th:type,data-th-type}] [1000]: org.thymeleaf.standard.processor.StandardNonRemovableAttributeTagProcessor
[THYMELEAF]             * [* {th:abbr,data-th-abbr}] [1000]: org.thymeleaf.standard.processor.StandardRemovableAttributeTagProcessor
[THYMELEAF]             * [* {th:align,data-th-align}] [1000]: org.thymeleaf.standard.processor.StandardRemovableAttributeTagProcessor
[THYMELEAF]             * [* {th:content,data-th-content}] [1000]: org.thymeleaf.standard.processor.StandardRemovableAttributeTagProcessor
[THYMELEAF]             * [* {th:lang,data-th-lang}] [1000]: org.thymeleaf.standard.processor.StandardRemovableAttributeTagProcessor
[THYMELEAF]             * [* {th:target,data-th-target}] [1000]: org.thymeleaf.standard.processor.StandardRemovableAttributeTagProcessor
[THYMELEAF]             * [* {th:high,data-th-high}] [1000]: org.thymeleaf.standard.processor.StandardRemovableAttributeTagProcessor
[THYMELEAF]             * [* {th:scheme,data-th-scheme}] [1000]: org.thymeleaf.standard.processor.StandardRemovableAttributeTagProcessor
[THYMELEAF]             * [* {th:placeholder,data-th-placeholder}] [1000]: org.thymeleaf.standard.processor.StandardRemovableAttributeTagProcessor
[THYMELEAF]             * [* {th:class,data-th-class}] [1000]: org.thymeleaf.standard.processor.StandardRemovableAttributeTagProcessor
[THYMELEAF]             * [* {th:min,data-th-min}] [1000]: org.thymeleaf.standard.processor.StandardRemovableAttributeTagProcessor
[THYMELEAF]             * [* {th:audio,data-th-audio}] [1000]: org.thymeleaf.standard.processor.StandardRemovableAttributeTagProcessor
[THYMELEAF]             * [* {th:sizes,data-th-sizes}] [1000]: org.thymeleaf.standard.processor.StandardRemovableAttributeTagProcessor
[THYMELEAF]             * [* {th:width,data-th-width}] [1000]: org.thymeleaf.standard.processor.StandardRemovableAttributeTagProcessor
[THYMELEAF]             * [* {th:frameborder,data-th-frameborder}] [1000]: org.thymeleaf.standard.processor.StandardRemovableAttributeTagProcessor
[THYMELEAF]             * [* {th:srclang,data-th-srclang}] [1000]: org.thymeleaf.standard.processor.StandardRemovableAttributeTagProcessor
[THYMELEAF]             * [* {th:sandbox,data-th-sandbox}] [1000]: org.thymeleaf.standard.processor.StandardRemovableAttributeTagProcessor
[THYMELEAF]             * [* {th:spellcheck,data-th-spellcheck}] [1000]: org.thymeleaf.standard.processor.StandardRemovableAttributeTagProcessor
[THYMELEAF]             * [* {th:marginwidth,data-th-marginwidth}] [1000]: org.thymeleaf.standard.processor.StandardRemovableAttributeTagProcessor
[THYMELEAF]             * [* {th:rows,data-th-rows}] [1000]: org.thymeleaf.standard.processor.StandardRemovableAttributeTagProcessor
[THYMELEAF]             * [* {th:label,data-th-label}] [1000]: org.thymeleaf.standard.processor.StandardRemovableAttributeTagProcessor
[THYMELEAF]             * [* {th:height,data-th-height}] [1000]: org.thymeleaf.standard.processor.StandardRemovableAttributeTagProcessor
[THYMELEAF]             * [* {th:headers,data-th-headers}] [1000]: org.thymeleaf.standard.processor.StandardRemovableAttributeTagProcessor
[THYMELEAF]             * [* {th:autocomplete,data-th-autocomplete}] [1000]: org.thymeleaf.standard.processor.StandardRemovableAttributeTagProcessor
[THYMELEAF]             * [* {th:longdesc,data-th-longdesc}] [1000]: org.thymeleaf.standard.processor.StandardRemovableAttributeTagProcessor
[THYMELEAF]             * [* {th:poster,data-th-poster}] [1000]: org.thymeleaf.standard.processor.StandardRemovableAttributeTagProcessor
[THYMELEAF]             * [* {th:rev,data-th-rev}] [1000]: org.thymeleaf.standard.processor.StandardRemovableAttributeTagProcessor
[THYMELEAF]             * [* {th:bgcolor,data-th-bgcolor}] [1000]: org.thymeleaf.standard.processor.StandardRemovableAttributeTagProcessor
[THYMELEAF]             * [* {th:accesskey,data-th-accesskey}] [1000]: org.thymeleaf.standard.processor.StandardRemovableAttributeTagProcessor
[THYMELEAF]             * [* {th:accept,data-th-accept}] [1000]: org.thymeleaf.standard.processor.StandardRemovableAttributeTagProcessor
[THYMELEAF]             * [* {th:wrap,data-th-wrap}] [1000]: org.thymeleaf.standard.processor.StandardRemovableAttributeTagProcessor
[THYMELEAF]             * [* {th:cite,data-th-cite}] [1000]: org.thymeleaf.standard.processor.StandardRemovableAttributeTagProcessor
[THYMELEAF]             * [* {th:low,data-th-low}] [1000]: org.thymeleaf.standard.processor.StandardRemovableAttributeTagProcessor
[THYMELEAF]             * [* {th:radiogroup,data-th-radiogroup}] [1000]: org.thymeleaf.standard.processor.StandardRemovableAttributeTagProcessor
[THYMELEAF]             * [* {th:hspace,data-th-hspace}] [1000]: org.thymeleaf.standard.processor.StandardRemovableAttributeTagProcessor
[THYMELEAF]             * [* {th:dir,data-th-dir}] [1000]: org.thymeleaf.standard.processor.StandardRemovableAttributeTagProcessor
[THYMELEAF]             * [* {th:formmethod,data-th-formmethod}] [1000]: org.thymeleaf.standard.processor.StandardRemovableAttributeTagProcessor
[THYMELEAF]             * [* {th:scope,data-th-scope}] [1000]: org.thymeleaf.standard.processor.StandardRemovableAttributeTagProcessor
[THYMELEAF]             * [* {th:border,data-th-border}] [1000]: org.thymeleaf.standard.processor.StandardRemovableAttributeTagProcessor
[THYMELEAF]             * [* {th:archive,data-th-archive}] [1000]: org.thymeleaf.standard.processor.StandardRemovableAttributeTagProcessor
[THYMELEAF]             * [* {th:vspace,data-th-vspace}] [1000]: org.thymeleaf.standard.processor.StandardRemovableAttributeTagProcessor
[THYMELEAF]             * [* {th:step,data-th-step}] [1000]: org.thymeleaf.standard.processor.StandardRemovableAttributeTagProcessor
[THYMELEAF]             * [* {th:formtarget,data-th-formtarget}] [1000]: org.thymeleaf.standard.processor.StandardRemovableAttributeTagProcessor
[THYMELEAF]             * [* {th:for,data-th-for}] [1000]: org.thymeleaf.standard.processor.StandardRemovableAttributeTagProcessor
[THYMELEAF]             * [* {th:standby,data-th-standby}] [1000]: org.thymeleaf.standard.processor.StandardRemovableAttributeTagProcessor
[THYMELEAF]             * [* {th:kind,data-th-kind}] [1000]: org.thymeleaf.standard.processor.StandardRemovableAttributeTagProcessor
[THYMELEAF]             * [* {th:classid,data-th-classid}] [1000]: org.thymeleaf.standard.processor.StandardRemovableAttributeTagProcessor
[THYMELEAF]             * [* {th:formenctype,data-th-formenctype}] [1000]: org.thymeleaf.standard.processor.StandardRemovableAttributeTagProcessor
[THYMELEAF]             * [* {th:marginheight,data-th-marginheight}] [1000]: org.thymeleaf.standard.processor.StandardRemovableAttributeTagProcessor
[THYMELEAF]             * [* {th:frame,data-th-frame}] [1000]: org.thymeleaf.standard.processor.StandardRemovableAttributeTagProcessor
[THYMELEAF]             * [* {th:optimum,data-th-optimum}] [1000]: org.thymeleaf.standard.processor.StandardRemovableAttributeTagProcessor
[THYMELEAF]             * [* {th:manifest,data-th-manifest}] [1000]: org.thymeleaf.standard.processor.StandardRemovableAttributeTagProcessor
[THYMELEAF]             * [* {th:list,data-th-list}] [1000]: org.thymeleaf.standard.processor.StandardRemovableAttributeTagProcessor
[THYMELEAF]             * [* {th:formaction,data-th-formaction}] [1000]: org.thymeleaf.standard.processor.StandardRemovableAttributeTagProcessor
[THYMELEAF]             * [* {th:colspan,data-th-colspan}] [1000]: org.thymeleaf.standard.processor.StandardRemovableAttributeTagProcessor
[THYMELEAF]             * [* {th:cols,data-th-cols}] [1000]: org.thymeleaf.standard.processor.StandardRemovableAttributeTagProcessor
[THYMELEAF]             * [* {th:keytype,data-th-keytype}] [1000]: org.thymeleaf.standard.processor.StandardRemovableAttributeTagProcessor
[THYMELEAF]             * [* {th:start,data-th-start}] [1000]: org.thymeleaf.standard.processor.StandardRemovableAttributeTagProcessor
[THYMELEAF]             * [* {th:title,data-th-title}] [1000]: org.thymeleaf.standard.processor.StandardRemovableAttributeTagProcessor
[THYMELEAF]             * [* {th:compact,data-th-compact}] [1000]: org.thymeleaf.standard.processor.StandardRemovableAttributeTagProcessor
[THYMELEAF]             * [* {th:id,data-th-id}] [1000]: org.thymeleaf.standard.processor.StandardRemovableAttributeTagProcessor
[THYMELEAF]             * [* {th:datetime,data-th-datetime}] [1000]: org.thymeleaf.standard.processor.StandardRemovableAttributeTagProcessor
[THYMELEAF]             * [* {th:valuetype,data-th-valuetype}] [1000]: org.thymeleaf.standard.processor.StandardRemovableAttributeTagProcessor
[THYMELEAF]             * [* {th:scrolling,data-th-scrolling}] [1000]: org.thymeleaf.standard.processor.StandardRemovableAttributeTagProcessor
[THYMELEAF]             * [* {th:span,data-th-span}] [1000]: org.thymeleaf.standard.processor.StandardRemovableAttributeTagProcessor
[THYMELEAF]             * [* {th:cellpadding,data-th-cellpadding}] [1000]: org.thymeleaf.standard.processor.StandardRemovableAttributeTagProcessor
[THYMELEAF]             * [* {th:charset,data-th-charset}] [1000]: org.thymeleaf.standard.processor.StandardRemovableAttributeTagProcessor
[THYMELEAF]             * [* {th:rel,data-th-rel}] [1000]: org.thymeleaf.standard.processor.StandardRemovableAttributeTagProcessor
[THYMELEAF]             * [* {th:data,data-th-data}] [1000]: org.thymeleaf.standard.processor.StandardRemovableAttributeTagProcessor
[THYMELEAF]             * [* {th:usemap,data-th-usemap}] [1000]: org.thymeleaf.standard.processor.StandardRemovableAttributeTagProcessor
[THYMELEAF]             * [* {th:http-equiv,data-th-http-equiv}] [1000]: org.thymeleaf.standard.processor.StandardRemovableAttributeTagProcessor
[THYMELEAF]             * [* {th:form,data-th-form}] [1000]: org.thymeleaf.standard.processor.StandardRemovableAttributeTagProcessor
[THYMELEAF]             * [* {th:codebase,data-th-codebase}] [1000]: org.thymeleaf.standard.processor.StandardRemovableAttributeTagProcessor
[THYMELEAF]             * [* {th:draggable,data-th-draggable}] [1000]: org.thymeleaf.standard.processor.StandardRemovableAttributeTagProcessor
[THYMELEAF]             * [* {th:cellspacing,data-th-cellspacing}] [1000]: org.thymeleaf.standard.processor.StandardRemovableAttributeTagProcessor
[THYMELEAF]             * [* {th:icon,data-th-icon}] [1000]: org.thymeleaf.standard.processor.StandardRemovableAttributeTagProcessor
[THYMELEAF]             * [* {th:style,data-th-style}] [1000]: org.thymeleaf.standard.processor.StandardRemovableAttributeTagProcessor
[THYMELEAF]             * [* {th:preload,data-th-preload}] [1000]: org.thymeleaf.standard.processor.StandardRemovableAttributeTagProcessor
[THYMELEAF]             * [* {th:accept-charset,data-th-accept-charset}] [1000]: org.thymeleaf.standard.processor.StandardRemovableAttributeTagProcessor
[THYMELEAF]             * [* {th:max,data-th-max}] [1000]: org.thymeleaf.standard.processor.StandardRemovableAttributeTagProcessor
[THYMELEAF]             * [* {th:contextmenu,data-th-contextmenu}] [1000]: org.thymeleaf.standard.processor.StandardRemovableAttributeTagProcessor
[THYMELEAF]             * [* {th:contenteditable,data-th-contenteditable}] [1000]: org.thymeleaf.standard.processor.StandardRemovableAttributeTagProcessor
[THYMELEAF]             * [* {th:rowspan,data-th-rowspan}] [1000]: org.thymeleaf.standard.processor.StandardRemovableAttributeTagProcessor
[THYMELEAF]             * [* {th:tabindex,data-th-tabindex}] [1000]: org.thymeleaf.standard.processor.StandardRemovableAttributeTagProcessor
[THYMELEAF]             * [* {th:summary,data-th-summary}] [1000]: org.thymeleaf.standard.processor.StandardRemovableAttributeTagProcessor
[THYMELEAF]             * [* {th:challenge,data-th-challenge}] [1000]: org.thymeleaf.standard.processor.StandardRemovableAttributeTagProcessor
[THYMELEAF]             * [* {th:background,data-th-background}] [1000]: org.thymeleaf.standard.processor.StandardRemovableAttributeTagProcessor
[THYMELEAF]             * [* {th:enctype,data-th-enctype}] [1000]: org.thymeleaf.standard.processor.StandardRemovableAttributeTagProcessor
[THYMELEAF]             * [* {th:media,data-th-media}] [1000]: org.thymeleaf.standard.processor.StandardRemovableAttributeTagProcessor
[THYMELEAF]             * [* {th:maxlength,data-th-maxlength}] [1000]: org.thymeleaf.standard.processor.StandardRemovableAttributeTagProcessor
[THYMELEAF]             * [* {th:dropzone,data-th-dropzone}] [1000]: org.thymeleaf.standard.processor.StandardRemovableAttributeTagProcessor
[THYMELEAF]             * [* {th:alt,data-th-alt}] [1000]: org.thymeleaf.standard.processor.StandardRemovableAttributeTagProcessor
[THYMELEAF]             * [* {th:pattern,data-th-pattern}] [1000]: org.thymeleaf.standard.processor.StandardRemovableAttributeTagProcessor
[THYMELEAF]             * [* {th:axis,data-th-axis}] [1000]: org.thymeleaf.standard.processor.StandardRemovableAttributeTagProcessor
[THYMELEAF]             * [* {th:codetype,data-th-codetype}] [1000]: org.thymeleaf.standard.processor.StandardRemovableAttributeTagProcessor
[THYMELEAF]             * [* {th:hreflang,data-th-hreflang}] [1000]: org.thymeleaf.standard.processor.StandardRemovableAttributeTagProcessor
[THYMELEAF]             * [* {th:rules,data-th-rules}] [1000]: org.thymeleaf.standard.processor.StandardRemovableAttributeTagProcessor
[THYMELEAF]             * [* {th:size,data-th-size}] [1000]: org.thymeleaf.standard.processor.StandardRemovableAttributeTagProcessor
[THYMELEAF]             * [* {th:src,data-th-src}] [1000]: org.thymeleaf.standard.processor.StandardSrcTagProcessor
[THYMELEAF]             * [* {th:value,data-th-value}] [1000]: org.thymeleaf.standard.processor.StandardValueTagProcessor
[THYMELEAF]             * [* {th:xmlbase,data-th-xmlbase}] [1000]: org.thymeleaf.standard.processor.StandardXmlBaseTagProcessor
[THYMELEAF]             * [* {th:xmllang,data-th-xmllang}] [1000]: org.thymeleaf.standard.processor.StandardXmlLangTagProcessor
[THYMELEAF]             * [* {xmlns:th}] [1000]: org.thymeleaf.standard.processor.StandardXmlNsTagProcessor
[THYMELEAF]             * [* {th:xmlspace,data-th-xmlspace}] [1000]: org.thymeleaf.standard.processor.StandardXmlSpaceTagProcessor
[THYMELEAF]             * [* {th:classappend,data-th-classappend}] [1100]: org.thymeleaf.standard.processor.StandardClassappendTagProcessor
[THYMELEAF]             * [* {th:styleappend,data-th-styleappend}] [1100]: org.thymeleaf.standard.processor.StandardStyleappendTagProcessor
[THYMELEAF]             * [* {th:text,data-th-text}] [1300]: org.thymeleaf.standard.processor.StandardTextTagProcessor
[THYMELEAF]             * [* {th:utext,data-th-utext}] [1400]: org.thymeleaf.standard.processor.StandardUtextTagProcessor
[THYMELEAF]             * [* {th:fragment,data-th-fragment}] [1500]: org.thymeleaf.standard.processor.StandardFragmentTagProcessor
[THYMELEAF]             * [* {th:assert,data-th-assert}] [1550]: org.thymeleaf.standard.processor.StandardAssertTagProcessor
[THYMELEAF]             * [* {th:remove,data-th-remove}] [1600]: org.thymeleaf.standard.processor.StandardRemoveTagProcessor
[THYMELEAF]             * [* {th:ref,data-th-ref}] [10000]: org.thymeleaf.standard.processor.StandardRefAttributeTagProcessor
[THYMELEAF]             * [{th:block,th-block} *] [100000]: org.thymeleaf.standard.processor.StandardBlockTagProcessor
[THYMELEAF]             * [* th:*] [2147483647]: org.thymeleaf.standard.processor.StandardDefaultAttributesTagProcessor
[THYMELEAF]         * Text Processors by [precedence]:
[THYMELEAF]             * [1000]: org.thymeleaf.standard.processor.StandardInliningTextProcessor
[THYMELEAF]         * DOCTYPE Processors by [precedence]:
[THYMELEAF]             * [1000]: org.thymeleaf.standard.processor.StandardTranslationDocTypeProcessor
[THYMELEAF]         * CDATA Section Processors by [precedence]:
[THYMELEAF]             * [1000]: org.thymeleaf.standard.processor.StandardInliningCDATASectionProcessor
[THYMELEAF]         * Comment Processors by [precedence]:
[THYMELEAF]             * [1000]: org.thymeleaf.standard.processor.StandardInliningCommentProcessor
[THYMELEAF]             * [1100]: org.thymeleaf.standard.processor.StandardConditionalCommentProcessor
[THYMELEAF]     * Processors for Template Mode: XML
[THYMELEAF]         * Element Tag Processors by [matching element and attribute name] [precedence]:
[THYMELEAF]             * [* {th:include}] [100]: org.thymeleaf.standard.processor.StandardIncludeTagProcessor
[THYMELEAF]             * [* {th:insert}] [100]: org.thymeleaf.standard.processor.StandardInsertTagProcessor
[THYMELEAF]             * [* {th:replace}] [100]: org.thymeleaf.standard.processor.StandardReplaceTagProcessor
[THYMELEAF]             * [* {th:each}] [200]: com.intuit.karate.template.KarateEachTagProcessor
[THYMELEAF]             * [* {th:switch}] [250]: org.thymeleaf.standard.processor.StandardSwitchTagProcessor
[THYMELEAF]             * [* {th:case}] [275]: org.thymeleaf.standard.processor.StandardCaseTagProcessor
[THYMELEAF]             * [* {th:if}] [300]: org.thymeleaf.standard.processor.StandardIfTagProcessor
[THYMELEAF]             * [* {th:unless}] [400]: org.thymeleaf.standard.processor.StandardUnlessTagProcessor
[THYMELEAF]             * [* {th:object}] [500]: org.thymeleaf.standard.processor.StandardObjectTagProcessor
[THYMELEAF]             * [* {th:with}] [600]: com.intuit.karate.template.KarateWithTagProcessor
[THYMELEAF]             * [* {th:attr}] [700]: com.intuit.karate.template.KarateAttributeTagProcessor.KarateAttrTagProcessor
[THYMELEAF]             * [* {th:attrappend}] [900]: com.intuit.karate.template.KarateAttributeTagProcessor.KarateAttrappendTagProcessor
[THYMELEAF]             * [* {th:attrprepend}] [900]: com.intuit.karate.template.KarateAttributeTagProcessor.KarateAttrprependTagProcessor
[THYMELEAF]             * [* {th:inline}] [1000]: org.thymeleaf.standard.processor.StandardInlineXMLTagProcessor
[THYMELEAF]             * [* {xmlns:th}] [1000]: org.thymeleaf.standard.processor.StandardXmlNsTagProcessor
[THYMELEAF]             * [* {th:text}] [1300]: org.thymeleaf.standard.processor.StandardTextTagProcessor
[THYMELEAF]             * [* {th:utext}] [1400]: org.thymeleaf.standard.processor.StandardUtextTagProcessor
[THYMELEAF]             * [* {th:fragment}] [1500]: org.thymeleaf.standard.processor.StandardFragmentTagProcessor
[THYMELEAF]             * [* {th:assert}] [1550]: org.thymeleaf.standard.processor.StandardAssertTagProcessor
[THYMELEAF]             * [* {th:remove}] [1600]: org.thymeleaf.standard.processor.StandardRemoveTagProcessor
[THYMELEAF]             * [* {th:ref}] [10000]: org.thymeleaf.standard.processor.StandardRefAttributeTagProcessor
[THYMELEAF]             * [{th:block} *] [100000]: org.thymeleaf.standard.processor.StandardBlockTagProcessor
[THYMELEAF]             * [* th:*] [2147483647]: org.thymeleaf.standard.processor.StandardDefaultAttributesTagProcessor
[THYMELEAF]         * Text Processors by [precedence]:
[THYMELEAF]             * [1000]: org.thymeleaf.standard.processor.StandardInliningTextProcessor
[THYMELEAF]         * CDATA Section Processors by [precedence]:
[THYMELEAF]             * [1000]: org.thymeleaf.standard.processor.StandardInliningCDATASectionProcessor
[THYMELEAF]         * Comment Processors by [precedence]:
[THYMELEAF]             * [1000]: org.thymeleaf.standard.processor.StandardInliningCommentProcessor
[THYMELEAF]     * Processors for Template Mode: TEXT
[THYMELEAF]         * Element Tag Processors by [matching element and attribute name] [precedence]:
[THYMELEAF]             * [* {th:insert}] [100]: org.thymeleaf.standard.processor.StandardInsertTagProcessor
[THYMELEAF]             * [* {th:replace}] [100]: org.thymeleaf.standard.processor.StandardReplaceTagProcessor
[THYMELEAF]             * [* {th:each}] [200]: com.intuit.karate.template.KarateEachTagProcessor
[THYMELEAF]             * [* {th:switch}] [250]: org.thymeleaf.standard.processor.StandardSwitchTagProcessor
[THYMELEAF]             * [* {th:case}] [275]: org.thymeleaf.standard.processor.StandardCaseTagProcessor
[THYMELEAF]             * [* {th:if}] [300]: org.thymeleaf.standard.processor.StandardIfTagProcessor
[THYMELEAF]             * [* {th:unless}] [400]: org.thymeleaf.standard.processor.StandardUnlessTagProcessor
[THYMELEAF]             * [* {th:object}] [500]: org.thymeleaf.standard.processor.StandardObjectTagProcessor
[THYMELEAF]             * [* {th:with}] [600]: com.intuit.karate.template.KarateWithTagProcessor
[THYMELEAF]             * [* {th:inline}] [1000]: org.thymeleaf.standard.processor.StandardInlineTextualTagProcessor
[THYMELEAF]             * [* {th:text}] [1300]: org.thymeleaf.standard.processor.StandardTextTagProcessor
[THYMELEAF]             * [* {th:utext}] [1400]: org.thymeleaf.standard.processor.StandardUtextTagProcessor
[THYMELEAF]             * [* {th:assert}] [1550]: org.thymeleaf.standard.processor.StandardAssertTagProcessor
[THYMELEAF]             * [* {th:remove}] [1600]: org.thymeleaf.standard.processor.StandardRemoveTagProcessor
[THYMELEAF]             * [{th:block} *] [100000]: org.thymeleaf.standard.processor.StandardBlockTagProcessor
[THYMELEAF]             * [* 100000] [org.thymeleaf.standard.processor.StandardBlockTagProcessor]: {}
[THYMELEAF]         * Text Processors by [precedence]:
[THYMELEAF]             * [1000]: org.thymeleaf.standard.processor.StandardInliningTextProcessor
[THYMELEAF]     * Processors for Template Mode: JAVASCRIPT
[THYMELEAF]         * Element Tag Processors by [matching element and attribute name] [precedence]:
[THYMELEAF]             * [* {th:insert}] [100]: org.thymeleaf.standard.processor.StandardInsertTagProcessor
[THYMELEAF]             * [* {th:replace}] [100]: org.thymeleaf.standard.processor.StandardReplaceTagProcessor
[THYMELEAF]             * [* {th:each}] [200]: com.intuit.karate.template.KarateEachTagProcessor
[THYMELEAF]             * [* {th:switch}] [250]: org.thymeleaf.standard.processor.StandardSwitchTagProcessor
[THYMELEAF]             * [* {th:case}] [275]: org.thymeleaf.standard.processor.StandardCaseTagProcessor
[THYMELEAF]             * [* {th:if}] [300]: org.thymeleaf.standard.processor.StandardIfTagProcessor
[THYMELEAF]             * [* {th:unless}] [400]: org.thymeleaf.standard.processor.StandardUnlessTagProcessor
[THYMELEAF]             * [* {th:object}] [500]: org.thymeleaf.standard.processor.StandardObjectTagProcessor
[THYMELEAF]             * [* {th:with}] [600]: com.intuit.karate.template.KarateWithTagProcessor
[THYMELEAF]             * [* {th:inline}] [1000]: org.thymeleaf.standard.processor.StandardInlineTextualTagProcessor
[THYMELEAF]             * [* {th:text}] [1300]: org.thymeleaf.standard.processor.StandardTextTagProcessor
[THYMELEAF]             * [* {th:utext}] [1400]: org.thymeleaf.standard.processor.StandardUtextTagProcessor
[THYMELEAF]             * [* {th:assert}] [1550]: org.thymeleaf.standard.processor.StandardAssertTagProcessor
[THYMELEAF]             * [* {th:remove}] [1600]: org.thymeleaf.standard.processor.StandardRemoveTagProcessor
[THYMELEAF]             * [* 100000] [org.thymeleaf.standard.processor.StandardBlockTagProcessor]: {}
[THYMELEAF]             * [{th:block} *] [100000]: org.thymeleaf.standard.processor.StandardBlockTagProcessor
[THYMELEAF]         * Text Processors by [precedence]:
[THYMELEAF]             * [1000]: org.thymeleaf.standard.processor.StandardInliningTextProcessor
[THYMELEAF]     * Processors for Template Mode: CSS
[THYMELEAF]         * Element Tag Processors by [matching element and attribute name] [precedence]:
[THYMELEAF]             * [* {th:insert}] [100]: org.thymeleaf.standard.processor.StandardInsertTagProcessor
[THYMELEAF]             * [* {th:replace}] [100]: org.thymeleaf.standard.processor.StandardReplaceTagProcessor
[THYMELEAF]             * [* {th:each}] [200]: com.intuit.karate.template.KarateEachTagProcessor
[THYMELEAF]             * [* {th:switch}] [250]: org.thymeleaf.standard.processor.StandardSwitchTagProcessor
[THYMELEAF]             * [* {th:case}] [275]: org.thymeleaf.standard.processor.StandardCaseTagProcessor
[THYMELEAF]             * [* {th:if}] [300]: org.thymeleaf.standard.processor.StandardIfTagProcessor
[THYMELEAF]             * [* {th:unless}] [400]: org.thymeleaf.standard.processor.StandardUnlessTagProcessor
[THYMELEAF]             * [* {th:object}] [500]: org.thymeleaf.standard.processor.StandardObjectTagProcessor
[THYMELEAF]             * [* {th:with}] [600]: com.intuit.karate.template.KarateWithTagProcessor
[THYMELEAF]             * [* {th:inline}] [1000]: org.thymeleaf.standard.processor.StandardInlineTextualTagProcessor
[THYMELEAF]             * [* {th:text}] [1300]: org.thymeleaf.standard.processor.StandardTextTagProcessor
[THYMELEAF]             * [* {th:utext}] [1400]: org.thymeleaf.standard.processor.StandardUtextTagProcessor
[THYMELEAF]             * [* {th:assert}] [1550]: org.thymeleaf.standard.processor.StandardAssertTagProcessor
[THYMELEAF]             * [* {th:remove}] [1600]: org.thymeleaf.standard.processor.StandardRemoveTagProcessor
[THYMELEAF]             * [{th:block} *] [100000]: org.thymeleaf.standard.processor.StandardBlockTagProcessor
[THYMELEAF]             * [* 100000] [org.thymeleaf.standard.processor.StandardBlockTagProcessor]: {}
[THYMELEAF]         * Text Processors by [precedence]:
[THYMELEAF]             * [1000]: org.thymeleaf.standard.processor.StandardInliningTextProcessor
[THYMELEAF]     * Expression Objects:
[THYMELEAF]         * #ctx
[THYMELEAF]         * #root
[THYMELEAF]         * #vars
[THYMELEAF]         * #object
[THYMELEAF]         * #locale
[THYMELEAF]         * #conversions
[THYMELEAF]         * #uris
[THYMELEAF]         * #temporals
[THYMELEAF]         * #calendars
[THYMELEAF]         * #dates
[THYMELEAF]         * #bools
[THYMELEAF]         * #numbers
[THYMELEAF]         * #objects
[THYMELEAF]         * #strings
[THYMELEAF]         * #arrays
[THYMELEAF]         * #lists
[THYMELEAF]         * #sets
[THYMELEAF]         * #maps
[THYMELEAF]         * #aggregates
[THYMELEAF]         * #messages
[THYMELEAF]         * #ids
[THYMELEAF]         * #execInfo
[THYMELEAF]         * #request
[THYMELEAF]         * #response
[THYMELEAF]         * #session
[THYMELEAF]         * #servletContext
[THYMELEAF]     * Execution Attributes:
[THYMELEAF]         * "StandardExpressionParser": com.intuit.karate.template.KarateStandardDialect@5d717f19
[THYMELEAF]         * "StandardJavaScriptSerializer": org.thymeleaf.standard.serializer.StandardJavaScriptSerializer@13908f9c
[THYMELEAF]         * "StandardCSSSerializer": org.thymeleaf.standard.serializer.StandardCSSSerializer@329b331f
[THYMELEAF]         * "StandardVariableExpressionEvaluator": com.intuit.karate.template.KarateStandardDialect@5d717f19
[THYMELEAF]         * "StandardConversionService": org.thymeleaf.standard.expression.StandardConversionService@640a8f93
[THYMELEAF] * Dialect [2 of 2]: karate (com.intuit.karate.template.KarateScriptDialect)
[THYMELEAF]     * Prefix: "ka"
[THYMELEAF]     * Processors for Template Mode: HTML
[THYMELEAF]         * Element Tag Processors by [matching element and attribute name] [precedence]:
[THYMELEAF]             * [* {src}] [1000]: com.intuit.karate.template.KaScriptAttrProcessor
[THYMELEAF]         * Element Model Processors by [matching element and attribute name] [precedence]:
[THYMELEAF]             * [{script} {ka:scope,data-ka-scope}] [1000]: com.intuit.karate.template.KaScriptElemProcessor
[THYMELEAF]             * [* {ka:set,data-ka-set}] [1000]: com.intuit.karate.template.KaSetElemProcessor
[THYMELEAF] TEMPLATE ENGINE CONFIGURED OK
15:08:14.800 [main] DEBUG org.thymeleaf.TemplateEngine -- [THYMELEAF] TEMPLATE ENGINE INITIALIZED
---------------------------------------------------------
feature: classpath:features/breeds_list_all.feature
scenarios:  2 | passed:  2 | failed:  0 | time: 0,8926
---------------------------------------------------------

]]></system-out>
  </testcase>
  <testcase name="[1.1:14] Listar imagens de uma raça válida" classname="features/breed_images" time="0.534">
    <system-out><![CDATA[15:08:14.854 [main] DEBUG org.apache.http.client.protocol.RequestAddCookies -- CookieSpec selected: karate
15:08:14.855 [main] DEBUG org.apache.http.client.protocol.RequestAuthCache -- Auth cache not set in the context
15:08:14.855 [main] DEBUG com.intuit.karate -- request:
1 > GET https://dog.ceo/api/breed/hound/images
1 > Host: dog.ceo
1 > Connection: Keep-Alive
1 > User-Agent: Apache-HttpClient/4.5.14 (Java/11.0.27)
1 > Accept-Encoding: gzip,deflate


15:08:14.855 [main] DEBUG org.apache.http.impl.conn.PoolingHttpClientConnectionManager -- Connection request: [route: {s}->https://dog.ceo:443][total available: 0; route allocated: 0 of 5; total allocated: 0 of 10]
15:08:14.856 [main] DEBUG org.apache.http.impl.conn.PoolingHttpClientConnectionManager -- Connection leased: [id: 4][route: {s}->https://dog.ceo:443][total available: 0; route allocated: 1 of 5; total allocated: 1 of 10]
15:08:14.856 [main] DEBUG org.apache.http.impl.execchain.MainClientExec -- Opening connection {s}->https://dog.ceo:443
15:08:14.856 [main] DEBUG org.apache.http.impl.conn.DefaultHttpClientConnectionOperator -- Connecting to dog.ceo/104.21.17.246:443
15:08:14.856 [main] DEBUG org.apache.http.conn.ssl.SSLConnectionSocketFactory -- Connecting socket to dog.ceo/104.21.17.246:443 with timeout 30000
15:08:14.873 [main] DEBUG org.apache.http.conn.ssl.SSLConnectionSocketFactory -- Enabled protocols: [TLSv1.3, TLSv1.2]
15:08:14.873 [main] DEBUG org.apache.http.conn.ssl.SSLConnectionSocketFactory -- Enabled cipher suites:[TLS_AES_256_GCM_SHA384, TLS_AES_128_GCM_SHA256, TLS_CHACHA20_POLY1305_SHA256, TLS_ECDHE_ECDSA_WITH_AES_256_GCM_SHA384, TLS_ECDHE_ECDSA_WITH_AES_128_GCM_SHA256, TLS_ECDHE_ECDSA_WITH_CHACHA20_POLY1305_SHA256, TLS_ECDHE_RSA_WITH_AES_256_GCM_SHA384, TLS_ECDHE_RSA_WITH_CHACHA20_POLY1305_SHA256, TLS_ECDHE_RSA_WITH_AES_128_GCM_SHA256, TLS_DHE_RSA_WITH_AES_256_GCM_SHA384, TLS_DHE_RSA_WITH_CHACHA20_POLY1305_SHA256, TLS_DHE_DSS_WITH_AES_256_GCM_SHA384, TLS_DHE_RSA_WITH_AES_128_GCM_SHA256, TLS_DHE_DSS_WITH_AES_128_GCM_SHA256, TLS_ECDHE_ECDSA_WITH_AES_256_CBC_SHA384, TLS_ECDHE_RSA_WITH_AES_256_CBC_SHA384, TLS_ECDHE_ECDSA_WITH_AES_128_CBC_SHA256, TLS_ECDHE_RSA_WITH_AES_128_CBC_SHA256, TLS_DHE_RSA_WITH_AES_256_CBC_SHA256, TLS_DHE_DSS_WITH_AES_256_CBC_SHA256, TLS_DHE_RSA_WITH_AES_128_CBC_SHA256, TLS_DHE_DSS_WITH_AES_128_CBC_SHA256, TLS_ECDHE_ECDSA_WITH_AES_256_CBC_SHA, TLS_ECDHE_RSA_WITH_AES_256_CBC_SHA, TLS_ECDHE_ECDSA_WITH_AES_128_CBC_SHA, TLS_ECDHE_RSA_WITH_AES_128_CBC_SHA, TLS_DHE_RSA_WITH_AES_256_CBC_SHA, TLS_DHE_DSS_WITH_AES_256_CBC_SHA, TLS_DHE_RSA_WITH_AES_128_CBC_SHA, TLS_DHE_DSS_WITH_AES_128_CBC_SHA, TLS_RSA_WITH_AES_256_GCM_SHA384, TLS_RSA_WITH_AES_128_GCM_SHA256, TLS_RSA_WITH_AES_256_CBC_SHA256, TLS_RSA_WITH_AES_128_CBC_SHA256, TLS_RSA_WITH_AES_256_CBC_SHA, TLS_RSA_WITH_AES_128_CBC_SHA, TLS_EMPTY_RENEGOTIATION_INFO_SCSV]
15:08:14.873 [main] DEBUG org.apache.http.conn.ssl.SSLConnectionSocketFactory -- Starting handshake
15:08:14.893 [main] DEBUG org.apache.http.conn.ssl.SSLConnectionSocketFactory -- Secure session established
15:08:14.893 [main] DEBUG org.apache.http.conn.ssl.SSLConnectionSocketFactory --  negotiated protocol: TLSv1.3
15:08:14.893 [main] DEBUG org.apache.http.conn.ssl.SSLConnectionSocketFactory --  negotiated cipher suite: TLS_AES_256_GCM_SHA384
15:08:14.893 [main] DEBUG org.apache.http.conn.ssl.SSLConnectionSocketFactory --  peer principal: CN=dog.ceo
15:08:14.893 [main] DEBUG org.apache.http.conn.ssl.SSLConnectionSocketFactory --  peer alternative names: [dog.ceo, *.dog.ceo]
15:08:14.893 [main] DEBUG org.apache.http.conn.ssl.SSLConnectionSocketFactory --  issuer principal: CN=WE1, O=Google Trust Services, C=US
15:08:14.893 [main] DEBUG org.apache.http.impl.conn.DefaultHttpClientConnectionOperator -- Connection established 192.168.0.105:65289<->104.21.17.246:443
15:08:14.893 [main] DEBUG org.apache.http.impl.conn.DefaultManagedHttpClientConnection -- http-outgoing-4: set socket timeout to 30000
15:08:14.893 [main] DEBUG org.apache.http.impl.execchain.MainClientExec -- Executing request GET /api/breed/hound/images HTTP/1.1
15:08:14.893 [main] DEBUG org.apache.http.impl.execchain.MainClientExec -- Target auth state: UNCHALLENGED
15:08:14.893 [main] DEBUG org.apache.http.impl.execchain.MainClientExec -- Proxy auth state: UNCHALLENGED
15:08:14.893 [main] DEBUG org.apache.http.headers -- http-outgoing-4 >> GET /api/breed/hound/images HTTP/1.1
15:08:14.893 [main] DEBUG org.apache.http.headers -- http-outgoing-4 >> Host: dog.ceo
15:08:14.893 [main] DEBUG org.apache.http.headers -- http-outgoing-4 >> Connection: Keep-Alive
15:08:14.893 [main] DEBUG org.apache.http.headers -- http-outgoing-4 >> User-Agent: Apache-HttpClient/4.5.14 (Java/11.0.27)
15:08:14.893 [main] DEBUG org.apache.http.headers -- http-outgoing-4 >> Accept-Encoding: gzip,deflate
15:08:14.893 [main] DEBUG org.apache.http.wire -- http-outgoing-4 >> "GET /api/breed/hound/images HTTP/1.1[\r][\n]"
15:08:14.893 [main] DEBUG org.apache.http.wire -- http-outgoing-4 >> "Host: dog.ceo[\r][\n]"
15:08:14.893 [main] DEBUG org.apache.http.wire -- http-outgoing-4 >> "Connection: Keep-Alive[\r][\n]"
15:08:14.893 [main] DEBUG org.apache.http.wire -- http-outgoing-4 >> "User-Agent: Apache-HttpClient/4.5.14 (Java/11.0.27)[\r][\n]"
15:08:14.893 [main] DEBUG org.apache.http.wire -- http-outgoing-4 >> "Accept-Encoding: gzip,deflate[\r][\n]"
15:08:14.893 [main] DEBUG org.apache.http.wire -- http-outgoing-4 >> "[\r][\n]"
15:08:15.285 [main] DEBUG org.apache.http.wire -- http-outgoing-4 << "HTTP/1.1 200 OK[\r][\n]"
15:08:15.285 [main] DEBUG org.apache.http.wire -- http-outgoing-4 << "Date: Tue, 22 Jul 2025 18:08:30 GMT[\r][\n]"
15:08:15.285 [main] DEBUG org.apache.http.wire -- http-outgoing-4 << "Content-Type: application/json[\r][\n]"
15:08:15.285 [main] DEBUG org.apache.http.wire -- http-outgoing-4 << "Content-Length: 3314[\r][\n]"
15:08:15.285 [main] DEBUG org.apache.http.wire -- http-outgoing-4 << "Connection: keep-alive[\r][\n]"
15:08:15.285 [main] DEBUG org.apache.http.wire -- http-outgoing-4 << "Server: cloudflare[\r][\n]"
15:08:15.285 [main] DEBUG org.apache.http.wire -- http-outgoing-4 << "X-Powered-By: PHP/8.1.32[\r][\n]"
15:08:15.285 [main] DEBUG org.apache.http.wire -- http-outgoing-4 << "Access-Control-Allow-Origin: *[\r][\n]"
15:08:15.285 [main] DEBUG org.apache.http.wire -- http-outgoing-4 << "Content-Encoding: gzip[\r][\n]"
15:08:15.285 [main] DEBUG org.apache.http.wire -- http-outgoing-4 << "Via: 1.1 varnish (Varnish/6.3), 1.1 varnish (Varnish/6.3)[\r][\n]"
15:08:15.285 [main] DEBUG org.apache.http.wire -- http-outgoing-4 << "Cache-Control: max-age=1800[\r][\n]"
15:08:15.285 [main] DEBUG org.apache.http.wire -- http-outgoing-4 << "X-Cache-Age: 3669[\r][\n]"
15:08:15.285 [main] DEBUG org.apache.http.wire -- http-outgoing-4 << "X-Cache-Hits: 30[\r][\n]"
15:08:15.285 [main] DEBUG org.apache.http.wire -- http-outgoing-4 << "X-Cache: HIT[\r][\n]"
15:08:15.285 [main] DEBUG org.apache.http.wire -- http-outgoing-4 << "Accept-Ranges: bytes[\r][\n]"
15:08:15.285 [main] DEBUG org.apache.http.wire -- http-outgoing-4 << "Age: 0[\r][\n]"
15:08:15.285 [main] DEBUG org.apache.http.wire -- http-outgoing-4 << "Vary: Accept-Encoding[\r][\n]"
15:08:15.285 [main] DEBUG org.apache.http.wire -- http-outgoing-4 << "Nel: {"report_to":"cf-nel","success_fraction":0.0,"max_age":604800}[\r][\n]"
15:08:15.285 [main] DEBUG org.apache.http.wire -- http-outgoing-4 << "Cf-Cache-Status: DYNAMIC[\r][\n]"
15:08:15.285 [main] DEBUG org.apache.http.wire -- http-outgoing-4 << "Report-To: {"group":"cf-nel","max_age":604800,"endpoints":[{"url":"https://a.nel.cloudflare.com/report/v4?s=EJUD5wYfXTeutBX9kg%2BWL%2FzebJ8wTGdXIzr0tSAGCYDiGg0yMRLl9YqCLhH5AKRrnXvzD5h6%2BG8bky%2BLquTnwlN5zk9cOiw%3D"}]}[\r][\n]"
15:08:15.285 [main] DEBUG org.apache.http.wire -- http-outgoing-4 << "CF-RAY: 9634e2395fb9f502-GRU[\r][\n]"
15:08:15.285 [main] DEBUG org.apache.http.wire -- http-outgoing-4 << "alt-svc: h3=":443"; ma=86400[\r][\n]"
15:08:15.285 [main] DEBUG org.apache.http.wire -- http-outgoing-4 << "[\r][\n]"
15:08:15.285 [main] DEBUG org.apache.http.wire -- http-outgoing-4 << "[0x1f][0x8b][0x8][0x0][0x0][0x0][0x0][0x0][0x0][0x3][0xad][0x9d][0xdb][0x8e]U[0xb9][0x15]E[0xff][0xa5][0x9e][0xbb][0xc1][0xf6][0xf2][0x95]_[0x9][0x11]*[0x9a][\n]"
15:08:15.285 [main] DEBUG org.apache.http.wire -- http-outgoing-4 << "[0x90][0xd0][0x14][0xea]S(R[0xa2][0xfc]{6Ix[0x89][0xe7][0xcb]<[0x1e]/[0xa8]A[0xea][0xa1][0xb3][0xed][0xe5]u[0xf7][0xf2]?[0x1f]~[0xba][0xdd][0x1e]?>=[0xbc][0xf9][0xd3][0xc3][0xa7][0x97][0x97]o[0xb7]7o_[0xbf]}[0xfd][0xf9][0xf7][0xeb][0x9f]n[0xaf]><|[0xf5][0xdb][0xd3][0xf3][0xdb][0xd7][0xef][0xff]xz[0xfa]p{[0xfb][0xfa][0xd3][0xf3][0xf7][0xaf][0x1f]~}[0xfc][0xcb][0xc7]O[0x8f]_[0xdf][0xbe][0xfe][0x9a]J[0x9a]3[0xad][0xfa].[0xa7][0x14][0xaf][0xfe][0xfa][0xed][0xe3][0xc3]/G[0x90][0xd2][0x9][0xca][0xc8][\r][0xa0][0xcc]R[0xce])[0xb9]L[0x0]R[0x81][0xef]![0xd6]$[0xb7]D@[0x6]B[0x99][0x15][0xa0][0xcc][0xe]@V[0x3][0xa4][0xb6][0x4][0xf0]=[0xa5]-[0x0][0xd2];[0xf1]S[0xe6] ~[0xcb]"d?[0x90][0x13][0x14][0x85][0x10][0xdc][0x8][0xe2][0xa7][0xb4][0x4]([0xa7]h[0x3][0x80] [0x8b][0x82][0x8]K[0xac][0x4]Pj[0x2]tB[0xcd][0xc0][0xaa]T[0xe2]4Wbe[0xdb][0x2][0xc4][0xad][0xf7]|[0xe][0x19][0x5][0xd0]M[0x3][0xd0][0xd7][0xb3][0x0][0xeb]:'[0xb0][0xae]+[0xce]!%u[0x0]B,l[0xa9][0xed][0xdc]e*[0xed]\[0xd4]J[0x3][0x8c]F[0xe9][0xe5]\[0x9b]\v[0xe7]\[0x9b][0x94][0x1]l[0xf0][0x8]`o[0xc6][0x2] [0x13][0x88]7"[0x9d]o[0xf0][0xc5]8[0x17][0xb5][0xb]rn[0x89]/[0xc8][0xb9]F[0x8a]4[0xcf]E-.[0x97][0x18][0x80][0x10][0x9f]S[0x12][0xb0];%[0x0]Y[0x8b]u[0xae][0x8][0xa2][0x2][0x8a][0xe0][0xf2][0x1d][0x9][0x8][0x10]#[0x10][0xfe]g4[0xc0][0x84]^[0x90]s[0x95][0x14]m[0x1]b[0xd2][0x1][0xb7]"z[0x0];[0xdc][0x81][0xa8]6f[0x3][0xa4]~[0x2][0x1e]A[0x0][0x1e]l[0xac][0x0][0x4]vU[0xe0][0xe4],@[0xea]k[0x2]>[0xa7]&[0xc0][0xaf][0xa8][0xb9][0x9e][0xcb]Z[0xcd][0xeb][0xdc][0x9c][0xd7][0x2][0x1c][0x9d]Z[0x16][0x0][0x89][0x4][0xec]N[0x0]qh[0x8d][0x6]l1a[0xff]j[0x5][0x92]d[0xb5]v`a[0x1b][0xe0]X[0xd4]V[0x8][0x8][0xe0]NW[0xe2][0x10]O@[0x9d]4[0xc2][0xff]l@[0xae][0xbb][0x11][0xb9][0xee][0x6][0x94][0x10]Z[0xcc]s!i5[0x9f]+[0xd8]V[0xe3][0xfc][0x8][0xb7][0x96][0xce][0x8f]p[[0xe5]\[0xd4][0xfa][0xf9][0xfe][0xf6][0x4]$s{[0xa9][0xe7][0x1b][0xdc]+`[0xb7]z[0x9d][0xc0][0xe7][0xd4]s[0x7][0xf6]b[0x9c][0x8b]k[0xef][0x80][0x15][0xee]@`02[0x90]Q[0x1e][0xc0][0x1][0x1e][0xb9][0x2]?[0xa4][0x0][0x7]g[0xf4][0x9]|[0xce]\[0xe7][0xaa]d[0xac][0xf3][0xc3]7[0x13]P[0xb6][0x9e][0x1]X[0xad]Y;[0x0][0x1][0xce][0xcd][0x2][0x9c][0xd7][0x95][0xce][0xcf][0xde][0x2][0x8e]"
15:08:15.286 [main] DEBUG org.apache.http.headers -- http-outgoing-4 << HTTP/1.1 200 OK
15:08:15.286 [main] DEBUG org.apache.http.headers -- http-outgoing-4 << Date: Tue, 22 Jul 2025 18:08:30 GMT
15:08:15.286 [main] DEBUG org.apache.http.headers -- http-outgoing-4 << Content-Type: application/json
15:08:15.286 [main] DEBUG org.apache.http.headers -- http-outgoing-4 << Content-Length: 3314
15:08:15.286 [main] DEBUG org.apache.http.headers -- http-outgoing-4 << Connection: keep-alive
15:08:15.286 [main] DEBUG org.apache.http.headers -- http-outgoing-4 << Server: cloudflare
15:08:15.286 [main] DEBUG org.apache.http.headers -- http-outgoing-4 << X-Powered-By: PHP/8.1.32
15:08:15.286 [main] DEBUG org.apache.http.headers -- http-outgoing-4 << Access-Control-Allow-Origin: *
15:08:15.286 [main] DEBUG org.apache.http.headers -- http-outgoing-4 << Content-Encoding: gzip
15:08:15.286 [main] DEBUG org.apache.http.headers -- http-outgoing-4 << Via: 1.1 varnish (Varnish/6.3), 1.1 varnish (Varnish/6.3)
15:08:15.286 [main] DEBUG org.apache.http.headers -- http-outgoing-4 << Cache-Control: max-age=1800
15:08:15.286 [main] DEBUG org.apache.http.headers -- http-outgoing-4 << X-Cache-Age: 3669
15:08:15.286 [main] DEBUG org.apache.http.headers -- http-outgoing-4 << X-Cache-Hits: 30
15:08:15.286 [main] DEBUG org.apache.http.headers -- http-outgoing-4 << X-Cache: HIT
15:08:15.286 [main] DEBUG org.apache.http.headers -- http-outgoing-4 << Accept-Ranges: bytes
15:08:15.286 [main] DEBUG org.apache.http.headers -- http-outgoing-4 << Age: 0
15:08:15.286 [main] DEBUG org.apache.http.headers -- http-outgoing-4 << Vary: Accept-Encoding
15:08:15.286 [main] DEBUG org.apache.http.headers -- http-outgoing-4 << Nel: {"report_to":"cf-nel","success_fraction":0.0,"max_age":604800}
15:08:15.286 [main] DEBUG org.apache.http.headers -- http-outgoing-4 << Cf-Cache-Status: DYNAMIC
15:08:15.286 [main] DEBUG org.apache.http.headers -- http-outgoing-4 << Report-To: {"group":"cf-nel","max_age":604800,"endpoints":[{"url":"https://a.nel.cloudflare.com/report/v4?s=EJUD5wYfXTeutBX9kg%2BWL%2FzebJ8wTGdXIzr0tSAGCYDiGg0yMRLl9YqCLhH5AKRrnXvzD5h6%2BG8bky%2BLquTnwlN5zk9cOiw%3D"}]}
15:08:15.286 [main] DEBUG org.apache.http.headers -- http-outgoing-4 << CF-RAY: 9634e2395fb9f502-GRU
15:08:15.286 [main] DEBUG org.apache.http.headers -- http-outgoing-4 << alt-svc: h3=":443"; ma=86400
15:08:15.286 [main] DEBUG org.apache.http.impl.execchain.MainClientExec -- Connection can be kept alive indefinitely
15:08:15.286 [main] DEBUG org.apache.http.wire -- http-outgoing-4 << "[0xcd][0x2]\[0x92][0x5][0x14][0x9a][0x97][0xad][0x8b][0xde]?[0xde]nO/?[0x19]%[0xe6][0x8f]>[\r];[0xe9]))[0xf6][0xba]J[0x8a][0xdd][0x1d]!)v[0x6]VS\e")[0xb6]&[0x90][0x14][0xdb][0x1d][0x97][0x14];[0x1e]V[0x94]lW[0x9a]%[0xc5][0x8e]C5[0x85]X[0xdd]l[0xa7][0xd8]$[0xa5]"_T[0x89][0xd5]-[0x88]f[0x8][0xbb][0xb8]#)v[0xb2]NQ*r[0xa6][0xab]][0x8f]T[0x94][0x86][0xc8][0xae]_BW[0x94]n[0xe7][0xfd][0x14]e[0xd8][0x11][0x87][0xa4][0xd8][0x9]bMq=[0x5]E[0x99]v[0x17][0x8a][0xa2][0xf8][0x95]tA[0xc9][0x88][0x96][0xca][0xd9]nt[0x90][0x14];d[0x97][0x94][\n]"
15:08:15.286 [main] DEBUG org.apache.http.wire -- http-outgoing-4 << "[0x9c][0xe9]\[0xec][0xba][0x93][0xa4][0x14]bu[0x8b][0x9d]TQ[0x94][0x8][0xc0][0x92][0xe4][0xb0]c!Ei[0x84]_[0x97][&[0xd6][0xc5][0xcf]{I[\n]"
15:08:15.286 [main] DEBUG org.apache.http.wire -- http-outgoing-4 << "a[0x1b]s[0xb7]S4[0x8a]2[0xed][0xc8]YS[0x8]yY[0x19][0xd0][0x98]%[0xdb]a[0xbc][0xa4][0xd8]Y}E[0xa9]v:OR:[0xb0][0xba][0xa5]5@^J#[0xe2][0x80]b7[0xcc])[0xc8][0xea][0xc4][0x16][0xad][0x1][0x98][0xa3][0xb2][0x16][0xb0][0xd1][0x91][0x8][0xa3][0x16][0xc9]n[0x8c]T[0x94][0xbc][0x8]J[0x10][0x8e]jT[0xc2][0x1c]E[0xb7][0xd3].[0x92]B[0x18][0xb5][0x18]vC[0xaf][0xa4] {4+![0xbb]~RKP*[0x91][0xab][0x18][0x1]h[0x17][0xbf][0x99]a[0x87]\~[0xe1][0xf9][0xfe][0x94][0x2]X[0xc5][0xd2][0x0]-W:[0xe0]+[0x94][0x8e][0xfc][0x12];[0xeb][0xb8]C"[0x1][0xf6][0x3]Q[0xb6][0x11]vG[0xa0][0x80][0xd4]qn[0xdf][0xa3][0x11][0x9f][0x3][0xb8][0x8]1[0xc6][0xb9]:[0xa9][0x19]H*[0xd4][0xb0]+[0xf][\n]"
15:08:15.286 [main] DEBUG org.apache.http.wire -- http-outgoing-4 << "[0x2]H}[0xb5][0xcb][0x17];[0xa3][0x1][0xca][0xa4][0x15][0xc0][0x1c][0xb7][\n]"
15:08:15.286 [main] DEBUG org.apache.http.wire -- http-outgoing-4 << "[0xa4]j:[0x10]x[0xf7][0x94][0xcf][0x85][0xe4][0x82][0x9c][0xaf][0xeb][0x1d]Ew[0x1][0xc9][0x80]o[0xdd][0x1b][0x90]/[0xea]@[0xfe][0xcb][0xbf][0xb0][0xa7][0x18][0xc0][0xaa][0xe][0xbb][0xec]'![0xe7]:[0xad]OB\[0x89][0x8a][0xdb][0xc8][0x80][0x9f]52[0x90][0xaf][0x1a][0x5][0x10][0xd7][0xe1]7[0xc3][0xb]H[0x3]R[0xc7][0x83][0xc8]bO[0xa2][0x8c]3[0xab]]![0x16][0x90]V[0x0][0xc8][0x4]l[0xce]Jv'[0x82][0x82][0x14][0x0][0x92][0x81]@ge[0xfb]j[0x9b][0x80][0x14]@M[0xaf]bw[0x9e]*[0x8]PHZ[0x1]T[0x17]V[0x0][0xfa]d[0x5]P[0xe9][[0x1]$3W[0x0]U[0xf7]U[0xed][0xab]O[\n]"
15:08:15.286 [main] DEBUG org.apache.http.wire -- http-outgoing-4 << "[0x2]D[0x90][0xcb]osV[0x10] [0x82]\[\r]([0xb8][0xaf]f[0xf7]&*[0x8][0x10][0x1b]\[0x10][0xe0][0x97][0x10]>[0xf9][0xf2]/[0x97]*[0x8][0xe0]N[0xaf]n[0xb7][0xd1][0x9][0xc8][0xb0]{[0xea][0x15][0x4][0x8]1[0xd6] [0x94][0x12][0x11][0x9b][0xaf]1[0x89][0xcf][0x99][0xc0][0x1][0x1c]@[0xee]~M[0xc2][0xb5][0x98][0x80][0xe3][0xb7][0x16]P[0xa3]\[0x8b][0xb0];~o[0xa0][0x82][0xd8][0x1d][0xd3][0x12]b{[0x5]_[0x9e][0x9f]?[0xfc]d[0xd4][0xde][0xb4][0x9d][0xf9][0x99][0xff][0x1d][0xe2][0x8b][0xc9][0xce][0x8]?[0xad], ~[0xf4][0xa6] [0xc0][0xe7]T?,[0xde]![0xcd]nEW[0x10]{0[0x82][0x80][0xf8][0x83]<[0x14][0xc4][0xaf][0x9b][0xed][0x90][0x9]lq[0xe][0xfb][0x16][0x96][0x80]t[0xbf][0xb7]e[0x87],[0xbf]:[0xba]A[0x8a]?[0xce]M@[0xc2][0x8f][0xf2][0x5][0xc4][0xcf][0xc1][0xec][0x10]?[0x2][0xdc][0x18]w[0xf4][0x12]n[0x8c];z[0xb]v[0x86]_6[0xd8][0x18]}[0x9c]K[0xfc]:W[0xf3]%[0xd9][0x97][0x96]v[0xc6][0x1d]A[0xe8][0xc6][0xb8][0xa3]([0xbb]3[0xec][0xab][0xa9][0x1b]#[0xb2]=[0xd3]ng[0xb4]~[0xfc]-[0xf5][0x8e]^[0xf8][0x8d][0x91]}[0xef]wc[0x84][0x1f][0xf3]m[0x8c]zn[0xac][0xea][0xf0][0xfb][0xb6]6[0xc6][0xf4][0xf3]a[0x1b][0xc3][0xbf]U[0xb3]1[0xda][0x1d]y[0xb9][0x8d]qGJ{c[0x14]?A[0xbf]1[0xea][0xf9][0xd9]o[0xf3][0xdc]p[0xf7][0xe4]w[0xc1]m[0x8c][0xec][0xc7][0xf2];[0xc3][0xf]G6F9[0xdf][0xdb][0xee][0xdf]6[0xde][0x19]w[0xd4][0xd6]6[0xc6]8[0x97][0xb1]>[0xfc]~[0x81][0x8d]1[0xcf]mC_~rdg[0x9c][0xfb][0xe]}[0xf9]YR[0xc1][0x0][0xd6][0xe3][0xdc]V[0x8e]t[0xae]O[0x7][0x10][0xaa][0x8e]t.[0xeb]#[0xf9]9[0xe3][0x9d][0xe1]g[0xf1]6F[0xb6]gZ[0x8][0xc6][0xb9][0xbf]~1[0xce][0xf7][0xd6][0x9f]([0xb3]3[0x8a][0x9f][0xfc][0xde][0x19][0xe7][0xfa][0xe3][\n]"
15:08:15.286 [main] DEBUG org.apache.http.wire -- http-outgoing-4 << "[0xb7][0xcf][0x19][0xf5]<[0xa3]2* [0x1f][0x15]X[0xd3][\n]"
15:08:15.286 [main] DEBUG org.apache.http.wire -- http-outgoing-4 << "[0xc8][0xd8][0x1d][0xd5][0x91][0x8d][0xe1]O[0xf2][0xdd][0x19][0xfd]<[0xab]s1[0xce][0xcf]K[0x7][0xe4][0xa3][0xfb]7[0xb9]6[0xc6]8[0xcf]^[0x8c][0xe1][0xdf][0xfa][0xdb][0x19][0xe7][0xbe][0xd4][0x98][0xe7]v[0xcc][0xf3][0x98]p,[0xff][0xae][0xf6][0xce][0x0][0xce][0x1c][0xe0][0xc3][0x8c]u[0x9e][0xcb][0x99][0x80][0xdd][0x9f][0xc9][0xef][0xd6][0xd8][0x19][0xe7]q[0xf6][0xcc][0xfe][0xdd][0xb1][0x9d]qn_f[0xb6][0xa7][0x5][\n]"
15:08:15.286 [main] DEBUG org.apache.http.wire -- http-outgoing-4 << "[0xc6][0xb9][0x8c][0xcd][0xe2][0xd7][0xcb]6F[0xf8][0xed]<;[0xe3][0xbc]n0[0xab]_[0xe7][0xda][0x18][0xfe]@-[0xc5]8[0x97][0xd3]v[0x1e][0x8b][0xcd][0xe][0xc8][0xfa]8[0xcf][0x8f][0xcd]q[0x1e]GM[0xc0]6[0xcc];[0x1a]%[0x5][0xe3]\[0x9f]N[0xe0][0xbc][0xcc]s[0xdf][0xf2][0xfa][0xf3]|=[0x96]=[0xe3]L0[0xec][0xf9]s[0x82][0xe1][0xdf][0x88][0xfc][0xc6]J[0xe7][0xbe][0xf6][0x2]b[0xd3][0x95][0xfc][0xb9][0x12];[0x3]X[0x8f];&[0x99][0x8][0xc6][0xf9]z[0x94]|,c[0xab][0xd8][0x13][0x1b][0x5][0xe3][0xfc][0xbc]\[0x8c]c[0x9d]|[0xb9][0xa7][0xe7][0xdf][0x12][0xe7]q[0xf6][0xba][0xe3][0x92][0xd2][0xce]8[0xaf][0xad][0xad][0xe6][0xf7]i[0xef][0x8c]q.[0xa7]w\[0x95][0xda][0x18][0x1d]8/wt[0xa8][0x9][0xc6][0xb9][0x9c]v[0xbf][0x8d]jc\[0xce][0xc3]1[0xc3][0xaf][0xdf]>}[0xfd][0xf8][0xe5][0xf3][0xed][0xd3][0xff]([0xeb][\n]"
15:08:15.286 [main] DEBUG org.apache.http.wire -- http-outgoing-4 << "[0xa2][0xde][0xb9]K[0xaa][0x10]~[0x11]XR[0xec][[0x8a][0x92]b[0xb][0xbc][0xa6][0xb8][0xa6]JQ[0xfc][0xa9][0x91][0x92]b[0xa7][0x96][0x15][0xa5][0xd8][0x5]PI[0xb1][0xdb][0x1f]$[0xc5].[0xd8])J[0xd8])"I[0xb1][0x9d]gI[0xb1][0xe7]kk[\n]"
15:08:15.286 [main] DEBUG org.apache.http.wire -- http-outgoing-4 << "!/a[0x87]X[0x8a][0xe2][0xdf][0xc1]T[0x94]f[0xab]}I[0xb1][0x95][0xa5][0xa2][0xf8][0xad]Y[0x8a]2l[0xa3],)v[\n]"
15:08:15.286 [main] DEBUG org.apache.http.wire -- http-outgoing-4 << "LR[0xec][0xa9][0x8][0x8a][0xe2][0xbf][0xc3]#)[0xc4]F[0xfb]VQR[0x10][0xd1][0xf5];5$[0xc5][0xbe]t$([0x80]n)[0xfe][0xbd]]I[0xb1][0xdd]|I[0xb1][0x93]/[0x92]b_[0x99][0xd5][0x14][0xc0][0x16][0x95]d[0xa7][0xa3]%[0x5][0xf9])v[0x1b][0xb9][0xa2][0xf8]1[0xb2][0xa4][0x10][0xca][0xb2][0xf8]s[0xfc]%[0xc5][0xbe][0xab]([0xc5][0x9e][0xae]&)[0x84]3V[0xc2][0xbe][0x80][0xa4])[0x84][0xd4][0xf9]M[0xf6][0x92][0x82][0xa8][0x97]j[0xe7][0xee]$[0xc5][0xce][0x98]K[\n]"
15:08:15.286 [main] DEBUG org.apache.http.wire -- http-outgoing-4 << "q"
15:08:15.287 [main] DEBUG org.apache.http.wire -- http-outgoing-4 << "[0x0][0xaa][0xdd](#)v[0xd8][0xaa]([0xfe][0xd3]c[0x92]B[0xac]m[0xb3][0xaf]x)J'[0xdc][0x9f][0xe2][0x8f][0xdc][0x92][0x14]D_vD[0xd3][0xd9]E|[0x9]!"[0x9a]2[0x98][0xf][0xb2][0xd3]G[0x8a]2[0x11][0xc3]hW'[0x15]d[0xd9]u0A[0x89]d[0x8f]O[0x90][0x14][0xbb][0x1f]PQ[0xfc]W'%[0xc5][0xae]CI[0x8a]}[0x9]GR[0xec][0x91]s[0x92]B[0x1c][0xa3];[0x9e][0xe3][0x94][0x14][0xbb]CYR[0x88][0x9f][0x2][0xc4]EQ[0xec][0xa1]9[0x92]BD[0xe2]Q[0xed]b[0xb0][0xa4][0xd8]m[0xe8][0x92]B[0x98][0xa2][0xf0][0xc7][0x1c]J[0x8a]=[0x9c]EQ:[0xe1][0x16]FG[0xe][0xb4]}KR[0xec][0x8b]u[0x8a][0x82]d[0x91][0xc2]/[0xfe]K[\n]"
15:08:15.287 [main] DEBUG org.apache.http.wire -- http-outgoing-4 << "[0xa2]\[0x16]"[0xbb][0xfe][0x3][0x9d][0x82]r[0x1d]i[0xe0][0x8b]j"[0x1c][0xe6][0x9a][0x88]8[0xa2][0x12][0x89][0xa4][0x9a][0xed]{a[0x8a][0xe2]Wj%[0x5][0xf8][0xa0]f[0xdf][0xc9][0x92][0x10][0xe0]s[0xfc][0xaa][0xb1][0x82][0xd8]m[0x16][0x2][0xd2][0x89][0xd2][0xca] [0xe2][0x90]iw5+[0x8][0x91][0xfa][0x99]v[0x1f][0x8d][0x82][0x10]z[0x1f][0xc9]L[0x13])[0x5][0xbf][0x95]WA[0xdc][\r][0xfe][0xfc][0xfe][0xf3]?~>[0xce][0xb5]r[0xa9][0xf5][0xc7][0xdc][0xb][0x82]A@le[0xa2] vQ^A[0xec][0x84][0x9c][0x82][0xd8]%y[0x1][0xb1][0xcd][0xa8]b[0xd8]>[0x8a][0x82][0xd8]n[0x81][0x82][0x0][0xe2]Z[0xec][0xc7][0x9e][0x14][0xc4].\+[0x88][0xdd][0x88]" a[0xe7]![0x14][0xc4][0xf6][0xab][0x15][0xc4][0xbe][0xb], vO[0x9d]b[0x10];\mc! v[0x5]F1[0xec][0x99]O[\n]"
15:08:15.287 [main] DEBUG org.apache.http.wire -- http-outgoing-4 << "[0x2]l[0x8d]?.MA[0x80][0x13]l7j([0x86]k[0x81][0x5][0xc3][0x8e]FA[0x8]a][0xf6]3U;[0xa4]$[0xe0][0x97][0x94][0x4][0x88]|I[0xf6]M[0x16][0x1][0xc9]v!JB[0x80]5[0xf1];[0xd1][0x14][0xc4]n[0xfe][0x12][0x90]b7g([0xc8][0xb9].)[0x5]8[0xc3][0xa5][0xd8]%{[0x1][0x9][0xbb][0xbd]I@[0xfc]g[0x9c][0x14][0xc4]n[0xcc][0x10][0x10]`Y[0x9b][0x1d]*[0x8]`[0xc8]K[0xb7][0x13][0xbb][\n]"
15:08:15.287 [main] DEBUG org.apache.http.wire -- http-outgoing-4 << "B[0xac]I'[0x14]l[0xb7][0xa7][0x82])[0x88][0xdd][0x89]- [0xfe][0xeb]B[\n]"
15:08:15.287 [main] DEBUG org.apache.http.wire -- http-outgoing-4 << "b[0xa7]t[0x15][0xc4][0xce]\*[0x8][0x10][[0x14]?[0x13][0xab] [0x84][\r][0x9d][0x80]7[0xee][0x97]J[0x5][0xc3][0xae][0xfc]J[0x6][0xf1]C[0xec][0xeb])[\n]"
15:08:15.287 [main] DEBUG org.apache.http.wire -- http-outgoing-4 << "[0x2]8[0xd2][0xc5][0x9f]6[0xba]C[0xc2][0x89]\A[0x0][\r][0x1b][0x9][0xb0][0xc3][0x91][0x1][0xbd][0x16][0xfe][0xb3]$[0x2]R[0x80]`8[0x0][~1[0xce][0xf5]@[0x10]g8[0x2]p[0x83][0xc3][0xaf];+[0x8][0xa0]`/[0x8] &ag[0x93][0x15][0x4][0x8]e[0xef]x[0xfe]PA[0x80]<RT[0xc0]M[\n]"
15:08:15.287 [main] DEBUG org.apache.http.wire -- http-outgoing-4 << ""[0xf3][0x12][\r][0xc8][0xad][0x85][0xff][0x1e][0x8f][0x82][0x0][0x19][0x8f][0x18][0x80][0xeb][0x18][0x13][0xc8][0x8f][0xc7]$[0xb4][0xa3]}[0xd9]T2[0xce][0xcd]y,B[0x13],{[0xe][0xc9][0xe][0xa9][0xfe]@[0x14][0x5][0xb1];[0x81]%[0xe4]\[0x13][0xd4]d[0xdf]I[0x11][0x90][0xc][0x9c][0xbf]JT/[0xaa]M[A[0xec][0xeb][0xe][\n]"
15:08:15.287 [main] DEBUG org.apache.http.wire -- http-outgoing-4 << "b[0xf7]c[\n]"
15:08:15.287 [main] DEBUG org.apache.http.wire -- http-outgoing-4 << "H[0xd8][0xd3][0xdd][0x14][0x4][0x8]"+[0xa0]Mj[0x5][0xe4][0x15][0xd0][0xaf][0xd5][0xee]f[0x13][0xc][0xff][0xd5][0xb][0x1][0xb1][0xfb];[0x14][0x3]8[0xbf][0x13]p[0xc7]+`+.[0x6][0xa0][0xa1]'[0xb1][0xac][0xcb][0x9e];[0xa1] [0x84][0xb4][0xda][0xed][0x3][0x8a][0x1]HI#J[0x6]-[0xdb]m[0x8a][0x2]R[0x1][0x7][0xa9][0x11]5[0xbf][0xe6][0xbf][0xa0][0xaa] @[\n]"
15:08:15.287 [main] DEBUG org.apache.http.wire -- http-outgoing-4 << "[0xa8]u[0xbb]CKB[0x80]5[0xe9][0x80][0x9b][0xe5][0xf7]V[0x9][0xc6]@ [0x80][0xfb][0xda][0x80][0x98][0xad][0x1][0xf9][0x81][0x8b]q[0xae][0x1a][0xdb][0x2][0xec][0xb8][0xff][0xb8][0x98]b[0x0]Jm[0x1][0xcb][0xda][0x13][0x90]l[0x4]Lp[0x7]|[0x92]a[0xf]#[0x10][0xc][0xfb]V[0x88]`[0x0]B6[0x80][0xcc][0x8f]9K0[0xec][0x96][0xe2][0x9d]1[0xed][0xf9][0x86][0x82]q~[0xe6][0x0]?b[0x2]Y0[0xc2]O$[0xb2][0x1][0xcb][0x1e][0xc7][0xf3][0xed][0xcb][0xf3][0xcb][0xcb][0xf5][0x97]O[0x9f]~[0xfd]q[0x93][0xf7][0xfe][0xff][0xfd][0xdd][0xfe]3[0xd9]c[0x95][0xff][0xfe][0xf8][0xe5]oO[0xfc][0xf7]#[0xe6][0xe5][0x17][0x8e][0x1f][\r][0x8c][0xae][0xde]P[0x10][0xbb][0x8d]CA[0xec]}U[0x10][0xbb]@( [0xfe][0xac]X[0x1][0xf1][0x87][0x15]([0x88]][0xa1]W[0x10];[0xe1][0xab] [0xb6]NV[0x10]W[0xe4][0x15][0xc3][0xf6][0x1e][0x4]$[0xec]|[0x93][0x82][0xd8][0xbd][0xbf][\n]"
15:08:15.287 [main] DEBUG org.apache.http.wire -- http-outgoing-4 << "b[0xe7][0xc0][0x15][0xc4]NZ)[0x88][0x9d][0xb4][0x12][0x90]J[0x8]l[0xb5][0xfd][0x10][0x5]!~[0x88][0xdd]".![0xc0][0xe6]T[0xdb]`)[0x8]!k[0xb6]_[0xa5][0x18]v[0xd0][0xab] [0xc4][0xb2][0x2][0xab][0xda][0xec]k[0x93][\n]"
15:08:15.287 [main] DEBUG org.apache.http.wire -- http-outgoing-4 << "B,k[0xb3]/y[0x8][0x88]?[0xbc]Q@[0xfc]'}[0x5][0xc4][0xce][0x16])[0x86][0xfd][0x4][0xa7][0x82][0xd8][0xc3][0xc8][0x14][0x84][0xf0]L[0x16][0xa1]^[0x97][0xdd][0xea][0xaa] vQNA[0xec]R[0x98][0x82][0xd8])}[0x5]![0x4]v[0xd9]Y[0xc5][0x1d]R[0xfc][0x7][0x13][0x14][0x4][0x90][0xd8][0x92][0x81][0xf8][0xa2][0x10]v[0xb8][0x0][0x2][[0x8a]]NS[0x10]@'[0x15][0x8c][0xb3][0x82][0x0]np[0xf1][0xbb]}[0x14][0x4][0x8]/J[0x0][0x87][0xb8][0x4][0xa0]b[0x8b][0xdf][0xf7] ![0x80][0xc4][0x9e][[0xae][0xe2][0xbf][0x1e])![0x80]2[0xa9][0x80][0x83]S[0xaa][0xfd][0xa0][0x84][0x84][0x0]B[0xdf][0xec][0x8b][0xf5][\n]"
15:08:15.287 [main] DEBUG org.apache.http.wire -- http-outgoing-4 << "B[0xa8][0xa4]F[0x8][0xbd][0x9f]N[0x17][0x90]N[0xd8][0xb][0xbf]u^A[0x88][0xaf][0xb1]/[0x8e])[0x8][0xa1][0x7][0x86][0xfd][0xf4][0x88][0x82][0xd8][0x1d]n[\n]"
15:08:15.287 [main] DEBUG org.apache.http.wire -- http-outgoing-4 << "[0x2]$[0x81][0xca][0xb0]_[0xb9]P[0x10]`s[0xa6][0xdd][0xcd][0xa5] [0x84]G[0xe0]?[0x84][0xb2]C"[0xd9][0xf7][0x9b][0x14][0xc4]~[0xe2]JA[0x0]5[\r]D[0x6][0x91][0xed][0xc9][0x85][0x12]r.[0xae]Ad>[0xc3][0xbf][0xca]* [0x5][0xd0][0xaf]Q[0xec][0xbb]<[0x2][0xe2][0xbf][0xfc][0xa5] [0x0][0xc3][0xef]+[0x93][0x90]s[0x87][0xe0][0x8e][0x9a][0x90][0x82][0x0]RB[0xac]H[0xb3]K[0x8e][0x2]B[0xf8][0x14][0xe1][0xcf][0x1e][0x15][0x90]a[0xdf][0x16]Q[0x10][0xbb][0x1a], ~[0x8b][0xb8][0x82][0xd8]M[0x9d][\n]"
15:08:15.287 [main] DEBUG org.apache.http.wire -- http-outgoing-4 << "[0xb2][0x80][0xdd][0xf1]_[0xdd]T[0x10]@[0xad][0xd5]d[0xdf]B[0x95][0x90][0xf3]-[0x6]r&[0xfe][0x90]C[0xc1][0xb0][0x87][0x13][0xee][0xc]{.[0xdb][0x8e][0xe8][0x80][0xbc]w[0xbb][0xa5]S0[0x80][0xaa][0xc5][0x0][0x12][0xb8][0x3][0xc8][0xc][0x10]N[0xf8][0x0][0x14][0xbc][0xdf][0xda]"[0x18][0xf6][0xa0].[0xc1][0x0][0xdc][0xf8]iw[0xfa][0xed][0xc][0xfb]e[0xe][0x81]8[0x97][0xd2][0x5]([0xa0][0x9f][0x1a][0xf9][0xcf][0xbf]<[0xdc]^[0x1e]_[0xbe][0xdf][0x1e][0xde]<[0xdc][0xbe][0xff][0xf6][0xdb][0xd3][0xed][0xf6][0xf0][0xaf]"
15:08:15.287 [main] DEBUG org.apache.http.wire -- http-outgoing-4 << "[0x3]F`[0xe4][0x93][0xd9][0x0][0x0]"
15:08:15.287 [main] DEBUG org.apache.http.impl.conn.DefaultManagedHttpClientConnection -- http-outgoing-4: Close connection
15:08:15.303 [main] DEBUG org.apache.http.impl.execchain.MainClientExec -- Connection discarded
15:08:15.304 [main] DEBUG org.apache.http.impl.conn.PoolingHttpClientConnectionManager -- Connection released: [id: 4][route: {s}->https://dog.ceo:443][total available: 0; route allocated: 0 of 5; total allocated: 0 of 10]
15:08:15.304 [main] DEBUG org.apache.http.impl.conn.PoolingHttpClientConnectionManager -- Connection manager is shutting down
15:08:15.304 [main] DEBUG org.apache.http.impl.conn.PoolingHttpClientConnectionManager -- Connection manager shut down
15:08:15.304 [main] DEBUG com.intuit.karate -- response time in milliseconds: 432
1 < 200
1 < Date: Tue, 22 Jul 2025 18:08:30 GMT
1 < Content-Type: application/json
1 < Connection: keep-alive
1 < Server: cloudflare
1 < X-Powered-By: PHP/8.1.32
1 < Access-Control-Allow-Origin: *
1 < Via: 1.1 varnish (Varnish/6.3), 1.1 varnish (Varnish/6.3)
1 < Cache-Control: max-age=1800
1 < X-Cache-Age: 3669
1 < X-Cache-Hits: 30
1 < X-Cache: HIT
1 < Accept-Ranges: bytes
1 < Age: 0
1 < Vary: Accept-Encoding
1 < Nel: {"report_to":"cf-nel","success_fraction":0.0,"max_age":604800}
1 < Cf-Cache-Status: DYNAMIC
1 < Report-To: {"group":"cf-nel","max_age":604800,"endpoints":[{"url":"https://a.nel.cloudflare.com/report/v4?s=EJUD5wYfXTeutBX9kg%2BWL%2FzebJ8wTGdXIzr0tSAGCYDiGg0yMRLl9YqCLhH5AKRrnXvzD5h6%2BG8bky%2BLquTnwlN5zk9cOiw%3D"}]}
1 < CF-RAY: 9634e2395fb9f502-GRU
1 < alt-svc: h3=":443"; ma=86400
{"message":["https:\/\/images.dog.ceo\/breeds\/hound-afghan\/n02088094_1003.jpg","https:\/\/images.dog.ceo\/breeds\/hound-afghan\/n02088094_10263.jpg","https:\/\/images.dog.ceo\/breeds\/hound-afghan\/n02088094_10715.jpg","https:\/\/images.dog.ceo\/breeds\/hound-afghan\/n02088094_10822.jpg","https:\/\/images.dog.ceo\/breeds\/hound-afghan\/n02088094_1128.jpg","https:\/\/images.dog.ceo\/breeds\/hound-afghan\/n02088094_1145.jpg","https:\/\/images.dog.ceo\/breeds\/hound-afghan\/n02088094_115.jpg","https:\/\/images.dog.ceo\/breeds\/hound-afghan\/n02088094_1150.jpg","https:\/\/images.dog.ceo\/breeds\/hound-afghan\/n02088094_11570.jpg","https:\/\/images.dog.ceo\/breeds\/hound-afghan\/n02088094_11584.jpg","https:\/\/images.dog.ceo\/breeds\/hound-afghan\/n02088094_1186.jpg","https:\/\/images.dog.ceo\/breeds\/hound-afghan\/n02088094_11953.jpg","https:\/\/images.dog.ceo\/breeds\/hound-afghan\/n02088094_1234.jpg","https:\/\/images.dog.ceo\/breeds\/hound-afghan\/n02088094_1259.jpg","https:\/\/images.dog.ceo\/breeds\/hound-afghan\/n02088094_12664.jpg","https:\/\/images.dog.ceo\/breeds\/hound-afghan\/n02088094_12879.jpg","https:\/\/images.dog.ceo\/breeds\/hound-afghan\/n02088094_12945.jpg","https:\/\/images.dog.ceo\/breeds\/hound-afghan\/n02088094_13145.jpg","https:\/\/images.dog.ceo\/breeds\/hound-afghan\/n02088094_13270.jpg","https:\/\/images.dog.ceo\/breeds\/hound-afghan\/n02088094_1335.jpg","https:\/\/images.dog.ceo\/breeds\/hound-afghan\/n02088094_13502.jpg","https:\/\/images.dog.ceo\/breeds\/hound-afghan\/n02088094_1357.jpg","https:\/\/images.dog.ceo\/breeds\/hound-afghan\/n02088094_1370.jpg","https:\/\/images.dog.ceo\/breeds\/hound-afghan\/n02088094_13879.jpg","https:\/\/images.dog.ceo\/breeds\/hound-afghan\/n02088094_13909.jpg","https:\/\/images.dog.ceo\/breeds\/hound-afghan\/n02088094_1406.jpg","https:\/\/images.dog.ceo\/breeds\/hound-afghan\/n02088094_1410.jpg","https:\/\/images.dog.ceo\/breeds\/hound-afghan\/n02088094_1459.jpg","https:\/\/images.dog.ceo\/breeds\/hound-afghan\/n02088094_1479.jpg","https:\/\/images.dog.ceo\/breeds\/hound-afghan\/n02088094_1592.jpg","https:\/\/images.dog.ceo\/breeds\/hound-afghan\/n02088094_1661.jpg","https:\/\/images.dog.ceo\/breeds\/hound-afghan\/n02088094_1724.jpg","https:\/\/images.dog.ceo\/breeds\/hound-afghan\/n02088094_173.jpg","https:\/\/images.dog.ceo\/breeds\/hound-afghan\/n02088094_1829.jpg","https:\/\/images.dog.ceo\/breeds\/hound-afghan\/n02088094_1882.jpg","https:\/\/images.dog.ceo\/breeds\/hound-afghan\/n02088094_1932.jpg","https:\/\/images.dog.ceo\/breeds\/hound-afghan\/n02088094_2062.jpg","https:\/\/images.dog.ceo\/breeds\/hound-afghan\/n02088094_2173.jpg","https:\/\/images.dog.ceo\/breeds\/hound-afghan\/n02088094_2458.jpg","https:\/\/images.dog.ceo\/breeds\/hound-afghan\/n02088094_251.jpg","https:\/\/images.dog.ceo\/breeds\/hound-afghan\/n02088094_2545.jpg","https:\/\/images.dog.ceo\/breeds\/hound-afghan\/n02088094_2626.jpg","https:\/\/images.dog.ceo\/breeds\/hound-afghan\/n02088094_2700.jpg","https:\/\/images.dog.ceo\/breeds\/hound-afghan\/n02088094_272.jpg","https:\/\/images.dog.ceo\/breeds\/hound-afghan\/n02088094_2738.jpg","https:\/\/images.dog.ceo\/breeds\/hound-afghan\/n02088094_2798.jpg","https:\/\/images.dog.ceo\/breeds\/hound-afghan\/n02088094_2803.jpg","https:\/\/images.dog.ceo\/breeds\/hound-afghan\/n02088094_305.jpg","https:\/\/images.dog.ceo\/breeds\/hound-afghan\/n02088094_3051.jpg","https:\/\/images.dog.ceo\/breeds\/hound-afghan\/n02088094_3057.jpg","https:\/\/images.dog.ceo\/breeds\/hound-afghan\/n02088094_3059.jpg","https:\/\/images.dog.ceo\/breeds\/hound-afghan\/n02088094_3080.jpg","https:\/\/images.dog.ceo\/breeds\/hound-afghan\/n02088094_3119.jpg","https:\/\/images.dog.ceo\/breeds\/hound-afghan\/n02088094_3159.jpg","https:\/\/images.dog.ceo\/breeds\/hound-afghan\/n02088094_3201.jpg","https:\/\/images.dog.ceo\/breeds\/hound-afghan\/n02088094_3233.jpg","https:\/\/images.dog.ceo\/breeds\/hound-afghan\/n02088094_3396.jpg","https:\/\/images.dog.ceo\/breeds\/hound-afghan\/n02088094_3400.jpg","https:\/\/images.dog.ceo\/breeds\/hound-afghan\/n02088094_3500.jpg","https:\/\/images.dog.ceo\/breeds\/hound-afghan\/n02088094_3564.jpg","https:\/\/images.dog.ceo\/breeds\/hound-afghan\/n02088094_357.jpg","https:\/\/images.dog.ceo\/breeds\/hound-afghan\/n02088094_3582.jpg","https:\/\/images.dog.ceo\/breeds\/hound-afghan\/n02088094_3588.jpg","https:\/\/images.dog.ceo\/breeds\/hound-afghan\/n02088094_3593.jpg","https:\/\/images.dog.ceo\/breeds\/hound-afghan\/n02088094_3629.jpg","https:\/\/images.dog.ceo\/breeds\/hound-afghan\/n02088094_3630.jpg","https:\/\/images.dog.ceo\/breeds\/hound-afghan\/n02088094_3653.jpg","https:\/\/images.dog.ceo\/breeds\/hound-afghan\/n02088094_3856.jpg","https:\/\/images.dog.ceo\/breeds\/hound-afghan\/n02088094_3858.jpg","https:\/\/images.dog.ceo\/breeds\/hound-afghan\/n02088094_392.jpg","https:\/\/images.dog.ceo\/breeds\/hound-afghan\/n02088094_3937.jpg","https:\/\/images.dog.ceo\/breeds\/hound-afghan\/n02088094_3944.jpg","https:\/\/images.dog.ceo\/breeds\/hound-afghan\/n02088094_3982.jpg","https:\/\/images.dog.ceo\/breeds\/hound-afghan\/n02088094_4037.jpg","https:\/\/images.dog.ceo\/breeds\/hound-afghan\/n02088094_4072.jpg","https:\/\/images.dog.ceo\/breeds\/hound-afghan\/n02088094_4143.jpg","https:\/\/images.dog.ceo\/breeds\/hound-afghan\/n02088094_4195.jpg","https:\/\/images.dog.ceo\/breeds\/hound-afghan\/n02088094_4230.jpg","https:\/\/images.dog.ceo\/breeds\/hound-afghan\/n02088094_4290.jpg","https:\/\/images.dog.ceo\/breeds\/hound-afghan\/n02088094_4307.jpg","https:\/\/images.dog.ceo\/breeds\/hound-afghan\/n02088094_4310.jpg","https:\/\/images.dog.ceo\/breeds\/hound-afghan\/n02088094_4352.jpg","https:\/\/images.dog.ceo\/breeds\/hound-afghan\/n02088094_4396.jpg","https:\/\/images.dog.ceo\/breeds\/hound-afghan\/n02088094_4434.jpg","https:\/\/images.dog.ceo\/breeds\/hound-afghan\/n02088094_4467.jpg","https:\/\/images.dog.ceo\/breeds\/hound-afghan\/n02088094_4501.jpg","https:\/\/images.dog.ceo\/breeds\/hound-afghan\/n02088094_4521.jpg","https:\/\/images.dog.ceo\/breeds\/hound-afghan\/n02088094_4598.jpg","https:\/\/images.dog.ceo\/breeds\/hound-afghan\/n02088094_472.jpg","https:\/\/images.dog.ceo\/breeds\/hound-afghan\/n02088094_4837.jpg","https:\/\/images.dog.ceo\/breeds\/hound-afghan\/n02088094_5080.jpg","https:\/\/images.dog.ceo\/breeds\/hound-afghan\/n02088094_515.jpg","https:\/\/images.dog.ceo\/breeds\/hound-afghan\/n02088094_5150.jpg","https:\/\/images.dog.ceo\/breeds\/hound-afghan\/n02088094_522.jpg","https:\/\/images.dog.ceo\/breeds\/hound-afghan\/n02088094_5381.jpg","https:\/\/images.dog.ceo\/breeds\/hound-afghan\/n02088094_5413.jpg","https:\/\/images.dog.ceo\/breeds\/hound-afghan\/n02088094_5436.jpg","https:\/\/images.dog.ceo\/breeds\/hound-afghan\/n02088094_5504.jpg","https:\/\/images.dog.ceo\/breeds\/hound-afghan\/n02088094_5927.jpg","https:\/\/images.dog.ceo\/breeds\/hound-afghan\/n02088094_60.jpg","https:\/\/images.dog.ceo\/breeds\/hound-afghan\/n02088094_6035.jpg","https:\/\/images.dog.ceo\/breeds\/hound-afghan\/n02088094_6241.jpg","https:\/\/images.dog.ceo\/breeds\/hound-afghan\/n02088094_6430.jpg","https:\/\/images.dog.ceo\/breeds\/hound-afghan\/n02088094_6485.jpg","https:\/\/images.dog.ceo\/breeds\/hound-afghan\/n02088094_649.jpg","https:\/\/images.dog.ceo\/breeds\/hound-afghan\/n02088094_6493.jpg","https:\/\/images.dog.ceo\/breeds\/hound-afghan\/n02088094_6690.jpg","https:\/\/images.dog.ceo\/breeds\/hound-afghan\/n02088094_688.jpg","https:\/\/images.dog.ceo\/breeds\/hound-afghan\/n02088094_7106.jpg","https:\/\/images.dog.ceo\/breeds\/hound-afghan\/n02088094_713.jpg","https:\/\/images.dog.ceo\/breeds\/hound-afghan\/n02088094_7146.jpg","https:\/\/images.dog.ceo\/breeds\/hound-afghan\/n02088094_7260.jpg","https:\/\/images.dog.ceo\/breeds\/hound-afghan\/n02088094_7683.jpg","https:\/\/images.dog.ceo\/breeds\/hound-afghan\/n02088094_7894.jpg","https:\/\/images.dog.ceo\/breeds\/hound-afghan\/n02088094_791.jpg","https:\/\/images.dog.ceo\/breeds\/hound-afghan\/n02088094_8063.jpg","https:\/\/images.dog.ceo\/breeds\/hound-afghan\/n02088094_8315.jpg","https:\/\/images.dog.ceo\/breeds\/hound-afghan\/n02088094_8465.jpg","https:\/\/images.dog.ceo\/breeds\/hound-afghan\/n02088094_890.jpg","https:\/\/images.dog.ceo\/breeds\/hound-afghan\/n02088094_907.jpg","https:\/\/images.dog.ceo\/breeds\/hound-afghan\/n02088094_908.jpg","https:\/\/images.dog.ceo\/breeds\/hound-afghan\/n02088094_913.jpg","https:\/\/images.dog.ceo\/breeds\/hound-afghan\/n02088094_980.jpg","https:\/\/images.dog.ceo\/breeds\/hound-afghan\/n02088094_986.jpg","https:\/\/images.dog.ceo\/breeds\/hound-afghan\/n02088094_988.jpg","https:\/\/images.dog.ceo\/breeds\/hound-basset\/n02088238_10005.jpg","https:\/\/images.dog.ceo\/breeds\/hound-basset\/n02088238_10013.jpg","https:\/\/images.dog.ceo\/breeds\/hound-basset\/n02088238_10028.jpg","https:\/\/images.dog.ceo\/breeds\/hound-basset\/n02088238_10051.jpg","https:\/\/images.dog.ceo\/breeds\/hound-basset\/n02088238_10054.jpg","https:\/\/images.dog.ceo\/breeds\/hound-basset\/n02088238_10063.jpg","https:\/\/images.dog.ceo\/breeds\/hound-basset\/n02088238_10072.jpg","https:\/\/images.dog.ceo\/breeds\/hound-basset\/n02088238_10095.jpg","https:\/\/images.dog.ceo\/breeds\/hound-basset\/n02088238_10102.jpg","https:\/\/images.dog.ceo\/breeds\/hound-basset\/n02088238_10110.jpg","https:\/\/images.dog.ceo\/breeds\/hound-basset\/n02088238_10113.jpg","https:\/\/images.dog.ceo\/breeds\/hound-basset\/n02088238_10129.jpg","https:\/\/images.dog.ceo\/breeds\/hound-basset\/n02088238_10140.jpg","https:\/\/images.dog.ceo\/breeds\/hound-basset\/n02088238_10142.jpg","https:\/\/images.dog.ceo\/breeds\/hound-basset\/n02088238_10288.jpg","https:\/\/images.dog.ceo\/breeds\/hound-basset\/n02088238_10338.jpg","https:\/\/images.dog.ceo\/breeds\/hound-basset\/n02088238_10358.jpg","https:\/\/images.dog.ceo\/breeds\/hound-basset\/n02088238_10451.jpg","https:\/\/images.dog.ceo\/breeds\/hound-basset\/n02088238_10473.jpg","https:\/\/images.dog.ceo\/breeds\/hound-basset\/n02088238_10510.jpg","https:\/\/images.dog.ceo\/breeds\/hound-basset\/n02088238_10592.jpg","https:\/\/images.dog.ceo\/breeds\/hound-basset\/n02088238_10682.jpg","https:\/\/images.dog.ceo\/breeds\/hound-basset\/n02088238_10741.jpg","https:\/\/images.dog.ceo\/breeds\/hound-basset\/n02088238_10753.jpg","https:\/\/images.dog.ceo\/breeds\/hound-basset\/n02088238_10757.jpg","https:\/\/images.dog.ceo\/breeds\/hound-basset\/n02088238_10870.jpg","https:\/\/images.dog.ceo\/breeds\/hound-basset\/n02088238_10932.jpg","https:\/\/images.dog.ceo\/breeds\/hound-basset\/n02088238_11113.jpg","https:\/\/images.dog.ceo\/breeds\/hound-basset\/n02088238_11124.jpg","https:\/\/images.dog.ceo\/breeds\/hound-basset\/n02088238_11136.jpg","https:\/\/images.dog.ceo\/breeds\/hound-basset\/n02088238_11148.jpg","https:\/\/images.dog.ceo\/breeds\/hound-basset\/n02088238_11200.jpg","https:\/\/images.dog.ceo\/breeds\/hound-basset\/n02088238_11223.jpg","https:\/\/images.dog.ceo\/breeds\/hound-basset\/n02088238_11281.jpg","https:\/\/images.dog.ceo\/breeds\/hound-basset\/n02088238_11339.jpg","https:\/\/images.dog.ceo\/breeds\/hound-basset\/n02088238_11383.jpg","https:\/\/images.dog.ceo\/breeds\/hound-basset\/n02088238_11505.jpg","https:\/\/images.dog.ceo\/breeds\/hound-basset\/n02088238_11511.jpg","https:\/\/images.dog.ceo\/breeds\/hound-basset\/n02088238_11522.jpg","https:\/\/images.dog.ceo\/breeds\/hound-basset\/n02088238_11542.jpg","https:\/\/images.dog.ceo\/breeds\/hound-basset\/n02088238_11635.jpg","https:\/\/images.dog.ceo\/breeds\/hound-basset\/n02088238_11846.jpg","https:\/\/images.dog.ceo\/breeds\/hound-basset\/n02088238_11849.jpg","https:\/\/images.dog.ceo\/breeds\/hound-basset\/n02088238_11917.jpg","https:\/\/images.dog.ceo\/breeds\/hound-basset\/n02088238_12160.jpg","https:\/\/images.dog.ceo\/breeds\/hound-basset\/n02088238_12196.jpg","https:\/\/images.dog.ceo\/breeds\/hound-basset\/n02088238_12427.jpg","https:\/\/images.dog.ceo\/breeds\/hound-basset\/n02088238_12469.jpg","https:\/\/images.dog.ceo\/breeds\/hound-basset\/n02088238_12555.jpg","https:\/\/images.dog.ceo\/breeds\/hound-basset\/n02088238_12563.jpg","https:\/\/images.dog.ceo\/breeds\/hound-basset\/n02088238_1261.jpg","https:\/\/images.dog.ceo\/breeds\/hound-basset\/n02088238_12966.jpg","https:\/\/images.dog.ceo\/breeds\/hound-basset\/n02088238_12974.jpg","https:\/\/images.dog.ceo\/breeds\/hound-basset\/n02088238_12997.jpg","https:\/\/images.dog.ceo\/breeds\/hound-basset\/n02088238_13036.jpg","https:\/\/images.dog.ceo\/breeds\/hound-basset\/n02088238_13079.jpg","https:\/\/images.dog.ceo\/breeds\/hound-basset\/n02088238_13199.jpg","https:\/\/images.dog.ceo\/breeds\/hound-basset\/n02088238_13373.jpg","https:\/\/images.dog.ceo\/breeds\/hound-basset\/n02088238_13439.jpg","https:\/\/images.dog.ceo\/breeds\/hound-basset\/n02088238_13608.jpg","https:\/\/images.dog.ceo\/breeds\/hound-basset\/n02088238_13683.jpg","https:\/\/images.dog.ceo\/breeds\/hound-basset\/n02088238_13709.jpg","https:\/\/images.dog.ceo\/breeds\/hound-basset\/n02088238_13799.jpg","https:\/\/images.dog.ceo\/breeds\/hound-basset\/n02088238_13847.jpg","https:\/\/images.dog.ceo\/breeds\/hound-basset\/n02088238_13908.jpg","https:\/\/images.dog.ceo\/breeds\/hound-basset\/n02088238_1454.jpg","https:\/\/images.dog.ceo\/breeds\/hound-basset\/n02088238_1731.jpg","https:\/\/images.dog.ceo\/breeds\/hound-basset\/n02088238_1944.jpg","https:\/\/images.dog.ceo\/breeds\/hound-basset\/n02088238_2009.jpg","https:\/\/images.dog.ceo\/breeds\/hound-basset\/n02088238_2217.jpg","https:\/\/images.dog.ceo\/breeds\/hound-basset\/n02088238_2574.jpg","https:\/\/images.dog.ceo\/breeds\/hound-basset\/n02088238_2646.jpg","https:\/\/images.dog.ceo\/breeds\/hound-basset\/n02088238_2674.jpg","https:\/\/images.dog.ceo\/breeds\/hound-basset\/n02088238_2686.jpg","https:\/\/images.dog.ceo\/breeds\/hound-basset\/n02088238_3066.jpg","https:\/\/images.dog.ceo\/breeds\/hound-basset\/n02088238_3079.jpg","https:\/\/images.dog.ceo\/breeds\/hound-basset\/n02088238_3359.jpg","https:\/\/images.dog.ceo\/breeds\/hound-basset\/n02088238_3475.jpg","https:\/\/images.dog.ceo\/breeds\/hound-basset\/n02088238_3579.jpg","https:\/\/images.dog.ceo\/breeds\/hound-basset\/n02088238_363.jpg","https:\/\/images.dog.ceo\/breeds\/hound-basset\/n02088238_3778.jpg","https:\/\/images.dog.ceo\/breeds\/hound-basset\/n02088238_4182.jpg","https:\/\/images.dog.ceo\/breeds\/hound-basset\/n02088238_4365.jpg","https:\/\/images.dog.ceo\/breeds\/hound-basset\/n02088238_4374.jpg","https:\/\/images.dog.ceo\/breeds\/hound-basset\/n02088238_490.jpg","https:\/\/images.dog.ceo\/breeds\/hound-basset\/n02088238_517.jpg","https:\/\/images.dog.ceo\/breeds\/hound-basset\/n02088238_5239.jpg","https:\/\/images.dog.ceo\/breeds\/hound-basset\/n02088238_5441.jpg","https:\/\/images.dog.ceo\/breeds\/hound-basset\/n02088238_600.jpg","https:\/\/images.dog.ceo\/breeds\/hound-basset\/n02088238_6012.jpg","https:\/\/images.dog.ceo\/breeds\/hound-basset\/n02088238_6017.jpg","https:\/\/images.dog.ceo\/breeds\/hound-basset\/n02088238_6035.jpg","https:\/\/images.dog.ceo\/breeds\/hound-basset\/n02088238_6161.jpg","https:\/\/images.dog.ceo\/breeds\/hound-basset\/n02088238_6532.jpg","https:\/\/images.dog.ceo\/breeds\/hound-basset\/n02088238_657.jpg","https:\/\/images.dog.ceo\/breeds\/hound-basset\/n02088238_664.jpg","https:\/\/images.dog.ceo\/breeds\/hound-basset\/n02088238_665.jpg","https:\/\/images.dog.ceo\/breeds\/hound-basset\/n02088238_6707.jpg","https:\/\/images.dog.ceo\/breeds\/hound-basset\/n02088238_6708.jpg","https:\/\/images.dog.ceo\/breeds\/hound-basset\/n02088238_6812.jpg","https:\/\/images.dog.ceo\/breeds\/hound-basset\/n02088238_6988.jpg","https:\/\/images.dog.ceo\/breeds\/hound-basset\/n02088238_7131.jpg","https:\/\/images.dog.ceo\/breeds\/hound-basset\/n02088238_7181.jpg","https:\/\/images.dog.ceo\/breeds\/hound-basset\/n02088238_7232.jpg","https:\/\/images.dog.ceo\/breeds\/hound-basset\/n02088238_7233.jpg","https:\/\/images.dog.ceo\/breeds\/hound-basset\/n02088238_7553.jpg","https:\/\/images.dog.ceo\/breeds\/hound-basset\/n02088238_7741.jpg","https:\/\/images.dog.ceo\/breeds\/hound-basset\/n02088238_8140.jpg","https:\/\/images.dog.ceo\/breeds\/hound-basset\/n02088238_8480.jpg","https:\/\/images.dog.ceo\/breeds\/hound-basset\/n02088238_8520.jpg","https:\/\/images.dog.ceo\/breeds\/hound-basset\/n02088238_8839.jpg","https:\/\/images.dog.ceo\/breeds\/hound-basset\/n02088238_9015.jpg","https:\/\/images.dog.ceo\/breeds\/hound-basset\/n02088238_9025.jpg","https:\/\/images.dog.ceo\/breeds\/hound-basset\/n02088238_9154.jpg","https:\/\/images.dog.ceo\/breeds\/hound-basset\/n02088238_9162.jpg","https:\/\/images.dog.ceo\/breeds\/hound-basset\/n02088238_9257.jpg","https:\/\/images.dog.ceo\/breeds\/hound-basset\/n02088238_9267.jpg","https:\/\/images.dog.ceo\/breeds\/hound-basset\/n02088238_9292.jpg","https:\/\/images.dog.ceo\/breeds\/hound-basset\/n02088238_9324.jpg","https:\/\/images.dog.ceo\/breeds\/hound-basset\/n02088238_9332.jpg","https:\/\/images.dog.ceo\/breeds\/hound-basset\/n02088238_9351.jpg","https:\/\/images.dog.ceo\/breeds\/hound-basset\/n02088238_9360.jpg","https:\/\/images.dog.ceo\/breeds\/hound-basset\/n02088238_9372.jpg","https:\/\/images.dog.ceo\/breeds\/hound-basset\/n02088238_9419.jpg","https:\/\/images.dog.ceo\/breeds\/hound-basset\/n02088238_9446.jpg","https:\/\/images.dog.ceo\/breeds\/hound-basset\/n02088238_9467.jpg","https:\/\/images.dog.ceo\/breeds\/hound-basset\/n02088238_9486.jpg","https:\/\/images.dog.ceo\/breeds\/hound-basset\/n02088238_9529.jpg","https:\/\/images.dog.ceo\/breeds\/hound-basset\/n02088238_9585.jpg","https:\/\/images.dog.ceo\/breeds\/hound-basset\/n02088238_9590.jpg","https:\/\/images.dog.ceo\/breeds\/hound-basset\/n02088238_9595.jpg","https:\/\/images.dog.ceo\/breeds\/hound-basset\/n02088238_9600.jpg","https:\/\/images.dog.ceo\/breeds\/hound-basset\/n02088238_9626.jpg","https:\/\/images.dog.ceo\/breeds\/hound-basset\/n02088238_9635.jpg","https:\/\/images.dog.ceo\/breeds\/hound-basset\/n02088238_9691.jpg","https:\/\/images.dog.ceo\/breeds\/hound-basset\/n02088238_9701.jpg","https:\/\/images.dog.ceo\/breeds\/hound-basset\/n02088238_9717.jpg","https:\/\/images.dog.ceo\/breeds\/hound-basset\/n02088238_9751.jpg","https:\/\/images.dog.ceo\/breeds\/hound-basset\/n02088238_9778.jpg","https:\/\/images.dog.ceo\/breeds\/hound-basset\/n02088238_9787.jpg","https:\/\/images.dog.ceo\/breeds\/hound-basset\/n02088238_9789.jpg","https:\/\/images.dog.ceo\/breeds\/hound-basset\/n02088238_9797.jpg","https:\/\/images.dog.ceo\/breeds\/hound-basset\/n02088238_9815.jpg","https:\/\/images.dog.ceo\/breeds\/hound-basset\/n02088238_9841.jpg","https:\/\/images.dog.ceo\/breeds\/hound-basset\/n02088238_9922.jpg","https:\/\/images.dog.ceo\/breeds\/hound-basset\/n02088238_9960.jpg","https:\/\/images.dog.ceo\/breeds\/hound-basset\/n02088238_9986.jpg","https:\/\/images.dog.ceo\/breeds\/hound-basset\/n02088238_9993.jpg","https:\/\/images.dog.ceo\/breeds\/hound-basset\/n02088238_9994.jpg","https:\/\/images.dog.ceo\/breeds\/hound-blood\/n02088466_10083.jpg","https:\/\/images.dog.ceo\/breeds\/hound-blood\/n02088466_1015.jpg","https:\/\/images.dog.ceo\/breeds\/hound-blood\/n02088466_10309.jpg","https:\/\/images.dog.ceo\/breeds\/hound-blood\/n02088466_10331.jpg","https:\/\/images.dog.ceo\/breeds\/hound-blood\/n02088466_10335.jpg","https:\/\/images.dog.ceo\/breeds\/hound-blood\/n02088466_10408.jpg","https:\/\/images.dog.ceo\/breeds\/hound-blood\/n02088466_10506.jpg","https:\/\/images.dog.ceo\/breeds\/hound-blood\/n02088466_10545.jpg","https:\/\/images.dog.ceo\/breeds\/hound-blood\/n02088466_10724.jpg","https:\/\/images.dog.ceo\/breeds\/hound-blood\/n02088466_10773.jpg","https:\/\/images.dog.ceo\/breeds\/hound-blood\/n02088466_10831.jpg","https:\/\/images.dog.ceo\/breeds\/hound-blood\/n02088466_11398.jpg","https:\/\/images.dog.ceo\/breeds\/hound-blood\/n02088466_11623.jpg","https:\/\/images.dog.ceo\/breeds\/hound-blood\/n02088466_11936.jpg","https:\/\/images.dog.ceo\/breeds\/hound-blood\/n02088466_12003.jpg","https:\/\/images.dog.ceo\/breeds\/hound-blood\/n02088466_12353.jpg","https:\/\/images.dog.ceo\/breeds\/hound-blood\/n02088466_12388.jpg","https:\/\/images.dog.ceo\/breeds\/hound-blood\/n02088466_1262.jpg","https:\/\/images.dog.ceo\/breeds\/hound-blood\/n02088466_1473.jpg","https:\/\/images.dog.ceo\/breeds\/hound-blood\/n02088466_1555.jpg","https:\/\/images.dog.ceo\/breeds\/hound-blood\/n02088466_1563.jpg","https:\/\/images.dog.ceo\/breeds\/hound-blood\/n02088466_1671.jpg","https:\/\/images.dog.ceo\/breeds\/hound-blood\/n02088466_1983.jpg","https:\/\/images.dog.ceo\/breeds\/hound-blood\/n02088466_2030.jpg","https:\/\/images.dog.ceo\/breeds\/hound-blood\/n02088466_2332.jpg","https:\/\/images.dog.ceo\/breeds\/hound-blood\/n02088466_2908.jpg","https:\/\/images.dog.ceo\/breeds\/hound-blood\/n02088466_2934.jpg","https:\/\/images.dog.ceo\/breeds\/hound-blood\/n02088466_3184.jpg","https:\/\/images.dog.ceo\/breeds\/hound-blood\/n02088466_3568.jpg","https:\/\/images.dog.ceo\/breeds\/hound-blood\/n02088466_4054.jpg","https:\/\/images.dog.ceo\/breeds\/hound-blood\/n02088466_4178.jpg","https:\/\/images.dog.ceo\/breeds\/hound-blood\/n02088466_4385.jpg","https:\/\/images.dog.ceo\/breeds\/hound-blood\/n02088466_4445.jpg","https:\/\/images.dog.ceo\/breeds\/hound-blood\/n02088466_4749.jpg","https:\/\/images.dog.ceo\/breeds\/hound-blood\/n02088466_4825.jpg","https:\/\/images.dog.ceo\/breeds\/hound-blood\/n02088466_4907.jpg","https:\/\/images.dog.ceo\/breeds\/hound-blood\/n02088466_5025.jpg","https:\/\/images.dog.ceo\/breeds\/hound-blood\/n02088466_5131.jpg","https:\/\/images.dog.ceo\/breeds\/hound-blood\/n02088466_5212.jpg","https:\/\/images.dog.ceo\/breeds\/hound-blood\/n02088466_5432.jpg","https:\/\/images.dog.ceo\/breeds\/hound-blood\/n02088466_5898.jpg","https:\/\/images.dog.ceo\/breeds\/hound-blood\/n02088466_6096.jpg","https:\/\/images.dog.ceo\/breeds\/hound-blood\/n02088466_6126.jpg","https:\/\/images.dog.ceo\/breeds\/hound-blood\/n02088466_6160.jpg","https:\/\/images.dog.ceo\/breeds\/hound-blood\/n02088466_6231.jpg","https:\/\/images.dog.ceo\/breeds\/hound-blood\/n02088466_6413.jpg","https:\/\/images.dog.ceo\/breeds\/hound-blood\/n02088466_6532.jpg","https:\/\/images.dog.ceo\/breeds\/hound-blood\/n02088466_6712.jpg","https:\/\/images.dog.ceo\/breeds\/hound-blood\/n02088466_6775.jpg","https:\/\/images.dog.ceo\/breeds\/hound-blood\/n02088466_6834.jpg","https:\/\/images.dog.ceo\/breeds\/hound-blood\/n02088466_6901.jpg","https:\/\/images.dog.ceo\/breeds\/hound-blood\/n02088466_6963.jpg","https:\/\/images.dog.ceo\/breeds\/hound-blood\/n02088466_6972.jpg","https:\/\/images.dog.ceo\/breeds\/hound-blood\/n02088466_6974.jpg","https:\/\/images.dog.ceo\/breeds\/hound-blood\/n02088466_6984.jpg","https:\/\/images.dog.ceo\/breeds\/hound-blood\/n02088466_7007.jpg","https:\/\/images.dog.ceo\/breeds\/hound-blood\/n02088466_7015.jpg","https:\/\/images.dog.ceo\/breeds\/hound-blood\/n02088466_7032.jpg","https:\/\/images.dog.ceo\/breeds\/hound-blood\/n02088466_7046.jpg","https:\/\/images.dog.ceo\/breeds\/hound-blood\/n02088466_7091.jpg","https:\/\/images.dog.ceo\/breeds\/hound-blood\/n02088466_7121.jpg","https:\/\/images.dog.ceo\/breeds\/hound-blood\/n02088466_7162.jpg","https:\/\/images.dog.ceo\/breeds\/hound-blood\/n02088466_7167.jpg","https:\/\/images.dog.ceo\/breeds\/hound-blood\/n02088466_7195.jpg","https:\/\/images.dog.ceo\/breeds\/hound-blood\/n02088466_7229.jpg","https:\/\/images.dog.ceo\/breeds\/hound-blood\/n02088466_7234.jpg","https:\/\/images.dog.ceo\/breeds\/hound-blood\/n02088466_7244.jpg","https:\/\/images.dog.ceo\/breeds\/hound-blood\/n02088466_7409.jpg","https:\/\/images.dog.ceo\/breeds\/hound-blood\/n02088466_7421.jpg","https:\/\/images.dog.ceo\/breeds\/hound-blood\/n02088466_7429.jpg","https:\/\/images.dog.ceo\/breeds\/hound-blood\/n02088466_7462.jpg","https:\/\/images.dog.ceo\/breeds\/hound-blood\/n02088466_7486.jpg","https:\/\/images.dog.ceo\/breeds\/hound-blood\/n02088466_7502.jpg","https:\/\/images.dog.ceo\/breeds\/hound-blood\/n02088466_7606.jpg","https:\/\/images.dog.ceo\/breeds\/hound-blood\/n02088466_7607.jpg","https:\/\/images.dog.ceo\/breeds\/hound-blood\/n02088466_7609.jpg","https:\/\/images.dog.ceo\/breeds\/hound-blood\/n02088466_7670.jpg","https:\/\/images.dog.ceo\/breeds\/hound-blood\/n02088466_7703.jpg","https:\/\/images.dog.ceo\/breeds\/hound-blood\/n02088466_7710.jpg","https:\/\/images.dog.ceo\/breeds\/hound-blood\/n02088466_7731.jpg","https:\/\/images.dog.ceo\/breeds\/hound-blood\/n02088466_7801.jpg","https:\/\/images.dog.ceo\/breeds\/hound-blood\/n02088466_7868.jpg","https:\/\/images.dog.ceo\/breeds\/hound-blood\/n02088466_7928.jpg","https:\/\/images.dog.ceo\/breeds\/hound-blood\/n02088466_7962.jpg","https:\/\/images.dog.ceo\/breeds\/hound-blood\/n02088466_7963.jpg","https:\/\/images.dog.ceo\/breeds\/hound-blood\/n02088466_7973.jpg","https:\/\/images.dog.ceo\/breeds\/hound-blood\/n02088466_8015.jpg","https:\/\/images.dog.ceo\/breeds\/hound-blood\/n02088466_8039.jpg","https:\/\/images.dog.ceo\/breeds\/hound-blood\/n02088466_8078.jpg","https:\/\/images.dog.ceo\/breeds\/hound-blood\/n02088466_8105.jpg","https:\/\/images.dog.ceo\/breeds\/hound-blood\/n02088466_8144.jpg","https:\/\/images.dog.ceo\/breeds\/hound-blood\/n02088466_8156.jpg","https:\/\/images.dog.ceo\/breeds\/hound-blood\/n02088466_8162.jpg","https:\/\/images.dog.ceo\/breeds\/hound-blood\/n02088466_8289.jpg","https:\/\/images.dog.ceo\/breeds\/hound-blood\/n02088466_8320.jpg","https:\/\/images.dog.ceo\/breeds\/hound-blood\/n02088466_8335.jpg","https:\/\/images.dog.ceo\/breeds\/hound-blood\/n02088466_8422.jpg","https:\/\/images.dog.ceo\/breeds\/hound-blood\/n02088466_8515.jpg","https:\/\/images.dog.ceo\/breeds\/hound-blood\/n02088466_8518.jpg","https:\/\/images.dog.ceo\/breeds\/hound-blood\/n02088466_8575.jpg","https:\/\/images.dog.ceo\/breeds\/hound-blood\/n02088466_8605.jpg","https:\/\/images.dog.ceo\/breeds\/hound-blood\/n02088466_8754.jpg","https:\/\/images.dog.ceo\/breeds\/hound-blood\/n02088466_8772.jpg","https:\/\/images.dog.ceo\/breeds\/hound-blood\/n02088466_8801.jpg","https:\/\/images.dog.ceo\/breeds\/hound-blood\/n02088466_8812.jpg","https:\/\/images.dog.ceo\/breeds\/hound-blood\/n02088466_8813.jpg","https:\/\/images.dog.ceo\/breeds\/hound-blood\/n02088466_8820.jpg","https:\/\/images.dog.ceo\/breeds\/hound-blood\/n02088466_8821.jpg","https:\/\/images.dog.ceo\/breeds\/hound-blood\/n02088466_8842.jpg","https:\/\/images.dog.ceo\/breeds\/hound-blood\/n02088466_8904.jpg","https:\/\/images.dog.ceo\/breeds\/hound-blood\/n02088466_8950.jpg","https:\/\/images.dog.ceo\/breeds\/hound-blood\/n02088466_8969.jpg","https:\/\/images.dog.ceo\/breeds\/hound-blood\/n02088466_9029.jpg","https:\/\/images.dog.ceo\/breeds\/hound-blood\/n02088466_9046.jpg","https:\/\/images.dog.ceo\/breeds\/hound-blood\/n02088466_9058.jpg","https:\/\/images.dog.ceo\/breeds\/hound-blood\/n02088466_9069.jpg","https:\/\/images.dog.ceo\/breeds\/hound-blood\/n02088466_9110.jpg","https:\/\/images.dog.ceo\/breeds\/hound-blood\/n02088466_9116.jpg","https:\/\/images.dog.ceo\/breeds\/hound-blood\/n02088466_9214.jpg","https:\/\/images.dog.ceo\/breeds\/hound-blood\/n02088466_9237.jpg","https:\/\/images.dog.ceo\/breeds\/hound-blood\/n02088466_9242.jpg","https:\/\/images.dog.ceo\/breeds\/hound-blood\/n02088466_9245.jpg","https:\/\/images.dog.ceo\/breeds\/hound-blood\/n02088466_9287.jpg","https:\/\/images.dog.ceo\/breeds\/hound-blood\/n02088466_9334.jpg","https:\/\/images.dog.ceo\/breeds\/hound-blood\/n02088466_9359.jpg","https:\/\/images.dog.ceo\/breeds\/hound-blood\/n02088466_9383.jpg","https:\/\/images.dog.ceo\/breeds\/hound-blood\/n02088466_9533.jpg","https:\/\/images.dog.ceo\/breeds\/hound-blood\/n02088466_9576.jpg","https:\/\/images.dog.ceo\/breeds\/hound-blood\/n02088466_9579.jpg","https:\/\/images.dog.ceo\/breeds\/hound-blood\/n02088466_9616.jpg","https:\/\/images.dog.ceo\/breeds\/hound-blood\/n02088466_9691.jpg","https:\/\/images.dog.ceo\/breeds\/hound-blood\/n02088466_9695.jpg","https:\/\/images.dog.ceo\/breeds\/hound-blood\/n02088466_9697.jpg","https:\/\/images.dog.ceo\/breeds\/hound-blood\/n02088466_9877.jpg","https:\/\/images.dog.ceo\/breeds\/hound-blood\/n02088466_9983.jpg","https:\/\/images.dog.ceo\/breeds\/hound-english\/n02089973_1.jpg","https:\/\/images.dog.ceo\/breeds\/hound-english\/n02089973_1030.jpg","https:\/\/images.dog.ceo\/breeds\/hound-english\/n02089973_1066.jpg","https:\/\/images.dog.ceo\/breeds\/hound-english\/n02089973_1076.jpg","https:\/\/images.dog.ceo\/breeds\/hound-english\/n02089973_1078.jpg","https:\/\/images.dog.ceo\/breeds\/hound-english\/n02089973_1106.jpg","https:\/\/images.dog.ceo\/breeds\/hound-english\/n02089973_1132.jpg","https:\/\/images.dog.ceo\/breeds\/hound-english\/n02089973_1249.jpg","https:\/\/images.dog.ceo\/breeds\/hound-english\/n02089973_1255.jpg","https:\/\/images.dog.ceo\/breeds\/hound-english\/n02089973_1298.jpg","https:\/\/images.dog.ceo\/breeds\/hound-english\/n02089973_1303.jpg","https:\/\/images.dog.ceo\/breeds\/hound-english\/n02089973_1312.jpg","https:\/\/images.dog.ceo\/breeds\/hound-english\/n02089973_1352.jpg","https:\/\/images.dog.ceo\/breeds\/hound-english\/n02089973_1356.jpg","https:\/\/images.dog.ceo\/breeds\/hound-english\/n02089973_1375.jpg","https:\/\/images.dog.ceo\/breeds\/hound-english\/n02089973_1490.jpg","https:\/\/images.dog.ceo\/breeds\/hound-english\/n02089973_1516.jpg","https:\/\/images.dog.ceo\/breeds\/hound-english\/n02089973_1577.jpg","https:\/\/images.dog.ceo\/breeds\/hound-english\/n02089973_1623.jpg","https:\/\/images.dog.ceo\/breeds\/hound-english\/n02089973_1733.jpg","https:\/\/images.dog.ceo\/breeds\/hound-english\/n02089973_1763.jpg","https:\/\/images.dog.ceo\/breeds\/hound-english\/n02089973_1799.jpg","https:\/\/images.dog.ceo\/breeds\/hound-english\/n02089973_1803.jpg","https:\/\/images.dog.ceo\/breeds\/hound-english\/n02089973_186.jpg","https:\/\/images.dog.ceo\/breeds\/hound-english\/n02089973_1877.jpg","https:\/\/images.dog.ceo\/breeds\/hound-english\/n02089973_1890.jpg","https:\/\/images.dog.ceo\/breeds\/hound-english\/n02089973_1907.jpg","https:\/\/images.dog.ceo\/breeds\/hound-english\/n02089973_1957.jpg","https:\/\/images.dog.ceo\/breeds\/hound-english\/n02089973_2.jpg","https:\/\/images.dog.ceo\/breeds\/hound-english\/n02089973_2017.jpg","https:\/\/images.dog.ceo\/breeds\/hound-english\/n02089973_2045.jpg","https:\/\/images.dog.ceo\/breeds\/hound-english\/n02089973_2054.jpg","https:\/\/images.dog.ceo\/breeds\/hound-english\/n02089973_2064.jpg","https:\/\/images.dog.ceo\/breeds\/hound-english\/n02089973_2068.jpg","https:\/\/images.dog.ceo\/breeds\/hound-english\/n02089973_2073.jpg","https:\/\/images.dog.ceo\/breeds\/hound-english\/n02089973_208.jpg","https:\/\/images.dog.ceo\/breeds\/hound-english\/n02089973_2093.jpg","https:\/\/images.dog.ceo\/breeds\/hound-english\/n02089973_2110.jpg","https:\/\/images.dog.ceo\/breeds\/hound-english\/n02089973_2133.jpg","https:\/\/images.dog.ceo\/breeds\/hound-english\/n02089973_2150.jpg","https:\/\/images.dog.ceo\/breeds\/hound-english\/n02089973_2181.jpg","https:\/\/images.dog.ceo\/breeds\/hound-english\/n02089973_2211.jpg","https:\/\/images.dog.ceo\/breeds\/hound-english\/n02089973_2249.jpg","https:\/\/images.dog.ceo\/breeds\/hound-english\/n02089973_2300.jpg","https:\/\/images.dog.ceo\/breeds\/hound-english\/n02089973_2308.jpg","https:\/\/images.dog.ceo\/breeds\/hound-english\/n02089973_2331.jpg","https:\/\/images.dog.ceo\/breeds\/hound-english\/n02089973_2345.jpg","https:\/\/images.dog.ceo\/breeds\/hound-english\/n02089973_2404.jpg","https:\/\/images.dog.ceo\/breeds\/hound-english\/n02089973_2415.jpg","https:\/\/images.dog.ceo\/breeds\/hound-english\/n02089973_243.jpg","https:\/\/images.dog.ceo\/breeds\/hound-english\/n02089973_2484.jpg","https:\/\/images.dog.ceo\/breeds\/hound-english\/n02089973_2497.jpg","https:\/\/images.dog.ceo\/breeds\/hound-english\/n02089973_2500.jpg","https:\/\/images.dog.ceo\/breeds\/hound-english\/n02089973_255.jpg","https:\/\/images.dog.ceo\/breeds\/hound-english\/n02089973_2551.jpg","https:\/\/images.dog.ceo\/breeds\/hound-english\/n02089973_2603.jpg","https:\/\/images.dog.ceo\/breeds\/hound-english\/n02089973_2608.jpg","https:\/\/images.dog.ceo\/breeds\/hound-english\/n02089973_2633.jpg","https:\/\/images.dog.ceo\/breeds\/hound-english\/n02089973_2681.jpg","https:\/\/images.dog.ceo\/breeds\/hound-english\/n02089973_270.jpg","https:\/\/images.dog.ceo\/breeds\/hound-english\/n02089973_2756.jpg","https:\/\/images.dog.ceo\/breeds\/hound-english\/n02089973_2781.jpg","https:\/\/images.dog.ceo\/breeds\/hound-english\/n02089973_2791.jpg","https:\/\/images.dog.ceo\/breeds\/hound-english\/n02089973_2810.jpg","https:\/\/images.dog.ceo\/breeds\/hound-english\/n02089973_289.jpg","https:\/\/images.dog.ceo\/breeds\/hound-english\/n02089973_2905.jpg","https:\/\/images.dog.ceo\/breeds\/hound-english\/n02089973_3040.jpg","https:\/\/images.dog.ceo\/breeds\/hound-english\/n02089973_3074.jpg","https:\/\/images.dog.ceo\/breeds\/hound-english\/n02089973_3119.jpg","https:\/\/images.dog.ceo\/breeds\/hound-english\/n02089973_3120.jpg","https:\/\/images.dog.ceo\/breeds\/hound-english\/n02089973_3136.jpg","https:\/\/images.dog.ceo\/breeds\/hound-english\/n02089973_3147.jpg","https:\/\/images.dog.ceo\/breeds\/hound-english\/n02089973_3156.jpg","https:\/\/images.dog.ceo\/breeds\/hound-english\/n02089973_3159.jpg","https:\/\/images.dog.ceo\/breeds\/hound-english\/n02089973_3160.jpg","https:\/\/images.dog.ceo\/breeds\/hound-english\/n02089973_319.jpg","https:\/\/images.dog.ceo\/breeds\/hound-english\/n02089973_32.jpg","https:\/\/images.dog.ceo\/breeds\/hound-english\/n02089973_3265.jpg","https:\/\/images.dog.ceo\/breeds\/hound-english\/n02089973_3299.jpg","https:\/\/images.dog.ceo\/breeds\/hound-english\/n02089973_3401.jpg","https:\/\/images.dog.ceo\/breeds\/hound-english\/n02089973_3426.jpg","https:\/\/images.dog.ceo\/breeds\/hound-english\/n02089973_3433.jpg","https:\/\/images.dog.ceo\/breeds\/hound-english\/n02089973_3454.jpg","https:\/\/images.dog.ceo\/breeds\/hound-english\/n02089973_3480.jpg","https:\/\/images.dog.ceo\/breeds\/hound-english\/n02089973_3604.jpg","https:\/\/images.dog.ceo\/breeds\/hound-english\/n02089973_3647.jpg","https:\/\/images.dog.ceo\/breeds\/hound-english\/n02089973_3671.jpg","https:\/\/images.dog.ceo\/breeds\/hound-english\/n02089973_3688.jpg","https:\/\/images.dog.ceo\/breeds\/hound-english\/n02089973_3799.jpg","https:\/\/images.dog.ceo\/breeds\/hound-english\/n02089973_3820.jpg","https:\/\/images.dog.ceo\/breeds\/hound-english\/n02089973_3860.jpg","https:\/\/images.dog.ceo\/breeds\/hound-english\/n02089973_3933.jpg","https:\/\/images.dog.ceo\/breeds\/hound-english\/n02089973_3982.jpg","https:\/\/images.dog.ceo\/breeds\/hound-english\/n02089973_4010.jpg","https:\/\/images.dog.ceo\/breeds\/hound-english\/n02089973_4055.jpg","https:\/\/images.dog.ceo\/breeds\/hound-english\/n02089973_4084.jpg","https:\/\/images.dog.ceo\/breeds\/hound-english\/n02089973_417.jpg","https:\/\/images.dog.ceo\/breeds\/hound-english\/n02089973_4185.jpg","https:\/\/images.dog.ceo\/breeds\/hound-english\/n02089973_4359.jpg","https:\/\/images.dog.ceo\/breeds\/hound-english\/n02089973_437.jpg","https:\/\/images.dog.ceo\/breeds\/hound-english\/n02089973_525.jpg","https:\/\/images.dog.ceo\/breeds\/hound-english\/n02089973_529.jpg","https:\/\/images.dog.ceo\/breeds\/hound-english\/n02089973_533.jpg","https:\/\/images.dog.ceo\/breeds\/hound-english\/n02089973_569.jpg","https:\/\/images.dog.ceo\/breeds\/hound-english\/n02089973_612.jpg","https:\/\/images.dog.ceo\/breeds\/hound-english\/n02089973_770.jpg","https:\/\/images.dog.ceo\/breeds\/hound-english\/n02089973_809.jpg","https:\/\/images.dog.ceo\/breeds\/hound-english\/n02089973_811.jpg","https:\/\/images.dog.ceo\/breeds\/hound-english\/n02089973_846.jpg","https:\/\/images.dog.ceo\/breeds\/hound-english\/n02089973_888.jpg","https:\/\/images.dog.ceo\/breeds\/hound-english\/n02089973_957.jpg","https:\/\/images.dog.ceo\/breeds\/hound-english\/n02089973_97.jpg","https:\/\/images.dog.ceo\/breeds\/hound-english\/n02089973_973.jpg","https:\/\/images.dog.ceo\/breeds\/hound-english\/n02089973_99.jpg","https:\/\/images.dog.ceo\/breeds\/hound-ibizan\/n02091244_100.jpg","https:\/\/images.dog.ceo\/breeds\/hound-ibizan\/n02091244_1000.jpg","https:\/\/images.dog.ceo\/breeds\/hound-ibizan\/n02091244_1025.jpg","https:\/\/images.dog.ceo\/breeds\/hound-ibizan\/n02091244_1030.jpg","https:\/\/images.dog.ceo\/breeds\/hound-ibizan\/n02091244_1045.jpg","https:\/\/images.dog.ceo\/breeds\/hound-ibizan\/n02091244_1076.jpg","https:\/\/images.dog.ceo\/breeds\/hound-ibizan\/n02091244_110.jpg","https:\/\/images.dog.ceo\/breeds\/hound-ibizan\/n02091244_1120.jpg","https:\/\/images.dog.ceo\/breeds\/hound-ibizan\/n02091244_1182.jpg","https:\/\/images.dog.ceo\/breeds\/hound-ibizan\/n02091244_119.jpg","https:\/\/images.dog.ceo\/breeds\/hound-ibizan\/n02091244_1238.jpg","https:\/\/images.dog.ceo\/breeds\/hound-ibizan\/n02091244_1252.jpg","https:\/\/images.dog.ceo\/breeds\/hound-ibizan\/n02091244_1283.jpg","https:\/\/images.dog.ceo\/breeds\/hound-ibizan\/n02091244_1340.jpg","https:\/\/images.dog.ceo\/breeds\/hound-ibizan\/n02091244_1371.jpg","https:\/\/images.dog.ceo\/breeds\/hound-ibizan\/n02091244_1396.jpg","https:\/\/images.dog.ceo\/breeds\/hound-ibizan\/n02091244_142.jpg","https:\/\/images.dog.ceo\/breeds\/hound-ibizan\/n02091244_1438.jpg","https:\/\/images.dog.ceo\/breeds\/hound-ibizan\/n02091244_1488.jpg","https:\/\/images.dog.ceo\/breeds\/hound-ibizan\/n02091244_150.jpg","https:\/\/images.dog.ceo\/breeds\/hound-ibizan\/n02091244_1541.jpg","https:\/\/images.dog.ceo\/breeds\/hound-ibizan\/n02091244_156.jpg","https:\/\/images.dog.ceo\/breeds\/hound-ibizan\/n02091244_1635.jpg","https:\/\/images.dog.ceo\/breeds\/hound-ibizan\/n02091244_169.jpg","https:\/\/images.dog.ceo\/breeds\/hound-ibizan\/n02091244_175.jpg","https:\/\/images.dog.ceo\/breeds\/hound-ibizan\/n02091244_177.jpg","https:\/\/images.dog.ceo\/breeds\/hound-ibizan\/n02091244_1917.jpg","https:\/\/images.dog.ceo\/breeds\/hound-ibizan\/n02091244_1938.jpg","https:\/\/images.dog.ceo\/breeds\/hound-ibizan\/n02091244_1948.jpg","https:\/\/images.dog.ceo\/breeds\/hound-ibizan\/n02091244_2038.jpg","https:\/\/images.dog.ceo\/breeds\/hound-ibizan\/n02091244_2050.jpg","https:\/\/images.dog.ceo\/breeds\/hound-ibizan\/n02091244_2062.jpg","https:\/\/images.dog.ceo\/breeds\/hound-ibizan\/n02091244_2115.jpg","https:\/\/images.dog.ceo\/breeds\/hound-ibizan\/n02091244_2118.jpg","https:\/\/images.dog.ceo\/breeds\/hound-ibizan\/n02091244_2132.jpg","https:\/\/images.dog.ceo\/breeds\/hound-ibizan\/n02091244_2198.jpg","https:\/\/images.dog.ceo\/breeds\/hound-ibizan\/n02091244_2207.jpg","https:\/\/images.dog.ceo\/breeds\/hound-ibizan\/n02091244_226.jpg","https:\/\/images.dog.ceo\/breeds\/hound-ibizan\/n02091244_2275.jpg","https:\/\/images.dog.ceo\/breeds\/hound-ibizan\/n02091244_2293.jpg","https:\/\/images.dog.ceo\/breeds\/hound-ibizan\/n02091244_2323.jpg","https:\/\/images.dog.ceo\/breeds\/hound-ibizan\/n02091244_2427.jpg","https:\/\/images.dog.ceo\/breeds\/hound-ibizan\/n02091244_2464.jpg","https:\/\/images.dog.ceo\/breeds\/hound-ibizan\/n02091244_25.jpg","https:\/\/images.dog.ceo\/breeds\/hound-ibizan\/n02091244_2512.jpg","https:\/\/images.dog.ceo\/breeds\/hound-ibizan\/n02091244_2542.jpg","https:\/\/images.dog.ceo\/breeds\/hound-ibizan\/n02091244_2601.jpg","https:\/\/images.dog.ceo\/breeds\/hound-ibizan\/n02091244_2625.jpg","https:\/\/images.dog.ceo\/breeds\/hound-ibizan\/n02091244_2648.jpg","https:\/\/images.dog.ceo\/breeds\/hound-ibizan\/n02091244_2653.jpg","https:\/\/images.dog.ceo\/breeds\/hound-ibizan\/n02091244_2695.jpg","https:\/\/images.dog.ceo\/breeds\/hound-ibizan\/n02091244_2709.jpg","https:\/\/images.dog.ceo\/breeds\/hound-ibizan\/n02091244_2747.jpg","https:\/\/images.dog.ceo\/breeds\/hound-ibizan\/n02091244_2760.jpg","https:\/\/images.dog.ceo\/breeds\/hound-ibizan\/n02091244_2782.jpg","https:\/\/images.dog.ceo\/breeds\/hound-ibizan\/n02091244_2820.jpg","https:\/\/images.dog.ceo\/breeds\/hound-ibizan\/n02091244_2838.jpg","https:\/\/images.dog.ceo\/breeds\/hound-ibizan\/n02091244_2871.jpg","https:\/\/images.dog.ceo\/breeds\/hound-ibizan\/n02091244_289.jpg","https:\/\/images.dog.ceo\/breeds\/hound-ibizan\/n02091244_291.jpg","https:\/\/images.dog.ceo\/breeds\/hound-ibizan\/n02091244_2919.jpg","https:\/\/images.dog.ceo\/breeds\/hound-ibizan\/n02091244_2934.jpg","https:\/\/images.dog.ceo\/breeds\/hound-ibizan\/n02091244_2941.jpg","https:\/\/images.dog.ceo\/breeds\/hound-ibizan\/n02091244_2993.jpg","https:\/\/images.dog.ceo\/breeds\/hound-ibizan\/n02091244_3005.jpg","https:\/\/images.dog.ceo\/breeds\/hound-ibizan\/n02091244_3042.jpg","https:\/\/images.dog.ceo\/breeds\/hound-ibizan\/n02091244_3075.jpg","https:\/\/images.dog.ceo\/breeds\/hound-ibizan\/n02091244_3153.jpg","https:\/\/images.dog.ceo\/breeds\/hound-ibizan\/n02091244_3161.jpg","https:\/\/images.dog.ceo\/breeds\/hound-ibizan\/n02091244_3240.jpg","https:\/\/images.dog.ceo\/breeds\/hound-ibizan\/n02091244_327.jpg","https:\/\/images.dog.ceo\/breeds\/hound-ibizan\/n02091244_3278.jpg","https:\/\/images.dog.ceo\/breeds\/hound-ibizan\/n02091244_3289.jpg","https:\/\/images.dog.ceo\/breeds\/hound-ibizan\/n02091244_3315.jpg","https:\/\/images.dog.ceo\/breeds\/hound-ibizan\/n02091244_3319.jpg","https:\/\/images.dog.ceo\/breeds\/hound-ibizan\/n02091244_3320.jpg","https:\/\/images.dog.ceo\/breeds\/hound-ibizan\/n02091244_3321.jpg","https:\/\/images.dog.ceo\/breeds\/hound-ibizan\/n02091244_3346.jpg","https:\/\/images.dog.ceo\/breeds\/hound-ibizan\/n02091244_3369.jpg","https:\/\/images.dog.ceo\/breeds\/hound-ibizan\/n02091244_3373.jpg","https:\/\/images.dog.ceo\/breeds\/hound-ibizan\/n02091244_3383.jpg","https:\/\/images.dog.ceo\/breeds\/hound-ibizan\/n02091244_3425.jpg","https:\/\/images.dog.ceo\/breeds\/hound-ibizan\/n02091244_3438.jpg","https:\/\/images.dog.ceo\/breeds\/hound-ibizan\/n02091244_3552.jpg","https:\/\/images.dog.ceo\/breeds\/hound-ibizan\/n02091244_3707.jpg","https:\/\/images.dog.ceo\/breeds\/hound-ibizan\/n02091244_3735.jpg","https:\/\/images.dog.ceo\/breeds\/hound-ibizan\/n02091244_3748.jpg","https:\/\/images.dog.ceo\/breeds\/hound-ibizan\/n02091244_3800.jpg","https:\/\/images.dog.ceo\/breeds\/hound-ibizan\/n02091244_3840.jpg","https:\/\/images.dog.ceo\/breeds\/hound-ibizan\/n02091244_387.jpg","https:\/\/images.dog.ceo\/breeds\/hound-ibizan\/n02091244_3874.jpg","https:\/\/images.dog.ceo\/breeds\/hound-ibizan\/n02091244_3921.jpg","https:\/\/images.dog.ceo\/breeds\/hound-ibizan\/n02091244_3939.jpg","https:\/\/images.dog.ceo\/breeds\/hound-ibizan\/n02091244_4015.jpg","https:\/\/images.dog.ceo\/breeds\/hound-ibizan\/n02091244_4031.jpg","https:\/\/images.dog.ceo\/breeds\/hound-ibizan\/n02091244_4033.jpg","https:\/\/images.dog.ceo\/breeds\/hound-ibizan\/n02091244_4086.jpg","https:\/\/images.dog.ceo\/breeds\/hound-ibizan\/n02091244_4107.jpg","https:\/\/images.dog.ceo\/breeds\/hound-ibizan\/n02091244_4110.jpg","https:\/\/images.dog.ceo\/breeds\/hound-ibizan\/n02091244_4242.jpg","https:\/\/images.dog.ceo\/breeds\/hound-ibizan\/n02091244_4268.jpg","https:\/\/images.dog.ceo\/breeds\/hound-ibizan\/n02091244_4281.jpg","https:\/\/images.dog.ceo\/breeds\/hound-ibizan\/n02091244_4367.jpg","https:\/\/images.dog.ceo\/breeds\/hound-ibizan\/n02091244_4395.jpg","https:\/\/images.dog.ceo\/breeds\/hound-ibizan\/n02091244_440.jpg","https:\/\/images.dog.ceo\/breeds\/hound-ibizan\/n02091244_443.jpg","https:\/\/images.dog.ceo\/breeds\/hound-ibizan\/n02091244_448.jpg","https:\/\/images.dog.ceo\/breeds\/hound-ibizan\/n02091244_465.jpg","https:\/\/images.dog.ceo\/breeds\/hound-ibizan\/n02091244_4778.jpg","https:\/\/images.dog.ceo\/breeds\/hound-ibizan\/n02091244_485.jpg","https:\/\/images.dog.ceo\/breeds\/hound-ibizan\/n02091244_486.jpg","https:\/\/images.dog.ceo\/breeds\/hound-ibizan\/n02091244_4861.jpg","https:\/\/images.dog.ceo\/breeds\/hound-ibizan\/n02091244_487.jpg","https:\/\/images.dog.ceo\/breeds\/hound-ibizan\/n02091244_4879.jpg","https:\/\/images.dog.ceo\/breeds\/hound-ibizan\/n02091244_4885.jpg","https:\/\/images.dog.ceo\/breeds\/hound-ibizan\/n02091244_4914.jpg","https:\/\/images.dog.ceo\/breeds\/hound-ibizan\/n02091244_4948.jpg","https:\/\/images.dog.ceo\/breeds\/hound-ibizan\/n02091244_497.jpg","https:\/\/images.dog.ceo\/breeds\/hound-ibizan\/n02091244_4986.jpg","https:\/\/images.dog.ceo\/breeds\/hound-ibizan\/n02091244_5038.jpg","https:\/\/images.dog.ceo\/breeds\/hound-ibizan\/n02091244_5180.jpg","https:\/\/images.dog.ceo\/breeds\/hound-ibizan\/n02091244_5400.jpg","https:\/\/images.dog.ceo\/breeds\/hound-ibizan\/n02091244_5488.jpg","https:\/\/images.dog.ceo\/breeds\/hound-ibizan\/n02091244_5517.jpg","https:\/\/images.dog.ceo\/breeds\/hound-ibizan\/n02091244_5571.jpg","https:\/\/images.dog.ceo\/breeds\/hound-ibizan\/n02091244_5637.jpg","https:\/\/images.dog.ceo\/breeds\/hound-ibizan\/n02091244_5638.jpg","https:\/\/images.dog.ceo\/breeds\/hound-ibizan\/n02091244_5639.jpg","https:\/\/images.dog.ceo\/breeds\/hound-ibizan\/n02091244_569.jpg","https:\/\/images.dog.ceo\/breeds\/hound-ibizan\/n02091244_5769.jpg","https:\/\/images.dog.ceo\/breeds\/hound-ibizan\/n02091244_5774.jpg","https:\/\/images.dog.ceo\/breeds\/hound-ibizan\/n02091244_583.jpg","https:\/\/images.dog.ceo\/breeds\/hound-ibizan\/n02091244_589.jpg","https:\/\/images.dog.ceo\/breeds\/hound-ibizan\/n02091244_5895.jpg","https:\/\/images.dog.ceo\/breeds\/hound-ibizan\/n02091244_5943.jpg","https:\/\/images.dog.ceo\/breeds\/hound-ibizan\/n02091244_595.jpg","https:\/\/images.dog.ceo\/breeds\/hound-ibizan\/n02091244_596.jpg","https:\/\/images.dog.ceo\/breeds\/hound-ibizan\/n02091244_5989.jpg","https:\/\/images.dog.ceo\/breeds\/hound-ibizan\/n02091244_6041.jpg","https:\/\/images.dog.ceo\/breeds\/hound-ibizan\/n02091244_61.jpg","https:\/\/images.dog.ceo\/breeds\/hound-ibizan\/n02091244_678.jpg","https:\/\/images.dog.ceo\/breeds\/hound-ibizan\/n02091244_716.jpg","https:\/\/images.dog.ceo\/breeds\/hound-ibizan\/n02091244_736.jpg","https:\/\/images.dog.ceo\/breeds\/hound-ibizan\/n02091244_743.jpg","https:\/\/images.dog.ceo\/breeds\/hound-ibizan\/n02091244_746.jpg","https:\/\/images.dog.ceo\/breeds\/hound-ibizan\/n02091244_756.jpg","https:\/\/images.dog.ceo\/breeds\/hound-ibizan\/n02091244_784.jpg","https:\/\/images.dog.ceo\/breeds\/hound-ibizan\/n02091244_822.jpg","https:\/\/images.dog.ceo\/breeds\/hound-ibizan\/n02091244_85.jpg","https:\/\/images.dog.ceo\/breeds\/hound-ibizan\/n02091244_86.jpg","https:\/\/images.dog.ceo\/breeds\/hound-ibizan\/n02091244_873.jpg","https:\/\/images.dog.ceo\/breeds\/hound-ibizan\/n02091244_879.jpg","https:\/\/images.dog.ceo\/breeds\/hound-ibizan\/n02091244_939.jpg","https:\/\/images.dog.ceo\/breeds\/hound-ibizan\/n02091244_966.jpg","https:\/\/images.dog.ceo\/breeds\/hound-plott\/hhh-23456.jpg","https:\/\/images.dog.ceo\/breeds\/hound-plott\/hhh_plott002.jpg","https:\/\/images.dog.ceo\/breeds\/hound-walker\/n02089867_1048.jpg","https:\/\/images.dog.ceo\/breeds\/hound-walker\/n02089867_1062.jpg","https:\/\/images.dog.ceo\/breeds\/hound-walker\/n02089867_1079.jpg","https:\/\/images.dog.ceo\/breeds\/hound-walker\/n02089867_1082.jpg","https:\/\/images.dog.ceo\/breeds\/hound-walker\/n02089867_1105.jpg","https:\/\/images.dog.ceo\/breeds\/hound-walker\/n02089867_1208.jpg","https:\/\/images.dog.ceo\/breeds\/hound-walker\/n02089867_1212.jpg","https:\/\/images.dog.ceo\/breeds\/hound-walker\/n02089867_1225.jpg","https:\/\/images.dog.ceo\/breeds\/hound-walker\/n02089867_1243.jpg","https:\/\/images.dog.ceo\/breeds\/hound-walker\/n02089867_126.jpg","https:\/\/images.dog.ceo\/breeds\/hound-walker\/n02089867_1295.jpg","https:\/\/images.dog.ceo\/breeds\/hound-walker\/n02089867_1310.jpg","https:\/\/images.dog.ceo\/breeds\/hound-walker\/n02089867_1345.jpg","https:\/\/images.dog.ceo\/breeds\/hound-walker\/n02089867_1352.jpg","https:\/\/images.dog.ceo\/breeds\/hound-walker\/n02089867_1368.jpg","https:\/\/images.dog.ceo\/breeds\/hound-walker\/n02089867_1381.jpg","https:\/\/images.dog.ceo\/breeds\/hound-walker\/n02089867_1412.jpg","https:\/\/images.dog.ceo\/breeds\/hound-walker\/n02089867_1416.jpg","https:\/\/images.dog.ceo\/breeds\/hound-walker\/n02089867_142.jpg","https:\/\/images.dog.ceo\/breeds\/hound-walker\/n02089867_1430.jpg","https:\/\/images.dog.ceo\/breeds\/hound-walker\/n02089867_1438.jpg","https:\/\/images.dog.ceo\/breeds\/hound-walker\/n02089867_1439.jpg","https:\/\/images.dog.ceo\/breeds\/hound-walker\/n02089867_1452.jpg","https:\/\/images.dog.ceo\/breeds\/hound-walker\/n02089867_146.jpg","https:\/\/images.dog.ceo\/breeds\/hound-walker\/n02089867_1471.jpg","https:\/\/images.dog.ceo\/breeds\/hound-walker\/n02089867_148.jpg","https:\/\/images.dog.ceo\/breeds\/hound-walker\/n02089867_149.jpg","https:\/\/images.dog.ceo\/breeds\/hound-walker\/n02089867_1504.jpg","https:\/\/images.dog.ceo\/breeds\/hound-walker\/n02089867_1546.jpg","https:\/\/images.dog.ceo\/breeds\/hound-walker\/n02089867_1599.jpg","https:\/\/images.dog.ceo\/breeds\/hound-walker\/n02089867_1697.jpg","https:\/\/images.dog.ceo\/breeds\/hound-walker\/n02089867_1787.jpg","https:\/\/images.dog.ceo\/breeds\/hound-walker\/n02089867_180.jpg","https:\/\/images.dog.ceo\/breeds\/hound-walker\/n02089867_1824.jpg","https:\/\/images.dog.ceo\/breeds\/hound-walker\/n02089867_1863.jpg","https:\/\/images.dog.ceo\/breeds\/hound-walker\/n02089867_1882.jpg","https:\/\/images.dog.ceo\/breeds\/hound-walker\/n02089867_1912.jpg","https:\/\/images.dog.ceo\/breeds\/hound-walker\/n02089867_1918.jpg","https:\/\/images.dog.ceo\/breeds\/hound-walker\/n02089867_1921.jpg","https:\/\/images.dog.ceo\/breeds\/hound-walker\/n02089867_1931.jpg","https:\/\/images.dog.ceo\/breeds\/hound-walker\/n02089867_1965.jpg","https:\/\/images.dog.ceo\/breeds\/hound-walker\/n02089867_1987.jpg","https:\/\/images.dog.ceo\/breeds\/hound-walker\/n02089867_1988.jpg","https:\/\/images.dog.ceo\/breeds\/hound-walker\/n02089867_2039.jpg","https:\/\/images.dog.ceo\/breeds\/hound-walker\/n02089867_2063.jpg","https:\/\/images.dog.ceo\/breeds\/hound-walker\/n02089867_2102.jpg","https:\/\/images.dog.ceo\/breeds\/hound-walker\/n02089867_2142.jpg","https:\/\/images.dog.ceo\/breeds\/hound-walker\/n02089867_218.jpg","https:\/\/images.dog.ceo\/breeds\/hound-walker\/n02089867_2267.jpg","https:\/\/images.dog.ceo\/breeds\/hound-walker\/n02089867_2280.jpg","https:\/\/images.dog.ceo\/breeds\/hound-walker\/n02089867_2287.jpg","https:\/\/images.dog.ceo\/breeds\/hound-walker\/n02089867_2295.jpg","https:\/\/images.dog.ceo\/breeds\/hound-walker\/n02089867_2319.jpg","https:\/\/images.dog.ceo\/breeds\/hound-walker\/n02089867_2325.jpg","https:\/\/images.dog.ceo\/breeds\/hound-walker\/n02089867_2365.jpg","https:\/\/images.dog.ceo\/breeds\/hound-walker\/n02089867_2382.jpg","https:\/\/images.dog.ceo\/breeds\/hound-walker\/n02089867_2387.jpg","https:\/\/images.dog.ceo\/breeds\/hound-walker\/n02089867_2388.jpg","https:\/\/images.dog.ceo\/breeds\/hound-walker\/n02089867_24.jpg","https:\/\/images.dog.ceo\/breeds\/hound-walker\/n02089867_2432.jpg","https:\/\/images.dog.ceo\/breeds\/hound-walker\/n02089867_2433.jpg","https:\/\/images.dog.ceo\/breeds\/hound-walker\/n02089867_2446.jpg","https:\/\/images.dog.ceo\/breeds\/hound-walker\/n02089867_2472.jpg","https:\/\/images.dog.ceo\/breeds\/hound-walker\/n02089867_2479.jpg","https:\/\/images.dog.ceo\/breeds\/hound-walker\/n02089867_2559.jpg","https:\/\/images.dog.ceo\/breeds\/hound-walker\/n02089867_2567.jpg","https:\/\/images.dog.ceo\/breeds\/hound-walker\/n02089867_2582.jpg","https:\/\/images.dog.ceo\/breeds\/hound-walker\/n02089867_2596.jpg","https:\/\/images.dog.ceo\/breeds\/hound-walker\/n02089867_2602.jpg","https:\/\/images.dog.ceo\/breeds\/hound-walker\/n02089867_2653.jpg","https:\/\/images.dog.ceo\/breeds\/hound-walker\/n02089867_266.jpg","https:\/\/images.dog.ceo\/breeds\/hound-walker\/n02089867_2677.jpg","https:\/\/images.dog.ceo\/breeds\/hound-walker\/n02089867_2688.jpg","https:\/\/images.dog.ceo\/breeds\/hound-walker\/n02089867_2713.jpg","https:\/\/images.dog.ceo\/breeds\/hound-walker\/n02089867_2735.jpg","https:\/\/images.dog.ceo\/breeds\/hound-walker\/n02089867_2743.jpg","https:\/\/images.dog.ceo\/breeds\/hound-walker\/n02089867_2758.jpg","https:\/\/images.dog.ceo\/breeds\/hound-walker\/n02089867_277.jpg","https:\/\/images.dog.ceo\/breeds\/hound-walker\/n02089867_2815.jpg","https:\/\/images.dog.ceo\/breeds\/hound-walker\/n02089867_2880.jpg","https:\/\/images.dog.ceo\/breeds\/hound-walker\/n02089867_2950.jpg","https:\/\/images.dog.ceo\/breeds\/hound-walker\/n02089867_3023.jpg","https:\/\/images.dog.ceo\/breeds\/hound-walker\/n02089867_3044.jpg","https:\/\/images.dog.ceo\/breeds\/hound-walker\/n02089867_3072.jpg","https:\/\/images.dog.ceo\/breeds\/hound-walker\/n02089867_31.jpg","https:\/\/images.dog.ceo\/breeds\/hound-walker\/n02089867_3103.jpg","https:\/\/images.dog.ceo\/breeds\/hound-walker\/n02089867_3108.jpg","https:\/\/images.dog.ceo\/breeds\/hound-walker\/n02089867_3126.jpg","https:\/\/images.dog.ceo\/breeds\/hound-walker\/n02089867_3177.jpg","https:\/\/images.dog.ceo\/breeds\/hound-walker\/n02089867_3253.jpg","https:\/\/images.dog.ceo\/breeds\/hound-walker\/n02089867_3260.jpg","https:\/\/images.dog.ceo\/breeds\/hound-walker\/n02089867_3335.jpg","https:\/\/images.dog.ceo\/breeds\/hound-walker\/n02089867_335.jpg","https:\/\/images.dog.ceo\/breeds\/hound-walker\/n02089867_3448.jpg","https:\/\/images.dog.ceo\/breeds\/hound-walker\/n02089867_3449.jpg","https:\/\/images.dog.ceo\/breeds\/hound-walker\/n02089867_3456.jpg","https:\/\/images.dog.ceo\/breeds\/hound-walker\/n02089867_347.jpg","https:\/\/images.dog.ceo\/breeds\/hound-walker\/n02089867_348.jpg","https:\/\/images.dog.ceo\/breeds\/hound-walker\/n02089867_3585.jpg","https:\/\/images.dog.ceo\/breeds\/hound-walker\/n02089867_3602.jpg","https:\/\/images.dog.ceo\/breeds\/hound-walker\/n02089867_3608.jpg","https:\/\/images.dog.ceo\/breeds\/hound-walker\/n02089867_3727.jpg","https:\/\/images.dog.ceo\/breeds\/hound-walker\/n02089867_3784.jpg","https:\/\/images.dog.ceo\/breeds\/hound-walker\/n02089867_3800.jpg","https:\/\/images.dog.ceo\/breeds\/hound-walker\/n02089867_3840.jpg","https:\/\/images.dog.ceo\/breeds\/hound-walker\/n02089867_3892.jpg","https:\/\/images.dog.ceo\/breeds\/hound-walker\/n02089867_3928.jpg","https:\/\/images.dog.ceo\/breeds\/hound-walker\/n02089867_3953.jpg","https:\/\/images.dog.ceo\/breeds\/hound-walker\/n02089867_4001.jpg","https:\/\/images.dog.ceo\/breeds\/hound-walker\/n02089867_4004.jpg","https:\/\/images.dog.ceo\/breeds\/hound-walker\/n02089867_42.jpg","https:\/\/images.dog.ceo\/breeds\/hound-walker\/n02089867_426.jpg","https:\/\/images.dog.ceo\/breeds\/hound-walker\/n02089867_454.jpg","https:\/\/images.dog.ceo\/breeds\/hound-walker\/n02089867_55.jpg","https:\/\/images.dog.ceo\/breeds\/hound-walker\/n02089867_600.jpg","https:\/\/images.dog.ceo\/breeds\/hound-walker\/n02089867_614.jpg","https:\/\/images.dog.ceo\/breeds\/hound-walker\/n02089867_671.jpg","https:\/\/images.dog.ceo\/breeds\/hound-walker\/n02089867_712.jpg","https:\/\/images.dog.ceo\/breeds\/hound-walker\/n02089867_724.jpg","https:\/\/images.dog.ceo\/breeds\/hound-walker\/n02089867_758.jpg","https:\/\/images.dog.ceo\/breeds\/hound-walker\/n02089867_785.jpg","https:\/\/images.dog.ceo\/breeds\/hound-walker\/n02089867_822.jpg","https:\/\/images.dog.ceo\/breeds\/hound-walker\/n02089867_857.jpg","https:\/\/images.dog.ceo\/breeds\/hound-walker\/n02089867_880.jpg","https:\/\/images.dog.ceo\/breeds\/hound-walker\/n02089867_883.jpg","https:\/\/images.dog.ceo\/breeds\/hound-walker\/n02089867_90.jpg","https:\/\/images.dog.ceo\/breeds\/hound-walker\/n02089867_91.jpg","https:\/\/images.dog.ceo\/breeds\/hound-walker\/n02089867_942.jpg","https:\/\/images.dog.ceo\/breeds\/hound-walker\/n02089867_953.jpg"],"status":"success"}

15:08:15.307 [main] DEBUG com.jayway.jsonpath.internal.path.CompiledPath -- Evaluating path: $['status']
15:08:15.308 [main] DEBUG com.jayway.jsonpath.internal.path.CompiledPath -- Evaluating path: $['message']
15:08:15.308 [main] DEBUG com.jayway.jsonpath.internal.path.CompiledPath -- Evaluating path: $['message']
]]></system-out>
  </testcase>
  <testcase name="[1.2:15] Listar imagens de uma raça válida" classname="features/breed_images" time="0.473">
    <system-out><![CDATA[15:08:15.386 [main] DEBUG org.apache.http.client.protocol.RequestAddCookies -- CookieSpec selected: karate
15:08:15.386 [main] DEBUG org.apache.http.client.protocol.RequestAuthCache -- Auth cache not set in the context
15:08:15.386 [main] DEBUG com.intuit.karate -- request:
1 > GET https://dog.ceo/api/breed/bulldog/images
1 > Host: dog.ceo
1 > Connection: Keep-Alive
1 > User-Agent: Apache-HttpClient/4.5.14 (Java/11.0.27)
1 > Accept-Encoding: gzip,deflate


15:08:15.386 [main] DEBUG org.apache.http.impl.conn.PoolingHttpClientConnectionManager -- Connection request: [route: {s}->https://dog.ceo:443][total available: 0; route allocated: 0 of 5; total allocated: 0 of 10]
15:08:15.386 [main] DEBUG org.apache.http.impl.conn.PoolingHttpClientConnectionManager -- Connection leased: [id: 5][route: {s}->https://dog.ceo:443][total available: 0; route allocated: 1 of 5; total allocated: 1 of 10]
15:08:15.386 [main] DEBUG org.apache.http.impl.execchain.MainClientExec -- Opening connection {s}->https://dog.ceo:443
15:08:15.386 [main] DEBUG org.apache.http.impl.conn.DefaultHttpClientConnectionOperator -- Connecting to dog.ceo/104.21.17.246:443
15:08:15.386 [main] DEBUG org.apache.http.conn.ssl.SSLConnectionSocketFactory -- Connecting socket to dog.ceo/104.21.17.246:443 with timeout 30000
15:08:15.400 [main] DEBUG org.apache.http.conn.ssl.SSLConnectionSocketFactory -- Enabled protocols: [TLSv1.3, TLSv1.2]
15:08:15.400 [main] DEBUG org.apache.http.conn.ssl.SSLConnectionSocketFactory -- Enabled cipher suites:[TLS_AES_256_GCM_SHA384, TLS_AES_128_GCM_SHA256, TLS_CHACHA20_POLY1305_SHA256, TLS_ECDHE_ECDSA_WITH_AES_256_GCM_SHA384, TLS_ECDHE_ECDSA_WITH_AES_128_GCM_SHA256, TLS_ECDHE_ECDSA_WITH_CHACHA20_POLY1305_SHA256, TLS_ECDHE_RSA_WITH_AES_256_GCM_SHA384, TLS_ECDHE_RSA_WITH_CHACHA20_POLY1305_SHA256, TLS_ECDHE_RSA_WITH_AES_128_GCM_SHA256, TLS_DHE_RSA_WITH_AES_256_GCM_SHA384, TLS_DHE_RSA_WITH_CHACHA20_POLY1305_SHA256, TLS_DHE_DSS_WITH_AES_256_GCM_SHA384, TLS_DHE_RSA_WITH_AES_128_GCM_SHA256, TLS_DHE_DSS_WITH_AES_128_GCM_SHA256, TLS_ECDHE_ECDSA_WITH_AES_256_CBC_SHA384, TLS_ECDHE_RSA_WITH_AES_256_CBC_SHA384, TLS_ECDHE_ECDSA_WITH_AES_128_CBC_SHA256, TLS_ECDHE_RSA_WITH_AES_128_CBC_SHA256, TLS_DHE_RSA_WITH_AES_256_CBC_SHA256, TLS_DHE_DSS_WITH_AES_256_CBC_SHA256, TLS_DHE_RSA_WITH_AES_128_CBC_SHA256, TLS_DHE_DSS_WITH_AES_128_CBC_SHA256, TLS_ECDHE_ECDSA_WITH_AES_256_CBC_SHA, TLS_ECDHE_RSA_WITH_AES_256_CBC_SHA, TLS_ECDHE_ECDSA_WITH_AES_128_CBC_SHA, TLS_ECDHE_RSA_WITH_AES_128_CBC_SHA, TLS_DHE_RSA_WITH_AES_256_CBC_SHA, TLS_DHE_DSS_WITH_AES_256_CBC_SHA, TLS_DHE_RSA_WITH_AES_128_CBC_SHA, TLS_DHE_DSS_WITH_AES_128_CBC_SHA, TLS_RSA_WITH_AES_256_GCM_SHA384, TLS_RSA_WITH_AES_128_GCM_SHA256, TLS_RSA_WITH_AES_256_CBC_SHA256, TLS_RSA_WITH_AES_128_CBC_SHA256, TLS_RSA_WITH_AES_256_CBC_SHA, TLS_RSA_WITH_AES_128_CBC_SHA, TLS_EMPTY_RENEGOTIATION_INFO_SCSV]
15:08:15.400 [main] DEBUG org.apache.http.conn.ssl.SSLConnectionSocketFactory -- Starting handshake
15:08:15.420 [main] DEBUG org.apache.http.conn.ssl.SSLConnectionSocketFactory -- Secure session established
15:08:15.421 [main] DEBUG org.apache.http.conn.ssl.SSLConnectionSocketFactory --  negotiated protocol: TLSv1.3
15:08:15.421 [main] DEBUG org.apache.http.conn.ssl.SSLConnectionSocketFactory --  negotiated cipher suite: TLS_AES_256_GCM_SHA384
15:08:15.421 [main] DEBUG org.apache.http.conn.ssl.SSLConnectionSocketFactory --  peer principal: CN=dog.ceo
15:08:15.421 [main] DEBUG org.apache.http.conn.ssl.SSLConnectionSocketFactory --  peer alternative names: [dog.ceo, *.dog.ceo]
15:08:15.421 [main] DEBUG org.apache.http.conn.ssl.SSLConnectionSocketFactory --  issuer principal: CN=WE1, O=Google Trust Services, C=US
15:08:15.421 [main] DEBUG org.apache.http.impl.conn.DefaultHttpClientConnectionOperator -- Connection established 192.168.0.105:65290<->104.21.17.246:443
15:08:15.421 [main] DEBUG org.apache.http.impl.conn.DefaultManagedHttpClientConnection -- http-outgoing-5: set socket timeout to 30000
15:08:15.421 [main] DEBUG org.apache.http.impl.execchain.MainClientExec -- Executing request GET /api/breed/bulldog/images HTTP/1.1
15:08:15.421 [main] DEBUG org.apache.http.impl.execchain.MainClientExec -- Target auth state: UNCHALLENGED
15:08:15.421 [main] DEBUG org.apache.http.impl.execchain.MainClientExec -- Proxy auth state: UNCHALLENGED
15:08:15.421 [main] DEBUG org.apache.http.headers -- http-outgoing-5 >> GET /api/breed/bulldog/images HTTP/1.1
15:08:15.421 [main] DEBUG org.apache.http.headers -- http-outgoing-5 >> Host: dog.ceo
15:08:15.421 [main] DEBUG org.apache.http.headers -- http-outgoing-5 >> Connection: Keep-Alive
15:08:15.421 [main] DEBUG org.apache.http.headers -- http-outgoing-5 >> User-Agent: Apache-HttpClient/4.5.14 (Java/11.0.27)
15:08:15.421 [main] DEBUG org.apache.http.headers -- http-outgoing-5 >> Accept-Encoding: gzip,deflate
15:08:15.421 [main] DEBUG org.apache.http.wire -- http-outgoing-5 >> "GET /api/breed/bulldog/images HTTP/1.1[\r][\n]"
15:08:15.421 [main] DEBUG org.apache.http.wire -- http-outgoing-5 >> "Host: dog.ceo[\r][\n]"
15:08:15.421 [main] DEBUG org.apache.http.wire -- http-outgoing-5 >> "Connection: Keep-Alive[\r][\n]"
15:08:15.421 [main] DEBUG org.apache.http.wire -- http-outgoing-5 >> "User-Agent: Apache-HttpClient/4.5.14 (Java/11.0.27)[\r][\n]"
15:08:15.421 [main] DEBUG org.apache.http.wire -- http-outgoing-5 >> "Accept-Encoding: gzip,deflate[\r][\n]"
15:08:15.421 [main] DEBUG org.apache.http.wire -- http-outgoing-5 >> "[\r][\n]"
15:08:15.812 [main] DEBUG org.apache.http.wire -- http-outgoing-5 << "HTTP/1.1 200 OK[\r][\n]"
15:08:15.813 [main] DEBUG org.apache.http.wire -- http-outgoing-5 << "Date: Tue, 22 Jul 2025 18:08:30 GMT[\r][\n]"
15:08:15.814 [main] DEBUG org.apache.http.wire -- http-outgoing-5 << "Content-Type: application/json[\r][\n]"
15:08:15.814 [main] DEBUG org.apache.http.wire -- http-outgoing-5 << "Content-Length: 1398[\r][\n]"
15:08:15.814 [main] DEBUG org.apache.http.wire -- http-outgoing-5 << "Connection: keep-alive[\r][\n]"
15:08:15.814 [main] DEBUG org.apache.http.wire -- http-outgoing-5 << "Server: cloudflare[\r][\n]"
15:08:15.814 [main] DEBUG org.apache.http.wire -- http-outgoing-5 << "X-Powered-By: PHP/8.1.32[\r][\n]"
15:08:15.814 [main] DEBUG org.apache.http.wire -- http-outgoing-5 << "Access-Control-Allow-Origin: *[\r][\n]"
15:08:15.814 [main] DEBUG org.apache.http.wire -- http-outgoing-5 << "Content-Encoding: gzip[\r][\n]"
15:08:15.814 [main] DEBUG org.apache.http.wire -- http-outgoing-5 << "Via: 1.1 varnish (Varnish/6.3), 1.1 varnish (Varnish/6.3)[\r][\n]"
15:08:15.814 [main] DEBUG org.apache.http.wire -- http-outgoing-5 << "Cache-Control: max-age=1800[\r][\n]"
15:08:15.814 [main] DEBUG org.apache.http.wire -- http-outgoing-5 << "X-Cache-Age: 3336[\r][\n]"
15:08:15.814 [main] DEBUG org.apache.http.wire -- http-outgoing-5 << "X-Cache-Hits: 13[\r][\n]"
15:08:15.814 [main] DEBUG org.apache.http.wire -- http-outgoing-5 << "X-Cache: HIT[\r][\n]"
15:08:15.814 [main] DEBUG org.apache.http.wire -- http-outgoing-5 << "Accept-Ranges: bytes[\r][\n]"
15:08:15.814 [main] DEBUG org.apache.http.wire -- http-outgoing-5 << "Age: 0[\r][\n]"
15:08:15.814 [main] DEBUG org.apache.http.wire -- http-outgoing-5 << "Vary: Accept-Encoding[\r][\n]"
15:08:15.814 [main] DEBUG org.apache.http.wire -- http-outgoing-5 << "Nel: {"report_to":"cf-nel","success_fraction":0.0,"max_age":604800}[\r][\n]"
15:08:15.814 [main] DEBUG org.apache.http.wire -- http-outgoing-5 << "Cf-Cache-Status: DYNAMIC[\r][\n]"
15:08:15.814 [main] DEBUG org.apache.http.wire -- http-outgoing-5 << "Report-To: {"group":"cf-nel","max_age":604800,"endpoints":[{"url":"https://a.nel.cloudflare.com/report/v4?s=t9K4o4d1lHsHsENAp2ymuIzd2DFVxx%2FE7w2vSHw0lRjjHKtgeNCS0%2FmAlY7%2FQ3FNGllco26emHsTvF4vDt4RFTe68a3Ka34%3D"}]}[\r][\n]"
15:08:15.814 [main] DEBUG org.apache.http.wire -- http-outgoing-5 << "CF-RAY: 9634e23ca81ca4cc-GRU[\r][\n]"
15:08:15.814 [main] DEBUG org.apache.http.wire -- http-outgoing-5 << "alt-svc: h3=":443"; ma=86400[\r][\n]"
15:08:15.814 [main] DEBUG org.apache.http.wire -- http-outgoing-5 << "[\r][\n]"
15:08:15.814 [main] DEBUG org.apache.http.wire -- http-outgoing-5 << "[0x1f][0x8b][0x8][0x0][0x0][0x0][0x0][0x0][0x0][0x3][0xad][0x9c]MNd7[0x10][0x80][0xef][0xd2][0xeb][0x19][0xb0][0xab]\[0xb6][0x8b][0xb][0x8c][0xb2][0xc8][0x9]B[0x84][0x18][0xa6][0x3][0x8c][0xa0]A[0xbc]f[0x91]D[0xb9]{<[0x8b]IH[0xa6]6]|[0x8b][0x16]R[0x8b][0xfe][0xe4]g[0xd7][0x95][0xdf][0x9f][0xbb][0xc7][0xfd][0xb6]][0xdf][0xee]w[0x17][0xbf][0xec][0xee][0x8e][0xc7][0xe7][0xed][0xe2][0xf2][0xfc][0xf2][0xfc][0xfe]q}[0xb5][0x9d]}y[0xba]=[0xbb][0xd9]?][0x9e]~[0xd9][0xef][0xbf]l[0xeb][0xef][0xeb][0xc3][0xc3][0xfa][0xf2][0xe3][0xe7][0xa7][0xed][0xf8]t[0xb8]<[0x97]"[0xa5][0x8c]Z[0xae][0xea]0W=[0xfb][0xfa]|[0xbb][0xfb][0xf0]^Nki[0xce]aq[0xbc][0xdb][0xb4][0xab]Zt[0x16][0x84][0xd3]L[0x10][0x8e]yG8[0xbd]0[0xfb][0xd3][0x1d][0xc1][0xc]e[0x96]3[0xfa]D8S[0xf2]b[0xf8][0x1f]NC[0x8e][0xab]VF[0xc]k[0xab][0x83][0xe1][0x8][0xc4]A[0xb6][0xb9][0xb6][0xc1]ls[0xaf][0x88][0x18][0xd6][0x81]({[0x1d]Z[0x19][0xe][0xb4]=[0x3]Q[0xf6]%[0xcb][0x88][0x92][0xd6][0xc9][0x8][0xb3][0x14][0x6]S[0x19][0xdb]#[0xca][0xb8][\n]"
15:08:15.814 [main] DEBUG org.apache.http.wire -- http-outgoing-5 << "[0xd1][0xe]q[0x18]i^[0x1c]D[0xb9][0xa4]u[0x86][0xd3][0x11][0x93]*[0xa3]"[0xca]%[0x90][0x92][0xca]Dl[0x86]L1[0x86][0xc3][0x4]b2[0x19][0xf]([0x8e]<[0x96]Vd[0x97][0xb5]"[0xfe]O[0x1b]b[0xc1]ZAV[0xd3][0x14]q[0x13][0xad]1[0x18][0xe4][0xbc][0x9b]![0xd2]g[0x8c]R[0x99]"[0x16][0xd9][0xc][0xd9]ac[0xfc][0x8c]1[0xee][0xd3][0x6][0xa2][0x99][0xc6]8=[0x9b][0x88]J[0xd9]D|C[0x17][0xc4][0x16]wF[0xa7]:s[0xe0]L[0x6][0xda][0x1d]9[0xef][0xa1][0x88]%[0x1e][0x86][0x88][0xcd]0DlFGTj[0xc]Dl&[0xf3]P[0x88][0xd4]8[0xa3]P[0xce][0xf8]og[0x12][0x7][0xef][0x88][0xf0][0xf9]@\[0xa6]#[0x8a])[0x5][0xc9]9[0xa5]4f5[0x93][0xc1]8[0xf2]P[0x95]8[0xa8]Ea[0x16]3[0x8]][0x10][0xa6]`&L[0x92][0xb8]Rz[0xc2]N[0x8][0xe2]\[0xa0]<|a[0x8][0x13]*[0xea][0xc8]j[0x1a]b[0xd0][0xa5]![0x15]7a[0xd2][0x5]iNXb1$[0xcb][0x14]ct[0x81][0x9][0x89][0xa5]#q[0xbe]t[0xa4][0x9f]"[0x3]I[0xec][0x16][0x6][0xd1][0xf0]Y[0x90][0x93][0x9a][0x5][0xd1][0xa9])[0xc8]IMA[0xfc][0x8b]3{[0xc3][0x84]lZ[0xb]!7L5J+[0xb1][0xc1]HiB[0x1b][0xf2]@H[0x16][0xa5][0xdd][0x91][0xa3][0x1e][0x8a]l[0xef]D[0x92][0xb1]V[0x91]Z_[0xab]J[0x98][0xcf][0x86][0xb4][0xdd][0x9a]"[0x86][0xa6]5D[0xf]Z3d5[0x86]t[0xc6][0x1b][0x12][0x80]6CR[0xf8]6[0x90][0x8][0xb4]9[0x12]IXA[0x9a][0xd0][0x86]t[0x11][0xad]"s[0x19]V[0x91][0xe8][0xc8][0x98][0xf4][0xc7]"
15:08:15.814 [main] DEBUG org.apache.http.headers -- http-outgoing-5 << HTTP/1.1 200 OK
15:08:15.814 [main] DEBUG org.apache.http.headers -- http-outgoing-5 << Date: Tue, 22 Jul 2025 18:08:30 GMT
15:08:15.814 [main] DEBUG org.apache.http.headers -- http-outgoing-5 << Content-Type: application/json
15:08:15.814 [main] DEBUG org.apache.http.headers -- http-outgoing-5 << Content-Length: 1398
15:08:15.814 [main] DEBUG org.apache.http.headers -- http-outgoing-5 << Connection: keep-alive
15:08:15.814 [main] DEBUG org.apache.http.headers -- http-outgoing-5 << Server: cloudflare
15:08:15.814 [main] DEBUG org.apache.http.headers -- http-outgoing-5 << X-Powered-By: PHP/8.1.32
15:08:15.814 [main] DEBUG org.apache.http.headers -- http-outgoing-5 << Access-Control-Allow-Origin: *
15:08:15.814 [main] DEBUG org.apache.http.headers -- http-outgoing-5 << Content-Encoding: gzip
15:08:15.814 [main] DEBUG org.apache.http.headers -- http-outgoing-5 << Via: 1.1 varnish (Varnish/6.3), 1.1 varnish (Varnish/6.3)
15:08:15.814 [main] DEBUG org.apache.http.headers -- http-outgoing-5 << Cache-Control: max-age=1800
15:08:15.814 [main] DEBUG org.apache.http.headers -- http-outgoing-5 << X-Cache-Age: 3336
15:08:15.814 [main] DEBUG org.apache.http.headers -- http-outgoing-5 << X-Cache-Hits: 13
15:08:15.814 [main] DEBUG org.apache.http.headers -- http-outgoing-5 << X-Cache: HIT
15:08:15.814 [main] DEBUG org.apache.http.headers -- http-outgoing-5 << Accept-Ranges: bytes
15:08:15.814 [main] DEBUG org.apache.http.headers -- http-outgoing-5 << Age: 0
15:08:15.814 [main] DEBUG org.apache.http.headers -- http-outgoing-5 << Vary: Accept-Encoding
15:08:15.814 [main] DEBUG org.apache.http.headers -- http-outgoing-5 << Nel: {"report_to":"cf-nel","success_fraction":0.0,"max_age":604800}
15:08:15.814 [main] DEBUG org.apache.http.headers -- http-outgoing-5 << Cf-Cache-Status: DYNAMIC
15:08:15.814 [main] DEBUG org.apache.http.headers -- http-outgoing-5 << Report-To: {"group":"cf-nel","max_age":604800,"endpoints":[{"url":"https://a.nel.cloudflare.com/report/v4?s=t9K4o4d1lHsHsENAp2ymuIzd2DFVxx%2FE7w2vSHw0lRjjHKtgeNCS0%2FmAlY7%2FQ3FNGllco26emHsTvF4vDt4RFTe68a3Ka34%3D"}]}
15:08:15.814 [main] DEBUG org.apache.http.headers -- http-outgoing-5 << CF-RAY: 9634e23ca81ca4cc-GRU
15:08:15.814 [main] DEBUG org.apache.http.headers -- http-outgoing-5 << alt-svc: h3=":443"; ma=86400
15:08:15.814 [main] DEBUG org.apache.http.impl.execchain.MainClientExec -- Connection can be kept alive indefinitely
15:08:15.816 [main] DEBUG org.apache.http.wire -- http-outgoing-5 << "[0x10][0xe1][[0x1f]B[0xf8][0xcc][0x99][0xe3]v$[0xc1][0xec][0x5][0x89]j[0xba] [0xce][0xa5]k'[0x84][0xb8][0x1b][0x84]A(H[0xb7][0xb8]w$[0x96][0xe8]HM[0xac][0x8f]Nx[0xdd][0xce](T[0x9f][0x88]5[0xef][0xde][0x88][0xbd][0x19][0x8a][0xc4][0x12][0xc3][0x90]B[0xdf]@[0xba]Hc"[0x8d][0xba]1'[0xa1]P[0xe3]=#[0x9a][0xff]bf[0xe9][0x84][0xf4][0xcd]*[0x84][0xd8][0xcc][0xda][0x8][0x3]:[0x5][0x9][0xab][0xa7]"[0xe3][0x87]S[0x91][0xe2][0xc6]t$[0x98]p$[0xb2][0xf1]*[0x84]JyE[0xec][0xb9]+[0x12]L8bl[0xdc][0x90]2[0x80]3[0x19][0x87]#m:[0xef][0xc8]8[0x93]3[0xf5]9GF[0xb4]V[0xda][0x82]l[0xb0]#[0xe5]9_[0x1a][0x85]`N[0xa6][0xfd][0xe1][0xf6][0xe1]~[0xbb][0xfb][0xf6][0xc5][0xe1][0x8f][0xfc][0xaf][0xbf][0xae][0xff]{[0xf9]x[0xba][0x98][0xfc][0xf]p[0xfa].[0xfc][0x3]x[0xbc]~[0xbc][0xc7][0xaf]__[0x9e][0xef]~?[0xf9][0xf7][0xbf][0xbd][0xec][0xf]7[0xeb][0xe7]?[0xfd][0xfc][0xe9]*5g[0xfe][0x16]P3[0xc1][0xf6]w[0xc0][0xdd][0xeb][0xe1][0xf6][0xdb]'[\r]XbT[0xcb]\6[0xf9][0xaa].[0x81]:][0x90]"[0x8e]%[0xe2][0xfe][0x80][0x93][0xe8][0x8d]F[0x94]DP[0x1a]bN[0xd7][0xf8][0x8][0x93][0x99]x[0xe]9[0x89][0xd8]+[0xe2]h[0xa2][0xed][0x11]r[0x18][0x8c]%[0xba]w[0x11]'[0x93]3F[0x9c]yzh[0x1a]`[0xa4]&[0xe6]2#[0x8e]@[0xeb][0xd1][0xc4][0xf8]~[0xcc]a[0x9e][0xab]%[0x8a]][0x11][0xa7]'[0xea][0xc7][0x1]'[0x13]Z[0x6][0x98]Dh[0x19]P2-[0xe4][0x0][0xc3][0xec]pOD,[0x1]f$[0xc6][0xa5][0x2][0xcc]L[0x14]c"L"[0xc9][0x8a]0[0x89][0xf9][0xf6][0x0][0xe3][0x89]T"[0xc2][0x18][0xa2][\n]"
15:08:15.816 [main] DEBUG org.apache.http.wire -- http-outgoing-5 << "[0x89]1[0xa7][0x1f])R[0x11][0xbd][0x94][0x8a][0x9c][0xb7]$[0x12][0x92][0x88][0x92][0x18][0xc2][0x9]0[0x8a][0x4][0x4][0xcb][0x12][0x13][0x1a]%*[0xc8][0xe]g[0xae][0xee][0x6][0x18]Cb7[0xb1][0xc4][0xd0]t[0x84]IT[0x90][0x3]LO[0xd4][0xa9]"L";[0xf]0[0x99]9[0xe5][0x0]3[0x19])[0x9e][0x8a][0x9c][0xd4]tD5[0x9d]Q[0x6]G[0x82][0xf8][0x16][0x83][0xe8][0x94][0x96]D[0xe7]6[0xc2] [0x8e]A3=[0xd7][0x8]C[0xe8][0xc2]2[0xa1][0x84][0xd8]hMtS"[0xc][0x92][0xc2][0xa8][0x14][0xc2]1[0xa8] [0x91][0xbe][\n]"
15:08:15.816 [main] DEBUG org.apache.http.wire -- http-outgoing-5 << "[0x12][0x95],/E[0xa8][0x94]&[0x1a][0xc0][0x1]E[0x13]cm[0x11][0x6]1[0x13][0xaa][0x89]K9[0x11]&1&[0x1f]a[0x18]3[0x91][0x98]I[0x8b](H]J[0x91][0x12][0x85][0x1a]R[0xc0]QK[0xdc][0xf1][0x8d]0[0xef][0xa8]A[0xbe][0xc5]$[0x86][0x94][0x2]Lg,[0xe8]`L_[0xa6][0xe5][0x1f]`[0x10]E[0xc8]\[0xc5][0xe]0[0x8e][0xd4][0x14][0x96]r[0x13][0xf][0xd5]j[0xa2][0xab][0x1d]a[0x90][0x12]G[0xab][0x89]NS[0x84]I\ [0x8]0[0x82][0xa4]@M[0x91][0xa4][0xa3]e[0xde]G[0x11]`Zbl%[0xc4][0x10]F[0xab][0x19][0xe2][0xbf][0x1b][0x93][0xd7][0xb5][0xcc][0x8b]g"[0xc]#[0xc5]H[0x92][0xd9]&[0xa3][0x99]^[0x90][0xd5][0xb8][0x13][0x18]+[0x89][0x91][0x9e][0x8][0x93][0x18][0x14][0x9]0[0x82][0xec][0x8d]iAV[0xc3][0xf4][0x5]L[0x91][0xae][0x92]eF+[0x3]LCr[0x17]C[0xd2]:[0xcb][0xbc][0x8c].[0xc0]tfk:[0x92]t 1h[0xe6]%[0x14][0x1]e"[0x11]R[0xcf][0xdc]}[0xe]0H[0xf9][0xbc][0xb]R[0xc0][0xec]H[0xc6][0xd1][[0xe2][0xd5]%[0x1][0xc6][0x12][0x17]O"[0xc]r[0xda]H-5s-[0xf2]G[0xca][0xa8][0x95]H[0xc5]2o[0xd8][\n]"
15:08:15.816 [main] DEBUG org.apache.http.wire -- http-outgoing-5 << "(H[0xae];[0x98][0xaa][0xcf]HL[0xf4][0x6][0x94][0x8e]h[0xf6][0x98][0x88][0xc3][0x1d][0x13][0xa9][0xea]N[0xa6]<7[0x1b][0xd2]a[0x9b][0x99][0x17][0xa5]F[0x18]D[0xa1][0xa6]'[0x6][0x83]#[0xc][0xb1]5[0xae]H[0x87][0xc3][0x1b][0xe2]r}[0x85][0x8d][0x4][0x6][0xf1][0xdc][0x8e]$[0x85]>[0x11][0xd9][0xf3][0xef][0x9d][0xa8]_?[0xec][0xb6][0xe3][0xf5][0xf1]u[0xdb]][0xec][0xb6][0xd7][0x9b][0x9b][0xfd][0xb6][0xed][0xfe][0xfa][0x1b][0xe4][0x95]0[0x88][0xbc]Y[0x0][0x0]"
15:08:15.816 [main] DEBUG org.apache.http.impl.conn.DefaultManagedHttpClientConnection -- http-outgoing-5: Close connection
15:08:15.832 [main] DEBUG org.apache.http.impl.execchain.MainClientExec -- Connection discarded
15:08:15.832 [main] DEBUG org.apache.http.impl.conn.PoolingHttpClientConnectionManager -- Connection released: [id: 5][route: {s}->https://dog.ceo:443][total available: 0; route allocated: 0 of 5; total allocated: 0 of 10]
15:08:15.832 [main] DEBUG org.apache.http.impl.conn.PoolingHttpClientConnectionManager -- Connection manager is shutting down
15:08:15.832 [main] DEBUG org.apache.http.impl.conn.PoolingHttpClientConnectionManager -- Connection manager shut down
15:08:15.832 [main] DEBUG com.intuit.karate -- response time in milliseconds: 430
1 < 200
1 < Date: Tue, 22 Jul 2025 18:08:30 GMT
1 < Content-Type: application/json
1 < Connection: keep-alive
1 < Server: cloudflare
1 < X-Powered-By: PHP/8.1.32
1 < Access-Control-Allow-Origin: *
1 < Via: 1.1 varnish (Varnish/6.3), 1.1 varnish (Varnish/6.3)
1 < Cache-Control: max-age=1800
1 < X-Cache-Age: 3336
1 < X-Cache-Hits: 13
1 < X-Cache: HIT
1 < Accept-Ranges: bytes
1 < Age: 0
1 < Vary: Accept-Encoding
1 < Nel: {"report_to":"cf-nel","success_fraction":0.0,"max_age":604800}
1 < Cf-Cache-Status: DYNAMIC
1 < Report-To: {"group":"cf-nel","max_age":604800,"endpoints":[{"url":"https://a.nel.cloudflare.com/report/v4?s=t9K4o4d1lHsHsENAp2ymuIzd2DFVxx%2FE7w2vSHw0lRjjHKtgeNCS0%2FmAlY7%2FQ3FNGllco26emHsTvF4vDt4RFTe68a3Ka34%3D"}]}
1 < CF-RAY: 9634e23ca81ca4cc-GRU
1 < alt-svc: h3=":443"; ma=86400
{"message":["https:\/\/images.dog.ceo\/breeds\/bulldog-boston\/20200710_175933.jpg","https:\/\/images.dog.ceo\/breeds\/bulldog-boston\/20200710_175944.jpg","https:\/\/images.dog.ceo\/breeds\/bulldog-boston\/n02096585_10380.jpg","https:\/\/images.dog.ceo\/breeds\/bulldog-boston\/n02096585_10452.jpg","https:\/\/images.dog.ceo\/breeds\/bulldog-boston\/n02096585_10596.jpg","https:\/\/images.dog.ceo\/breeds\/bulldog-boston\/n02096585_10604.jpg","https:\/\/images.dog.ceo\/breeds\/bulldog-boston\/n02096585_1069.jpg","https:\/\/images.dog.ceo\/breeds\/bulldog-boston\/n02096585_10734.jpg","https:\/\/images.dog.ceo\/breeds\/bulldog-boston\/n02096585_10768.jpg","https:\/\/images.dog.ceo\/breeds\/bulldog-boston\/n02096585_10823.jpg","https:\/\/images.dog.ceo\/breeds\/bulldog-boston\/n02096585_10846.jpg","https:\/\/images.dog.ceo\/breeds\/bulldog-boston\/n02096585_11180.jpg","https:\/\/images.dog.ceo\/breeds\/bulldog-boston\/n02096585_11417.jpg","https:\/\/images.dog.ceo\/breeds\/bulldog-boston\/n02096585_11427.jpg","https:\/\/images.dog.ceo\/breeds\/bulldog-boston\/n02096585_1143.jpg","https:\/\/images.dog.ceo\/breeds\/bulldog-boston\/n02096585_11476.jpg","https:\/\/images.dog.ceo\/breeds\/bulldog-boston\/n02096585_11614.jpg","https:\/\/images.dog.ceo\/breeds\/bulldog-boston\/n02096585_1172.jpg","https:\/\/images.dog.ceo\/breeds\/bulldog-boston\/n02096585_11731.jpg","https:\/\/images.dog.ceo\/breeds\/bulldog-boston\/n02096585_11776.jpg","https:\/\/images.dog.ceo\/breeds\/bulldog-boston\/n02096585_1179.jpg","https:\/\/images.dog.ceo\/breeds\/bulldog-boston\/n02096585_11808.jpg","https:\/\/images.dog.ceo\/breeds\/bulldog-boston\/n02096585_11817.jpg","https:\/\/images.dog.ceo\/breeds\/bulldog-boston\/n02096585_1207.jpg","https:\/\/images.dog.ceo\/breeds\/bulldog-boston\/n02096585_12168.jpg","https:\/\/images.dog.ceo\/breeds\/bulldog-boston\/n02096585_12352.jpg","https:\/\/images.dog.ceo\/breeds\/bulldog-boston\/n02096585_12362.jpg","https:\/\/images.dog.ceo\/breeds\/bulldog-boston\/n02096585_12372.jpg","https:\/\/images.dog.ceo\/breeds\/bulldog-boston\/n02096585_12374.jpg","https:\/\/images.dog.ceo\/breeds\/bulldog-boston\/n02096585_12464.jpg","https:\/\/images.dog.ceo\/breeds\/bulldog-boston\/n02096585_1260.jpg","https:\/\/images.dog.ceo\/breeds\/bulldog-boston\/n02096585_12716.jpg","https:\/\/images.dog.ceo\/breeds\/bulldog-boston\/n02096585_12776.jpg","https:\/\/images.dog.ceo\/breeds\/bulldog-boston\/n02096585_1281.jpg","https:\/\/images.dog.ceo\/breeds\/bulldog-boston\/n02096585_12825.jpg","https:\/\/images.dog.ceo\/breeds\/bulldog-boston\/n02096585_12844.jpg","https:\/\/images.dog.ceo\/breeds\/bulldog-boston\/n02096585_12880.jpg","https:\/\/images.dog.ceo\/breeds\/bulldog-boston\/n02096585_1295.jpg","https:\/\/images.dog.ceo\/breeds\/bulldog-boston\/n02096585_1311.jpg","https:\/\/images.dog.ceo\/breeds\/bulldog-boston\/n02096585_1313.jpg","https:\/\/images.dog.ceo\/breeds\/bulldog-boston\/n02096585_1347.jpg","https:\/\/images.dog.ceo\/breeds\/bulldog-boston\/n02096585_1403.jpg","https:\/\/images.dog.ceo\/breeds\/bulldog-boston\/n02096585_1439.jpg","https:\/\/images.dog.ceo\/breeds\/bulldog-boston\/n02096585_1449.jpg","https:\/\/images.dog.ceo\/breeds\/bulldog-boston\/n02096585_145.jpg","https:\/\/images.dog.ceo\/breeds\/bulldog-boston\/n02096585_1450.jpg","https:\/\/images.dog.ceo\/breeds\/bulldog-boston\/n02096585_1525.jpg","https:\/\/images.dog.ceo\/breeds\/bulldog-boston\/n02096585_1532.jpg","https:\/\/images.dog.ceo\/breeds\/bulldog-boston\/n02096585_1559.jpg","https:\/\/images.dog.ceo\/breeds\/bulldog-boston\/n02096585_1562.jpg","https:\/\/images.dog.ceo\/breeds\/bulldog-boston\/n02096585_1568.jpg","https:\/\/images.dog.ceo\/breeds\/bulldog-boston\/n02096585_1571.jpg","https:\/\/images.dog.ceo\/breeds\/bulldog-boston\/n02096585_1572.jpg","https:\/\/images.dog.ceo\/breeds\/bulldog-boston\/n02096585_1583.jpg","https:\/\/images.dog.ceo\/breeds\/bulldog-boston\/n02096585_1586.jpg","https:\/\/images.dog.ceo\/breeds\/bulldog-boston\/n02096585_1624.jpg","https:\/\/images.dog.ceo\/breeds\/bulldog-boston\/n02096585_1645.jpg","https:\/\/images.dog.ceo\/breeds\/bulldog-boston\/n02096585_1668.jpg","https:\/\/images.dog.ceo\/breeds\/bulldog-boston\/n02096585_169.jpg","https:\/\/images.dog.ceo\/breeds\/bulldog-boston\/n02096585_1692.jpg","https:\/\/images.dog.ceo\/breeds\/bulldog-boston\/n02096585_1737.jpg","https:\/\/images.dog.ceo\/breeds\/bulldog-boston\/n02096585_1753.jpg","https:\/\/images.dog.ceo\/breeds\/bulldog-boston\/n02096585_1756.jpg","https:\/\/images.dog.ceo\/breeds\/bulldog-boston\/n02096585_1761.jpg","https:\/\/images.dog.ceo\/breeds\/bulldog-boston\/n02096585_1775.jpg","https:\/\/images.dog.ceo\/breeds\/bulldog-boston\/n02096585_1856.jpg","https:\/\/images.dog.ceo\/breeds\/bulldog-boston\/n02096585_19.jpg","https:\/\/images.dog.ceo\/breeds\/bulldog-boston\/n02096585_1924.jpg","https:\/\/images.dog.ceo\/breeds\/bulldog-boston\/n02096585_1947.jpg","https:\/\/images.dog.ceo\/breeds\/bulldog-boston\/n02096585_1952.jpg","https:\/\/images.dog.ceo\/breeds\/bulldog-boston\/n02096585_1963.jpg","https:\/\/images.dog.ceo\/breeds\/bulldog-boston\/n02096585_1970.jpg","https:\/\/images.dog.ceo\/breeds\/bulldog-boston\/n02096585_1992.jpg","https:\/\/images.dog.ceo\/breeds\/bulldog-boston\/n02096585_2008.jpg","https:\/\/images.dog.ceo\/breeds\/bulldog-boston\/n02096585_2042.jpg","https:\/\/images.dog.ceo\/breeds\/bulldog-boston\/n02096585_2082.jpg","https:\/\/images.dog.ceo\/breeds\/bulldog-boston\/n02096585_2098.jpg","https:\/\/images.dog.ceo\/breeds\/bulldog-boston\/n02096585_210.jpg","https:\/\/images.dog.ceo\/breeds\/bulldog-boston\/n02096585_2108.jpg","https:\/\/images.dog.ceo\/breeds\/bulldog-boston\/n02096585_2177.jpg","https:\/\/images.dog.ceo\/breeds\/bulldog-boston\/n02096585_2180.jpg","https:\/\/images.dog.ceo\/breeds\/bulldog-boston\/n02096585_2260.jpg","https:\/\/images.dog.ceo\/breeds\/bulldog-boston\/n02096585_2354.jpg","https:\/\/images.dog.ceo\/breeds\/bulldog-boston\/n02096585_237.jpg","https:\/\/images.dog.ceo\/breeds\/bulldog-boston\/n02096585_2374.jpg","https:\/\/images.dog.ceo\/breeds\/bulldog-boston\/n02096585_2379.jpg","https:\/\/images.dog.ceo\/breeds\/bulldog-boston\/n02096585_2394.jpg","https:\/\/images.dog.ceo\/breeds\/bulldog-boston\/n02096585_2419.jpg","https:\/\/images.dog.ceo\/breeds\/bulldog-boston\/n02096585_2431.jpg","https:\/\/images.dog.ceo\/breeds\/bulldog-boston\/n02096585_2450.jpg","https:\/\/images.dog.ceo\/breeds\/bulldog-boston\/n02096585_2493.jpg","https:\/\/images.dog.ceo\/breeds\/bulldog-boston\/n02096585_2513.jpg","https:\/\/images.dog.ceo\/breeds\/bulldog-boston\/n02096585_2560.jpg","https:\/\/images.dog.ceo\/breeds\/bulldog-boston\/n02096585_2583.jpg","https:\/\/images.dog.ceo\/breeds\/bulldog-boston\/n02096585_2671.jpg","https:\/\/images.dog.ceo\/breeds\/bulldog-boston\/n02096585_2696.jpg","https:\/\/images.dog.ceo\/breeds\/bulldog-boston\/n02096585_2725.jpg","https:\/\/images.dog.ceo\/breeds\/bulldog-boston\/n02096585_2727.jpg","https:\/\/images.dog.ceo\/breeds\/bulldog-boston\/n02096585_2800.jpg","https:\/\/images.dog.ceo\/breeds\/bulldog-boston\/n02096585_2809.jpg","https:\/\/images.dog.ceo\/breeds\/bulldog-boston\/n02096585_2821.jpg","https:\/\/images.dog.ceo\/breeds\/bulldog-boston\/n02096585_2828.jpg","https:\/\/images.dog.ceo\/breeds\/bulldog-boston\/n02096585_2900.jpg","https:\/\/images.dog.ceo\/breeds\/bulldog-boston\/n02096585_2947.jpg","https:\/\/images.dog.ceo\/breeds\/bulldog-boston\/n02096585_3105.jpg","https:\/\/images.dog.ceo\/breeds\/bulldog-boston\/n02096585_311.jpg","https:\/\/images.dog.ceo\/breeds\/bulldog-boston\/n02096585_318.jpg","https:\/\/images.dog.ceo\/breeds\/bulldog-boston\/n02096585_32.jpg","https:\/\/images.dog.ceo\/breeds\/bulldog-boston\/n02096585_341.jpg","https:\/\/images.dog.ceo\/breeds\/bulldog-boston\/n02096585_353.jpg","https:\/\/images.dog.ceo\/breeds\/bulldog-boston\/n02096585_3697.jpg","https:\/\/images.dog.ceo\/breeds\/bulldog-boston\/n02096585_3738.jpg","https:\/\/images.dog.ceo\/breeds\/bulldog-boston\/n02096585_3861.jpg","https:\/\/images.dog.ceo\/breeds\/bulldog-boston\/n02096585_4103.jpg","https:\/\/images.dog.ceo\/breeds\/bulldog-boston\/n02096585_4136.jpg","https:\/\/images.dog.ceo\/breeds\/bulldog-boston\/n02096585_414.jpg","https:\/\/images.dog.ceo\/breeds\/bulldog-boston\/n02096585_4321.jpg","https:\/\/images.dog.ceo\/breeds\/bulldog-boston\/n02096585_4418.jpg","https:\/\/images.dog.ceo\/breeds\/bulldog-boston\/n02096585_4451.jpg","https:\/\/images.dog.ceo\/breeds\/bulldog-boston\/n02096585_4534.jpg","https:\/\/images.dog.ceo\/breeds\/bulldog-boston\/n02096585_454.jpg","https:\/\/images.dog.ceo\/breeds\/bulldog-boston\/n02096585_4575.jpg","https:\/\/images.dog.ceo\/breeds\/bulldog-boston\/n02096585_4774.jpg","https:\/\/images.dog.ceo\/breeds\/bulldog-boston\/n02096585_4983.jpg","https:\/\/images.dog.ceo\/breeds\/bulldog-boston\/n02096585_5043.jpg","https:\/\/images.dog.ceo\/breeds\/bulldog-boston\/n02096585_507.jpg","https:\/\/images.dog.ceo\/breeds\/bulldog-boston\/n02096585_5104.jpg","https:\/\/images.dog.ceo\/breeds\/bulldog-boston\/n02096585_5171.jpg","https:\/\/images.dog.ceo\/breeds\/bulldog-boston\/n02096585_5260.jpg","https:\/\/images.dog.ceo\/breeds\/bulldog-boston\/n02096585_554.jpg","https:\/\/images.dog.ceo\/breeds\/bulldog-boston\/n02096585_5855.jpg","https:\/\/images.dog.ceo\/breeds\/bulldog-boston\/n02096585_5943.jpg","https:\/\/images.dog.ceo\/breeds\/bulldog-boston\/n02096585_5980.jpg","https:\/\/images.dog.ceo\/breeds\/bulldog-boston\/n02096585_6028.jpg","https:\/\/images.dog.ceo\/breeds\/bulldog-boston\/n02096585_6238.jpg","https:\/\/images.dog.ceo\/breeds\/bulldog-boston\/n02096585_6367.jpg","https:\/\/images.dog.ceo\/breeds\/bulldog-boston\/n02096585_6567.jpg","https:\/\/images.dog.ceo\/breeds\/bulldog-boston\/n02096585_657.jpg","https:\/\/images.dog.ceo\/breeds\/bulldog-boston\/n02096585_664.jpg","https:\/\/images.dog.ceo\/breeds\/bulldog-boston\/n02096585_6653.jpg","https:\/\/images.dog.ceo\/breeds\/bulldog-boston\/n02096585_670.jpg","https:\/\/images.dog.ceo\/breeds\/bulldog-boston\/n02096585_6766.jpg","https:\/\/images.dog.ceo\/breeds\/bulldog-boston\/n02096585_6855.jpg","https:\/\/images.dog.ceo\/breeds\/bulldog-boston\/n02096585_6874.jpg","https:\/\/images.dog.ceo\/breeds\/bulldog-boston\/n02096585_6940.jpg","https:\/\/images.dog.ceo\/breeds\/bulldog-boston\/n02096585_7314.jpg","https:\/\/images.dog.ceo\/breeds\/bulldog-boston\/n02096585_7542.jpg","https:\/\/images.dog.ceo\/breeds\/bulldog-boston\/n02096585_772.jpg","https:\/\/images.dog.ceo\/breeds\/bulldog-boston\/n02096585_7859.jpg","https:\/\/images.dog.ceo\/breeds\/bulldog-boston\/n02096585_7887.jpg","https:\/\/images.dog.ceo\/breeds\/bulldog-boston\/n02096585_7933.jpg","https:\/\/images.dog.ceo\/breeds\/bulldog-boston\/n02096585_8065.jpg","https:\/\/images.dog.ceo\/breeds\/bulldog-boston\/n02096585_8120.jpg","https:\/\/images.dog.ceo\/breeds\/bulldog-boston\/n02096585_8148.jpg","https:\/\/images.dog.ceo\/breeds\/bulldog-boston\/n02096585_8203.jpg","https:\/\/images.dog.ceo\/breeds\/bulldog-boston\/n02096585_8323.jpg","https:\/\/images.dog.ceo\/breeds\/bulldog-boston\/n02096585_8396.jpg","https:\/\/images.dog.ceo\/breeds\/bulldog-boston\/n02096585_8971.jpg","https:\/\/images.dog.ceo\/breeds\/bulldog-boston\/n02096585_904.jpg","https:\/\/images.dog.ceo\/breeds\/bulldog-boston\/n02096585_9122.jpg","https:\/\/images.dog.ceo\/breeds\/bulldog-boston\/n02096585_9153.jpg","https:\/\/images.dog.ceo\/breeds\/bulldog-boston\/n02096585_9343.jpg","https:\/\/images.dog.ceo\/breeds\/bulldog-boston\/n02096585_942.jpg","https:\/\/images.dog.ceo\/breeds\/bulldog-boston\/n02096585_9511.jpg","https:\/\/images.dog.ceo\/breeds\/bulldog-boston\/n02096585_9534.jpg","https:\/\/images.dog.ceo\/breeds\/bulldog-boston\/n02096585_956.jpg","https:\/\/images.dog.ceo\/breeds\/bulldog-boston\/n02096585_9681.jpg","https:\/\/images.dog.ceo\/breeds\/bulldog-boston\/n02096585_9725.jpg","https:\/\/images.dog.ceo\/breeds\/bulldog-boston\/n02096585_976.jpg","https:\/\/images.dog.ceo\/breeds\/bulldog-boston\/n02096585_9834.jpg","https:\/\/images.dog.ceo\/breeds\/bulldog-boston\/n02096585_9909.jpg","https:\/\/images.dog.ceo\/breeds\/bulldog-boston\/n02096585_9912.jpg","https:\/\/images.dog.ceo\/breeds\/bulldog-boston\/n02096585_994.jpg","https:\/\/images.dog.ceo\/breeds\/bulldog-english\/bunz.jpg","https:\/\/images.dog.ceo\/breeds\/bulldog-english\/jager-1.jpg","https:\/\/images.dog.ceo\/breeds\/bulldog-english\/jager-2.jpg","https:\/\/images.dog.ceo\/breeds\/bulldog-english\/mami.jpg","https:\/\/images.dog.ceo\/breeds\/bulldog-english\/murphy.jpg","https:\/\/images.dog.ceo\/breeds\/bulldog-french\/IMG_0846.jpg","https:\/\/images.dog.ceo\/breeds\/bulldog-french\/IMG_1657.jpg","https:\/\/images.dog.ceo\/breeds\/bulldog-french\/hunghung.jpg","https:\/\/images.dog.ceo\/breeds\/bulldog-french\/n02108915_10204.jpg","https:\/\/images.dog.ceo\/breeds\/bulldog-french\/n02108915_10564.jpg","https:\/\/images.dog.ceo\/breeds\/bulldog-french\/n02108915_110.jpg","https:\/\/images.dog.ceo\/breeds\/bulldog-french\/n02108915_1114.jpg","https:\/\/images.dog.ceo\/breeds\/bulldog-french\/n02108915_1119.jpg","https:\/\/images.dog.ceo\/breeds\/bulldog-french\/n02108915_11207.jpg","https:\/\/images.dog.ceo\/breeds\/bulldog-french\/n02108915_11220.jpg","https:\/\/images.dog.ceo\/breeds\/bulldog-french\/n02108915_11327.jpg","https:\/\/images.dog.ceo\/breeds\/bulldog-french\/n02108915_1137.jpg","https:\/\/images.dog.ceo\/breeds\/bulldog-french\/n02108915_11550.jpg","https:\/\/images.dog.ceo\/breeds\/bulldog-french\/n02108915_11653.jpg","https:\/\/images.dog.ceo\/breeds\/bulldog-french\/n02108915_1188.jpg","https:\/\/images.dog.ceo\/breeds\/bulldog-french\/n02108915_12139.jpg","https:\/\/images.dog.ceo\/breeds\/bulldog-french\/n02108915_12288.jpg","https:\/\/images.dog.ceo\/breeds\/bulldog-french\/n02108915_12317.jpg","https:\/\/images.dog.ceo\/breeds\/bulldog-french\/n02108915_12319.jpg","https:\/\/images.dog.ceo\/breeds\/bulldog-french\/n02108915_12460.jpg","https:\/\/images.dog.ceo\/breeds\/bulldog-french\/n02108915_12618.jpg","https:\/\/images.dog.ceo\/breeds\/bulldog-french\/n02108915_1343.jpg","https:\/\/images.dog.ceo\/breeds\/bulldog-french\/n02108915_142.jpg","https:\/\/images.dog.ceo\/breeds\/bulldog-french\/n02108915_1513.jpg","https:\/\/images.dog.ceo\/breeds\/bulldog-french\/n02108915_160.jpg","https:\/\/images.dog.ceo\/breeds\/bulldog-french\/n02108915_1612.jpg","https:\/\/images.dog.ceo\/breeds\/bulldog-french\/n02108915_1752.jpg","https:\/\/images.dog.ceo\/breeds\/bulldog-french\/n02108915_1866.jpg","https:\/\/images.dog.ceo\/breeds\/bulldog-french\/n02108915_1871.jpg","https:\/\/images.dog.ceo\/breeds\/bulldog-french\/n02108915_1895.jpg","https:\/\/images.dog.ceo\/breeds\/bulldog-french\/n02108915_1911.jpg","https:\/\/images.dog.ceo\/breeds\/bulldog-french\/n02108915_1958.jpg","https:\/\/images.dog.ceo\/breeds\/bulldog-french\/n02108915_198.jpg","https:\/\/images.dog.ceo\/breeds\/bulldog-french\/n02108915_2118.jpg","https:\/\/images.dog.ceo\/breeds\/bulldog-french\/n02108915_2166.jpg","https:\/\/images.dog.ceo\/breeds\/bulldog-french\/n02108915_225.jpg","https:\/\/images.dog.ceo\/breeds\/bulldog-french\/n02108915_2279.jpg","https:\/\/images.dog.ceo\/breeds\/bulldog-french\/n02108915_2307.jpg","https:\/\/images.dog.ceo\/breeds\/bulldog-french\/n02108915_2312.jpg","https:\/\/images.dog.ceo\/breeds\/bulldog-french\/n02108915_2326.jpg","https:\/\/images.dog.ceo\/breeds\/bulldog-french\/n02108915_2380.jpg","https:\/\/images.dog.ceo\/breeds\/bulldog-french\/n02108915_2514.jpg","https:\/\/images.dog.ceo\/breeds\/bulldog-french\/n02108915_2545.jpg","https:\/\/images.dog.ceo\/breeds\/bulldog-french\/n02108915_2570.jpg","https:\/\/images.dog.ceo\/breeds\/bulldog-french\/n02108915_2603.jpg","https:\/\/images.dog.ceo\/breeds\/bulldog-french\/n02108915_2681.jpg","https:\/\/images.dog.ceo\/breeds\/bulldog-french\/n02108915_2756.jpg","https:\/\/images.dog.ceo\/breeds\/bulldog-french\/n02108915_2807.jpg","https:\/\/images.dog.ceo\/breeds\/bulldog-french\/n02108915_2835.jpg","https:\/\/images.dog.ceo\/breeds\/bulldog-french\/n02108915_2899.jpg","https:\/\/images.dog.ceo\/breeds\/bulldog-french\/n02108915_2926.jpg","https:\/\/images.dog.ceo\/breeds\/bulldog-french\/n02108915_2946.jpg","https:\/\/images.dog.ceo\/breeds\/bulldog-french\/n02108915_2980.jpg","https:\/\/images.dog.ceo\/breeds\/bulldog-french\/n02108915_3083.jpg","https:\/\/images.dog.ceo\/breeds\/bulldog-french\/n02108915_3098.jpg","https:\/\/images.dog.ceo\/breeds\/bulldog-french\/n02108915_3104.jpg","https:\/\/images.dog.ceo\/breeds\/bulldog-french\/n02108915_311.jpg","https:\/\/images.dog.ceo\/breeds\/bulldog-french\/n02108915_3129.jpg","https:\/\/images.dog.ceo\/breeds\/bulldog-french\/n02108915_3140.jpg","https:\/\/images.dog.ceo\/breeds\/bulldog-french\/n02108915_3153.jpg","https:\/\/images.dog.ceo\/breeds\/bulldog-french\/n02108915_3202.jpg","https:\/\/images.dog.ceo\/breeds\/bulldog-french\/n02108915_3219.jpg","https:\/\/images.dog.ceo\/breeds\/bulldog-french\/n02108915_3258.jpg","https:\/\/images.dog.ceo\/breeds\/bulldog-french\/n02108915_3266.jpg","https:\/\/images.dog.ceo\/breeds\/bulldog-french\/n02108915_328.jpg","https:\/\/images.dog.ceo\/breeds\/bulldog-french\/n02108915_3300.jpg","https:\/\/images.dog.ceo\/breeds\/bulldog-french\/n02108915_3346.jpg","https:\/\/images.dog.ceo\/breeds\/bulldog-french\/n02108915_3369.jpg","https:\/\/images.dog.ceo\/breeds\/bulldog-french\/n02108915_3382.jpg","https:\/\/images.dog.ceo\/breeds\/bulldog-french\/n02108915_3398.jpg","https:\/\/images.dog.ceo\/breeds\/bulldog-french\/n02108915_341.jpg","https:\/\/images.dog.ceo\/breeds\/bulldog-french\/n02108915_3464.jpg","https:\/\/images.dog.ceo\/breeds\/bulldog-french\/n02108915_350.jpg","https:\/\/images.dog.ceo\/breeds\/bulldog-french\/n02108915_3520.jpg","https:\/\/images.dog.ceo\/breeds\/bulldog-french\/n02108915_3544.jpg","https:\/\/images.dog.ceo\/breeds\/bulldog-french\/n02108915_3557.jpg","https:\/\/images.dog.ceo\/breeds\/bulldog-french\/n02108915_3575.jpg","https:\/\/images.dog.ceo\/breeds\/bulldog-french\/n02108915_3640.jpg","https:\/\/images.dog.ceo\/breeds\/bulldog-french\/n02108915_3702.jpg","https:\/\/images.dog.ceo\/breeds\/bulldog-french\/n02108915_3766.jpg","https:\/\/images.dog.ceo\/breeds\/bulldog-french\/n02108915_38.jpg","https:\/\/images.dog.ceo\/breeds\/bulldog-french\/n02108915_3880.jpg","https:\/\/images.dog.ceo\/breeds\/bulldog-french\/n02108915_3913.jpg","https:\/\/images.dog.ceo\/breeds\/bulldog-french\/n02108915_3988.jpg","https:\/\/images.dog.ceo\/breeds\/bulldog-french\/n02108915_4133.jpg","https:\/\/images.dog.ceo\/breeds\/bulldog-french\/n02108915_4160.jpg","https:\/\/images.dog.ceo\/breeds\/bulldog-french\/n02108915_4176.jpg","https:\/\/images.dog.ceo\/breeds\/bulldog-french\/n02108915_4193.jpg","https:\/\/images.dog.ceo\/breeds\/bulldog-french\/n02108915_4214.jpg","https:\/\/images.dog.ceo\/breeds\/bulldog-french\/n02108915_4303.jpg","https:\/\/images.dog.ceo\/breeds\/bulldog-french\/n02108915_4372.jpg","https:\/\/images.dog.ceo\/breeds\/bulldog-french\/n02108915_4474.jpg","https:\/\/images.dog.ceo\/breeds\/bulldog-french\/n02108915_4477.jpg","https:\/\/images.dog.ceo\/breeds\/bulldog-french\/n02108915_4500.jpg","https:\/\/images.dog.ceo\/breeds\/bulldog-french\/n02108915_4603.jpg","https:\/\/images.dog.ceo\/breeds\/bulldog-french\/n02108915_4731.jpg","https:\/\/images.dog.ceo\/breeds\/bulldog-french\/n02108915_4776.jpg","https:\/\/images.dog.ceo\/breeds\/bulldog-french\/n02108915_481.jpg","https:\/\/images.dog.ceo\/breeds\/bulldog-french\/n02108915_4860.jpg","https:\/\/images.dog.ceo\/breeds\/bulldog-french\/n02108915_4901.jpg","https:\/\/images.dog.ceo\/breeds\/bulldog-french\/n02108915_4991.jpg","https:\/\/images.dog.ceo\/breeds\/bulldog-french\/n02108915_5087.jpg","https:\/\/images.dog.ceo\/breeds\/bulldog-french\/n02108915_5096.jpg","https:\/\/images.dog.ceo\/breeds\/bulldog-french\/n02108915_5201.jpg","https:\/\/images.dog.ceo\/breeds\/bulldog-french\/n02108915_5306.jpg","https:\/\/images.dog.ceo\/breeds\/bulldog-french\/n02108915_5319.jpg","https:\/\/images.dog.ceo\/breeds\/bulldog-french\/n02108915_5337.jpg","https:\/\/images.dog.ceo\/breeds\/bulldog-french\/n02108915_5367.jpg","https:\/\/images.dog.ceo\/breeds\/bulldog-french\/n02108915_5458.jpg","https:\/\/images.dog.ceo\/breeds\/bulldog-french\/n02108915_553.jpg","https:\/\/images.dog.ceo\/breeds\/bulldog-french\/n02108915_5596.jpg","https:\/\/images.dog.ceo\/breeds\/bulldog-french\/n02108915_5667.jpg","https:\/\/images.dog.ceo\/breeds\/bulldog-french\/n02108915_5669.jpg","https:\/\/images.dog.ceo\/breeds\/bulldog-french\/n02108915_57.jpg","https:\/\/images.dog.ceo\/breeds\/bulldog-french\/n02108915_571.jpg","https:\/\/images.dog.ceo\/breeds\/bulldog-french\/n02108915_5813.jpg","https:\/\/images.dog.ceo\/breeds\/bulldog-french\/n02108915_6008.jpg","https:\/\/images.dog.ceo\/breeds\/bulldog-french\/n02108915_618.jpg","https:\/\/images.dog.ceo\/breeds\/bulldog-french\/n02108915_6270.jpg","https:\/\/images.dog.ceo\/breeds\/bulldog-french\/n02108915_644.jpg","https:\/\/images.dog.ceo\/breeds\/bulldog-french\/n02108915_6462.jpg","https:\/\/images.dog.ceo\/breeds\/bulldog-french\/n02108915_6521.jpg","https:\/\/images.dog.ceo\/breeds\/bulldog-french\/n02108915_653.jpg","https:\/\/images.dog.ceo\/breeds\/bulldog-french\/n02108915_656.jpg","https:\/\/images.dog.ceo\/breeds\/bulldog-french\/n02108915_696.jpg","https:\/\/images.dog.ceo\/breeds\/bulldog-french\/n02108915_7115.jpg","https:\/\/images.dog.ceo\/breeds\/bulldog-french\/n02108915_716.jpg","https:\/\/images.dog.ceo\/breeds\/bulldog-french\/n02108915_720.jpg","https:\/\/images.dog.ceo\/breeds\/bulldog-french\/n02108915_7266.jpg","https:\/\/images.dog.ceo\/breeds\/bulldog-french\/n02108915_759.jpg","https:\/\/images.dog.ceo\/breeds\/bulldog-french\/n02108915_7608.jpg","https:\/\/images.dog.ceo\/breeds\/bulldog-french\/n02108915_7806.jpg","https:\/\/images.dog.ceo\/breeds\/bulldog-french\/n02108915_7883.jpg","https:\/\/images.dog.ceo\/breeds\/bulldog-french\/n02108915_8258.jpg","https:\/\/images.dog.ceo\/breeds\/bulldog-french\/n02108915_8425.jpg","https:\/\/images.dog.ceo\/breeds\/bulldog-french\/n02108915_8604.jpg","https:\/\/images.dog.ceo\/breeds\/bulldog-french\/n02108915_8696.jpg","https:\/\/images.dog.ceo\/breeds\/bulldog-french\/n02108915_8923.jpg","https:\/\/images.dog.ceo\/breeds\/bulldog-french\/n02108915_895.jpg","https:\/\/images.dog.ceo\/breeds\/bulldog-french\/n02108915_9399.jpg","https:\/\/images.dog.ceo\/breeds\/bulldog-french\/n02108915_9457.jpg","https:\/\/images.dog.ceo\/breeds\/bulldog-french\/n02108915_9530.jpg","https:\/\/images.dog.ceo\/breeds\/bulldog-french\/n02108915_971.jpg","https:\/\/images.dog.ceo\/breeds\/bulldog-french\/n02108915_977.jpg","https:\/\/images.dog.ceo\/breeds\/bulldog-french\/n02108915_9804.jpg","https:\/\/images.dog.ceo\/breeds\/bulldog-french\/n02108915_9899.jpg"],"status":"success"}

15:08:15.834 [main] DEBUG com.jayway.jsonpath.internal.path.CompiledPath -- Evaluating path: $['status']
15:08:15.834 [main] DEBUG com.jayway.jsonpath.internal.path.CompiledPath -- Evaluating path: $['message']
15:08:15.834 [main] DEBUG com.jayway.jsonpath.internal.path.CompiledPath -- Evaluating path: $['message']
]]></system-out>
  </testcase>
  <testcase name="[1.3:16] Listar imagens de uma raça válida" classname="features/breed_images" time="0.501">
    <system-out><![CDATA[15:08:15.861 [main] DEBUG org.apache.http.client.protocol.RequestAddCookies -- CookieSpec selected: karate
15:08:15.861 [main] DEBUG org.apache.http.client.protocol.RequestAuthCache -- Auth cache not set in the context
15:08:15.861 [main] DEBUG com.intuit.karate -- request:
1 > GET https://dog.ceo/api/breed/retriever/images
1 > Host: dog.ceo
1 > Connection: Keep-Alive
1 > User-Agent: Apache-HttpClient/4.5.14 (Java/11.0.27)
1 > Accept-Encoding: gzip,deflate


15:08:15.862 [main] DEBUG org.apache.http.impl.conn.PoolingHttpClientConnectionManager -- Connection request: [route: {s}->https://dog.ceo:443][total available: 0; route allocated: 0 of 5; total allocated: 0 of 10]
15:08:15.862 [main] DEBUG org.apache.http.impl.conn.PoolingHttpClientConnectionManager -- Connection leased: [id: 6][route: {s}->https://dog.ceo:443][total available: 0; route allocated: 1 of 5; total allocated: 1 of 10]
15:08:15.862 [main] DEBUG org.apache.http.impl.execchain.MainClientExec -- Opening connection {s}->https://dog.ceo:443
15:08:15.862 [main] DEBUG org.apache.http.impl.conn.DefaultHttpClientConnectionOperator -- Connecting to dog.ceo/104.21.17.246:443
15:08:15.862 [main] DEBUG org.apache.http.conn.ssl.SSLConnectionSocketFactory -- Connecting socket to dog.ceo/104.21.17.246:443 with timeout 30000
15:08:15.878 [main] DEBUG org.apache.http.conn.ssl.SSLConnectionSocketFactory -- Enabled protocols: [TLSv1.3, TLSv1.2]
15:08:15.878 [main] DEBUG org.apache.http.conn.ssl.SSLConnectionSocketFactory -- Enabled cipher suites:[TLS_AES_256_GCM_SHA384, TLS_AES_128_GCM_SHA256, TLS_CHACHA20_POLY1305_SHA256, TLS_ECDHE_ECDSA_WITH_AES_256_GCM_SHA384, TLS_ECDHE_ECDSA_WITH_AES_128_GCM_SHA256, TLS_ECDHE_ECDSA_WITH_CHACHA20_POLY1305_SHA256, TLS_ECDHE_RSA_WITH_AES_256_GCM_SHA384, TLS_ECDHE_RSA_WITH_CHACHA20_POLY1305_SHA256, TLS_ECDHE_RSA_WITH_AES_128_GCM_SHA256, TLS_DHE_RSA_WITH_AES_256_GCM_SHA384, TLS_DHE_RSA_WITH_CHACHA20_POLY1305_SHA256, TLS_DHE_DSS_WITH_AES_256_GCM_SHA384, TLS_DHE_RSA_WITH_AES_128_GCM_SHA256, TLS_DHE_DSS_WITH_AES_128_GCM_SHA256, TLS_ECDHE_ECDSA_WITH_AES_256_CBC_SHA384, TLS_ECDHE_RSA_WITH_AES_256_CBC_SHA384, TLS_ECDHE_ECDSA_WITH_AES_128_CBC_SHA256, TLS_ECDHE_RSA_WITH_AES_128_CBC_SHA256, TLS_DHE_RSA_WITH_AES_256_CBC_SHA256, TLS_DHE_DSS_WITH_AES_256_CBC_SHA256, TLS_DHE_RSA_WITH_AES_128_CBC_SHA256, TLS_DHE_DSS_WITH_AES_128_CBC_SHA256, TLS_ECDHE_ECDSA_WITH_AES_256_CBC_SHA, TLS_ECDHE_RSA_WITH_AES_256_CBC_SHA, TLS_ECDHE_ECDSA_WITH_AES_128_CBC_SHA, TLS_ECDHE_RSA_WITH_AES_128_CBC_SHA, TLS_DHE_RSA_WITH_AES_256_CBC_SHA, TLS_DHE_DSS_WITH_AES_256_CBC_SHA, TLS_DHE_RSA_WITH_AES_128_CBC_SHA, TLS_DHE_DSS_WITH_AES_128_CBC_SHA, TLS_RSA_WITH_AES_256_GCM_SHA384, TLS_RSA_WITH_AES_128_GCM_SHA256, TLS_RSA_WITH_AES_256_CBC_SHA256, TLS_RSA_WITH_AES_128_CBC_SHA256, TLS_RSA_WITH_AES_256_CBC_SHA, TLS_RSA_WITH_AES_128_CBC_SHA, TLS_EMPTY_RENEGOTIATION_INFO_SCSV]
15:08:15.878 [main] DEBUG org.apache.http.conn.ssl.SSLConnectionSocketFactory -- Starting handshake
15:08:15.902 [main] DEBUG org.apache.http.conn.ssl.SSLConnectionSocketFactory -- Secure session established
15:08:15.902 [main] DEBUG org.apache.http.conn.ssl.SSLConnectionSocketFactory --  negotiated protocol: TLSv1.3
15:08:15.902 [main] DEBUG org.apache.http.conn.ssl.SSLConnectionSocketFactory --  negotiated cipher suite: TLS_AES_256_GCM_SHA384
15:08:15.902 [main] DEBUG org.apache.http.conn.ssl.SSLConnectionSocketFactory --  peer principal: CN=dog.ceo
15:08:15.902 [main] DEBUG org.apache.http.conn.ssl.SSLConnectionSocketFactory --  peer alternative names: [dog.ceo, *.dog.ceo]
15:08:15.902 [main] DEBUG org.apache.http.conn.ssl.SSLConnectionSocketFactory --  issuer principal: CN=WE1, O=Google Trust Services, C=US
15:08:15.902 [main] DEBUG org.apache.http.impl.conn.DefaultHttpClientConnectionOperator -- Connection established 192.168.0.105:65292<->104.21.17.246:443
15:08:15.902 [main] DEBUG org.apache.http.impl.conn.DefaultManagedHttpClientConnection -- http-outgoing-6: set socket timeout to 30000
15:08:15.902 [main] DEBUG org.apache.http.impl.execchain.MainClientExec -- Executing request GET /api/breed/retriever/images HTTP/1.1
15:08:15.902 [main] DEBUG org.apache.http.impl.execchain.MainClientExec -- Target auth state: UNCHALLENGED
15:08:15.902 [main] DEBUG org.apache.http.impl.execchain.MainClientExec -- Proxy auth state: UNCHALLENGED
15:08:15.902 [main] DEBUG org.apache.http.headers -- http-outgoing-6 >> GET /api/breed/retriever/images HTTP/1.1
15:08:15.902 [main] DEBUG org.apache.http.headers -- http-outgoing-6 >> Host: dog.ceo
15:08:15.902 [main] DEBUG org.apache.http.headers -- http-outgoing-6 >> Connection: Keep-Alive
15:08:15.902 [main] DEBUG org.apache.http.headers -- http-outgoing-6 >> User-Agent: Apache-HttpClient/4.5.14 (Java/11.0.27)
15:08:15.902 [main] DEBUG org.apache.http.headers -- http-outgoing-6 >> Accept-Encoding: gzip,deflate
15:08:15.902 [main] DEBUG org.apache.http.wire -- http-outgoing-6 >> "GET /api/breed/retriever/images HTTP/1.1[\r][\n]"
15:08:15.902 [main] DEBUG org.apache.http.wire -- http-outgoing-6 >> "Host: dog.ceo[\r][\n]"
15:08:15.902 [main] DEBUG org.apache.http.wire -- http-outgoing-6 >> "Connection: Keep-Alive[\r][\n]"
15:08:15.902 [main] DEBUG org.apache.http.wire -- http-outgoing-6 >> "User-Agent: Apache-HttpClient/4.5.14 (Java/11.0.27)[\r][\n]"
15:08:15.902 [main] DEBUG org.apache.http.wire -- http-outgoing-6 >> "Accept-Encoding: gzip,deflate[\r][\n]"
15:08:15.902 [main] DEBUG org.apache.http.wire -- http-outgoing-6 >> "[\r][\n]"
15:08:16.294 [main] DEBUG org.apache.http.wire -- http-outgoing-6 << "HTTP/1.1 200 OK[\r][\n]"
15:08:16.294 [main] DEBUG org.apache.http.wire -- http-outgoing-6 << "Date: Tue, 22 Jul 2025 18:08:31 GMT[\r][\n]"
15:08:16.294 [main] DEBUG org.apache.http.wire -- http-outgoing-6 << "Content-Type: application/json[\r][\n]"
15:08:16.294 [main] DEBUG org.apache.http.wire -- http-outgoing-6 << "Content-Length: 2610[\r][\n]"
15:08:16.294 [main] DEBUG org.apache.http.wire -- http-outgoing-6 << "Connection: keep-alive[\r][\n]"
15:08:16.294 [main] DEBUG org.apache.http.wire -- http-outgoing-6 << "Server: cloudflare[\r][\n]"
15:08:16.294 [main] DEBUG org.apache.http.wire -- http-outgoing-6 << "X-Powered-By: PHP/8.1.32[\r][\n]"
15:08:16.294 [main] DEBUG org.apache.http.wire -- http-outgoing-6 << "Access-Control-Allow-Origin: *[\r][\n]"
15:08:16.294 [main] DEBUG org.apache.http.wire -- http-outgoing-6 << "Content-Encoding: gzip[\r][\n]"
15:08:16.294 [main] DEBUG org.apache.http.wire -- http-outgoing-6 << "Via: 1.1 varnish (Varnish/6.3), 1.1 varnish (Varnish/6.3)[\r][\n]"
15:08:16.294 [main] DEBUG org.apache.http.wire -- http-outgoing-6 << "Cache-Control: max-age=1800[\r][\n]"
15:08:16.294 [main] DEBUG org.apache.http.wire -- http-outgoing-6 << "X-Cache-Age: 3336[\r][\n]"
15:08:16.294 [main] DEBUG org.apache.http.wire -- http-outgoing-6 << "X-Cache-Hits: 12[\r][\n]"
15:08:16.294 [main] DEBUG org.apache.http.wire -- http-outgoing-6 << "X-Cache: HIT[\r][\n]"
15:08:16.294 [main] DEBUG org.apache.http.wire -- http-outgoing-6 << "Accept-Ranges: bytes[\r][\n]"
15:08:16.294 [main] DEBUG org.apache.http.wire -- http-outgoing-6 << "Age: 0[\r][\n]"
15:08:16.294 [main] DEBUG org.apache.http.wire -- http-outgoing-6 << "Vary: Accept-Encoding[\r][\n]"
15:08:16.294 [main] DEBUG org.apache.http.wire -- http-outgoing-6 << "Nel: {"report_to":"cf-nel","success_fraction":0.0,"max_age":604800}[\r][\n]"
15:08:16.294 [main] DEBUG org.apache.http.wire -- http-outgoing-6 << "Cf-Cache-Status: DYNAMIC[\r][\n]"
15:08:16.294 [main] DEBUG org.apache.http.wire -- http-outgoing-6 << "Report-To: {"group":"cf-nel","max_age":604800,"endpoints":[{"url":"https://a.nel.cloudflare.com/report/v4?s=LBGgUoJIyopqGXRmTEeGB7nyF0FfflwiSbJ%2FKit2K%2Bu281q4xIxx0pFibGZP0ddPV7tMraavEzDukLDCJLP%2ByxoeMXRg58k%3D"}]}[\r][\n]"
15:08:16.294 [main] DEBUG org.apache.http.wire -- http-outgoing-6 << "CF-RAY: 9634e23fadf90301-GRU[\r][\n]"
15:08:16.294 [main] DEBUG org.apache.http.wire -- http-outgoing-6 << "alt-svc: h3=":443"; ma=86400[\r][\n]"
15:08:16.294 [main] DEBUG org.apache.http.wire -- http-outgoing-6 << "[\r][\n]"
15:08:16.294 [main] DEBUG org.apache.http.wire -- http-outgoing-6 << "[0x1f][0x8b][0x8][0x0][0x0][0x0][0x0][0x0][0x0][0x3][0xad][0x9d]Mo\[0xb7][0x15][0x86][0xff][0x8b][0xd6][0xb1]D[0xf2][0x90][0xbc][0xa4]w][0x14]E[0x81][0x6][0xc8][0xb2]hU[0xc]&[0xd2]D[0x96]+K[0x86]F.[0x1a][0x14][0xfd][0xef][0xbd][0xe3]i[0x80]Qx[0xb8]y[0xef][0xb3][0x89][0xe1] ypI[0x1e][0x1e][0x9e][0xef][0xf9][0xcf][0xd5][0x97][0xc3][0xf1][0xb8]8\}[0xfc][0xfb][0xd5][0xa7][0xb7][0xb7][0xaf][0xc7][0x8f][0xb7]7[0xb7]7[0x8f]_[0xd6]u[0xbc][0xbe]y[0xb8][0xbe];[0xbc][0xdc][0xde][0xfc][0xfc]z8[0xdc][0x1f]oo^[0xf]o[0xaf][0x8f][0x87][0x1d]^?[0xdc]}:[0x1c][0xf7]_[0xf][0xfb][0x1e]no[0x9e]C[\n]"
15:08:16.294 [main] DEBUG org.apache.http.wire -- http-outgoing-6 << "[0xbd][0xb7][0xdc]w1[0xa4]|[0xfd][0xf9][0xeb][0xc3][0xd5][0xf][0x8][0xac][0x4][0x10]V[0x1b][0x7][0x8b][0xe0][0x87][0xc5]X@XY8X[0x8a][0x89][0x84][0x81][0xcb]L[0x6][0x8a]Y[0xaa][0xe0][0x97][0x19]([0x19]F[0x8a][0x99][0xa5][\n]"
15:08:16.294 [main] DEBUG org.apache.http.wire -- http-outgoing-6 << "[0xc2]r[0xe7]`[0x19]\e[0xe][0xe0]-[0xcf][0xe8]*[0x17][0xf0]2[0x95]d l[0x1][0xe5][0xbf]f[0x12]Fj[0xb3]%[0x82][0xac][0x5][0xbc]L[0x8d]<[0xcc]F*[0xa0]f[0xe0][0xfe][0xf7][0x4]^[0x80][0xe]nYo[0xe4]*;[0x7][0xe3][0xf6]+[0x91][0xd6][0xcf][0xfa]'[0xf8]e[0xe4][0x8b][0xb9][0xc2]8[0xb9]X[\r][0x16][0x12][0xc6])[0x8c][0x94]@[0xbb]8Y a[0xa0][0x91][0x97][0xc]|[0x97]R&[0xf] W[0xf0][0x2][0xe4][0x6][0xc2]H[0x91]-[0xb][0x9]k[0xdc][0xf3][0x9b]*[0xe8][0x98][0xa4][\n]"
15:08:16.294 [main] DEBUG org.apache.http.wire -- http-outgoing-6 << "[0xae][0xb2]rn[0xc9][0xca][0x2]%[0xb6]fP[0xff]7[0x3][0xbf][0xac]e[0xf0][0xc1][0xec][0x6][0xaa][0x8c][0x9e][0xc1][0xd3][0xec][0xa0][0x93][0x99]z[0xe7].[0x13]'[0xfd][0xeb]K[0xc2][0x1d][0xa5][0x5]Pa[0x1b][0xb8]][0x11]t[\n]"
15:08:16.294 [main] DEBUG org.apache.http.wire -- http-outgoing-6 << "-vp[0x91])[0x80]g[0x99][0xc8][0xb3]L[0x89][0xb3]1,Ur[0xcf][0x1a][0xb9]g[\r][0x14][\r]2^cF.3[0x93]r[0x96][0x13][0xb8]g[0xb9][0x80][0x17]=wN[0xfd][[0x1][0xad][0x8c][0x15][0xc6][0xbd]%V@g[0xce]*[0xa9][0xb4]k[0x4]UP[0x8d][0xa0][0x9c][0x91]A.[0xab][\r]T[0x8e]K[0xe4][0xec]<[[0xc0][0xc0][0x94]-[0xa0][0xd1][0xb8]z[0x86][0xe4][0x97]-[0xa0][0x9c]-[0xe4][0x1b][0xd0][0xc0][0x4][0xc0][\n]"
15:08:16.294 [main] DEBUG org.apache.http.wire -- http-outgoing-6 << "[0x3]/z#_[0xa7][0x6][0xc6][0xcc][0xac]G[0xf0][\r][0xe8]`n"[0x83][0xb1][0x91][0x1c]A[0xa5][0x91][0xc9][0xd4]\N[0xb][0xa7][0x81]r[0x2]C[0xb3][0x99]S[0x19][0x99][0xcc][0xcc]e[0x3][0x3][0xe3][0x19]t[0x80]s[0xe][0xdc]%[0xcf]9[0x82][0xfb][0x9f][0xc1][0xd7]<g0[0xcb][0x94][0xc1]8K[0xce][0x1d][0x84][0x15]r[0xcb][\n]"
15:08:16.294 [main] DEBUG org.apache.http.wire -- http-outgoing-6 << "[0xe8][0x4]g[0xd2]4[0xcb][0xa0][0x9d][0xbd][0xb2]@[0xf9]'[0xc3]y[0xb9]VPd+h[0xff][0xe4][\n]"
15:08:16.294 [main] DEBUG org.apache.http.wire -- http-outgoing-6 << "[0xba][0x13]y[0x1][0xad][0x8c][0xbc][0x90]{[0x6][0xe6][0x1f]K"
15:08:16.294 [main] DEBUG org.apache.http.headers -- http-outgoing-6 << HTTP/1.1 200 OK
15:08:16.294 [main] DEBUG org.apache.http.headers -- http-outgoing-6 << Date: Tue, 22 Jul 2025 18:08:31 GMT
15:08:16.294 [main] DEBUG org.apache.http.headers -- http-outgoing-6 << Content-Type: application/json
15:08:16.294 [main] DEBUG org.apache.http.headers -- http-outgoing-6 << Content-Length: 2610
15:08:16.294 [main] DEBUG org.apache.http.headers -- http-outgoing-6 << Connection: keep-alive
15:08:16.294 [main] DEBUG org.apache.http.headers -- http-outgoing-6 << Server: cloudflare
15:08:16.294 [main] DEBUG org.apache.http.headers -- http-outgoing-6 << X-Powered-By: PHP/8.1.32
15:08:16.294 [main] DEBUG org.apache.http.headers -- http-outgoing-6 << Access-Control-Allow-Origin: *
15:08:16.294 [main] DEBUG org.apache.http.headers -- http-outgoing-6 << Content-Encoding: gzip
15:08:16.294 [main] DEBUG org.apache.http.headers -- http-outgoing-6 << Via: 1.1 varnish (Varnish/6.3), 1.1 varnish (Varnish/6.3)
15:08:16.294 [main] DEBUG org.apache.http.headers -- http-outgoing-6 << Cache-Control: max-age=1800
15:08:16.294 [main] DEBUG org.apache.http.headers -- http-outgoing-6 << X-Cache-Age: 3336
15:08:16.294 [main] DEBUG org.apache.http.headers -- http-outgoing-6 << X-Cache-Hits: 12
15:08:16.294 [main] DEBUG org.apache.http.headers -- http-outgoing-6 << X-Cache: HIT
15:08:16.294 [main] DEBUG org.apache.http.headers -- http-outgoing-6 << Accept-Ranges: bytes
15:08:16.294 [main] DEBUG org.apache.http.headers -- http-outgoing-6 << Age: 0
15:08:16.294 [main] DEBUG org.apache.http.headers -- http-outgoing-6 << Vary: Accept-Encoding
15:08:16.294 [main] DEBUG org.apache.http.headers -- http-outgoing-6 << Nel: {"report_to":"cf-nel","success_fraction":0.0,"max_age":604800}
15:08:16.294 [main] DEBUG org.apache.http.headers -- http-outgoing-6 << Cf-Cache-Status: DYNAMIC
15:08:16.294 [main] DEBUG org.apache.http.headers -- http-outgoing-6 << Report-To: {"group":"cf-nel","max_age":604800,"endpoints":[{"url":"https://a.nel.cloudflare.com/report/v4?s=LBGgUoJIyopqGXRmTEeGB7nyF0FfflwiSbJ%2FKit2K%2Bu281q4xIxx0pFibGZP0ddPV7tMraavEzDukLDCJLP%2ByxoeMXRg58k%3D"}]}
15:08:16.294 [main] DEBUG org.apache.http.headers -- http-outgoing-6 << CF-RAY: 9634e23fadf90301-GRU
15:08:16.294 [main] DEBUG org.apache.http.headers -- http-outgoing-6 << alt-svc: h3=":443"; ma=86400
15:08:16.294 [main] DEBUG org.apache.http.impl.execchain.MainClientExec -- Connection can be kept alive indefinitely
15:08:16.296 [main] DEBUG org.apache.http.wire -- http-outgoing-6 << "[0xe0][0xc][0x96][0x2]*[0xd9][0x92][0xc1][0xef][0x2]C[0xa9][0x5]L[0xbe][0x94][0xce][0xbd][0xe3]5pOo[0xad][0x9c]J[0xac]`[0xe1][0x3][0x98]E[0xae][0xa0]iW[0xc1][0xeb][0xb8]$[0xee][0xbb]:[0x18][0xf7][0xec][0xe4]w[0x19]w[0x8e][0x1d]4[0x5][0xba][0xe6][0xd6]{}[0xfa][0xf5]7LN[0xa7]ZO[0x93][0xbe]i[0xe4]h[0xf2]>r[0x98][0xcf][0x89][0x9a][0xa3]0r[0xb4][0xfa][0x81][0x91][0xa3][0xc5]!G[0x8e][0xe6]2[0xe][0x1c][0xed][0xb6]9[0x18][0x88]#[0xe9][0xdd][0x11][0xa3][0xd5][0xba]:[0x1c][0xc9][0x98][0x1a]9[0x85][0x91]f[0xb][0xcc][0xba],1[0xd2]c[0x99][0xb9]]F[0xed][0x8f]V0[0xea]p[0xa4][0x87]c[0xe0]d[0xad]P[0xcb][0xe1]0J>C[0xda]'CJ^,[0xf0][0x1d]8[0x5][0xba][0x17]E3[0x8a][0x6][0xe][0xa3]5[0xaa]f[0xbe][0x8c][0x9c][0xc2][0xec]N[0xd5][0xbc][0x88][0x91][0xa3]e[0xf0][0x7][0xce][0xa2]y[0x81]#G[0xf3][0xb4]FNan[0xc5][0x2]i[0xc3]E+F[0x1b]9[0xd0][0xad]h[0xd0]-mZ%[0xf9][0xc8][0xd1]2[0xfc][0x3][0xa7]C[0xb6]a[0x87][0xee]i[0xd7][0xaa]=F[0xe]"[0xce])j[0xb1][0xca][0x91][0x83]h[0x9f][0x4]y[0x4]I,j[0x1a]9[0xb]"=)6[0xe4][0xd4]Sb^[0x9d][0x4][0xd9][0xce]I,6u8[0xc8][0xed][0xc2][0xb6]G+[0xee]u8[0xd0][0xf7]h[0xf5][0x91][0x3][0xc7][0x16]f[0x9b]M[0xb][0x8a];[0x1c]F|[0x18][0x1b]!i[0xb9][0xae][0x11][0xc3][0xe8][0x1e][0xc8]nN[0x85][0xb1]XR[0x81]ta[0xd5]Z[0x1a]G[0xe][0xf3][0xb2][0xa7][0xda][0x99][0xfd]a[0xc][0xba][0x15][0x3]q[\n]"
15:08:16.296 [main] DEBUG org.apache.http.wire -- http-outgoing-6 << "[0xa3][0xe2][0xc5]4[0xd3][0xc8]a[0xc][0xc3][0xa4]u[0x97][0x8c][0x18]&[0xa4][0xba]jf[0xc4]kO=A[0x1c]&[0xba][0xb6]r[0x90][0xe3][0xb2][0xa0][0xd5][0xdc]9[0x1c]d]+[0x87]Z[0x17]"?[0x16][0x98][0xeb]n[0x81][0x89][0x8a]Y[0xd4][0x8a][0xa1]G[0xe][0xe3]XXd^/[[0x1d]J[0x86][0xc3][0x98]b&v[0xfc]:[0x1c][0xe6]^$-[0xd3]>r[0x18][0xfd]c[0x90][0x15]eb[0x7][0xe1][0xc8]a[0x9e]/3-{=r[0x98]8[0x9d][0xe5][0x80][0xbc][0xa7]&Vj8[0x1c]f][0x5]yN[0x8d][0x9][0xb3][0x88][0xcd][0xba][0x3][0x86][0xb1][0x11][0xc4][0x9a][0xbe][0x1][0xc3]DT[0x8b]6[0x93]a[0xc0]h[0x15]&[0xbf][0xc7]T[0xad][0xdf]`[0xc0]0[0xb9][0xa5][0xca][0x84]E[0x16][0xad]<b[0xc0]h]"[0xbf][0xc7][0xb4][0x88],[0xaa]i[0xdd]4[0x3][0x86][0xb1][0xbf][0x9a]V\6`[0x98][0xd7][0xaa]1[0x97][0xa1]k=[0x93][0x3]F+.[0x1f]1[0x88][0xf8][0x89]-[0xd5][0x3]F+[0x1d]0U[0x91][0x9b]_[0x9e][0xf6]ow/[0xfb][0xb7][0xc3][0xfd]o[0xac]T[0x97]][0xc][0x92][0xf2][0x9a][0xc1]$[0x19][0x9a][0xc1][0xba][0xb2][0xe9][0x13]X[0x94][\n]"
15:08:16.296 [main] DEBUG org.apache.http.wire -- http-outgoing-6 << "[0x1b]f[0xb0][0xa6]h[0xa3][0x9],I%[0x93]3[0x98][0x94][0x9f][0xc2][0xc0]e[0x9a][0xf4][0xf2]O`Z[0x8f][0xeb][0xc]&[0xc5]('[0xb0]"=[\r]3[0x98]4[0x16]b[0x6][0x93]b[0x8d]3[0x98][0xe4]IL`U[\n]"
15:08:16.296 [main] DEBUG org.apache.http.wire -- http-outgoing-6 << "[0xd3][0xcc]`R[0x8c]n[0x2][0xd3][0x9a]?g0[0xe9][0x9d][0x9e][0xc0]Z[0x5][0x85][0xb6]Iu [0x13]X[0x97][0x1a][0xa6][0xa6]0[0xf0]4[0xb5][0xe1]k3[0x18][0xf9][0xa0][0xf4][0xc][0x8a][0x6]j[0x1e]H[0xbe][0xec][0x94][0xc5][0x1d]f[0xd2]*Kg0[0xf0]6%[0xad]6t[0x6][0x93][\n]"
15:08:16.296 [main] DEBUG org.apache.http.wire -- http-outgoing-6 << "[0xf3]f0[0xd0]nI&[0xb9]d3[0x18][0xf8][0xd2]%[[0xc0][0x3][0xd0][0xba],g0[0xa9][0xd6]`[0x6]#[0xf7],[0x83][0x8f]S[0xaa][0x92][0xf]8[0x85][0x81]7@[0x8b][0xb1]L`[0x8b]T[0xa0]3[0x81]i[0x3]8}[0x98][0x91]N[0x9d][0x5][0xa9]Rb[0x6][0x93]RN3[0x18][0xba]gR}[0xca][0x14][0x6]~[0x99]6[0x1d]t[0x6]k[0x9c][0xbb]iI[0x1a][\r]1[0x83]I[0xe1][0xf7][0x19][0xc]t[0x84]-I[0x1d][0x92][0x13][0x98]I[0xb1][0xa4][0x19][0x8c][0xfc][0xb2][0xc]F",K[0x1d])3[0x18][0xe8]U[[0x96][0xc2][0xae]3[0x18]z[0x0]R~w[\n]"
15:08:16.296 [main] DEBUG org.apache.http.wire -- http-outgoing-6 << "[0x3][0xd5]6h[0x1d]X[0x91][0xb2][0xea]3[0x18][0xa9]h[0xb5][0xee][0xe5])[0x8c]3[0x1c][0xad]J[0x3]}f0[0xd0][0xdb][0xd1][0xe6][0x13][0xcf]X[0xa0][0xb3]c[0xb]i[0x1c]4[0xd0]A[0xb7]&e[0xe8][0xa6]0p[0xcf][0xba][0xd4][0xf5]9[0x83]I[0xd9][0xfd][0x19]L[0xca]?[0xcf]`[0xd2][0xb0][0x9b][0x19]Lj[0xc1][0x9b][0xc1][0xc0] -h[0x9b][0xe5][0x0]n[0xe]`P)G[0xa9][0xd4]t[0x2][0xd3]Z[0x1c]f0[0xa9][0xa3]{[0x2]3[0xa9][0xc4]n[0x6][0x3]_[0x93][0xd5]4#a`[0xec],[0x83]:;[0x93][0xd6]T.`[0x88]<[0x17][0xa9][0xc0]g[0x6][0x3]][0xcd]\[0xa4]t[0xf7][0xc][0x6][0xe6](r[0x95]zu&0[0xa9][0xb8]|[0xc6][0x2][0x95]Y#adV[0x87][0xbc]K%H=[0xc3]3[0x18][0xf8][0xfc][0x96][0x0][0xa6];J[0x4][0x83]#[0xeb]%[0xe7][0xe][0xb3]X[0xe1][0xe4][0xbf]h[0xf3]Ag00[0xda]^[\n]"
15:08:16.296 [main] DEBUG org.apache.http.wire -- http-outgoing-6 << "hN[0x15]mt[0xe0][0xc][0x6][0x16]C[0xac]0[0xf0]4[0xb][0xa8][0x81][0x8a][0xd4][0x3]=e[0x81][0xfb][0xaf][0x95]8N`[0xd2]H[[0x9f][0xa5][\r][0x4][0xf3]Y[0xb][0xa8]1[0x16]iD[0xd1][0x8c][0xc5][0xc9][0xfe][0x2][0xda]>[0xb]h[0x14]70[0x1][0xd6][0xa4][0xaa][0xde][0x9][0xb][0xb4][0xc8][0x1a]hDi[0xc3][0xaf]g,[0xee][0xe]uPV;(_d4[0xa4]K[0xa9][0xf7][0x87][0x97][0xa7][0xfb][0xc3][0xf3][0xed]MZ9[0xab][0x9][0x16]O[0x93]Ez[0xc][0xbb][0xf3][0xdf][0xb6][0x2][[0x88][0xa7][0x91]0%-[0xbb][0xf3][0xdf]6[0x3]c[0xde][0xc5]h=[0x9c][0x81]R[0x1d][0xc4][0x8][0xac]VO=[0x94][0x10][0xb0][0x9e][0x80]9[0xb6]3PQ[0xde]#p=[0x94]\[0xb6][0x3][0xfa][0xeb]_VHJ![0xa6][0xb2][0xb]5X[0xc8]K([0xd7]?[0xfe]D0-[0xc6]]X[0xad][0x98][0xdc]J[0xc]+S[0xfa][0xfd][0xc8][0x19][0xb5][0xc6][0x18]S?Q[0x15][0xad]0Ps[0xca][0xa7][0x1]y![0x95]S[0xfd][0x17][0xb3][0xfe]zb[0x96][0xb0][0x8a][0xe7][0xe9]'[0xb5]7[0xae][0xff]o[0xf5][0xf][0xa7][0xf8][0xa6]m[0xbf][0x88]'R[0xe]%[0x9e]o[0xe0][0x96][0xdd];[0x93]j[0x83]H[0xb1][0xdb][0x87]?[0xde]?[0xbe]}[0xff][0xc7][0x99][0xb9]E[0xb6][0xbf]3[0xad][0x9e]o[0x89]T[0x5][0xf3][0x8e][0x94]K[0xbf][0xf8]0[0xe5][0xe9]~[0x87][[0x9d]e[0x8a][0x94][0xfe][0xbf][0xc4]-[0xea][0xfe];[0xa9][0x96][0xf3]7I[0xc3][0x80][0xde][0x91]z[0xc8][0xdb][0x95][0xd3][0x99][0x94][0x0][0xbd][0xb9][0xfe]'[0xc7][0xeb][0x9f]_^[0x1f][0x8f][0xd7][0x9f][0xf7][0xc7][0xaf][0x87][0xd7][0xeb][0xe7][0xc7][0xbf]<o [0x9e][0xff][0xfc][0xb0][0xe5][0x1e]~~9[0xfc]zR[0x14][0xf1]"
15:08:16.296 [main] DEBUG org.apache.http.wire -- http-outgoing-6 << "[0xbb]JK[0xd1][0x9a][0xd4][0x92]>[0xe2]ZH[0xa7][0x9]A&u[0x86]z[0xb8]r[0x1a][0x8e][0x99][0xa4][0xc6][0xfb]w[0xb8]?[0xff][0xf8][0xa7]]HRI[0xec][0xc8][0xa9]RQ[0x83][0xc3][0x91][0xea][0x19][0x6][0xce][0xf7][0xad][0xea][0xa1][0xee]Vk[0xa9][0xc6]e[0xd3][0xab][0xf4]tx[0xd9][0x1d][0xbf][0xec][0x9f][0x9e]60[0xce]v`=[0xd9][[0x8a]+[0xe5]a([0xe][0xf6]A[0x9b]$[0xe0][0x12][0xb4][0xe5][0xde]]p[0xa2][0xe4][0x85]y haR3[0x87][0xcb][0x81]vH[0xab][0xc7]v@F-[0x8d][0xc2]H-[0x8][0x1e]H[0x9a]S[0xe8][0x81][0xb6][0xa8][0xeb][0xb][0x8e][0x16][0x6]s@[0xdb][0x14][0xed][0x5]h[0x91][0x92][0x89][0x1e][0x8][0xda]"[0xad]Vf[0x4]%m([0x8d][0x3][0x92]B[0xf7][0xe]'I}[0x9f][0xe]Hk9tA[0xd0][0x16]I[0xd1]7[0x87][0x93]7Y[0xf0][0x97] [0xa9]%[0xca][0x3]I[0xe9][0x11][0xf]D[0x9d]~[0x91]j9[0x1c]P[0x95][0xe6]Uz [0xa9][0xf0][0xd1][0x3]I[0xf3][0x84][0x1c][0xd0]"[0xb5]q: H_k34=[0xe][0xb4][0xae].[0xa5][0xaa]G[0x90][0x5]i0[0xa3][0xb][0xda][0x12]U[0xb8][0x4]Q[0x1f]$[0xe5][0xcc]=[0x10]s;[0xc4][0xde][0xb][0x7][0x14][0xa5]D[0x82][0x3]J[0x90][0x8d]n&e[0xb4]=[0x90]T[0x2][0xec][0x81] [0x9d]f[0x19][0xb2][0x8a][0xb5]_[0xb0][0xf0]8[0xcc];$[0xd6][0xe1]; mZ[0x91][0x3][0xaa]R*[0xdd][0x1]i[0x99]\[0xf][0x4][0x19]F[0xa6][\r][0xb1][0x19]A9H[0xad][0x0][0xe](I[0xdd]&[0x1e]H[0x9a][0xcd][0xea][0x80]lS[0xa8][0xf5][0x2]$[0xf5][0x9f]:[0x9c]*[0x15][0xb0]x [0xa9][0xe2][0xd6][0x1]AOZ[0xd6][0xda][0x6][0x1c]P[0x87][0xfc]XF[0xa8]K[0x80]N[0xac]Dcd[0xb1]h[0x1d][0xfc][0x1e][0x8]z[0xd0][0xb4]_{[0xf4]8RE[0x96][0xb][0x82]d[0x8][Z[0x85][0xde][0xea]R[0xa5][0xea]H[0xf][0xb4][0xa9]~[0xe1][0x12][0x4]q[0x16](N\[0x16][0xc8][0x1d].[0x8b][0xd4][0xbd][0xe4][0x80][0x9a]Tw[0xe2][0x81][0xa0][0x98]ZiR[0xc5][0xdc][0x8][0xaa]A[0x1a][0xf][0xef][0x80]"d[0x86][0xd4]([0x8d]E[0xf2]@[0x90]9[[\r]J8T[0xad][0x1][0xc5][0x1][0x15]i6[0x81][0x3][0xa2]0R[0xf][0xbb][0x3][0xda]VQt[0x9][0x82][0xc][0xfe][0xda][0xa8]=[0xea]P[0xe4]I[0x9a][0x1][0xe7]a[0xa4]q1[0x1e]H[0x1a]q[0xeb][0x80][0xb4][0xa1][0xea][0x1e]H[0x1a][0x86][0xe6][0x80][0xb4]_[0xdc]q@T[0xc]k[0xa1]\[0xa2]%C[0xf6][0xec][\n]"
15:08:16.296 [main] DEBUG org.apache.http.wire -- http-outgoing-6 << "[0x82][0xf6]H[0xeb][0xb6]w@[0xda][0x8f][0xe]: [0xad][0x96][0xdc][0x5]A[0x92][0xad][0xfd]^[0xa0][0x7][0x92][0x6][0xb5]{ J[0xad]m+[0x91]{[0x7][0x82][0x4][0xb2]o[0xaa][0xaa][0xba][0x4]I[0xf5][0xfa][0x1e][0x8]2[0xfb][0x1a][0x15]4[0xda]Vxv[0xc9][0x81][0xf2])M[0xea]1u8[0x90][0xa9][0xd6]2[0x94][0xb4]nP[0xc5][0x82]6[0xd2][0xc1][0xe1]P[0xde]U[0x8f][0x90][0xb7][0xbf][0xde]2[0xe6][0xcc][0xba][0xf6][0xdb]d[0x1e]h[0x9b][0xe7][0xf0][0xf8][0xbc][0xdf][0xf0][0xbf][0x1f][0xf7][0xc7]O[0xfb][0xb4][0xbb]?<=[0xec][0xef]_[0xb6][0x82][0x8c][0x2][0xbd][0xe3][0xfc][0xe3][0x87][0xab][0xe3][0xdb][0xfe][0xed][0xdb][0xf1][0xea][0xe3][0xd5][0xf1][0xdb][0xdd][0xdd][0xe1]x[0xbc][0xfa][0xef][0xff][0x0][0xf4][0xa9][0x6][0x3][0xe6][0xaa][0x0][0x0]"
15:08:16.296 [main] DEBUG org.apache.http.impl.conn.DefaultManagedHttpClientConnection -- http-outgoing-6: Close connection
15:08:16.310 [main] DEBUG org.apache.http.impl.execchain.MainClientExec -- Connection discarded
15:08:16.310 [main] DEBUG org.apache.http.impl.conn.PoolingHttpClientConnectionManager -- Connection released: [id: 6][route: {s}->https://dog.ceo:443][total available: 0; route allocated: 0 of 5; total allocated: 0 of 10]
15:08:16.310 [main] DEBUG org.apache.http.impl.conn.PoolingHttpClientConnectionManager -- Connection manager is shutting down
15:08:16.310 [main] DEBUG org.apache.http.impl.conn.PoolingHttpClientConnectionManager -- Connection manager shut down
15:08:16.310 [main] DEBUG com.intuit.karate -- response time in milliseconds: 435
1 < 200
1 < Date: Tue, 22 Jul 2025 18:08:31 GMT
1 < Content-Type: application/json
1 < Connection: keep-alive
1 < Server: cloudflare
1 < X-Powered-By: PHP/8.1.32
1 < Access-Control-Allow-Origin: *
1 < Via: 1.1 varnish (Varnish/6.3), 1.1 varnish (Varnish/6.3)
1 < Cache-Control: max-age=1800
1 < X-Cache-Age: 3336
1 < X-Cache-Hits: 12
1 < X-Cache: HIT
1 < Accept-Ranges: bytes
1 < Age: 0
1 < Vary: Accept-Encoding
1 < Nel: {"report_to":"cf-nel","success_fraction":0.0,"max_age":604800}
1 < Cf-Cache-Status: DYNAMIC
1 < Report-To: {"group":"cf-nel","max_age":604800,"endpoints":[{"url":"https://a.nel.cloudflare.com/report/v4?s=LBGgUoJIyopqGXRmTEeGB7nyF0FfflwiSbJ%2FKit2K%2Bu281q4xIxx0pFibGZP0ddPV7tMraavEzDukLDCJLP%2ByxoeMXRg58k%3D"}]}
1 < CF-RAY: 9634e23fadf90301-GRU
1 < alt-svc: h3=":443"; ma=86400
{"message":["https:\/\/images.dog.ceo\/breeds\/retriever-chesapeake\/n02099849_1024.jpg","https:\/\/images.dog.ceo\/breeds\/retriever-chesapeake\/n02099849_1050.jpg","https:\/\/images.dog.ceo\/breeds\/retriever-chesapeake\/n02099849_1068.jpg","https:\/\/images.dog.ceo\/breeds\/retriever-chesapeake\/n02099849_110.jpg","https:\/\/images.dog.ceo\/breeds\/retriever-chesapeake\/n02099849_1115.jpg","https:\/\/images.dog.ceo\/breeds\/retriever-chesapeake\/n02099849_1157.jpg","https:\/\/images.dog.ceo\/breeds\/retriever-chesapeake\/n02099849_1212.jpg","https:\/\/images.dog.ceo\/breeds\/retriever-chesapeake\/n02099849_1215.jpg","https:\/\/images.dog.ceo\/breeds\/retriever-chesapeake\/n02099849_1234.jpg","https:\/\/images.dog.ceo\/breeds\/retriever-chesapeake\/n02099849_1265.jpg","https:\/\/images.dog.ceo\/breeds\/retriever-chesapeake\/n02099849_130.jpg","https:\/\/images.dog.ceo\/breeds\/retriever-chesapeake\/n02099849_1310.jpg","https:\/\/images.dog.ceo\/breeds\/retriever-chesapeake\/n02099849_1326.jpg","https:\/\/images.dog.ceo\/breeds\/retriever-chesapeake\/n02099849_1349.jpg","https:\/\/images.dog.ceo\/breeds\/retriever-chesapeake\/n02099849_140.jpg","https:\/\/images.dog.ceo\/breeds\/retriever-chesapeake\/n02099849_1408.jpg","https:\/\/images.dog.ceo\/breeds\/retriever-chesapeake\/n02099849_1449.jpg","https:\/\/images.dog.ceo\/breeds\/retriever-chesapeake\/n02099849_1472.jpg","https:\/\/images.dog.ceo\/breeds\/retriever-chesapeake\/n02099849_1523.jpg","https:\/\/images.dog.ceo\/breeds\/retriever-chesapeake\/n02099849_1575.jpg","https:\/\/images.dog.ceo\/breeds\/retriever-chesapeake\/n02099849_1645.jpg","https:\/\/images.dog.ceo\/breeds\/retriever-chesapeake\/n02099849_1657.jpg","https:\/\/images.dog.ceo\/breeds\/retriever-chesapeake\/n02099849_171.jpg","https:\/\/images.dog.ceo\/breeds\/retriever-chesapeake\/n02099849_1776.jpg","https:\/\/images.dog.ceo\/breeds\/retriever-chesapeake\/n02099849_1823.jpg","https:\/\/images.dog.ceo\/breeds\/retriever-chesapeake\/n02099849_1830.jpg","https:\/\/images.dog.ceo\/breeds\/retriever-chesapeake\/n02099849_1837.jpg","https:\/\/images.dog.ceo\/breeds\/retriever-chesapeake\/n02099849_1922.jpg","https:\/\/images.dog.ceo\/breeds\/retriever-chesapeake\/n02099849_193.jpg","https:\/\/images.dog.ceo\/breeds\/retriever-chesapeake\/n02099849_1987.jpg","https:\/\/images.dog.ceo\/breeds\/retriever-chesapeake\/n02099849_1997.jpg","https:\/\/images.dog.ceo\/breeds\/retriever-chesapeake\/n02099849_2.jpg","https:\/\/images.dog.ceo\/breeds\/retriever-chesapeake\/n02099849_2068.jpg","https:\/\/images.dog.ceo\/breeds\/retriever-chesapeake\/n02099849_2092.jpg","https:\/\/images.dog.ceo\/breeds\/retriever-chesapeake\/n02099849_2130.jpg","https:\/\/images.dog.ceo\/breeds\/retriever-chesapeake\/n02099849_2133.jpg","https:\/\/images.dog.ceo\/breeds\/retriever-chesapeake\/n02099849_2153.jpg","https:\/\/images.dog.ceo\/breeds\/retriever-chesapeake\/n02099849_216.jpg","https:\/\/images.dog.ceo\/breeds\/retriever-chesapeake\/n02099849_2250.jpg","https:\/\/images.dog.ceo\/breeds\/retriever-chesapeake\/n02099849_2300.jpg","https:\/\/images.dog.ceo\/breeds\/retriever-chesapeake\/n02099849_2315.jpg","https:\/\/images.dog.ceo\/breeds\/retriever-chesapeake\/n02099849_2375.jpg","https:\/\/images.dog.ceo\/breeds\/retriever-chesapeake\/n02099849_2416.jpg","https:\/\/images.dog.ceo\/breeds\/retriever-chesapeake\/n02099849_2462.jpg","https:\/\/images.dog.ceo\/breeds\/retriever-chesapeake\/n02099849_2482.jpg","https:\/\/images.dog.ceo\/breeds\/retriever-chesapeake\/n02099849_253.jpg","https:\/\/images.dog.ceo\/breeds\/retriever-chesapeake\/n02099849_2573.jpg","https:\/\/images.dog.ceo\/breeds\/retriever-chesapeake\/n02099849_2581.jpg","https:\/\/images.dog.ceo\/breeds\/retriever-chesapeake\/n02099849_2612.jpg","https:\/\/images.dog.ceo\/breeds\/retriever-chesapeake\/n02099849_263.jpg","https:\/\/images.dog.ceo\/breeds\/retriever-chesapeake\/n02099849_264.jpg","https:\/\/images.dog.ceo\/breeds\/retriever-chesapeake\/n02099849_2646.jpg","https:\/\/images.dog.ceo\/breeds\/retriever-chesapeake\/n02099849_2648.jpg","https:\/\/images.dog.ceo\/breeds\/retriever-chesapeake\/n02099849_2836.jpg","https:\/\/images.dog.ceo\/breeds\/retriever-chesapeake\/n02099849_2847.jpg","https:\/\/images.dog.ceo\/breeds\/retriever-chesapeake\/n02099849_2935.jpg","https:\/\/images.dog.ceo\/breeds\/retriever-chesapeake\/n02099849_2944.jpg","https:\/\/images.dog.ceo\/breeds\/retriever-chesapeake\/n02099849_2965.jpg","https:\/\/images.dog.ceo\/breeds\/retriever-chesapeake\/n02099849_2991.jpg","https:\/\/images.dog.ceo\/breeds\/retriever-chesapeake\/n02099849_3.jpg","https:\/\/images.dog.ceo\/breeds\/retriever-chesapeake\/n02099849_3007.jpg","https:\/\/images.dog.ceo\/breeds\/retriever-chesapeake\/n02099849_3016.jpg","https:\/\/images.dog.ceo\/breeds\/retriever-chesapeake\/n02099849_31.jpg","https:\/\/images.dog.ceo\/breeds\/retriever-chesapeake\/n02099849_3149.jpg","https:\/\/images.dog.ceo\/breeds\/retriever-chesapeake\/n02099849_3196.jpg","https:\/\/images.dog.ceo\/breeds\/retriever-chesapeake\/n02099849_3203.jpg","https:\/\/images.dog.ceo\/breeds\/retriever-chesapeake\/n02099849_3207.jpg","https:\/\/images.dog.ceo\/breeds\/retriever-chesapeake\/n02099849_3220.jpg","https:\/\/images.dog.ceo\/breeds\/retriever-chesapeake\/n02099849_3266.jpg","https:\/\/images.dog.ceo\/breeds\/retriever-chesapeake\/n02099849_3283.jpg","https:\/\/images.dog.ceo\/breeds\/retriever-chesapeake\/n02099849_3289.jpg","https:\/\/images.dog.ceo\/breeds\/retriever-chesapeake\/n02099849_3326.jpg","https:\/\/images.dog.ceo\/breeds\/retriever-chesapeake\/n02099849_3383.jpg","https:\/\/images.dog.ceo\/breeds\/retriever-chesapeake\/n02099849_3403.jpg","https:\/\/images.dog.ceo\/breeds\/retriever-chesapeake\/n02099849_3429.jpg","https:\/\/images.dog.ceo\/breeds\/retriever-chesapeake\/n02099849_3451.jpg","https:\/\/images.dog.ceo\/breeds\/retriever-chesapeake\/n02099849_3494.jpg","https:\/\/images.dog.ceo\/breeds\/retriever-chesapeake\/n02099849_3563.jpg","https:\/\/images.dog.ceo\/breeds\/retriever-chesapeake\/n02099849_3565.jpg","https:\/\/images.dog.ceo\/breeds\/retriever-chesapeake\/n02099849_3592.jpg","https:\/\/images.dog.ceo\/breeds\/retriever-chesapeake\/n02099849_3616.jpg","https:\/\/images.dog.ceo\/breeds\/retriever-chesapeake\/n02099849_3617.jpg","https:\/\/images.dog.ceo\/breeds\/retriever-chesapeake\/n02099849_3619.jpg","https:\/\/images.dog.ceo\/breeds\/retriever-chesapeake\/n02099849_3645.jpg","https:\/\/images.dog.ceo\/breeds\/retriever-chesapeake\/n02099849_3680.jpg","https:\/\/images.dog.ceo\/breeds\/retriever-chesapeake\/n02099849_3718.jpg","https:\/\/images.dog.ceo\/breeds\/retriever-chesapeake\/n02099849_3723.jpg","https:\/\/images.dog.ceo\/breeds\/retriever-chesapeake\/n02099849_3736.jpg","https:\/\/images.dog.ceo\/breeds\/retriever-chesapeake\/n02099849_3753.jpg","https:\/\/images.dog.ceo\/breeds\/retriever-chesapeake\/n02099849_3777.jpg","https:\/\/images.dog.ceo\/breeds\/retriever-chesapeake\/n02099849_3789.jpg","https:\/\/images.dog.ceo\/breeds\/retriever-chesapeake\/n02099849_3810.jpg","https:\/\/images.dog.ceo\/breeds\/retriever-chesapeake\/n02099849_3812.jpg","https:\/\/images.dog.ceo\/breeds\/retriever-chesapeake\/n02099849_3826.jpg","https:\/\/images.dog.ceo\/breeds\/retriever-chesapeake\/n02099849_3897.jpg","https:\/\/images.dog.ceo\/breeds\/retriever-chesapeake\/n02099849_3911.jpg","https:\/\/images.dog.ceo\/breeds\/retriever-chesapeake\/n02099849_3940.jpg","https:\/\/images.dog.ceo\/breeds\/retriever-chesapeake\/n02099849_415.jpg","https:\/\/images.dog.ceo\/breeds\/retriever-chesapeake\/n02099849_4180.jpg","https:\/\/images.dog.ceo\/breeds\/retriever-chesapeake\/n02099849_4215.jpg","https:\/\/images.dog.ceo\/breeds\/retriever-chesapeake\/n02099849_4278.jpg","https:\/\/images.dog.ceo\/breeds\/retriever-chesapeake\/n02099849_4287.jpg","https:\/\/images.dog.ceo\/breeds\/retriever-chesapeake\/n02099849_43.jpg","https:\/\/images.dog.ceo\/breeds\/retriever-chesapeake\/n02099849_4310.jpg","https:\/\/images.dog.ceo\/breeds\/retriever-chesapeake\/n02099849_4322.jpg","https:\/\/images.dog.ceo\/breeds\/retriever-chesapeake\/n02099849_435.jpg","https:\/\/images.dog.ceo\/breeds\/retriever-chesapeake\/n02099849_4406.jpg","https:\/\/images.dog.ceo\/breeds\/retriever-chesapeake\/n02099849_4413.jpg","https:\/\/images.dog.ceo\/breeds\/retriever-chesapeake\/n02099849_4419.jpg","https:\/\/images.dog.ceo\/breeds\/retriever-chesapeake\/n02099849_4457.jpg","https:\/\/images.dog.ceo\/breeds\/retriever-chesapeake\/n02099849_448.jpg","https:\/\/images.dog.ceo\/breeds\/retriever-chesapeake\/n02099849_4498.jpg","https:\/\/images.dog.ceo\/breeds\/retriever-chesapeake\/n02099849_4519.jpg","https:\/\/images.dog.ceo\/breeds\/retriever-chesapeake\/n02099849_4549.jpg","https:\/\/images.dog.ceo\/breeds\/retriever-chesapeake\/n02099849_4619.jpg","https:\/\/images.dog.ceo\/breeds\/retriever-chesapeake\/n02099849_463.jpg","https:\/\/images.dog.ceo\/breeds\/retriever-chesapeake\/n02099849_4636.jpg","https:\/\/images.dog.ceo\/breeds\/retriever-chesapeake\/n02099849_4646.jpg","https:\/\/images.dog.ceo\/breeds\/retriever-chesapeake\/n02099849_4667.jpg","https:\/\/images.dog.ceo\/breeds\/retriever-chesapeake\/n02099849_4677.jpg","https:\/\/images.dog.ceo\/breeds\/retriever-chesapeake\/n02099849_4692.jpg","https:\/\/images.dog.ceo\/breeds\/retriever-chesapeake\/n02099849_4726.jpg","https:\/\/images.dog.ceo\/breeds\/retriever-chesapeake\/n02099849_4767.jpg","https:\/\/images.dog.ceo\/breeds\/retriever-chesapeake\/n02099849_493.jpg","https:\/\/images.dog.ceo\/breeds\/retriever-chesapeake\/n02099849_501.jpg","https:\/\/images.dog.ceo\/breeds\/retriever-chesapeake\/n02099849_513.jpg","https:\/\/images.dog.ceo\/breeds\/retriever-chesapeake\/n02099849_541.jpg","https:\/\/images.dog.ceo\/breeds\/retriever-chesapeake\/n02099849_544.jpg","https:\/\/images.dog.ceo\/breeds\/retriever-chesapeake\/n02099849_562.jpg","https:\/\/images.dog.ceo\/breeds\/retriever-chesapeake\/n02099849_590.jpg","https:\/\/images.dog.ceo\/breeds\/retriever-chesapeake\/n02099849_605.jpg","https:\/\/images.dog.ceo\/breeds\/retriever-chesapeake\/n02099849_669.jpg","https:\/\/images.dog.ceo\/breeds\/retriever-chesapeake\/n02099849_671.jpg","https:\/\/images.dog.ceo\/breeds\/retriever-chesapeake\/n02099849_68.jpg","https:\/\/images.dog.ceo\/breeds\/retriever-chesapeake\/n02099849_687.jpg","https:\/\/images.dog.ceo\/breeds\/retriever-chesapeake\/n02099849_693.jpg","https:\/\/images.dog.ceo\/breeds\/retriever-chesapeake\/n02099849_727.jpg","https:\/\/images.dog.ceo\/breeds\/retriever-chesapeake\/n02099849_920.jpg","https:\/\/images.dog.ceo\/breeds\/retriever-chesapeake\/n02099849_927.jpg","https:\/\/images.dog.ceo\/breeds\/retriever-chesapeake\/n02099849_938.jpg","https:\/\/images.dog.ceo\/breeds\/retriever-chesapeake\/n02099849_949.jpg","https:\/\/images.dog.ceo\/breeds\/retriever-chesapeake\/n02099849_953.jpg","https:\/\/images.dog.ceo\/breeds\/retriever-curly\/n02099429_1039.jpg","https:\/\/images.dog.ceo\/breeds\/retriever-curly\/n02099429_1068.jpg","https:\/\/images.dog.ceo\/breeds\/retriever-curly\/n02099429_109.jpg","https:\/\/images.dog.ceo\/breeds\/retriever-curly\/n02099429_1122.jpg","https:\/\/images.dog.ceo\/breeds\/retriever-curly\/n02099429_1150.jpg","https:\/\/images.dog.ceo\/breeds\/retriever-curly\/n02099429_1165.jpg","https:\/\/images.dog.ceo\/breeds\/retriever-curly\/n02099429_1178.jpg","https:\/\/images.dog.ceo\/breeds\/retriever-curly\/n02099429_120.jpg","https:\/\/images.dog.ceo\/breeds\/retriever-curly\/n02099429_1200.jpg","https:\/\/images.dog.ceo\/breeds\/retriever-curly\/n02099429_121.jpg","https:\/\/images.dog.ceo\/breeds\/retriever-curly\/n02099429_1234.jpg","https:\/\/images.dog.ceo\/breeds\/retriever-curly\/n02099429_1236.jpg","https:\/\/images.dog.ceo\/breeds\/retriever-curly\/n02099429_1259.jpg","https:\/\/images.dog.ceo\/breeds\/retriever-curly\/n02099429_1304.jpg","https:\/\/images.dog.ceo\/breeds\/retriever-curly\/n02099429_1328.jpg","https:\/\/images.dog.ceo\/breeds\/retriever-curly\/n02099429_1342.jpg","https:\/\/images.dog.ceo\/breeds\/retriever-curly\/n02099429_1359.jpg","https:\/\/images.dog.ceo\/breeds\/retriever-curly\/n02099429_1372.jpg","https:\/\/images.dog.ceo\/breeds\/retriever-curly\/n02099429_1377.jpg","https:\/\/images.dog.ceo\/breeds\/retriever-curly\/n02099429_1430.jpg","https:\/\/images.dog.ceo\/breeds\/retriever-curly\/n02099429_1433.jpg","https:\/\/images.dog.ceo\/breeds\/retriever-curly\/n02099429_1465.jpg","https:\/\/images.dog.ceo\/breeds\/retriever-curly\/n02099429_1468.jpg","https:\/\/images.dog.ceo\/breeds\/retriever-curly\/n02099429_1472.jpg","https:\/\/images.dog.ceo\/breeds\/retriever-curly\/n02099429_1504.jpg","https:\/\/images.dog.ceo\/breeds\/retriever-curly\/n02099429_1593.jpg","https:\/\/images.dog.ceo\/breeds\/retriever-curly\/n02099429_16.jpg","https:\/\/images.dog.ceo\/breeds\/retriever-curly\/n02099429_1627.jpg","https:\/\/images.dog.ceo\/breeds\/retriever-curly\/n02099429_1654.jpg","https:\/\/images.dog.ceo\/breeds\/retriever-curly\/n02099429_1662.jpg","https:\/\/images.dog.ceo\/breeds\/retriever-curly\/n02099429_1696.jpg","https:\/\/images.dog.ceo\/breeds\/retriever-curly\/n02099429_1701.jpg","https:\/\/images.dog.ceo\/breeds\/retriever-curly\/n02099429_1744.jpg","https:\/\/images.dog.ceo\/breeds\/retriever-curly\/n02099429_1758.jpg","https:\/\/images.dog.ceo\/breeds\/retriever-curly\/n02099429_1759.jpg","https:\/\/images.dog.ceo\/breeds\/retriever-curly\/n02099429_1773.jpg","https:\/\/images.dog.ceo\/breeds\/retriever-curly\/n02099429_1793.jpg","https:\/\/images.dog.ceo\/breeds\/retriever-curly\/n02099429_1804.jpg","https:\/\/images.dog.ceo\/breeds\/retriever-curly\/n02099429_1876.jpg","https:\/\/images.dog.ceo\/breeds\/retriever-curly\/n02099429_1883.jpg","https:\/\/images.dog.ceo\/breeds\/retriever-curly\/n02099429_1950.jpg","https:\/\/images.dog.ceo\/breeds\/retriever-curly\/n02099429_1954.jpg","https:\/\/images.dog.ceo\/breeds\/retriever-curly\/n02099429_1966.jpg","https:\/\/images.dog.ceo\/breeds\/retriever-curly\/n02099429_198.jpg","https:\/\/images.dog.ceo\/breeds\/retriever-curly\/n02099429_2119.jpg","https:\/\/images.dog.ceo\/breeds\/retriever-curly\/n02099429_212.jpg","https:\/\/images.dog.ceo\/breeds\/retriever-curly\/n02099429_2122.jpg","https:\/\/images.dog.ceo\/breeds\/retriever-curly\/n02099429_2149.jpg","https:\/\/images.dog.ceo\/breeds\/retriever-curly\/n02099429_2170.jpg","https:\/\/images.dog.ceo\/breeds\/retriever-curly\/n02099429_2186.jpg","https:\/\/images.dog.ceo\/breeds\/retriever-curly\/n02099429_2227.jpg","https:\/\/images.dog.ceo\/breeds\/retriever-curly\/n02099429_2236.jpg","https:\/\/images.dog.ceo\/breeds\/retriever-curly\/n02099429_2263.jpg","https:\/\/images.dog.ceo\/breeds\/retriever-curly\/n02099429_2264.jpg","https:\/\/images.dog.ceo\/breeds\/retriever-curly\/n02099429_227.jpg","https:\/\/images.dog.ceo\/breeds\/retriever-curly\/n02099429_2281.jpg","https:\/\/images.dog.ceo\/breeds\/retriever-curly\/n02099429_2287.jpg","https:\/\/images.dog.ceo\/breeds\/retriever-curly\/n02099429_2291.jpg","https:\/\/images.dog.ceo\/breeds\/retriever-curly\/n02099429_2374.jpg","https:\/\/images.dog.ceo\/breeds\/retriever-curly\/n02099429_2392.jpg","https:\/\/images.dog.ceo\/breeds\/retriever-curly\/n02099429_2393.jpg","https:\/\/images.dog.ceo\/breeds\/retriever-curly\/n02099429_244.jpg","https:\/\/images.dog.ceo\/breeds\/retriever-curly\/n02099429_248.jpg","https:\/\/images.dog.ceo\/breeds\/retriever-curly\/n02099429_249.jpg","https:\/\/images.dog.ceo\/breeds\/retriever-curly\/n02099429_2504.jpg","https:\/\/images.dog.ceo\/breeds\/retriever-curly\/n02099429_2559.jpg","https:\/\/images.dog.ceo\/breeds\/retriever-curly\/n02099429_2570.jpg","https:\/\/images.dog.ceo\/breeds\/retriever-curly\/n02099429_2608.jpg","https:\/\/images.dog.ceo\/breeds\/retriever-curly\/n02099429_2650.jpg","https:\/\/images.dog.ceo\/breeds\/retriever-curly\/n02099429_2699.jpg","https:\/\/images.dog.ceo\/breeds\/retriever-curly\/n02099429_273.jpg","https:\/\/images.dog.ceo\/breeds\/retriever-curly\/n02099429_2733.jpg","https:\/\/images.dog.ceo\/breeds\/retriever-curly\/n02099429_2756.jpg","https:\/\/images.dog.ceo\/breeds\/retriever-curly\/n02099429_2767.jpg","https:\/\/images.dog.ceo\/breeds\/retriever-curly\/n02099429_2776.jpg","https:\/\/images.dog.ceo\/breeds\/retriever-curly\/n02099429_282.jpg","https:\/\/images.dog.ceo\/breeds\/retriever-curly\/n02099429_2839.jpg","https:\/\/images.dog.ceo\/breeds\/retriever-curly\/n02099429_2915.jpg","https:\/\/images.dog.ceo\/breeds\/retriever-curly\/n02099429_2925.jpg","https:\/\/images.dog.ceo\/breeds\/retriever-curly\/n02099429_2934.jpg","https:\/\/images.dog.ceo\/breeds\/retriever-curly\/n02099429_2936.jpg","https:\/\/images.dog.ceo\/breeds\/retriever-curly\/n02099429_3023.jpg","https:\/\/images.dog.ceo\/breeds\/retriever-curly\/n02099429_3024.jpg","https:\/\/images.dog.ceo\/breeds\/retriever-curly\/n02099429_3026.jpg","https:\/\/images.dog.ceo\/breeds\/retriever-curly\/n02099429_3029.jpg","https:\/\/images.dog.ceo\/breeds\/retriever-curly\/n02099429_3033.jpg","https:\/\/images.dog.ceo\/breeds\/retriever-curly\/n02099429_3077.jpg","https:\/\/images.dog.ceo\/breeds\/retriever-curly\/n02099429_3103.jpg","https:\/\/images.dog.ceo\/breeds\/retriever-curly\/n02099429_3119.jpg","https:\/\/images.dog.ceo\/breeds\/retriever-curly\/n02099429_3159.jpg","https:\/\/images.dog.ceo\/breeds\/retriever-curly\/n02099429_3188.jpg","https:\/\/images.dog.ceo\/breeds\/retriever-curly\/n02099429_3191.jpg","https:\/\/images.dog.ceo\/breeds\/retriever-curly\/n02099429_3193.jpg","https:\/\/images.dog.ceo\/breeds\/retriever-curly\/n02099429_3194.jpg","https:\/\/images.dog.ceo\/breeds\/retriever-curly\/n02099429_3213.jpg","https:\/\/images.dog.ceo\/breeds\/retriever-curly\/n02099429_3234.jpg","https:\/\/images.dog.ceo\/breeds\/retriever-curly\/n02099429_3249.jpg","https:\/\/images.dog.ceo\/breeds\/retriever-curly\/n02099429_3253.jpg","https:\/\/images.dog.ceo\/breeds\/retriever-curly\/n02099429_3276.jpg","https:\/\/images.dog.ceo\/breeds\/retriever-curly\/n02099429_3371.jpg","https:\/\/images.dog.ceo\/breeds\/retriever-curly\/n02099429_3396.jpg","https:\/\/images.dog.ceo\/breeds\/retriever-curly\/n02099429_3402.jpg","https:\/\/images.dog.ceo\/breeds\/retriever-curly\/n02099429_3513.jpg","https:\/\/images.dog.ceo\/breeds\/retriever-curly\/n02099429_3516.jpg","https:\/\/images.dog.ceo\/breeds\/retriever-curly\/n02099429_355.jpg","https:\/\/images.dog.ceo\/breeds\/retriever-curly\/n02099429_398.jpg","https:\/\/images.dog.ceo\/breeds\/retriever-curly\/n02099429_416.jpg","https:\/\/images.dog.ceo\/breeds\/retriever-curly\/n02099429_425.jpg","https:\/\/images.dog.ceo\/breeds\/retriever-curly\/n02099429_448.jpg","https:\/\/images.dog.ceo\/breeds\/retriever-curly\/n02099429_458.jpg","https:\/\/images.dog.ceo\/breeds\/retriever-curly\/n02099429_537.jpg","https:\/\/images.dog.ceo\/breeds\/retriever-curly\/n02099429_569.jpg","https:\/\/images.dog.ceo\/breeds\/retriever-curly\/n02099429_618.jpg","https:\/\/images.dog.ceo\/breeds\/retriever-curly\/n02099429_630.jpg","https:\/\/images.dog.ceo\/breeds\/retriever-curly\/n02099429_664.jpg","https:\/\/images.dog.ceo\/breeds\/retriever-curly\/n02099429_738.jpg","https:\/\/images.dog.ceo\/breeds\/retriever-curly\/n02099429_745.jpg","https:\/\/images.dog.ceo\/breeds\/retriever-curly\/n02099429_814.jpg","https:\/\/images.dog.ceo\/breeds\/retriever-curly\/n02099429_817.jpg","https:\/\/images.dog.ceo\/breeds\/retriever-curly\/n02099429_833.jpg","https:\/\/images.dog.ceo\/breeds\/retriever-curly\/n02099429_841.jpg","https:\/\/images.dog.ceo\/breeds\/retriever-curly\/n02099429_853.jpg","https:\/\/images.dog.ceo\/breeds\/retriever-curly\/n02099429_869.jpg","https:\/\/images.dog.ceo\/breeds\/retriever-curly\/n02099429_907.jpg","https:\/\/images.dog.ceo\/breeds\/retriever-curly\/n02099429_910.jpg","https:\/\/images.dog.ceo\/breeds\/retriever-curly\/n02099429_915.jpg","https:\/\/images.dog.ceo\/breeds\/retriever-curly\/n02099429_935.jpg","https:\/\/images.dog.ceo\/breeds\/retriever-curly\/n02099429_946.jpg","https:\/\/images.dog.ceo\/breeds\/retriever-curly\/n02099429_961.jpg","https:\/\/images.dog.ceo\/breeds\/retriever-flatcoated\/n02099267_1018.jpg","https:\/\/images.dog.ceo\/breeds\/retriever-flatcoated\/n02099267_1069.jpg","https:\/\/images.dog.ceo\/breeds\/retriever-flatcoated\/n02099267_1095.jpg","https:\/\/images.dog.ceo\/breeds\/retriever-flatcoated\/n02099267_1142.jpg","https:\/\/images.dog.ceo\/breeds\/retriever-flatcoated\/n02099267_1184.jpg","https:\/\/images.dog.ceo\/breeds\/retriever-flatcoated\/n02099267_1205.jpg","https:\/\/images.dog.ceo\/breeds\/retriever-flatcoated\/n02099267_1272.jpg","https:\/\/images.dog.ceo\/breeds\/retriever-flatcoated\/n02099267_1274.jpg","https:\/\/images.dog.ceo\/breeds\/retriever-flatcoated\/n02099267_1358.jpg","https:\/\/images.dog.ceo\/breeds\/retriever-flatcoated\/n02099267_1451.jpg","https:\/\/images.dog.ceo\/breeds\/retriever-flatcoated\/n02099267_1470.jpg","https:\/\/images.dog.ceo\/breeds\/retriever-flatcoated\/n02099267_1533.jpg","https:\/\/images.dog.ceo\/breeds\/retriever-flatcoated\/n02099267_1547.jpg","https:\/\/images.dog.ceo\/breeds\/retriever-flatcoated\/n02099267_1573.jpg","https:\/\/images.dog.ceo\/breeds\/retriever-flatcoated\/n02099267_1596.jpg","https:\/\/images.dog.ceo\/breeds\/retriever-flatcoated\/n02099267_1624.jpg","https:\/\/images.dog.ceo\/breeds\/retriever-flatcoated\/n02099267_1639.jpg","https:\/\/images.dog.ceo\/breeds\/retriever-flatcoated\/n02099267_1723.jpg","https:\/\/images.dog.ceo\/breeds\/retriever-flatcoated\/n02099267_1753.jpg","https:\/\/images.dog.ceo\/breeds\/retriever-flatcoated\/n02099267_1860.jpg","https:\/\/images.dog.ceo\/breeds\/retriever-flatcoated\/n02099267_1862.jpg","https:\/\/images.dog.ceo\/breeds\/retriever-flatcoated\/n02099267_1906.jpg","https:\/\/images.dog.ceo\/breeds\/retriever-flatcoated\/n02099267_1909.jpg","https:\/\/images.dog.ceo\/breeds\/retriever-flatcoated\/n02099267_1922.jpg","https:\/\/images.dog.ceo\/breeds\/retriever-flatcoated\/n02099267_1942.jpg","https:\/\/images.dog.ceo\/breeds\/retriever-flatcoated\/n02099267_1943.jpg","https:\/\/images.dog.ceo\/breeds\/retriever-flatcoated\/n02099267_1961.jpg","https:\/\/images.dog.ceo\/breeds\/retriever-flatcoated\/n02099267_198.jpg","https:\/\/images.dog.ceo\/breeds\/retriever-flatcoated\/n02099267_1989.jpg","https:\/\/images.dog.ceo\/breeds\/retriever-flatcoated\/n02099267_2121.jpg","https:\/\/images.dog.ceo\/breeds\/retriever-flatcoated\/n02099267_2160.jpg","https:\/\/images.dog.ceo\/breeds\/retriever-flatcoated\/n02099267_2259.jpg","https:\/\/images.dog.ceo\/breeds\/retriever-flatcoated\/n02099267_2268.jpg","https:\/\/images.dog.ceo\/breeds\/retriever-flatcoated\/n02099267_2284.jpg","https:\/\/images.dog.ceo\/breeds\/retriever-flatcoated\/n02099267_2314.jpg","https:\/\/images.dog.ceo\/breeds\/retriever-flatcoated\/n02099267_2347.jpg","https:\/\/images.dog.ceo\/breeds\/retriever-flatcoated\/n02099267_2379.jpg","https:\/\/images.dog.ceo\/breeds\/retriever-flatcoated\/n02099267_2419.jpg","https:\/\/images.dog.ceo\/breeds\/retriever-flatcoated\/n02099267_2427.jpg","https:\/\/images.dog.ceo\/breeds\/retriever-flatcoated\/n02099267_2447.jpg","https:\/\/images.dog.ceo\/breeds\/retriever-flatcoated\/n02099267_2453.jpg","https:\/\/images.dog.ceo\/breeds\/retriever-flatcoated\/n02099267_2607.jpg","https:\/\/images.dog.ceo\/breeds\/retriever-flatcoated\/n02099267_2608.jpg","https:\/\/images.dog.ceo\/breeds\/retriever-flatcoated\/n02099267_2630.jpg","https:\/\/images.dog.ceo\/breeds\/retriever-flatcoated\/n02099267_2786.jpg","https:\/\/images.dog.ceo\/breeds\/retriever-flatcoated\/n02099267_2987.jpg","https:\/\/images.dog.ceo\/breeds\/retriever-flatcoated\/n02099267_3018.jpg","https:\/\/images.dog.ceo\/breeds\/retriever-flatcoated\/n02099267_3044.jpg","https:\/\/images.dog.ceo\/breeds\/retriever-flatcoated\/n02099267_3077.jpg","https:\/\/images.dog.ceo\/breeds\/retriever-flatcoated\/n02099267_3087.jpg","https:\/\/images.dog.ceo\/breeds\/retriever-flatcoated\/n02099267_3092.jpg","https:\/\/images.dog.ceo\/breeds\/retriever-flatcoated\/n02099267_3097.jpg","https:\/\/images.dog.ceo\/breeds\/retriever-flatcoated\/n02099267_3130.jpg","https:\/\/images.dog.ceo\/breeds\/retriever-flatcoated\/n02099267_3185.jpg","https:\/\/images.dog.ceo\/breeds\/retriever-flatcoated\/n02099267_3240.jpg","https:\/\/images.dog.ceo\/breeds\/retriever-flatcoated\/n02099267_3255.jpg","https:\/\/images.dog.ceo\/breeds\/retriever-flatcoated\/n02099267_3272.jpg","https:\/\/images.dog.ceo\/breeds\/retriever-flatcoated\/n02099267_3290.jpg","https:\/\/images.dog.ceo\/breeds\/retriever-flatcoated\/n02099267_3335.jpg","https:\/\/images.dog.ceo\/breeds\/retriever-flatcoated\/n02099267_3390.jpg","https:\/\/images.dog.ceo\/breeds\/retriever-flatcoated\/n02099267_3405.jpg","https:\/\/images.dog.ceo\/breeds\/retriever-flatcoated\/n02099267_3428.jpg","https:\/\/images.dog.ceo\/breeds\/retriever-flatcoated\/n02099267_3433.jpg","https:\/\/images.dog.ceo\/breeds\/retriever-flatcoated\/n02099267_3441.jpg","https:\/\/images.dog.ceo\/breeds\/retriever-flatcoated\/n02099267_3490.jpg","https:\/\/images.dog.ceo\/breeds\/retriever-flatcoated\/n02099267_3493.jpg","https:\/\/images.dog.ceo\/breeds\/retriever-flatcoated\/n02099267_3494.jpg","https:\/\/images.dog.ceo\/breeds\/retriever-flatcoated\/n02099267_353.jpg","https:\/\/images.dog.ceo\/breeds\/retriever-flatcoated\/n02099267_3588.jpg","https:\/\/images.dog.ceo\/breeds\/retriever-flatcoated\/n02099267_3597.jpg","https:\/\/images.dog.ceo\/breeds\/retriever-flatcoated\/n02099267_3605.jpg","https:\/\/images.dog.ceo\/breeds\/retriever-flatcoated\/n02099267_3609.jpg","https:\/\/images.dog.ceo\/breeds\/retriever-flatcoated\/n02099267_3611.jpg","https:\/\/images.dog.ceo\/breeds\/retriever-flatcoated\/n02099267_3660.jpg","https:\/\/images.dog.ceo\/breeds\/retriever-flatcoated\/n02099267_375.jpg","https:\/\/images.dog.ceo\/breeds\/retriever-flatcoated\/n02099267_3768.jpg","https:\/\/images.dog.ceo\/breeds\/retriever-flatcoated\/n02099267_3787.jpg","https:\/\/images.dog.ceo\/breeds\/retriever-flatcoated\/n02099267_3843.jpg","https:\/\/images.dog.ceo\/breeds\/retriever-flatcoated\/n02099267_3864.jpg","https:\/\/images.dog.ceo\/breeds\/retriever-flatcoated\/n02099267_3868.jpg","https:\/\/images.dog.ceo\/breeds\/retriever-flatcoated\/n02099267_3900.jpg","https:\/\/images.dog.ceo\/breeds\/retriever-flatcoated\/n02099267_3913.jpg","https:\/\/images.dog.ceo\/breeds\/retriever-flatcoated\/n02099267_3948.jpg","https:\/\/images.dog.ceo\/breeds\/retriever-flatcoated\/n02099267_3957.jpg","https:\/\/images.dog.ceo\/breeds\/retriever-flatcoated\/n02099267_3965.jpg","https:\/\/images.dog.ceo\/breeds\/retriever-flatcoated\/n02099267_3973.jpg","https:\/\/images.dog.ceo\/breeds\/retriever-flatcoated\/n02099267_40.jpg","https:\/\/images.dog.ceo\/breeds\/retriever-flatcoated\/n02099267_4048.jpg","https:\/\/images.dog.ceo\/breeds\/retriever-flatcoated\/n02099267_4098.jpg","https:\/\/images.dog.ceo\/breeds\/retriever-flatcoated\/n02099267_4167.jpg","https:\/\/images.dog.ceo\/breeds\/retriever-flatcoated\/n02099267_4236.jpg","https:\/\/images.dog.ceo\/breeds\/retriever-flatcoated\/n02099267_4278.jpg","https:\/\/images.dog.ceo\/breeds\/retriever-flatcoated\/n02099267_4303.jpg","https:\/\/images.dog.ceo\/breeds\/retriever-flatcoated\/n02099267_4311.jpg","https:\/\/images.dog.ceo\/breeds\/retriever-flatcoated\/n02099267_4331.jpg","https:\/\/images.dog.ceo\/breeds\/retriever-flatcoated\/n02099267_4359.jpg","https:\/\/images.dog.ceo\/breeds\/retriever-flatcoated\/n02099267_443.jpg","https:\/\/images.dog.ceo\/breeds\/retriever-flatcoated\/n02099267_4494.jpg","https:\/\/images.dog.ceo\/breeds\/retriever-flatcoated\/n02099267_4506.jpg","https:\/\/images.dog.ceo\/breeds\/retriever-flatcoated\/n02099267_4525.jpg","https:\/\/images.dog.ceo\/breeds\/retriever-flatcoated\/n02099267_4530.jpg","https:\/\/images.dog.ceo\/breeds\/retriever-flatcoated\/n02099267_4546.jpg","https:\/\/images.dog.ceo\/breeds\/retriever-flatcoated\/n02099267_4562.jpg","https:\/\/images.dog.ceo\/breeds\/retriever-flatcoated\/n02099267_4681.jpg","https:\/\/images.dog.ceo\/breeds\/retriever-flatcoated\/n02099267_482.jpg","https:\/\/images.dog.ceo\/breeds\/retriever-flatcoated\/n02099267_487.jpg","https:\/\/images.dog.ceo\/breeds\/retriever-flatcoated\/n02099267_4887.jpg","https:\/\/images.dog.ceo\/breeds\/retriever-flatcoated\/n02099267_4906.jpg","https:\/\/images.dog.ceo\/breeds\/retriever-flatcoated\/n02099267_494.jpg","https:\/\/images.dog.ceo\/breeds\/retriever-flatcoated\/n02099267_5001.jpg","https:\/\/images.dog.ceo\/breeds\/retriever-flatcoated\/n02099267_5073.jpg","https:\/\/images.dog.ceo\/breeds\/retriever-flatcoated\/n02099267_5089.jpg","https:\/\/images.dog.ceo\/breeds\/retriever-flatcoated\/n02099267_5155.jpg","https:\/\/images.dog.ceo\/breeds\/retriever-flatcoated\/n02099267_5306.jpg","https:\/\/images.dog.ceo\/breeds\/retriever-flatcoated\/n02099267_5352.jpg","https:\/\/images.dog.ceo\/breeds\/retriever-flatcoated\/n02099267_5415.jpg","https:\/\/images.dog.ceo\/breeds\/retriever-flatcoated\/n02099267_5427.jpg","https:\/\/images.dog.ceo\/breeds\/retriever-flatcoated\/n02099267_5540.jpg","https:\/\/images.dog.ceo\/breeds\/retriever-flatcoated\/n02099267_5549.jpg","https:\/\/images.dog.ceo\/breeds\/retriever-flatcoated\/n02099267_5551.jpg","https:\/\/images.dog.ceo\/breeds\/retriever-flatcoated\/n02099267_5552.jpg","https:\/\/images.dog.ceo\/breeds\/retriever-flatcoated\/n02099267_5587.jpg","https:\/\/images.dog.ceo\/breeds\/retriever-flatcoated\/n02099267_566.jpg","https:\/\/images.dog.ceo\/breeds\/retriever-flatcoated\/n02099267_5669.jpg","https:\/\/images.dog.ceo\/breeds\/retriever-flatcoated\/n02099267_5745.jpg","https:\/\/images.dog.ceo\/breeds\/retriever-flatcoated\/n02099267_580.jpg","https:\/\/images.dog.ceo\/breeds\/retriever-flatcoated\/n02099267_693.jpg","https:\/\/images.dog.ceo\/breeds\/retriever-flatcoated\/n02099267_706.jpg","https:\/\/images.dog.ceo\/breeds\/retriever-flatcoated\/n02099267_720.jpg","https:\/\/images.dog.ceo\/breeds\/retriever-flatcoated\/n02099267_721.jpg","https:\/\/images.dog.ceo\/breeds\/retriever-flatcoated\/n02099267_730.jpg","https:\/\/images.dog.ceo\/breeds\/retriever-flatcoated\/n02099267_731.jpg","https:\/\/images.dog.ceo\/breeds\/retriever-flatcoated\/n02099267_808.jpg","https:\/\/images.dog.ceo\/breeds\/retriever-flatcoated\/n02099267_838.jpg","https:\/\/images.dog.ceo\/breeds\/retriever-flatcoated\/n02099267_862.jpg","https:\/\/images.dog.ceo\/breeds\/retriever-flatcoated\/n02099267_882.jpg","https:\/\/images.dog.ceo\/breeds\/retriever-flatcoated\/n02099267_911.jpg","https:\/\/images.dog.ceo\/breeds\/retriever-flatcoated\/n02099267_913.jpg","https:\/\/images.dog.ceo\/breeds\/retriever-flatcoated\/n02099267_921.jpg","https:\/\/images.dog.ceo\/breeds\/retriever-flatcoated\/n02099267_931.jpg","https:\/\/images.dog.ceo\/breeds\/retriever-flatcoated\/n02099267_957.jpg","https:\/\/images.dog.ceo\/breeds\/retriever-flatcoated\/n02099267_979.jpg","https:\/\/images.dog.ceo\/breeds\/retriever-golden\/20200731_180910_200731.jpg","https:\/\/images.dog.ceo\/breeds\/retriever-golden\/20200801_174527_200801.jpg","https:\/\/images.dog.ceo\/breeds\/retriever-golden\/20200814_113907_200814.jpg","https:\/\/images.dog.ceo\/breeds\/retriever-golden\/20200814_163629_200814.jpg","https:\/\/images.dog.ceo\/breeds\/retriever-golden\/20200816_163418_200816.jpg","https:\/\/images.dog.ceo\/breeds\/retriever-golden\/20200816_180945_200816.jpg","https:\/\/images.dog.ceo\/breeds\/retriever-golden\/PXL_20220125_060304705.MP.jpg","https:\/\/images.dog.ceo\/breeds\/retriever-golden\/PXL_20220311_055548510.MP_2.jpg","https:\/\/images.dog.ceo\/breeds\/retriever-golden\/PXL_20220311_055611129.MP_3.jpg","https:\/\/images.dog.ceo\/breeds\/retriever-golden\/PXL_20220424_121025943.MP.jpg","https:\/\/images.dog.ceo\/breeds\/retriever-golden\/PXL_20220624_150113115.MP_2.jpg","https:\/\/images.dog.ceo\/breeds\/retriever-golden\/Z6A_3963_200731.jpg","https:\/\/images.dog.ceo\/breeds\/retriever-golden\/Z6A_4051_200803.jpg","https:\/\/images.dog.ceo\/breeds\/retriever-golden\/Z6A_4068_200803.jpg","https:\/\/images.dog.ceo\/breeds\/retriever-golden\/Z6A_4193-Edit-Edit_200806.jpg","https:\/\/images.dog.ceo\/breeds\/retriever-golden\/Z6A_4365_200807.jpg","https:\/\/images.dog.ceo\/breeds\/retriever-golden\/Z6A_4459-Edit_200808.jpg","https:\/\/images.dog.ceo\/breeds\/retriever-golden\/Z6A_4500_200808.jpg","https:\/\/images.dog.ceo\/breeds\/retriever-golden\/Z6A_4525_200809.jpg","https:\/\/images.dog.ceo\/breeds\/retriever-golden\/Z6A_4650_200812.jpg","https:\/\/images.dog.ceo\/breeds\/retriever-golden\/Z6A_4904_200816.jpg","https:\/\/images.dog.ceo\/breeds\/retriever-golden\/Z6A_4928_200816.jpg","https:\/\/images.dog.ceo\/breeds\/retriever-golden\/dogs.boris.jasper.nixon.jpg","https:\/\/images.dog.ceo\/breeds\/retriever-golden\/golden-1.jpg","https:\/\/images.dog.ceo\/breeds\/retriever-golden\/joey_20210311_213829.jpg","https:\/\/images.dog.ceo\/breeds\/retriever-golden\/joey_20210802_223302.jpg","https:\/\/images.dog.ceo\/breeds\/retriever-golden\/joey_20210805_130226.jpg","https:\/\/images.dog.ceo\/breeds\/retriever-golden\/joey_IMG_0261.jpg","https:\/\/images.dog.ceo\/breeds\/retriever-golden\/joey_IMG_0628.jpg","https:\/\/images.dog.ceo\/breeds\/retriever-golden\/joey_IMG_0633.jpg","https:\/\/images.dog.ceo\/breeds\/retriever-golden\/joey_IMG_20210906_091617_3.jpg","https:\/\/images.dog.ceo\/breeds\/retriever-golden\/leo_small.jpg","https:\/\/images.dog.ceo\/breeds\/retriever-golden\/n02099601_10.jpg","https:\/\/images.dog.ceo\/breeds\/retriever-golden\/n02099601_100.jpg","https:\/\/images.dog.ceo\/breeds\/retriever-golden\/n02099601_1010.jpg","https:\/\/images.dog.ceo\/breeds\/retriever-golden\/n02099601_1028.jpg","https:\/\/images.dog.ceo\/breeds\/retriever-golden\/n02099601_109.jpg","https:\/\/images.dog.ceo\/breeds\/retriever-golden\/n02099601_1162.jpg","https:\/\/images.dog.ceo\/breeds\/retriever-golden\/n02099601_118.jpg","https:\/\/images.dog.ceo\/breeds\/retriever-golden\/n02099601_124.jpg","https:\/\/images.dog.ceo\/breeds\/retriever-golden\/n02099601_1249.jpg","https:\/\/images.dog.ceo\/breeds\/retriever-golden\/n02099601_1259.jpg","https:\/\/images.dog.ceo\/breeds\/retriever-golden\/n02099601_1324.jpg","https:\/\/images.dog.ceo\/breeds\/retriever-golden\/n02099601_14.jpg","https:\/\/images.dog.ceo\/breeds\/retriever-golden\/n02099601_1442.jpg","https:\/\/images.dog.ceo\/breeds\/retriever-golden\/n02099601_1454.jpg","https:\/\/images.dog.ceo\/breeds\/retriever-golden\/n02099601_146.jpg","https:\/\/images.dog.ceo\/breeds\/retriever-golden\/n02099601_1580.jpg","https:\/\/images.dog.ceo\/breeds\/retriever-golden\/n02099601_1633.jpg","https:\/\/images.dog.ceo\/breeds\/retriever-golden\/n02099601_1743.jpg","https:\/\/images.dog.ceo\/breeds\/retriever-golden\/n02099601_176.jpg","https:\/\/images.dog.ceo\/breeds\/retriever-golden\/n02099601_1768.jpg","https:\/\/images.dog.ceo\/breeds\/retriever-golden\/n02099601_2029.jpg","https:\/\/images.dog.ceo\/breeds\/retriever-golden\/n02099601_215.jpg","https:\/\/images.dog.ceo\/breeds\/retriever-golden\/n02099601_2295.jpg","https:\/\/images.dog.ceo\/breeds\/retriever-golden\/n02099601_2358.jpg","https:\/\/images.dog.ceo\/breeds\/retriever-golden\/n02099601_2359.jpg","https:\/\/images.dog.ceo\/breeds\/retriever-golden\/n02099601_238.jpg","https:\/\/images.dog.ceo\/breeds\/retriever-golden\/n02099601_2408.jpg","https:\/\/images.dog.ceo\/breeds\/retriever-golden\/n02099601_2422.jpg","https:\/\/images.dog.ceo\/breeds\/retriever-golden\/n02099601_2440.jpg","https:\/\/images.dog.ceo\/breeds\/retriever-golden\/n02099601_2495.jpg","https:\/\/images.dog.ceo\/breeds\/retriever-golden\/n02099601_2536.jpg","https:\/\/images.dog.ceo\/breeds\/retriever-golden\/n02099601_2663.jpg","https:\/\/images.dog.ceo\/breeds\/retriever-golden\/n02099601_2688.jpg","https:\/\/images.dog.ceo\/breeds\/retriever-golden\/n02099601_2691.jpg","https:\/\/images.dog.ceo\/breeds\/retriever-golden\/n02099601_2796.jpg","https:\/\/images.dog.ceo\/breeds\/retriever-golden\/n02099601_280.jpg","https:\/\/images.dog.ceo\/breeds\/retriever-golden\/n02099601_281.jpg","https:\/\/images.dog.ceo\/breeds\/retriever-golden\/n02099601_286.jpg","https:\/\/images.dog.ceo\/breeds\/retriever-golden\/n02099601_2994.jpg","https:\/\/images.dog.ceo\/breeds\/retriever-golden\/n02099601_3004.jpg","https:\/\/images.dog.ceo\/breeds\/retriever-golden\/n02099601_3007.jpg","https:\/\/images.dog.ceo\/breeds\/retriever-golden\/n02099601_304.jpg","https:\/\/images.dog.ceo\/breeds\/retriever-golden\/n02099601_3073.jpg","https:\/\/images.dog.ceo\/breeds\/retriever-golden\/n02099601_308.jpg","https:\/\/images.dog.ceo\/breeds\/retriever-golden\/n02099601_3097.jpg","https:\/\/images.dog.ceo\/breeds\/retriever-golden\/n02099601_3111.jpg","https:\/\/images.dog.ceo\/breeds\/retriever-golden\/n02099601_3262.jpg","https:\/\/images.dog.ceo\/breeds\/retriever-golden\/n02099601_3327.jpg","https:\/\/images.dog.ceo\/breeds\/retriever-golden\/n02099601_3360.jpg","https:\/\/images.dog.ceo\/breeds\/retriever-golden\/n02099601_3388.jpg","https:\/\/images.dog.ceo\/breeds\/retriever-golden\/n02099601_3414.jpg","https:\/\/images.dog.ceo\/breeds\/retriever-golden\/n02099601_342.jpg","https:\/\/images.dog.ceo\/breeds\/retriever-golden\/n02099601_345.jpg","https:\/\/images.dog.ceo\/breeds\/retriever-golden\/n02099601_3494.jpg","https:\/\/images.dog.ceo\/breeds\/retriever-golden\/n02099601_3569.jpg","https:\/\/images.dog.ceo\/breeds\/retriever-golden\/n02099601_3666.jpg","https:\/\/images.dog.ceo\/breeds\/retriever-golden\/n02099601_3720.jpg","https:\/\/images.dog.ceo\/breeds\/retriever-golden\/n02099601_3738.jpg","https:\/\/images.dog.ceo\/breeds\/retriever-golden\/n02099601_3869.jpg","https:\/\/images.dog.ceo\/breeds\/retriever-golden\/n02099601_4005.jpg","https:\/\/images.dog.ceo\/breeds\/retriever-golden\/n02099601_4241.jpg","https:\/\/images.dog.ceo\/breeds\/retriever-golden\/n02099601_4256.jpg","https:\/\/images.dog.ceo\/breeds\/retriever-golden\/n02099601_4312.jpg","https:\/\/images.dog.ceo\/breeds\/retriever-golden\/n02099601_447.jpg","https:\/\/images.dog.ceo\/breeds\/retriever-golden\/n02099601_4651.jpg","https:\/\/images.dog.ceo\/breeds\/retriever-golden\/n02099601_4678.jpg","https:\/\/images.dog.ceo\/breeds\/retriever-golden\/n02099601_473.jpg","https:\/\/images.dog.ceo\/breeds\/retriever-golden\/n02099601_4843.jpg","https:\/\/images.dog.ceo\/breeds\/retriever-golden\/n02099601_4933.jpg","https:\/\/images.dog.ceo\/breeds\/retriever-golden\/n02099601_5.jpg","https:\/\/images.dog.ceo\/breeds\/retriever-golden\/n02099601_5051.jpg","https:\/\/images.dog.ceo\/breeds\/retriever-golden\/n02099601_5132.jpg","https:\/\/images.dog.ceo\/breeds\/retriever-golden\/n02099601_5160.jpg","https:\/\/images.dog.ceo\/breeds\/retriever-golden\/n02099601_5188.jpg","https:\/\/images.dog.ceo\/breeds\/retriever-golden\/n02099601_544.jpg","https:\/\/images.dog.ceo\/breeds\/retriever-golden\/n02099601_5452.jpg","https:\/\/images.dog.ceo\/breeds\/retriever-golden\/n02099601_5453.jpg","https:\/\/images.dog.ceo\/breeds\/retriever-golden\/n02099601_5544.jpg","https:\/\/images.dog.ceo\/breeds\/retriever-golden\/n02099601_5642.jpg","https:\/\/images.dog.ceo\/breeds\/retriever-golden\/n02099601_5655.jpg","https:\/\/images.dog.ceo\/breeds\/retriever-golden\/n02099601_5679.jpg","https:\/\/images.dog.ceo\/breeds\/retriever-golden\/n02099601_569.jpg","https:\/\/images.dog.ceo\/breeds\/retriever-golden\/n02099601_5709.jpg","https:\/\/images.dog.ceo\/breeds\/retriever-golden\/n02099601_5736.jpg","https:\/\/images.dog.ceo\/breeds\/retriever-golden\/n02099601_5764.jpg","https:\/\/images.dog.ceo\/breeds\/retriever-golden\/n02099601_5857.jpg","https:\/\/images.dog.ceo\/breeds\/retriever-golden\/n02099601_5876.jpg","https:\/\/images.dog.ceo\/breeds\/retriever-golden\/n02099601_5893.jpg","https:\/\/images.dog.ceo\/breeds\/retriever-golden\/n02099601_6099.jpg","https:\/\/images.dog.ceo\/breeds\/retriever-golden\/n02099601_6105.jpg","https:\/\/images.dog.ceo\/breeds\/retriever-golden\/n02099601_6139.jpg","https:\/\/images.dog.ceo\/breeds\/retriever-golden\/n02099601_6194.jpg","https:\/\/images.dog.ceo\/breeds\/retriever-golden\/n02099601_6318.jpg","https:\/\/images.dog.ceo\/breeds\/retriever-golden\/n02099601_6331.jpg","https:\/\/images.dog.ceo\/breeds\/retriever-golden\/n02099601_6577.jpg","https:\/\/images.dog.ceo\/breeds\/retriever-golden\/n02099601_67.jpg","https:\/\/images.dog.ceo\/breeds\/retriever-golden\/n02099601_6772.jpg","https:\/\/images.dog.ceo\/breeds\/retriever-golden\/n02099601_6814.jpg","https:\/\/images.dog.ceo\/breeds\/retriever-golden\/n02099601_6820.jpg","https:\/\/images.dog.ceo\/breeds\/retriever-golden\/n02099601_6867.jpg","https:\/\/images.dog.ceo\/breeds\/retriever-golden\/n02099601_6980.jpg","https:\/\/images.dog.ceo\/breeds\/retriever-golden\/n02099601_70.jpg","https:\/\/images.dog.ceo\/breeds\/retriever-golden\/n02099601_7019.jpg","https:\/\/images.dog.ceo\/breeds\/retriever-golden\/n02099601_7037.jpg","https:\/\/images.dog.ceo\/breeds\/retriever-golden\/n02099601_7119.jpg","https:\/\/images.dog.ceo\/breeds\/retriever-golden\/n02099601_7123.jpg","https:\/\/images.dog.ceo\/breeds\/retriever-golden\/n02099601_7227.jpg","https:\/\/images.dog.ceo\/breeds\/retriever-golden\/n02099601_7304.jpg","https:\/\/images.dog.ceo\/breeds\/retriever-golden\/n02099601_7312.jpg","https:\/\/images.dog.ceo\/breeds\/retriever-golden\/n02099601_7432.jpg","https:\/\/images.dog.ceo\/breeds\/retriever-golden\/n02099601_7437.jpg","https:\/\/images.dog.ceo\/breeds\/retriever-golden\/n02099601_7588.jpg","https:\/\/images.dog.ceo\/breeds\/retriever-golden\/n02099601_7654.jpg","https:\/\/images.dog.ceo\/breeds\/retriever-golden\/n02099601_7706.jpg","https:\/\/images.dog.ceo\/breeds\/retriever-golden\/n02099601_7709.jpg","https:\/\/images.dog.ceo\/breeds\/retriever-golden\/n02099601_7744.jpg","https:\/\/images.dog.ceo\/breeds\/retriever-golden\/n02099601_7771.jpg","https:\/\/images.dog.ceo\/breeds\/retriever-golden\/n02099601_7780.jpg","https:\/\/images.dog.ceo\/breeds\/retriever-golden\/n02099601_7803.jpg","https:\/\/images.dog.ceo\/breeds\/retriever-golden\/n02099601_7807.jpg","https:\/\/images.dog.ceo\/breeds\/retriever-golden\/n02099601_7916.jpg","https:\/\/images.dog.ceo\/breeds\/retriever-golden\/n02099601_7930.jpg","https:\/\/images.dog.ceo\/breeds\/retriever-golden\/n02099601_7993.jpg","https:\/\/images.dog.ceo\/breeds\/retriever-golden\/n02099601_8005.jpg","https:\/\/images.dog.ceo\/breeds\/retriever-golden\/n02099601_816.jpg","https:\/\/images.dog.ceo\/breeds\/retriever-golden\/n02099601_8181.jpg","https:\/\/images.dog.ceo\/breeds\/retriever-golden\/n02099601_825.jpg","https:\/\/images.dog.ceo\/breeds\/retriever-golden\/n02099601_831.jpg","https:\/\/images.dog.ceo\/breeds\/retriever-golden\/n02099601_8429.jpg","https:\/\/images.dog.ceo\/breeds\/retriever-golden\/n02099601_846.jpg","https:\/\/images.dog.ceo\/breeds\/retriever-golden\/n02099601_864.jpg","https:\/\/images.dog.ceo\/breeds\/retriever-golden\/n02099601_8764.jpg","https:\/\/images.dog.ceo\/breeds\/retriever-golden\/n02099601_9153.jpg","https:\/\/images.dog.ceo\/breeds\/retriever-golden\/n02099601_9301.jpg","https:\/\/images.dog.ceo\/breeds\/retriever-golden\/n02099601_9504.jpg","https:\/\/images.dog.ceo\/breeds\/retriever-golden\/n02099601_9518.jpg","https:\/\/images.dog.ceo\/breeds\/retriever-golden\/nina.jpg","https:\/\/images.dog.ceo\/breeds\/retriever-golden\/sasha2_delgado.jpg","https:\/\/images.dog.ceo\/breeds\/retriever-golden\/sasha3_delgado.jpg","https:\/\/images.dog.ceo\/breeds\/retriever-golden\/sasha_delgado.jpg"],"status":"success"}

15:08:16.323 [main] DEBUG com.jayway.jsonpath.internal.path.CompiledPath -- Evaluating path: $['status']
15:08:16.324 [main] DEBUG com.jayway.jsonpath.internal.path.CompiledPath -- Evaluating path: $['message']
15:08:16.326 [main] DEBUG com.jayway.jsonpath.internal.path.CompiledPath -- Evaluating path: $['message']
]]></system-out>
  </testcase>
  <testcase name="[2:18] Raça inválida retorna 404" classname="features/breed_images" time="0.444">
    <system-out><![CDATA[15:08:16.362 [main] DEBUG org.apache.http.client.protocol.RequestAddCookies -- CookieSpec selected: karate
15:08:16.362 [main] DEBUG org.apache.http.client.protocol.RequestAuthCache -- Auth cache not set in the context
15:08:16.362 [main] DEBUG com.intuit.karate -- request:
1 > GET https://dog.ceo/api/breed/invalid/images
1 > Host: dog.ceo
1 > Connection: Keep-Alive
1 > User-Agent: Apache-HttpClient/4.5.14 (Java/11.0.27)
1 > Accept-Encoding: gzip,deflate


15:08:16.362 [main] DEBUG org.apache.http.impl.conn.PoolingHttpClientConnectionManager -- Connection request: [route: {s}->https://dog.ceo:443][total available: 0; route allocated: 0 of 5; total allocated: 0 of 10]
15:08:16.362 [main] DEBUG org.apache.http.impl.conn.PoolingHttpClientConnectionManager -- Connection leased: [id: 7][route: {s}->https://dog.ceo:443][total available: 0; route allocated: 1 of 5; total allocated: 1 of 10]
15:08:16.362 [main] DEBUG org.apache.http.impl.execchain.MainClientExec -- Opening connection {s}->https://dog.ceo:443
15:08:16.362 [main] DEBUG org.apache.http.impl.conn.DefaultHttpClientConnectionOperator -- Connecting to dog.ceo/104.21.17.246:443
15:08:16.362 [main] DEBUG org.apache.http.conn.ssl.SSLConnectionSocketFactory -- Connecting socket to dog.ceo/104.21.17.246:443 with timeout 30000
15:08:16.378 [main] DEBUG org.apache.http.conn.ssl.SSLConnectionSocketFactory -- Enabled protocols: [TLSv1.3, TLSv1.2]
15:08:16.378 [main] DEBUG org.apache.http.conn.ssl.SSLConnectionSocketFactory -- Enabled cipher suites:[TLS_AES_256_GCM_SHA384, TLS_AES_128_GCM_SHA256, TLS_CHACHA20_POLY1305_SHA256, TLS_ECDHE_ECDSA_WITH_AES_256_GCM_SHA384, TLS_ECDHE_ECDSA_WITH_AES_128_GCM_SHA256, TLS_ECDHE_ECDSA_WITH_CHACHA20_POLY1305_SHA256, TLS_ECDHE_RSA_WITH_AES_256_GCM_SHA384, TLS_ECDHE_RSA_WITH_CHACHA20_POLY1305_SHA256, TLS_ECDHE_RSA_WITH_AES_128_GCM_SHA256, TLS_DHE_RSA_WITH_AES_256_GCM_SHA384, TLS_DHE_RSA_WITH_CHACHA20_POLY1305_SHA256, TLS_DHE_DSS_WITH_AES_256_GCM_SHA384, TLS_DHE_RSA_WITH_AES_128_GCM_SHA256, TLS_DHE_DSS_WITH_AES_128_GCM_SHA256, TLS_ECDHE_ECDSA_WITH_AES_256_CBC_SHA384, TLS_ECDHE_RSA_WITH_AES_256_CBC_SHA384, TLS_ECDHE_ECDSA_WITH_AES_128_CBC_SHA256, TLS_ECDHE_RSA_WITH_AES_128_CBC_SHA256, TLS_DHE_RSA_WITH_AES_256_CBC_SHA256, TLS_DHE_DSS_WITH_AES_256_CBC_SHA256, TLS_DHE_RSA_WITH_AES_128_CBC_SHA256, TLS_DHE_DSS_WITH_AES_128_CBC_SHA256, TLS_ECDHE_ECDSA_WITH_AES_256_CBC_SHA, TLS_ECDHE_RSA_WITH_AES_256_CBC_SHA, TLS_ECDHE_ECDSA_WITH_AES_128_CBC_SHA, TLS_ECDHE_RSA_WITH_AES_128_CBC_SHA, TLS_DHE_RSA_WITH_AES_256_CBC_SHA, TLS_DHE_DSS_WITH_AES_256_CBC_SHA, TLS_DHE_RSA_WITH_AES_128_CBC_SHA, TLS_DHE_DSS_WITH_AES_128_CBC_SHA, TLS_RSA_WITH_AES_256_GCM_SHA384, TLS_RSA_WITH_AES_128_GCM_SHA256, TLS_RSA_WITH_AES_256_CBC_SHA256, TLS_RSA_WITH_AES_128_CBC_SHA256, TLS_RSA_WITH_AES_256_CBC_SHA, TLS_RSA_WITH_AES_128_CBC_SHA, TLS_EMPTY_RENEGOTIATION_INFO_SCSV]
15:08:16.378 [main] DEBUG org.apache.http.conn.ssl.SSLConnectionSocketFactory -- Starting handshake
15:08:16.398 [main] DEBUG org.apache.http.conn.ssl.SSLConnectionSocketFactory -- Secure session established
15:08:16.398 [main] DEBUG org.apache.http.conn.ssl.SSLConnectionSocketFactory --  negotiated protocol: TLSv1.3
15:08:16.398 [main] DEBUG org.apache.http.conn.ssl.SSLConnectionSocketFactory --  negotiated cipher suite: TLS_AES_256_GCM_SHA384
15:08:16.398 [main] DEBUG org.apache.http.conn.ssl.SSLConnectionSocketFactory --  peer principal: CN=dog.ceo
15:08:16.398 [main] DEBUG org.apache.http.conn.ssl.SSLConnectionSocketFactory --  peer alternative names: [dog.ceo, *.dog.ceo]
15:08:16.398 [main] DEBUG org.apache.http.conn.ssl.SSLConnectionSocketFactory --  issuer principal: CN=WE1, O=Google Trust Services, C=US
15:08:16.398 [main] DEBUG org.apache.http.impl.conn.DefaultHttpClientConnectionOperator -- Connection established 192.168.0.105:65293<->104.21.17.246:443
15:08:16.398 [main] DEBUG org.apache.http.impl.conn.DefaultManagedHttpClientConnection -- http-outgoing-7: set socket timeout to 30000
15:08:16.398 [main] DEBUG org.apache.http.impl.execchain.MainClientExec -- Executing request GET /api/breed/invalid/images HTTP/1.1
15:08:16.398 [main] DEBUG org.apache.http.impl.execchain.MainClientExec -- Target auth state: UNCHALLENGED
15:08:16.398 [main] DEBUG org.apache.http.impl.execchain.MainClientExec -- Proxy auth state: UNCHALLENGED
15:08:16.398 [main] DEBUG org.apache.http.headers -- http-outgoing-7 >> GET /api/breed/invalid/images HTTP/1.1
15:08:16.398 [main] DEBUG org.apache.http.headers -- http-outgoing-7 >> Host: dog.ceo
15:08:16.398 [main] DEBUG org.apache.http.headers -- http-outgoing-7 >> Connection: Keep-Alive
15:08:16.398 [main] DEBUG org.apache.http.headers -- http-outgoing-7 >> User-Agent: Apache-HttpClient/4.5.14 (Java/11.0.27)
15:08:16.398 [main] DEBUG org.apache.http.headers -- http-outgoing-7 >> Accept-Encoding: gzip,deflate
15:08:16.398 [main] DEBUG org.apache.http.wire -- http-outgoing-7 >> "GET /api/breed/invalid/images HTTP/1.1[\r][\n]"
15:08:16.398 [main] DEBUG org.apache.http.wire -- http-outgoing-7 >> "Host: dog.ceo[\r][\n]"
15:08:16.398 [main] DEBUG org.apache.http.wire -- http-outgoing-7 >> "Connection: Keep-Alive[\r][\n]"
15:08:16.398 [main] DEBUG org.apache.http.wire -- http-outgoing-7 >> "User-Agent: Apache-HttpClient/4.5.14 (Java/11.0.27)[\r][\n]"
15:08:16.398 [main] DEBUG org.apache.http.wire -- http-outgoing-7 >> "Accept-Encoding: gzip,deflate[\r][\n]"
15:08:16.398 [main] DEBUG org.apache.http.wire -- http-outgoing-7 >> "[\r][\n]"
15:08:16.796 [main] DEBUG org.apache.http.wire -- http-outgoing-7 << "HTTP/1.1 404 Not Found[\r][\n]"
15:08:16.796 [main] DEBUG org.apache.http.wire -- http-outgoing-7 << "Date: Tue, 22 Jul 2025 18:08:31 GMT[\r][\n]"
15:08:16.796 [main] DEBUG org.apache.http.wire -- http-outgoing-7 << "Content-Type: application/json[\r][\n]"
15:08:16.796 [main] DEBUG org.apache.http.wire -- http-outgoing-7 << "Transfer-Encoding: chunked[\r][\n]"
15:08:16.796 [main] DEBUG org.apache.http.wire -- http-outgoing-7 << "Connection: keep-alive[\r][\n]"
15:08:16.796 [main] DEBUG org.apache.http.wire -- http-outgoing-7 << "Server: cloudflare[\r][\n]"
15:08:16.796 [main] DEBUG org.apache.http.wire -- http-outgoing-7 << "X-Powered-By: PHP/8.1.32[\r][\n]"
15:08:16.796 [main] DEBUG org.apache.http.wire -- http-outgoing-7 << "Access-Control-Allow-Origin: *[\r][\n]"
15:08:16.796 [main] DEBUG org.apache.http.wire -- http-outgoing-7 << "Via: 1.1 varnish (Varnish/6.3), 1.1 varnish (Varnish/6.3)[\r][\n]"
15:08:16.796 [main] DEBUG org.apache.http.wire -- http-outgoing-7 << "Cache-Control: max-age=1800[\r][\n]"
15:08:16.796 [main] DEBUG org.apache.http.wire -- http-outgoing-7 << "X-Cache-Age: 3336[\r][\n]"
15:08:16.796 [main] DEBUG org.apache.http.wire -- http-outgoing-7 << "X-Cache-Hits: 10[\r][\n]"
15:08:16.796 [main] DEBUG org.apache.http.wire -- http-outgoing-7 << "X-Cache: HIT[\r][\n]"
15:08:16.796 [main] DEBUG org.apache.http.wire -- http-outgoing-7 << "Age: 0[\r][\n]"
15:08:16.796 [main] DEBUG org.apache.http.wire -- http-outgoing-7 << "Vary: [\r][\n]"
15:08:16.796 [main] DEBUG org.apache.http.wire -- http-outgoing-7 << "Nel: {"report_to":"cf-nel","success_fraction":0.0,"max_age":604800}[\r][\n]"
15:08:16.796 [main] DEBUG org.apache.http.wire -- http-outgoing-7 << "Cf-Cache-Status: DYNAMIC[\r][\n]"
15:08:16.796 [main] DEBUG org.apache.http.wire -- http-outgoing-7 << "Report-To: {"group":"cf-nel","max_age":604800,"endpoints":[{"url":"https://a.nel.cloudflare.com/report/v4?s=ID8iIIXncj%2BG5AhU9FrIm0hjQ1RqosiPu3cSWW5UzuhZ4YbuOK64zi%2BL%2BYmFgVp9tGWJPDD6BjbWy9%2FLcL3QZMnXTOtj"}]}[\r][\n]"
15:08:16.796 [main] DEBUG org.apache.http.wire -- http-outgoing-7 << "Content-Encoding: gzip[\r][\n]"
15:08:16.796 [main] DEBUG org.apache.http.wire -- http-outgoing-7 << "CF-RAY: 9634e242b8fd4b2e-GRU[\r][\n]"
15:08:16.796 [main] DEBUG org.apache.http.wire -- http-outgoing-7 << "alt-svc: h3=":443"; ma=86400[\r][\n]"
15:08:16.796 [main] DEBUG org.apache.http.wire -- http-outgoing-7 << "[\r][\n]"
15:08:16.796 [main] DEBUG org.apache.http.wire -- http-outgoing-7 << "61[\r][\n]"
15:08:16.796 [main] DEBUG org.apache.http.wire -- http-outgoing-7 << "[0x1f][0x8b][0x8][0x0][0x0][0x0][0x0][0x0][0x0][0xff][0x1d][0xcb]1[\n]"
15:08:16.796 [main] DEBUG org.apache.http.wire -- http-outgoing-7 << "[0x80]0[0xc]F[0xe1][0xab][0x84]L[\n]"
15:08:16.796 [main] DEBUG org.apache.http.wire -- http-outgoing-7 << "[0xe][0xe]N[0x8e][0xde][0xa4][0x9a]_qh[0x3]I[\n]"
15:08:16.796 [main] DEBUG org.apache.http.wire -- http-outgoing-7 << "[0x82]xwK[0xd7][0xf7][0xf8]^[0xf6]HQ[0x9d]W[0x86][0x99][0x1a]O[0x9c][0xe1][0x9e].[0xb4][0xb2][0x19] T4[0xe8][0xd4]Z[0x84][0x86][0x9c]<`[0xb4][0xf7].[\n]"
15:08:16.796 [main] DEBUG org.apache.http.wire -- http-outgoing-7 << "[0xef][0x13][0xcf][0xed]16y[0xa8]4[0xb6][0xcc][0xcb][0xf7][0x3][0xf0][0xc5][0xda][0xd1]W[0x0][0x0][0x0][\r][\n]"
15:08:16.796 [main] DEBUG org.apache.http.headers -- http-outgoing-7 << HTTP/1.1 404 Not Found
15:08:16.796 [main] DEBUG org.apache.http.headers -- http-outgoing-7 << Date: Tue, 22 Jul 2025 18:08:31 GMT
15:08:16.796 [main] DEBUG org.apache.http.headers -- http-outgoing-7 << Content-Type: application/json
15:08:16.796 [main] DEBUG org.apache.http.headers -- http-outgoing-7 << Transfer-Encoding: chunked
15:08:16.796 [main] DEBUG org.apache.http.headers -- http-outgoing-7 << Connection: keep-alive
15:08:16.796 [main] DEBUG org.apache.http.headers -- http-outgoing-7 << Server: cloudflare
15:08:16.796 [main] DEBUG org.apache.http.headers -- http-outgoing-7 << X-Powered-By: PHP/8.1.32
15:08:16.796 [main] DEBUG org.apache.http.headers -- http-outgoing-7 << Access-Control-Allow-Origin: *
15:08:16.796 [main] DEBUG org.apache.http.headers -- http-outgoing-7 << Via: 1.1 varnish (Varnish/6.3), 1.1 varnish (Varnish/6.3)
15:08:16.796 [main] DEBUG org.apache.http.headers -- http-outgoing-7 << Cache-Control: max-age=1800
15:08:16.796 [main] DEBUG org.apache.http.headers -- http-outgoing-7 << X-Cache-Age: 3336
15:08:16.796 [main] DEBUG org.apache.http.headers -- http-outgoing-7 << X-Cache-Hits: 10
15:08:16.796 [main] DEBUG org.apache.http.headers -- http-outgoing-7 << X-Cache: HIT
15:08:16.796 [main] DEBUG org.apache.http.headers -- http-outgoing-7 << Age: 0
15:08:16.796 [main] DEBUG org.apache.http.headers -- http-outgoing-7 << Vary: 
15:08:16.796 [main] DEBUG org.apache.http.headers -- http-outgoing-7 << Nel: {"report_to":"cf-nel","success_fraction":0.0,"max_age":604800}
15:08:16.796 [main] DEBUG org.apache.http.headers -- http-outgoing-7 << Cf-Cache-Status: DYNAMIC
15:08:16.796 [main] DEBUG org.apache.http.headers -- http-outgoing-7 << Report-To: {"group":"cf-nel","max_age":604800,"endpoints":[{"url":"https://a.nel.cloudflare.com/report/v4?s=ID8iIIXncj%2BG5AhU9FrIm0hjQ1RqosiPu3cSWW5UzuhZ4YbuOK64zi%2BL%2BYmFgVp9tGWJPDD6BjbWy9%2FLcL3QZMnXTOtj"}]}
15:08:16.796 [main] DEBUG org.apache.http.headers -- http-outgoing-7 << Content-Encoding: gzip
15:08:16.796 [main] DEBUG org.apache.http.headers -- http-outgoing-7 << CF-RAY: 9634e242b8fd4b2e-GRU
15:08:16.796 [main] DEBUG org.apache.http.headers -- http-outgoing-7 << alt-svc: h3=":443"; ma=86400
15:08:16.796 [main] DEBUG org.apache.http.impl.execchain.MainClientExec -- Connection can be kept alive indefinitely
15:08:16.796 [main] DEBUG org.apache.http.impl.conn.DefaultManagedHttpClientConnection -- http-outgoing-7: Close connection
15:08:16.796 [main] DEBUG org.apache.http.impl.execchain.MainClientExec -- Connection discarded
15:08:16.796 [main] DEBUG org.apache.http.impl.conn.PoolingHttpClientConnectionManager -- Connection released: [id: 7][route: {s}->https://dog.ceo:443][total available: 0; route allocated: 0 of 5; total allocated: 0 of 10]
15:08:16.796 [main] DEBUG org.apache.http.impl.conn.PoolingHttpClientConnectionManager -- Connection manager is shutting down
15:08:16.796 [main] DEBUG org.apache.http.impl.conn.PoolingHttpClientConnectionManager -- Connection manager shut down
15:08:16.796 [main] DEBUG com.intuit.karate -- response time in milliseconds: 434
1 < 404
1 < Date: Tue, 22 Jul 2025 18:08:31 GMT
1 < Content-Type: application/json
1 < Transfer-Encoding: chunked
1 < Connection: keep-alive
1 < Server: cloudflare
1 < X-Powered-By: PHP/8.1.32
1 < Access-Control-Allow-Origin: *
1 < Via: 1.1 varnish (Varnish/6.3), 1.1 varnish (Varnish/6.3)
1 < Cache-Control: max-age=1800
1 < X-Cache-Age: 3336
1 < X-Cache-Hits: 10
1 < X-Cache: HIT
1 < Age: 0
1 < Vary: 
1 < Nel: {"report_to":"cf-nel","success_fraction":0.0,"max_age":604800}
1 < Cf-Cache-Status: DYNAMIC
1 < Report-To: {"group":"cf-nel","max_age":604800,"endpoints":[{"url":"https://a.nel.cloudflare.com/report/v4?s=ID8iIIXncj%2BG5AhU9FrIm0hjQ1RqosiPu3cSWW5UzuhZ4YbuOK64zi%2BL%2BYmFgVp9tGWJPDD6BjbWy9%2FLcL3QZMnXTOtj"}]}
1 < CF-RAY: 9634e242b8fd4b2e-GRU
1 < alt-svc: h3=":443"; ma=86400
{"status":"error","message":"Breed not found (master breed does not exist)","code":404}

]]></system-out>
  </testcase>
  <testcase name="[3:23] Listar imagens de uma sub-raça válida" classname="features/breed_images" time="0.281">
    <system-out><![CDATA[15:08:16.802 [main] DEBUG org.apache.http.client.protocol.RequestAddCookies -- CookieSpec selected: karate
15:08:16.802 [main] DEBUG org.apache.http.client.protocol.RequestAuthCache -- Auth cache not set in the context
15:08:16.802 [main] DEBUG com.intuit.karate -- request:
1 > GET https://dog.ceo/api/breed/bulldog/boston/images
1 > Host: dog.ceo
1 > Connection: Keep-Alive
1 > User-Agent: Apache-HttpClient/4.5.14 (Java/11.0.27)
1 > Accept-Encoding: gzip,deflate


15:08:16.802 [main] DEBUG org.apache.http.impl.conn.PoolingHttpClientConnectionManager -- Connection request: [route: {s}->https://dog.ceo:443][total available: 0; route allocated: 0 of 5; total allocated: 0 of 10]
15:08:16.802 [main] DEBUG org.apache.http.impl.conn.PoolingHttpClientConnectionManager -- Connection leased: [id: 8][route: {s}->https://dog.ceo:443][total available: 0; route allocated: 1 of 5; total allocated: 1 of 10]
15:08:16.802 [main] DEBUG org.apache.http.impl.execchain.MainClientExec -- Opening connection {s}->https://dog.ceo:443
15:08:16.803 [main] DEBUG org.apache.http.impl.conn.DefaultHttpClientConnectionOperator -- Connecting to dog.ceo/104.21.17.246:443
15:08:16.803 [main] DEBUG org.apache.http.conn.ssl.SSLConnectionSocketFactory -- Connecting socket to dog.ceo/104.21.17.246:443 with timeout 30000
15:08:16.814 [main] DEBUG org.apache.http.conn.ssl.SSLConnectionSocketFactory -- Enabled protocols: [TLSv1.3, TLSv1.2]
15:08:16.814 [main] DEBUG org.apache.http.conn.ssl.SSLConnectionSocketFactory -- Enabled cipher suites:[TLS_AES_256_GCM_SHA384, TLS_AES_128_GCM_SHA256, TLS_CHACHA20_POLY1305_SHA256, TLS_ECDHE_ECDSA_WITH_AES_256_GCM_SHA384, TLS_ECDHE_ECDSA_WITH_AES_128_GCM_SHA256, TLS_ECDHE_ECDSA_WITH_CHACHA20_POLY1305_SHA256, TLS_ECDHE_RSA_WITH_AES_256_GCM_SHA384, TLS_ECDHE_RSA_WITH_CHACHA20_POLY1305_SHA256, TLS_ECDHE_RSA_WITH_AES_128_GCM_SHA256, TLS_DHE_RSA_WITH_AES_256_GCM_SHA384, TLS_DHE_RSA_WITH_CHACHA20_POLY1305_SHA256, TLS_DHE_DSS_WITH_AES_256_GCM_SHA384, TLS_DHE_RSA_WITH_AES_128_GCM_SHA256, TLS_DHE_DSS_WITH_AES_128_GCM_SHA256, TLS_ECDHE_ECDSA_WITH_AES_256_CBC_SHA384, TLS_ECDHE_RSA_WITH_AES_256_CBC_SHA384, TLS_ECDHE_ECDSA_WITH_AES_128_CBC_SHA256, TLS_ECDHE_RSA_WITH_AES_128_CBC_SHA256, TLS_DHE_RSA_WITH_AES_256_CBC_SHA256, TLS_DHE_DSS_WITH_AES_256_CBC_SHA256, TLS_DHE_RSA_WITH_AES_128_CBC_SHA256, TLS_DHE_DSS_WITH_AES_128_CBC_SHA256, TLS_ECDHE_ECDSA_WITH_AES_256_CBC_SHA, TLS_ECDHE_RSA_WITH_AES_256_CBC_SHA, TLS_ECDHE_ECDSA_WITH_AES_128_CBC_SHA, TLS_ECDHE_RSA_WITH_AES_128_CBC_SHA, TLS_DHE_RSA_WITH_AES_256_CBC_SHA, TLS_DHE_DSS_WITH_AES_256_CBC_SHA, TLS_DHE_RSA_WITH_AES_128_CBC_SHA, TLS_DHE_DSS_WITH_AES_128_CBC_SHA, TLS_RSA_WITH_AES_256_GCM_SHA384, TLS_RSA_WITH_AES_128_GCM_SHA256, TLS_RSA_WITH_AES_256_CBC_SHA256, TLS_RSA_WITH_AES_128_CBC_SHA256, TLS_RSA_WITH_AES_256_CBC_SHA, TLS_RSA_WITH_AES_128_CBC_SHA, TLS_EMPTY_RENEGOTIATION_INFO_SCSV]
15:08:16.814 [main] DEBUG org.apache.http.conn.ssl.SSLConnectionSocketFactory -- Starting handshake
15:08:16.836 [main] DEBUG org.apache.http.conn.ssl.SSLConnectionSocketFactory -- Secure session established
15:08:16.836 [main] DEBUG org.apache.http.conn.ssl.SSLConnectionSocketFactory --  negotiated protocol: TLSv1.3
15:08:16.836 [main] DEBUG org.apache.http.conn.ssl.SSLConnectionSocketFactory --  negotiated cipher suite: TLS_AES_256_GCM_SHA384
15:08:16.836 [main] DEBUG org.apache.http.conn.ssl.SSLConnectionSocketFactory --  peer principal: CN=dog.ceo
15:08:16.836 [main] DEBUG org.apache.http.conn.ssl.SSLConnectionSocketFactory --  peer alternative names: [dog.ceo, *.dog.ceo]
15:08:16.836 [main] DEBUG org.apache.http.conn.ssl.SSLConnectionSocketFactory --  issuer principal: CN=WE1, O=Google Trust Services, C=US
15:08:16.836 [main] DEBUG org.apache.http.impl.conn.DefaultHttpClientConnectionOperator -- Connection established 192.168.0.105:65294<->104.21.17.246:443
15:08:16.836 [main] DEBUG org.apache.http.impl.conn.DefaultManagedHttpClientConnection -- http-outgoing-8: set socket timeout to 30000
15:08:16.836 [main] DEBUG org.apache.http.impl.execchain.MainClientExec -- Executing request GET /api/breed/bulldog/boston/images HTTP/1.1
15:08:16.836 [main] DEBUG org.apache.http.impl.execchain.MainClientExec -- Target auth state: UNCHALLENGED
15:08:16.836 [main] DEBUG org.apache.http.impl.execchain.MainClientExec -- Proxy auth state: UNCHALLENGED
15:08:16.836 [main] DEBUG org.apache.http.headers -- http-outgoing-8 >> GET /api/breed/bulldog/boston/images HTTP/1.1
15:08:16.836 [main] DEBUG org.apache.http.headers -- http-outgoing-8 >> Host: dog.ceo
15:08:16.836 [main] DEBUG org.apache.http.headers -- http-outgoing-8 >> Connection: Keep-Alive
15:08:16.836 [main] DEBUG org.apache.http.headers -- http-outgoing-8 >> User-Agent: Apache-HttpClient/4.5.14 (Java/11.0.27)
15:08:16.836 [main] DEBUG org.apache.http.headers -- http-outgoing-8 >> Accept-Encoding: gzip,deflate
15:08:16.836 [main] DEBUG org.apache.http.wire -- http-outgoing-8 >> "GET /api/breed/bulldog/boston/images HTTP/1.1[\r][\n]"
15:08:16.836 [main] DEBUG org.apache.http.wire -- http-outgoing-8 >> "Host: dog.ceo[\r][\n]"
15:08:16.836 [main] DEBUG org.apache.http.wire -- http-outgoing-8 >> "Connection: Keep-Alive[\r][\n]"
15:08:16.836 [main] DEBUG org.apache.http.wire -- http-outgoing-8 >> "User-Agent: Apache-HttpClient/4.5.14 (Java/11.0.27)[\r][\n]"
15:08:16.836 [main] DEBUG org.apache.http.wire -- http-outgoing-8 >> "Accept-Encoding: gzip,deflate[\r][\n]"
15:08:16.836 [main] DEBUG org.apache.http.wire -- http-outgoing-8 >> "[\r][\n]"
15:08:17.048 [main] DEBUG org.apache.http.wire -- http-outgoing-8 << "HTTP/1.1 200 OK[\r][\n]"
15:08:17.048 [main] DEBUG org.apache.http.wire -- http-outgoing-8 << "Date: Tue, 22 Jul 2025 18:08:31 GMT[\r][\n]"
15:08:17.048 [main] DEBUG org.apache.http.wire -- http-outgoing-8 << "Content-Type: application/json[\r][\n]"
15:08:17.048 [main] DEBUG org.apache.http.wire -- http-outgoing-8 << "Content-Length: 722[\r][\n]"
15:08:17.048 [main] DEBUG org.apache.http.wire -- http-outgoing-8 << "Connection: keep-alive[\r][\n]"
15:08:17.048 [main] DEBUG org.apache.http.wire -- http-outgoing-8 << "Server: cloudflare[\r][\n]"
15:08:17.048 [main] DEBUG org.apache.http.wire -- http-outgoing-8 << "X-Powered-By: PHP/8.1.32[\r][\n]"
15:08:17.048 [main] DEBUG org.apache.http.wire -- http-outgoing-8 << "Access-Control-Allow-Origin: *[\r][\n]"
15:08:17.048 [main] DEBUG org.apache.http.wire -- http-outgoing-8 << "Content-Encoding: gzip[\r][\n]"
15:08:17.048 [main] DEBUG org.apache.http.wire -- http-outgoing-8 << "Via: 1.1 varnish (Varnish/6.3), 1.1 varnish (Varnish/6.3)[\r][\n]"
15:08:17.048 [main] DEBUG org.apache.http.wire -- http-outgoing-8 << "Cache-Control: max-age=1800[\r][\n]"
15:08:17.048 [main] DEBUG org.apache.http.wire -- http-outgoing-8 << "X-Cache-Age: 18263[\r][\n]"
15:08:17.048 [main] DEBUG org.apache.http.wire -- http-outgoing-8 << "X-Cache-Hits: 5[\r][\n]"
15:08:17.048 [main] DEBUG org.apache.http.wire -- http-outgoing-8 << "X-Cache: HIT[\r][\n]"
15:08:17.048 [main] DEBUG org.apache.http.wire -- http-outgoing-8 << "Accept-Ranges: bytes[\r][\n]"
15:08:17.048 [main] DEBUG org.apache.http.wire -- http-outgoing-8 << "Age: 0[\r][\n]"
15:08:17.048 [main] DEBUG org.apache.http.wire -- http-outgoing-8 << "Vary: Accept-Encoding[\r][\n]"
15:08:17.048 [main] DEBUG org.apache.http.wire -- http-outgoing-8 << "Nel: {"report_to":"cf-nel","success_fraction":0.0,"max_age":604800}[\r][\n]"
15:08:17.048 [main] DEBUG org.apache.http.wire -- http-outgoing-8 << "Cf-Cache-Status: DYNAMIC[\r][\n]"
15:08:17.048 [main] DEBUG org.apache.http.wire -- http-outgoing-8 << "Report-To: {"group":"cf-nel","max_age":604800,"endpoints":[{"url":"https://a.nel.cloudflare.com/report/v4?s=h45h7LWMrrCBToE7dqtRW795hM8NFxLdlnoFqX5B859IG6QP9M39zu%2FVvZMgv9UiNqpjKSe6Qj7NEPebrAOqYZ7gO2lS3lY%3D"}]}[\r][\n]"
15:08:17.048 [main] DEBUG org.apache.http.wire -- http-outgoing-8 << "CF-RAY: 9634e2457dfc01a1-GRU[\r][\n]"
15:08:17.048 [main] DEBUG org.apache.http.wire -- http-outgoing-8 << "alt-svc: h3=":443"; ma=86400[\r][\n]"
15:08:17.048 [main] DEBUG org.apache.http.wire -- http-outgoing-8 << "[\r][\n]"
15:08:17.048 [main] DEBUG org.apache.http.wire -- http-outgoing-8 << "[0x1f][0x8b][0x8][0x0][0x0][0x0][0x0][0x0][0x0][0x3][0xad][0x9a][0xc9]nSA[0x10]E[0xff][0xe5][0xad]C[0xdc]U]c~[0x5][0xa3]([0x83][0x15]@![0x8e]x[0xce][\n]"
15:08:17.048 [main] DEBUG org.apache.http.wire -- http-outgoing-8 << "[0xf1][0xef][0xb4][0xc4][0x2][0xb1]M[0xce][0xc2][0xb2][0xf4][0x16]W[0xdd]U[0xf7][0xd6][0xd8][0xbf][0xb6][0x1f][0xa7]}[0xbf]{:m7[0x9f][0xb7][0xaf][0x97][0xcb][0xeb]~s<[0x1c][0xf][0xdf]~[0xac]O[0xfb][0xf5][0xe3][0xf9][0xe9][0xfa][0xe1]t>[0x1e][0xee][0x9e]N[0x8f][0xfb][0xfa]{~^[0x1f]?[0xdd][0x9f][0xf7][0xcb][0xf9][0xe5]x[0xd0][0xa1]c[0xa4][0x8c][I[0xef]9[0xaf][0xbf][0xbf]>mW[0x1f][0xc5]1{7[0xce][0xcb][0xc2][0xe9][0xf0][0xf2][[0x19][0xb3][0x6][0x82]c[0xae][0x8][0x8e]w 81[0x18][0xfb]D#09[0x99][0xe3]d[0x14][0x82]S[0xfa]~[0x1a][0xfe][0x87]c[0x88][0xbb]D[0x18][0x1a][0x8a]I28[\n]"
15:08:17.048 [main] DEBUG org.apache.http.wire -- http-outgoing-8 << "[0xe1] f[0x16]K[0xc6][0xcc]![0x8][\r]%[0x11][0xb1]KNap [0xf3]$"[0xf6][0xc5]eD[0xa4]R[0xc][0x99]u00[0xc2][0xc4][0x1e][0x9d]L[0xaa][0xd0][0x19][0x10][0xe][0xc3][0xe6][0x85][0x83][0x88]K-[0x18][0x9c]@B[0xaa][0xa6] [0xe2]RH[0xa4]ZH[0xcc][0xd0]Rgp[0x98]BL[0x8b][0xc9][0x80][0xda][0xc8][0xb5][0xa6] V[0x9e][0x82][0xe4][0xbf]iH[0x4][0xb3][0x81][0x9c][0xc6]&[0x92]&[0xcc][0x18][0x18][0xc4][0xdf][0xe6][0x8][0xfb][0x9c][0x11][0x95]O$"[0xbb]#[0x16]v&[0xcf]8[0x93]>=[0x11]e:[0x93][0xf4][0xbc][0x10]Iy![0xb9]![0x14][0x89][0xc5][0xc1]h*[0x18][0x87]3[0x1d]h4[0xe2][0xef][0x9c]H$NGh[0x93][0x8e][0xd0]&[0x3][0x91]T&B[0x9b]b.[0x85][0xb0][0xa6][0x19]A5[0x93][0xbf][0x9b]i[0x1c]:[0x10][0xf2]u")[0xb3][0x11]a[0xea]@zN[0x1d][0xc6][0x9c][0xa6][0x18][0x98]F.%[0x84][0xa3][0x16][\n]"
15:08:17.048 [main] DEBUG org.apache.http.wire -- http-outgoing-8 << "s[0x98]$[0xb4][0xa0][0xcc][0xc0]L[0x99]&q[0xb5][0xf4]D[0x9c]P$[0xb9]@}[0xf8][0x82]!B[0xa8][0xce]FNcH@WC&n[0xca][0xb4][0xb]jMDbu[0xa4][0xcb]Tg[0xb4][0xc0][0x94][0xc4][0x1a]H[0x9d][0xaf][0x81][0xec]S4[0x91][0xc6]n[0xc1] [\n]"
15:08:17.048 [main] DEBUG org.apache.http.wire -- http-outgoing-8 << "[0xaf][0x81]x[0xaa][0x6][0xa2][0xa9]R[0xc4]S[0xa5]H~i[0xc6]6L[0xc9]6e[0x10][0xbc]a[0xa6]QS[0x8][0x3]#[0xa3][0x89]i[0xc8][0x85][0x90].jF#[0xae][0xce][0x89][0x98][0xb7][0x90]f[0xcc][0x4][0x99][0xf5][0x99]L"|[0x1a][0xb2]v[0xb3][0x89][0x4][0x1a]3D[0x7]f[0x8e][0x9c][0xc6][0x91][0xcd][0xb8]![0x5][0xa8]9[0xd2][0xc2]["[0x15][0xa8]5RI[0xf8]@[0x96][0xd0][0x8e]l[0x11]][0x90]w[0x19].Hu[0xe4]L[0xfb][0xe3][0x8][0xf9][0xd6][0x8f] [0x9f]7[0xe3][0xee]F[0x1a][0xcc][0x18]HU[0x13][0x8a]$[0x97][0x98]A[0x90]8[0x1c][0x82]AP[0x90]mq"
15:08:17.048 [main] DEBUG org.apache.http.headers -- http-outgoing-8 << HTTP/1.1 200 OK
15:08:17.048 [main] DEBUG org.apache.http.headers -- http-outgoing-8 << Date: Tue, 22 Jul 2025 18:08:31 GMT
15:08:17.048 [main] DEBUG org.apache.http.headers -- http-outgoing-8 << Content-Type: application/json
15:08:17.048 [main] DEBUG org.apache.http.headers -- http-outgoing-8 << Content-Length: 722
15:08:17.048 [main] DEBUG org.apache.http.headers -- http-outgoing-8 << Connection: keep-alive
15:08:17.048 [main] DEBUG org.apache.http.headers -- http-outgoing-8 << Server: cloudflare
15:08:17.048 [main] DEBUG org.apache.http.headers -- http-outgoing-8 << X-Powered-By: PHP/8.1.32
15:08:17.048 [main] DEBUG org.apache.http.headers -- http-outgoing-8 << Access-Control-Allow-Origin: *
15:08:17.048 [main] DEBUG org.apache.http.headers -- http-outgoing-8 << Content-Encoding: gzip
15:08:17.048 [main] DEBUG org.apache.http.headers -- http-outgoing-8 << Via: 1.1 varnish (Varnish/6.3), 1.1 varnish (Varnish/6.3)
15:08:17.048 [main] DEBUG org.apache.http.headers -- http-outgoing-8 << Cache-Control: max-age=1800
15:08:17.048 [main] DEBUG org.apache.http.headers -- http-outgoing-8 << X-Cache-Age: 18263
15:08:17.048 [main] DEBUG org.apache.http.headers -- http-outgoing-8 << X-Cache-Hits: 5
15:08:17.048 [main] DEBUG org.apache.http.headers -- http-outgoing-8 << X-Cache: HIT
15:08:17.048 [main] DEBUG org.apache.http.headers -- http-outgoing-8 << Accept-Ranges: bytes
15:08:17.048 [main] DEBUG org.apache.http.headers -- http-outgoing-8 << Age: 0
15:08:17.048 [main] DEBUG org.apache.http.headers -- http-outgoing-8 << Vary: Accept-Encoding
15:08:17.048 [main] DEBUG org.apache.http.headers -- http-outgoing-8 << Nel: {"report_to":"cf-nel","success_fraction":0.0,"max_age":604800}
15:08:17.048 [main] DEBUG org.apache.http.headers -- http-outgoing-8 << Cf-Cache-Status: DYNAMIC
15:08:17.048 [main] DEBUG org.apache.http.headers -- http-outgoing-8 << Report-To: {"group":"cf-nel","max_age":604800,"endpoints":[{"url":"https://a.nel.cloudflare.com/report/v4?s=h45h7LWMrrCBToE7dqtRW795hM8NFxLdlnoFqX5B859IG6QP9M39zu%2FVvZMgv9UiNqpjKSe6Qj7NEPebrAOqYZ7gO2lS3lY%3D"}]}
15:08:17.048 [main] DEBUG org.apache.http.headers -- http-outgoing-8 << CF-RAY: 9634e2457dfc01a1-GRU
15:08:17.048 [main] DEBUG org.apache.http.headers -- http-outgoing-8 << alt-svc: h3=":443"; ma=86400
15:08:17.048 [main] DEBUG org.apache.http.impl.execchain.MainClientExec -- Connection can be kept alive indefinitely
15:08:17.048 [main] DEBUG org.apache.http.wire -- http-outgoing-8 << "[0x4]RK[0x4]2[0x13][0x8b][0xc]"[0xeb][0x6]#[0xa8]($[0x9a]G[0x1b]a[0x9b][0x9c]H-[0x91][0x8e][0xc][0xfa][0x12][0xd9]"e![0x8b][0xba][0xac]"[0x4][0x95][0x1f]y[0xa2][0xf9][0xf][0xa6]F[0x10][0xec]+Q[0x82]6%F[0x4][0xd0]R[0xa4][0xac][0xae][0x89]<?[0xac][0x89][0xc]7[0xaa][0x91]b[0xa2][0x91][0xca][0xa6]E[0x9]I[0xb5] [0xf1][0xbc]'RL4[0x12]l[0xda][0x91]1@3[0x1d]G#k[0xba][0xe][0xe4]9S3[0xf3][0xb9]F[0x9e]h[0xad][0xb6][0x5]1p#[0xe3][0xb9]^[0x8a]B`[0xfe][0xde][0xe9][0xcb][0xd5][0xb6]_[0xee].o[0xfb]v[0xb3][0xed]o[0xf][0xf][0xa7]}[0xdf]~[0xff][0x1][0xf3][0xb6]s[\r] 0[0x0][0x0]"
15:08:17.048 [main] DEBUG org.apache.http.impl.conn.DefaultManagedHttpClientConnection -- http-outgoing-8: Close connection
15:08:17.067 [main] DEBUG org.apache.http.impl.execchain.MainClientExec -- Connection discarded
15:08:17.067 [main] DEBUG org.apache.http.impl.conn.PoolingHttpClientConnectionManager -- Connection released: [id: 8][route: {s}->https://dog.ceo:443][total available: 0; route allocated: 0 of 5; total allocated: 0 of 10]
15:08:17.067 [main] DEBUG org.apache.http.impl.conn.PoolingHttpClientConnectionManager -- Connection manager is shutting down
15:08:17.067 [main] DEBUG org.apache.http.impl.conn.PoolingHttpClientConnectionManager -- Connection manager shut down
15:08:17.067 [main] DEBUG com.intuit.karate -- response time in milliseconds: 246
1 < 200
1 < Date: Tue, 22 Jul 2025 18:08:31 GMT
1 < Content-Type: application/json
1 < Connection: keep-alive
1 < Server: cloudflare
1 < X-Powered-By: PHP/8.1.32
1 < Access-Control-Allow-Origin: *
1 < Via: 1.1 varnish (Varnish/6.3), 1.1 varnish (Varnish/6.3)
1 < Cache-Control: max-age=1800
1 < X-Cache-Age: 18263
1 < X-Cache-Hits: 5
1 < X-Cache: HIT
1 < Accept-Ranges: bytes
1 < Age: 0
1 < Vary: Accept-Encoding
1 < Nel: {"report_to":"cf-nel","success_fraction":0.0,"max_age":604800}
1 < Cf-Cache-Status: DYNAMIC
1 < Report-To: {"group":"cf-nel","max_age":604800,"endpoints":[{"url":"https://a.nel.cloudflare.com/report/v4?s=h45h7LWMrrCBToE7dqtRW795hM8NFxLdlnoFqX5B859IG6QP9M39zu%2FVvZMgv9UiNqpjKSe6Qj7NEPebrAOqYZ7gO2lS3lY%3D"}]}
1 < CF-RAY: 9634e2457dfc01a1-GRU
1 < alt-svc: h3=":443"; ma=86400
{"message":["https:\/\/images.dog.ceo\/breeds\/bulldog-boston\/20200710_175933.jpg","https:\/\/images.dog.ceo\/breeds\/bulldog-boston\/20200710_175944.jpg","https:\/\/images.dog.ceo\/breeds\/bulldog-boston\/n02096585_10380.jpg","https:\/\/images.dog.ceo\/breeds\/bulldog-boston\/n02096585_10452.jpg","https:\/\/images.dog.ceo\/breeds\/bulldog-boston\/n02096585_10596.jpg","https:\/\/images.dog.ceo\/breeds\/bulldog-boston\/n02096585_10604.jpg","https:\/\/images.dog.ceo\/breeds\/bulldog-boston\/n02096585_1069.jpg","https:\/\/images.dog.ceo\/breeds\/bulldog-boston\/n02096585_10734.jpg","https:\/\/images.dog.ceo\/breeds\/bulldog-boston\/n02096585_10768.jpg","https:\/\/images.dog.ceo\/breeds\/bulldog-boston\/n02096585_10823.jpg","https:\/\/images.dog.ceo\/breeds\/bulldog-boston\/n02096585_10846.jpg","https:\/\/images.dog.ceo\/breeds\/bulldog-boston\/n02096585_11180.jpg","https:\/\/images.dog.ceo\/breeds\/bulldog-boston\/n02096585_11417.jpg","https:\/\/images.dog.ceo\/breeds\/bulldog-boston\/n02096585_11427.jpg","https:\/\/images.dog.ceo\/breeds\/bulldog-boston\/n02096585_1143.jpg","https:\/\/images.dog.ceo\/breeds\/bulldog-boston\/n02096585_11476.jpg","https:\/\/images.dog.ceo\/breeds\/bulldog-boston\/n02096585_11614.jpg","https:\/\/images.dog.ceo\/breeds\/bulldog-boston\/n02096585_1172.jpg","https:\/\/images.dog.ceo\/breeds\/bulldog-boston\/n02096585_11731.jpg","https:\/\/images.dog.ceo\/breeds\/bulldog-boston\/n02096585_11776.jpg","https:\/\/images.dog.ceo\/breeds\/bulldog-boston\/n02096585_1179.jpg","https:\/\/images.dog.ceo\/breeds\/bulldog-boston\/n02096585_11808.jpg","https:\/\/images.dog.ceo\/breeds\/bulldog-boston\/n02096585_11817.jpg","https:\/\/images.dog.ceo\/breeds\/bulldog-boston\/n02096585_1207.jpg","https:\/\/images.dog.ceo\/breeds\/bulldog-boston\/n02096585_12168.jpg","https:\/\/images.dog.ceo\/breeds\/bulldog-boston\/n02096585_12352.jpg","https:\/\/images.dog.ceo\/breeds\/bulldog-boston\/n02096585_12362.jpg","https:\/\/images.dog.ceo\/breeds\/bulldog-boston\/n02096585_12372.jpg","https:\/\/images.dog.ceo\/breeds\/bulldog-boston\/n02096585_12374.jpg","https:\/\/images.dog.ceo\/breeds\/bulldog-boston\/n02096585_12464.jpg","https:\/\/images.dog.ceo\/breeds\/bulldog-boston\/n02096585_1260.jpg","https:\/\/images.dog.ceo\/breeds\/bulldog-boston\/n02096585_12716.jpg","https:\/\/images.dog.ceo\/breeds\/bulldog-boston\/n02096585_12776.jpg","https:\/\/images.dog.ceo\/breeds\/bulldog-boston\/n02096585_1281.jpg","https:\/\/images.dog.ceo\/breeds\/bulldog-boston\/n02096585_12825.jpg","https:\/\/images.dog.ceo\/breeds\/bulldog-boston\/n02096585_12844.jpg","https:\/\/images.dog.ceo\/breeds\/bulldog-boston\/n02096585_12880.jpg","https:\/\/images.dog.ceo\/breeds\/bulldog-boston\/n02096585_1295.jpg","https:\/\/images.dog.ceo\/breeds\/bulldog-boston\/n02096585_1311.jpg","https:\/\/images.dog.ceo\/breeds\/bulldog-boston\/n02096585_1313.jpg","https:\/\/images.dog.ceo\/breeds\/bulldog-boston\/n02096585_1347.jpg","https:\/\/images.dog.ceo\/breeds\/bulldog-boston\/n02096585_1403.jpg","https:\/\/images.dog.ceo\/breeds\/bulldog-boston\/n02096585_1439.jpg","https:\/\/images.dog.ceo\/breeds\/bulldog-boston\/n02096585_1449.jpg","https:\/\/images.dog.ceo\/breeds\/bulldog-boston\/n02096585_145.jpg","https:\/\/images.dog.ceo\/breeds\/bulldog-boston\/n02096585_1450.jpg","https:\/\/images.dog.ceo\/breeds\/bulldog-boston\/n02096585_1525.jpg","https:\/\/images.dog.ceo\/breeds\/bulldog-boston\/n02096585_1532.jpg","https:\/\/images.dog.ceo\/breeds\/bulldog-boston\/n02096585_1559.jpg","https:\/\/images.dog.ceo\/breeds\/bulldog-boston\/n02096585_1562.jpg","https:\/\/images.dog.ceo\/breeds\/bulldog-boston\/n02096585_1568.jpg","https:\/\/images.dog.ceo\/breeds\/bulldog-boston\/n02096585_1571.jpg","https:\/\/images.dog.ceo\/breeds\/bulldog-boston\/n02096585_1572.jpg","https:\/\/images.dog.ceo\/breeds\/bulldog-boston\/n02096585_1583.jpg","https:\/\/images.dog.ceo\/breeds\/bulldog-boston\/n02096585_1586.jpg","https:\/\/images.dog.ceo\/breeds\/bulldog-boston\/n02096585_1624.jpg","https:\/\/images.dog.ceo\/breeds\/bulldog-boston\/n02096585_1645.jpg","https:\/\/images.dog.ceo\/breeds\/bulldog-boston\/n02096585_1668.jpg","https:\/\/images.dog.ceo\/breeds\/bulldog-boston\/n02096585_169.jpg","https:\/\/images.dog.ceo\/breeds\/bulldog-boston\/n02096585_1692.jpg","https:\/\/images.dog.ceo\/breeds\/bulldog-boston\/n02096585_1737.jpg","https:\/\/images.dog.ceo\/breeds\/bulldog-boston\/n02096585_1753.jpg","https:\/\/images.dog.ceo\/breeds\/bulldog-boston\/n02096585_1756.jpg","https:\/\/images.dog.ceo\/breeds\/bulldog-boston\/n02096585_1761.jpg","https:\/\/images.dog.ceo\/breeds\/bulldog-boston\/n02096585_1775.jpg","https:\/\/images.dog.ceo\/breeds\/bulldog-boston\/n02096585_1856.jpg","https:\/\/images.dog.ceo\/breeds\/bulldog-boston\/n02096585_19.jpg","https:\/\/images.dog.ceo\/breeds\/bulldog-boston\/n02096585_1924.jpg","https:\/\/images.dog.ceo\/breeds\/bulldog-boston\/n02096585_1947.jpg","https:\/\/images.dog.ceo\/breeds\/bulldog-boston\/n02096585_1952.jpg","https:\/\/images.dog.ceo\/breeds\/bulldog-boston\/n02096585_1963.jpg","https:\/\/images.dog.ceo\/breeds\/bulldog-boston\/n02096585_1970.jpg","https:\/\/images.dog.ceo\/breeds\/bulldog-boston\/n02096585_1992.jpg","https:\/\/images.dog.ceo\/breeds\/bulldog-boston\/n02096585_2008.jpg","https:\/\/images.dog.ceo\/breeds\/bulldog-boston\/n02096585_2042.jpg","https:\/\/images.dog.ceo\/breeds\/bulldog-boston\/n02096585_2082.jpg","https:\/\/images.dog.ceo\/breeds\/bulldog-boston\/n02096585_2098.jpg","https:\/\/images.dog.ceo\/breeds\/bulldog-boston\/n02096585_210.jpg","https:\/\/images.dog.ceo\/breeds\/bulldog-boston\/n02096585_2108.jpg","https:\/\/images.dog.ceo\/breeds\/bulldog-boston\/n02096585_2177.jpg","https:\/\/images.dog.ceo\/breeds\/bulldog-boston\/n02096585_2180.jpg","https:\/\/images.dog.ceo\/breeds\/bulldog-boston\/n02096585_2260.jpg","https:\/\/images.dog.ceo\/breeds\/bulldog-boston\/n02096585_2354.jpg","https:\/\/images.dog.ceo\/breeds\/bulldog-boston\/n02096585_237.jpg","https:\/\/images.dog.ceo\/breeds\/bulldog-boston\/n02096585_2374.jpg","https:\/\/images.dog.ceo\/breeds\/bulldog-boston\/n02096585_2379.jpg","https:\/\/images.dog.ceo\/breeds\/bulldog-boston\/n02096585_2394.jpg","https:\/\/images.dog.ceo\/breeds\/bulldog-boston\/n02096585_2419.jpg","https:\/\/images.dog.ceo\/breeds\/bulldog-boston\/n02096585_2431.jpg","https:\/\/images.dog.ceo\/breeds\/bulldog-boston\/n02096585_2450.jpg","https:\/\/images.dog.ceo\/breeds\/bulldog-boston\/n02096585_2493.jpg","https:\/\/images.dog.ceo\/breeds\/bulldog-boston\/n02096585_2513.jpg","https:\/\/images.dog.ceo\/breeds\/bulldog-boston\/n02096585_2560.jpg","https:\/\/images.dog.ceo\/breeds\/bulldog-boston\/n02096585_2583.jpg","https:\/\/images.dog.ceo\/breeds\/bulldog-boston\/n02096585_2671.jpg","https:\/\/images.dog.ceo\/breeds\/bulldog-boston\/n02096585_2696.jpg","https:\/\/images.dog.ceo\/breeds\/bulldog-boston\/n02096585_2725.jpg","https:\/\/images.dog.ceo\/breeds\/bulldog-boston\/n02096585_2727.jpg","https:\/\/images.dog.ceo\/breeds\/bulldog-boston\/n02096585_2800.jpg","https:\/\/images.dog.ceo\/breeds\/bulldog-boston\/n02096585_2809.jpg","https:\/\/images.dog.ceo\/breeds\/bulldog-boston\/n02096585_2821.jpg","https:\/\/images.dog.ceo\/breeds\/bulldog-boston\/n02096585_2828.jpg","https:\/\/images.dog.ceo\/breeds\/bulldog-boston\/n02096585_2900.jpg","https:\/\/images.dog.ceo\/breeds\/bulldog-boston\/n02096585_2947.jpg","https:\/\/images.dog.ceo\/breeds\/bulldog-boston\/n02096585_3105.jpg","https:\/\/images.dog.ceo\/breeds\/bulldog-boston\/n02096585_311.jpg","https:\/\/images.dog.ceo\/breeds\/bulldog-boston\/n02096585_318.jpg","https:\/\/images.dog.ceo\/breeds\/bulldog-boston\/n02096585_32.jpg","https:\/\/images.dog.ceo\/breeds\/bulldog-boston\/n02096585_341.jpg","https:\/\/images.dog.ceo\/breeds\/bulldog-boston\/n02096585_353.jpg","https:\/\/images.dog.ceo\/breeds\/bulldog-boston\/n02096585_3697.jpg","https:\/\/images.dog.ceo\/breeds\/bulldog-boston\/n02096585_3738.jpg","https:\/\/images.dog.ceo\/breeds\/bulldog-boston\/n02096585_3861.jpg","https:\/\/images.dog.ceo\/breeds\/bulldog-boston\/n02096585_4103.jpg","https:\/\/images.dog.ceo\/breeds\/bulldog-boston\/n02096585_4136.jpg","https:\/\/images.dog.ceo\/breeds\/bulldog-boston\/n02096585_414.jpg","https:\/\/images.dog.ceo\/breeds\/bulldog-boston\/n02096585_4321.jpg","https:\/\/images.dog.ceo\/breeds\/bulldog-boston\/n02096585_4418.jpg","https:\/\/images.dog.ceo\/breeds\/bulldog-boston\/n02096585_4451.jpg","https:\/\/images.dog.ceo\/breeds\/bulldog-boston\/n02096585_4534.jpg","https:\/\/images.dog.ceo\/breeds\/bulldog-boston\/n02096585_454.jpg","https:\/\/images.dog.ceo\/breeds\/bulldog-boston\/n02096585_4575.jpg","https:\/\/images.dog.ceo\/breeds\/bulldog-boston\/n02096585_4774.jpg","https:\/\/images.dog.ceo\/breeds\/bulldog-boston\/n02096585_4983.jpg","https:\/\/images.dog.ceo\/breeds\/bulldog-boston\/n02096585_5043.jpg","https:\/\/images.dog.ceo\/breeds\/bulldog-boston\/n02096585_507.jpg","https:\/\/images.dog.ceo\/breeds\/bulldog-boston\/n02096585_5104.jpg","https:\/\/images.dog.ceo\/breeds\/bulldog-boston\/n02096585_5171.jpg","https:\/\/images.dog.ceo\/breeds\/bulldog-boston\/n02096585_5260.jpg","https:\/\/images.dog.ceo\/breeds\/bulldog-boston\/n02096585_554.jpg","https:\/\/images.dog.ceo\/breeds\/bulldog-boston\/n02096585_5855.jpg","https:\/\/images.dog.ceo\/breeds\/bulldog-boston\/n02096585_5943.jpg","https:\/\/images.dog.ceo\/breeds\/bulldog-boston\/n02096585_5980.jpg","https:\/\/images.dog.ceo\/breeds\/bulldog-boston\/n02096585_6028.jpg","https:\/\/images.dog.ceo\/breeds\/bulldog-boston\/n02096585_6238.jpg","https:\/\/images.dog.ceo\/breeds\/bulldog-boston\/n02096585_6367.jpg","https:\/\/images.dog.ceo\/breeds\/bulldog-boston\/n02096585_6567.jpg","https:\/\/images.dog.ceo\/breeds\/bulldog-boston\/n02096585_657.jpg","https:\/\/images.dog.ceo\/breeds\/bulldog-boston\/n02096585_664.jpg","https:\/\/images.dog.ceo\/breeds\/bulldog-boston\/n02096585_6653.jpg","https:\/\/images.dog.ceo\/breeds\/bulldog-boston\/n02096585_670.jpg","https:\/\/images.dog.ceo\/breeds\/bulldog-boston\/n02096585_6766.jpg","https:\/\/images.dog.ceo\/breeds\/bulldog-boston\/n02096585_6855.jpg","https:\/\/images.dog.ceo\/breeds\/bulldog-boston\/n02096585_6874.jpg","https:\/\/images.dog.ceo\/breeds\/bulldog-boston\/n02096585_6940.jpg","https:\/\/images.dog.ceo\/breeds\/bulldog-boston\/n02096585_7314.jpg","https:\/\/images.dog.ceo\/breeds\/bulldog-boston\/n02096585_7542.jpg","https:\/\/images.dog.ceo\/breeds\/bulldog-boston\/n02096585_772.jpg","https:\/\/images.dog.ceo\/breeds\/bulldog-boston\/n02096585_7859.jpg","https:\/\/images.dog.ceo\/breeds\/bulldog-boston\/n02096585_7887.jpg","https:\/\/images.dog.ceo\/breeds\/bulldog-boston\/n02096585_7933.jpg","https:\/\/images.dog.ceo\/breeds\/bulldog-boston\/n02096585_8065.jpg","https:\/\/images.dog.ceo\/breeds\/bulldog-boston\/n02096585_8120.jpg","https:\/\/images.dog.ceo\/breeds\/bulldog-boston\/n02096585_8148.jpg","https:\/\/images.dog.ceo\/breeds\/bulldog-boston\/n02096585_8203.jpg","https:\/\/images.dog.ceo\/breeds\/bulldog-boston\/n02096585_8323.jpg","https:\/\/images.dog.ceo\/breeds\/bulldog-boston\/n02096585_8396.jpg","https:\/\/images.dog.ceo\/breeds\/bulldog-boston\/n02096585_8971.jpg","https:\/\/images.dog.ceo\/breeds\/bulldog-boston\/n02096585_904.jpg","https:\/\/images.dog.ceo\/breeds\/bulldog-boston\/n02096585_9122.jpg","https:\/\/images.dog.ceo\/breeds\/bulldog-boston\/n02096585_9153.jpg","https:\/\/images.dog.ceo\/breeds\/bulldog-boston\/n02096585_9343.jpg","https:\/\/images.dog.ceo\/breeds\/bulldog-boston\/n02096585_942.jpg","https:\/\/images.dog.ceo\/breeds\/bulldog-boston\/n02096585_9511.jpg","https:\/\/images.dog.ceo\/breeds\/bulldog-boston\/n02096585_9534.jpg","https:\/\/images.dog.ceo\/breeds\/bulldog-boston\/n02096585_956.jpg","https:\/\/images.dog.ceo\/breeds\/bulldog-boston\/n02096585_9681.jpg","https:\/\/images.dog.ceo\/breeds\/bulldog-boston\/n02096585_9725.jpg","https:\/\/images.dog.ceo\/breeds\/bulldog-boston\/n02096585_976.jpg","https:\/\/images.dog.ceo\/breeds\/bulldog-boston\/n02096585_9834.jpg","https:\/\/images.dog.ceo\/breeds\/bulldog-boston\/n02096585_9909.jpg","https:\/\/images.dog.ceo\/breeds\/bulldog-boston\/n02096585_9912.jpg","https:\/\/images.dog.ceo\/breeds\/bulldog-boston\/n02096585_994.jpg"],"status":"success"}

15:08:17.068 [main] DEBUG com.jayway.jsonpath.internal.path.CompiledPath -- Evaluating path: $['status']
15:08:17.068 [main] DEBUG com.jayway.jsonpath.internal.path.CompiledPath -- Evaluating path: $['message']
15:08:17.070 [main] DEBUG com.jayway.jsonpath.internal.path.CompiledPath -- Evaluating path: $['message']
]]></system-out>
  </testcase>
  <testcase name="[4:31] Método POST não permitido" classname="features/breed_images" time="0.444">
    <system-out><![CDATA[15:08:17.083 [main] DEBUG org.apache.http.client.protocol.RequestAddCookies -- CookieSpec selected: karate
15:08:17.083 [main] DEBUG org.apache.http.client.protocol.RequestAuthCache -- Auth cache not set in the context
15:08:17.083 [main] DEBUG com.intuit.karate -- request:
1 > POST https://dog.ceo/api/breed/hound/images
1 > Host: dog.ceo
1 > Connection: Keep-Alive
1 > User-Agent: Apache-HttpClient/4.5.14 (Java/11.0.27)
1 > Accept-Encoding: gzip,deflate


15:08:17.083 [main] DEBUG org.apache.http.impl.conn.PoolingHttpClientConnectionManager -- Connection request: [route: {s}->https://dog.ceo:443][total available: 0; route allocated: 0 of 5; total allocated: 0 of 10]
15:08:17.084 [main] DEBUG org.apache.http.impl.conn.PoolingHttpClientConnectionManager -- Connection leased: [id: 9][route: {s}->https://dog.ceo:443][total available: 0; route allocated: 1 of 5; total allocated: 1 of 10]
15:08:17.084 [main] DEBUG org.apache.http.impl.execchain.MainClientExec -- Opening connection {s}->https://dog.ceo:443
15:08:17.084 [main] DEBUG org.apache.http.impl.conn.DefaultHttpClientConnectionOperator -- Connecting to dog.ceo/104.21.17.246:443
15:08:17.084 [main] DEBUG org.apache.http.conn.ssl.SSLConnectionSocketFactory -- Connecting socket to dog.ceo/104.21.17.246:443 with timeout 30000
15:08:17.101 [main] DEBUG org.apache.http.conn.ssl.SSLConnectionSocketFactory -- Enabled protocols: [TLSv1.3, TLSv1.2]
15:08:17.101 [main] DEBUG org.apache.http.conn.ssl.SSLConnectionSocketFactory -- Enabled cipher suites:[TLS_AES_256_GCM_SHA384, TLS_AES_128_GCM_SHA256, TLS_CHACHA20_POLY1305_SHA256, TLS_ECDHE_ECDSA_WITH_AES_256_GCM_SHA384, TLS_ECDHE_ECDSA_WITH_AES_128_GCM_SHA256, TLS_ECDHE_ECDSA_WITH_CHACHA20_POLY1305_SHA256, TLS_ECDHE_RSA_WITH_AES_256_GCM_SHA384, TLS_ECDHE_RSA_WITH_CHACHA20_POLY1305_SHA256, TLS_ECDHE_RSA_WITH_AES_128_GCM_SHA256, TLS_DHE_RSA_WITH_AES_256_GCM_SHA384, TLS_DHE_RSA_WITH_CHACHA20_POLY1305_SHA256, TLS_DHE_DSS_WITH_AES_256_GCM_SHA384, TLS_DHE_RSA_WITH_AES_128_GCM_SHA256, TLS_DHE_DSS_WITH_AES_128_GCM_SHA256, TLS_ECDHE_ECDSA_WITH_AES_256_CBC_SHA384, TLS_ECDHE_RSA_WITH_AES_256_CBC_SHA384, TLS_ECDHE_ECDSA_WITH_AES_128_CBC_SHA256, TLS_ECDHE_RSA_WITH_AES_128_CBC_SHA256, TLS_DHE_RSA_WITH_AES_256_CBC_SHA256, TLS_DHE_DSS_WITH_AES_256_CBC_SHA256, TLS_DHE_RSA_WITH_AES_128_CBC_SHA256, TLS_DHE_DSS_WITH_AES_128_CBC_SHA256, TLS_ECDHE_ECDSA_WITH_AES_256_CBC_SHA, TLS_ECDHE_RSA_WITH_AES_256_CBC_SHA, TLS_ECDHE_ECDSA_WITH_AES_128_CBC_SHA, TLS_ECDHE_RSA_WITH_AES_128_CBC_SHA, TLS_DHE_RSA_WITH_AES_256_CBC_SHA, TLS_DHE_DSS_WITH_AES_256_CBC_SHA, TLS_DHE_RSA_WITH_AES_128_CBC_SHA, TLS_DHE_DSS_WITH_AES_128_CBC_SHA, TLS_RSA_WITH_AES_256_GCM_SHA384, TLS_RSA_WITH_AES_128_GCM_SHA256, TLS_RSA_WITH_AES_256_CBC_SHA256, TLS_RSA_WITH_AES_128_CBC_SHA256, TLS_RSA_WITH_AES_256_CBC_SHA, TLS_RSA_WITH_AES_128_CBC_SHA, TLS_EMPTY_RENEGOTIATION_INFO_SCSV]
15:08:17.101 [main] DEBUG org.apache.http.conn.ssl.SSLConnectionSocketFactory -- Starting handshake
15:08:17.122 [main] DEBUG org.apache.http.conn.ssl.SSLConnectionSocketFactory -- Secure session established
15:08:17.122 [main] DEBUG org.apache.http.conn.ssl.SSLConnectionSocketFactory --  negotiated protocol: TLSv1.3
15:08:17.122 [main] DEBUG org.apache.http.conn.ssl.SSLConnectionSocketFactory --  negotiated cipher suite: TLS_AES_256_GCM_SHA384
15:08:17.122 [main] DEBUG org.apache.http.conn.ssl.SSLConnectionSocketFactory --  peer principal: CN=dog.ceo
15:08:17.122 [main] DEBUG org.apache.http.conn.ssl.SSLConnectionSocketFactory --  peer alternative names: [dog.ceo, *.dog.ceo]
15:08:17.122 [main] DEBUG org.apache.http.conn.ssl.SSLConnectionSocketFactory --  issuer principal: CN=WE1, O=Google Trust Services, C=US
15:08:17.122 [main] DEBUG org.apache.http.impl.conn.DefaultHttpClientConnectionOperator -- Connection established 192.168.0.105:65295<->104.21.17.246:443
15:08:17.122 [main] DEBUG org.apache.http.impl.conn.DefaultManagedHttpClientConnection -- http-outgoing-9: set socket timeout to 30000
15:08:17.122 [main] DEBUG org.apache.http.impl.execchain.MainClientExec -- Executing request POST /api/breed/hound/images HTTP/1.1
15:08:17.122 [main] DEBUG org.apache.http.impl.execchain.MainClientExec -- Target auth state: UNCHALLENGED
15:08:17.122 [main] DEBUG org.apache.http.impl.execchain.MainClientExec -- Proxy auth state: UNCHALLENGED
15:08:17.122 [main] DEBUG org.apache.http.headers -- http-outgoing-9 >> POST /api/breed/hound/images HTTP/1.1
15:08:17.122 [main] DEBUG org.apache.http.headers -- http-outgoing-9 >> Host: dog.ceo
15:08:17.122 [main] DEBUG org.apache.http.headers -- http-outgoing-9 >> Connection: Keep-Alive
15:08:17.122 [main] DEBUG org.apache.http.headers -- http-outgoing-9 >> User-Agent: Apache-HttpClient/4.5.14 (Java/11.0.27)
15:08:17.122 [main] DEBUG org.apache.http.headers -- http-outgoing-9 >> Accept-Encoding: gzip,deflate
15:08:17.122 [main] DEBUG org.apache.http.wire -- http-outgoing-9 >> "POST /api/breed/hound/images HTTP/1.1[\r][\n]"
15:08:17.122 [main] DEBUG org.apache.http.wire -- http-outgoing-9 >> "Host: dog.ceo[\r][\n]"
15:08:17.122 [main] DEBUG org.apache.http.wire -- http-outgoing-9 >> "Connection: Keep-Alive[\r][\n]"
15:08:17.122 [main] DEBUG org.apache.http.wire -- http-outgoing-9 >> "User-Agent: Apache-HttpClient/4.5.14 (Java/11.0.27)[\r][\n]"
15:08:17.122 [main] DEBUG org.apache.http.wire -- http-outgoing-9 >> "Accept-Encoding: gzip,deflate[\r][\n]"
15:08:17.122 [main] DEBUG org.apache.http.wire -- http-outgoing-9 >> "[\r][\n]"
15:08:17.522 [main] DEBUG org.apache.http.wire -- http-outgoing-9 << "HTTP/1.1 405 Method Not Allowed[\r][\n]"
15:08:17.522 [main] DEBUG org.apache.http.wire -- http-outgoing-9 << "Date: Tue, 22 Jul 2025 18:08:32 GMT[\r][\n]"
15:08:17.522 [main] DEBUG org.apache.http.wire -- http-outgoing-9 << "Content-Type: application/json[\r][\n]"
15:08:17.522 [main] DEBUG org.apache.http.wire -- http-outgoing-9 << "Content-Length: 165[\r][\n]"
15:08:17.522 [main] DEBUG org.apache.http.wire -- http-outgoing-9 << "Connection: keep-alive[\r][\n]"
15:08:17.522 [main] DEBUG org.apache.http.wire -- http-outgoing-9 << "Server: cloudflare[\r][\n]"
15:08:17.522 [main] DEBUG org.apache.http.wire -- http-outgoing-9 << "X-Powered-By: PHP/8.1.32[\r][\n]"
15:08:17.522 [main] DEBUG org.apache.http.wire -- http-outgoing-9 << "Allow: GET, HEAD[\r][\n]"
15:08:17.522 [main] DEBUG org.apache.http.wire -- http-outgoing-9 << "Cache-Control: no-cache, private[\r][\n]"
15:08:17.522 [main] DEBUG org.apache.http.wire -- http-outgoing-9 << "Access-Control-Allow-Origin: *[\r][\n]"
15:08:17.522 [main] DEBUG org.apache.http.wire -- http-outgoing-9 << "Via: 1.1 varnish (Varnish/6.3), 1.1 varnish (Varnish/6.3)[\r][\n]"
15:08:17.522 [main] DEBUG org.apache.http.wire -- http-outgoing-9 << "X-Cache-Hits: 0[\r][\n]"
15:08:17.522 [main] DEBUG org.apache.http.wire -- http-outgoing-9 << "X-Cache: MISS[\r][\n]"
15:08:17.522 [main] DEBUG org.apache.http.wire -- http-outgoing-9 << "Age: 0[\r][\n]"
15:08:17.522 [main] DEBUG org.apache.http.wire -- http-outgoing-9 << "Vary: [\r][\n]"
15:08:17.522 [main] DEBUG org.apache.http.wire -- http-outgoing-9 << "Nel: {"report_to":"cf-nel","success_fraction":0.0,"max_age":604800}[\r][\n]"
15:08:17.522 [main] DEBUG org.apache.http.wire -- http-outgoing-9 << "Cf-Cache-Status: DYNAMIC[\r][\n]"
15:08:17.522 [main] DEBUG org.apache.http.wire -- http-outgoing-9 << "Report-To: {"group":"cf-nel","max_age":604800,"endpoints":[{"url":"https://a.nel.cloudflare.com/report/v4?s=vGWZDvgs5HBgkhqwzCJ2NxtywX91b8Lz2Ye%2FxrzAaOlL7woPsqh12n93GyOiTEU3V3y8dBJyzJjxbQNyYnz%2FEwZ%2Fn8I23C0%3D"}]}[\r][\n]"
15:08:17.522 [main] DEBUG org.apache.http.wire -- http-outgoing-9 << "CF-RAY: 9634e2474b7c6268-GRU[\r][\n]"
15:08:17.522 [main] DEBUG org.apache.http.wire -- http-outgoing-9 << "alt-svc: h3=":443"; ma=86400[\r][\n]"
15:08:17.522 [main] DEBUG org.apache.http.wire -- http-outgoing-9 << "[\r][\n]"
15:08:17.522 [main] DEBUG org.apache.http.wire -- http-outgoing-9 << "{"status":"error","message":"No route found for \"POST http:\/\/dog.ceo\/api\/breed\/hound\/images\": Method Not Allowed (Allow: GET, HEAD) with code: 0","code":405}"
15:08:17.522 [main] DEBUG org.apache.http.headers -- http-outgoing-9 << HTTP/1.1 405 Method Not Allowed
15:08:17.522 [main] DEBUG org.apache.http.headers -- http-outgoing-9 << Date: Tue, 22 Jul 2025 18:08:32 GMT
15:08:17.522 [main] DEBUG org.apache.http.headers -- http-outgoing-9 << Content-Type: application/json
15:08:17.522 [main] DEBUG org.apache.http.headers -- http-outgoing-9 << Content-Length: 165
15:08:17.522 [main] DEBUG org.apache.http.headers -- http-outgoing-9 << Connection: keep-alive
15:08:17.522 [main] DEBUG org.apache.http.headers -- http-outgoing-9 << Server: cloudflare
15:08:17.522 [main] DEBUG org.apache.http.headers -- http-outgoing-9 << X-Powered-By: PHP/8.1.32
15:08:17.522 [main] DEBUG org.apache.http.headers -- http-outgoing-9 << Allow: GET, HEAD
15:08:17.522 [main] DEBUG org.apache.http.headers -- http-outgoing-9 << Cache-Control: no-cache, private
15:08:17.522 [main] DEBUG org.apache.http.headers -- http-outgoing-9 << Access-Control-Allow-Origin: *
15:08:17.522 [main] DEBUG org.apache.http.headers -- http-outgoing-9 << Via: 1.1 varnish (Varnish/6.3), 1.1 varnish (Varnish/6.3)
15:08:17.522 [main] DEBUG org.apache.http.headers -- http-outgoing-9 << X-Cache-Hits: 0
15:08:17.522 [main] DEBUG org.apache.http.headers -- http-outgoing-9 << X-Cache: MISS
15:08:17.522 [main] DEBUG org.apache.http.headers -- http-outgoing-9 << Age: 0
15:08:17.522 [main] DEBUG org.apache.http.headers -- http-outgoing-9 << Vary: 
15:08:17.522 [main] DEBUG org.apache.http.headers -- http-outgoing-9 << Nel: {"report_to":"cf-nel","success_fraction":0.0,"max_age":604800}
15:08:17.522 [main] DEBUG org.apache.http.headers -- http-outgoing-9 << Cf-Cache-Status: DYNAMIC
15:08:17.522 [main] DEBUG org.apache.http.headers -- http-outgoing-9 << Report-To: {"group":"cf-nel","max_age":604800,"endpoints":[{"url":"https://a.nel.cloudflare.com/report/v4?s=vGWZDvgs5HBgkhqwzCJ2NxtywX91b8Lz2Ye%2FxrzAaOlL7woPsqh12n93GyOiTEU3V3y8dBJyzJjxbQNyYnz%2FEwZ%2Fn8I23C0%3D"}]}
15:08:17.522 [main] DEBUG org.apache.http.headers -- http-outgoing-9 << CF-RAY: 9634e2474b7c6268-GRU
15:08:17.522 [main] DEBUG org.apache.http.headers -- http-outgoing-9 << alt-svc: h3=":443"; ma=86400
15:08:17.522 [main] DEBUG org.apache.http.impl.execchain.MainClientExec -- Connection can be kept alive indefinitely
15:08:17.522 [main] DEBUG org.apache.http.impl.conn.PoolingHttpClientConnectionManager -- Connection [id: 9][route: {s}->https://dog.ceo:443] can be kept alive indefinitely
15:08:17.522 [main] DEBUG org.apache.http.impl.conn.DefaultManagedHttpClientConnection -- http-outgoing-9: set socket timeout to 0
15:08:17.522 [main] DEBUG org.apache.http.impl.conn.PoolingHttpClientConnectionManager -- Connection released: [id: 9][route: {s}->https://dog.ceo:443][total available: 1; route allocated: 1 of 5; total allocated: 1 of 10]
15:08:17.522 [main] DEBUG org.apache.http.impl.conn.PoolingHttpClientConnectionManager -- Connection manager is shutting down
15:08:17.522 [main] DEBUG org.apache.http.impl.conn.DefaultManagedHttpClientConnection -- http-outgoing-9: Close connection
15:08:17.523 [main] DEBUG org.apache.http.impl.conn.PoolingHttpClientConnectionManager -- Connection manager shut down
15:08:17.523 [main] DEBUG com.intuit.karate -- response time in milliseconds: 439
1 < 405
1 < Date: Tue, 22 Jul 2025 18:08:32 GMT
1 < Content-Type: application/json
1 < Content-Length: 165
1 < Connection: keep-alive
1 < Server: cloudflare
1 < X-Powered-By: PHP/8.1.32
1 < Allow: GET, HEAD
1 < Cache-Control: no-cache, private
1 < Access-Control-Allow-Origin: *
1 < Via: 1.1 varnish (Varnish/6.3), 1.1 varnish (Varnish/6.3)
1 < X-Cache-Hits: 0
1 < X-Cache: MISS
1 < Age: 0
1 < Vary: 
1 < Nel: {"report_to":"cf-nel","success_fraction":0.0,"max_age":604800}
1 < Cf-Cache-Status: DYNAMIC
1 < Report-To: {"group":"cf-nel","max_age":604800,"endpoints":[{"url":"https://a.nel.cloudflare.com/report/v4?s=vGWZDvgs5HBgkhqwzCJ2NxtywX91b8Lz2Ye%2FxrzAaOlL7woPsqh12n93GyOiTEU3V3y8dBJyzJjxbQNyYnz%2FEwZ%2Fn8I23C0%3D"}]}
1 < CF-RAY: 9634e2474b7c6268-GRU
1 < alt-svc: h3=":443"; ma=86400
{"status":"error","message":"No route found for \"POST http:\/\/dog.ceo\/api\/breed\/hound\/images\": Method Not Allowed (Allow: GET, HEAD) with code: 0","code":405}

]]></system-out>
  </testcase>
  <testcase name="[5:36] Método PUT não permitido" classname="features/breed_images" time="0.476">
    <system-out><![CDATA[15:08:17.528 [main] DEBUG org.apache.http.client.protocol.RequestAddCookies -- CookieSpec selected: karate
15:08:17.528 [main] DEBUG org.apache.http.client.protocol.RequestAuthCache -- Auth cache not set in the context
15:08:17.528 [main] DEBUG com.intuit.karate -- request:
1 > PUT https://dog.ceo/api/breed/hound/images
1 > Host: dog.ceo
1 > Connection: Keep-Alive
1 > User-Agent: Apache-HttpClient/4.5.14 (Java/11.0.27)
1 > Accept-Encoding: gzip,deflate


15:08:17.528 [main] DEBUG org.apache.http.impl.conn.PoolingHttpClientConnectionManager -- Connection request: [route: {s}->https://dog.ceo:443][total available: 0; route allocated: 0 of 5; total allocated: 0 of 10]
15:08:17.528 [main] DEBUG org.apache.http.impl.conn.PoolingHttpClientConnectionManager -- Connection leased: [id: 10][route: {s}->https://dog.ceo:443][total available: 0; route allocated: 1 of 5; total allocated: 1 of 10]
15:08:17.528 [main] DEBUG org.apache.http.impl.execchain.MainClientExec -- Opening connection {s}->https://dog.ceo:443
15:08:17.529 [main] DEBUG org.apache.http.impl.conn.DefaultHttpClientConnectionOperator -- Connecting to dog.ceo/104.21.17.246:443
15:08:17.529 [main] DEBUG org.apache.http.conn.ssl.SSLConnectionSocketFactory -- Connecting socket to dog.ceo/104.21.17.246:443 with timeout 30000
15:08:17.545 [main] DEBUG org.apache.http.conn.ssl.SSLConnectionSocketFactory -- Enabled protocols: [TLSv1.3, TLSv1.2]
15:08:17.545 [main] DEBUG org.apache.http.conn.ssl.SSLConnectionSocketFactory -- Enabled cipher suites:[TLS_AES_256_GCM_SHA384, TLS_AES_128_GCM_SHA256, TLS_CHACHA20_POLY1305_SHA256, TLS_ECDHE_ECDSA_WITH_AES_256_GCM_SHA384, TLS_ECDHE_ECDSA_WITH_AES_128_GCM_SHA256, TLS_ECDHE_ECDSA_WITH_CHACHA20_POLY1305_SHA256, TLS_ECDHE_RSA_WITH_AES_256_GCM_SHA384, TLS_ECDHE_RSA_WITH_CHACHA20_POLY1305_SHA256, TLS_ECDHE_RSA_WITH_AES_128_GCM_SHA256, TLS_DHE_RSA_WITH_AES_256_GCM_SHA384, TLS_DHE_RSA_WITH_CHACHA20_POLY1305_SHA256, TLS_DHE_DSS_WITH_AES_256_GCM_SHA384, TLS_DHE_RSA_WITH_AES_128_GCM_SHA256, TLS_DHE_DSS_WITH_AES_128_GCM_SHA256, TLS_ECDHE_ECDSA_WITH_AES_256_CBC_SHA384, TLS_ECDHE_RSA_WITH_AES_256_CBC_SHA384, TLS_ECDHE_ECDSA_WITH_AES_128_CBC_SHA256, TLS_ECDHE_RSA_WITH_AES_128_CBC_SHA256, TLS_DHE_RSA_WITH_AES_256_CBC_SHA256, TLS_DHE_DSS_WITH_AES_256_CBC_SHA256, TLS_DHE_RSA_WITH_AES_128_CBC_SHA256, TLS_DHE_DSS_WITH_AES_128_CBC_SHA256, TLS_ECDHE_ECDSA_WITH_AES_256_CBC_SHA, TLS_ECDHE_RSA_WITH_AES_256_CBC_SHA, TLS_ECDHE_ECDSA_WITH_AES_128_CBC_SHA, TLS_ECDHE_RSA_WITH_AES_128_CBC_SHA, TLS_DHE_RSA_WITH_AES_256_CBC_SHA, TLS_DHE_DSS_WITH_AES_256_CBC_SHA, TLS_DHE_RSA_WITH_AES_128_CBC_SHA, TLS_DHE_DSS_WITH_AES_128_CBC_SHA, TLS_RSA_WITH_AES_256_GCM_SHA384, TLS_RSA_WITH_AES_128_GCM_SHA256, TLS_RSA_WITH_AES_256_CBC_SHA256, TLS_RSA_WITH_AES_128_CBC_SHA256, TLS_RSA_WITH_AES_256_CBC_SHA, TLS_RSA_WITH_AES_128_CBC_SHA, TLS_EMPTY_RENEGOTIATION_INFO_SCSV]
15:08:17.545 [main] DEBUG org.apache.http.conn.ssl.SSLConnectionSocketFactory -- Starting handshake
15:08:17.574 [main] DEBUG org.apache.http.conn.ssl.SSLConnectionSocketFactory -- Secure session established
15:08:17.574 [main] DEBUG org.apache.http.conn.ssl.SSLConnectionSocketFactory --  negotiated protocol: TLSv1.3
15:08:17.574 [main] DEBUG org.apache.http.conn.ssl.SSLConnectionSocketFactory --  negotiated cipher suite: TLS_AES_256_GCM_SHA384
15:08:17.574 [main] DEBUG org.apache.http.conn.ssl.SSLConnectionSocketFactory --  peer principal: CN=dog.ceo
15:08:17.574 [main] DEBUG org.apache.http.conn.ssl.SSLConnectionSocketFactory --  peer alternative names: [dog.ceo, *.dog.ceo]
15:08:17.574 [main] DEBUG org.apache.http.conn.ssl.SSLConnectionSocketFactory --  issuer principal: CN=WE1, O=Google Trust Services, C=US
15:08:17.574 [main] DEBUG org.apache.http.impl.conn.DefaultHttpClientConnectionOperator -- Connection established 192.168.0.105:65297<->104.21.17.246:443
15:08:17.574 [main] DEBUG org.apache.http.impl.conn.DefaultManagedHttpClientConnection -- http-outgoing-10: set socket timeout to 30000
15:08:17.574 [main] DEBUG org.apache.http.impl.execchain.MainClientExec -- Executing request PUT /api/breed/hound/images HTTP/1.1
15:08:17.574 [main] DEBUG org.apache.http.impl.execchain.MainClientExec -- Target auth state: UNCHALLENGED
15:08:17.574 [main] DEBUG org.apache.http.impl.execchain.MainClientExec -- Proxy auth state: UNCHALLENGED
15:08:17.574 [main] DEBUG org.apache.http.headers -- http-outgoing-10 >> PUT /api/breed/hound/images HTTP/1.1
15:08:17.574 [main] DEBUG org.apache.http.headers -- http-outgoing-10 >> Host: dog.ceo
15:08:17.574 [main] DEBUG org.apache.http.headers -- http-outgoing-10 >> Connection: Keep-Alive
15:08:17.574 [main] DEBUG org.apache.http.headers -- http-outgoing-10 >> User-Agent: Apache-HttpClient/4.5.14 (Java/11.0.27)
15:08:17.574 [main] DEBUG org.apache.http.headers -- http-outgoing-10 >> Accept-Encoding: gzip,deflate
15:08:17.574 [main] DEBUG org.apache.http.wire -- http-outgoing-10 >> "PUT /api/breed/hound/images HTTP/1.1[\r][\n]"
15:08:17.574 [main] DEBUG org.apache.http.wire -- http-outgoing-10 >> "Host: dog.ceo[\r][\n]"
15:08:17.574 [main] DEBUG org.apache.http.wire -- http-outgoing-10 >> "Connection: Keep-Alive[\r][\n]"
15:08:17.574 [main] DEBUG org.apache.http.wire -- http-outgoing-10 >> "User-Agent: Apache-HttpClient/4.5.14 (Java/11.0.27)[\r][\n]"
15:08:17.574 [main] DEBUG org.apache.http.wire -- http-outgoing-10 >> "Accept-Encoding: gzip,deflate[\r][\n]"
15:08:17.574 [main] DEBUG org.apache.http.wire -- http-outgoing-10 >> "[\r][\n]"
15:08:17.998 [main] DEBUG org.apache.http.wire -- http-outgoing-10 << "HTTP/1.1 405 Method Not Allowed[\r][\n]"
15:08:17.998 [main] DEBUG org.apache.http.wire -- http-outgoing-10 << "Date: Tue, 22 Jul 2025 18:08:32 GMT[\r][\n]"
15:08:17.998 [main] DEBUG org.apache.http.wire -- http-outgoing-10 << "Content-Type: application/json[\r][\n]"
15:08:17.998 [main] DEBUG org.apache.http.wire -- http-outgoing-10 << "Content-Length: 164[\r][\n]"
15:08:17.998 [main] DEBUG org.apache.http.wire -- http-outgoing-10 << "Connection: keep-alive[\r][\n]"
15:08:17.998 [main] DEBUG org.apache.http.wire -- http-outgoing-10 << "Server: cloudflare[\r][\n]"
15:08:17.998 [main] DEBUG org.apache.http.wire -- http-outgoing-10 << "X-Powered-By: PHP/8.1.32[\r][\n]"
15:08:17.999 [main] DEBUG org.apache.http.wire -- http-outgoing-10 << "Allow: GET, HEAD[\r][\n]"
15:08:17.999 [main] DEBUG org.apache.http.wire -- http-outgoing-10 << "Cache-Control: no-cache, private[\r][\n]"
15:08:17.999 [main] DEBUG org.apache.http.wire -- http-outgoing-10 << "Access-Control-Allow-Origin: *[\r][\n]"
15:08:17.999 [main] DEBUG org.apache.http.wire -- http-outgoing-10 << "Via: 1.1 varnish (Varnish/6.3), 1.1 varnish (Varnish/6.3)[\r][\n]"
15:08:17.999 [main] DEBUG org.apache.http.wire -- http-outgoing-10 << "X-Cache-Hits: 0[\r][\n]"
15:08:17.999 [main] DEBUG org.apache.http.wire -- http-outgoing-10 << "X-Cache: MISS[\r][\n]"
15:08:17.999 [main] DEBUG org.apache.http.wire -- http-outgoing-10 << "Age: 0[\r][\n]"
15:08:17.999 [main] DEBUG org.apache.http.wire -- http-outgoing-10 << "Vary: [\r][\n]"
15:08:17.999 [main] DEBUG org.apache.http.wire -- http-outgoing-10 << "Nel: {"report_to":"cf-nel","success_fraction":0.0,"max_age":604800}[\r][\n]"
15:08:17.999 [main] DEBUG org.apache.http.wire -- http-outgoing-10 << "Cf-Cache-Status: DYNAMIC[\r][\n]"
15:08:17.999 [main] DEBUG org.apache.http.wire -- http-outgoing-10 << "Report-To: {"group":"cf-nel","max_age":604800,"endpoints":[{"url":"https://a.nel.cloudflare.com/report/v4?s=qKtTGFbegxoZAAtls%2BscUqMmECvCbR6jZuBAImAqPj%2BxrO85t6BH0NN9nYJZTDx6m6AZk3Ey2QA%2FftKaRykx1bofuE9X488%3D"}]}[\r][\n]"
15:08:17.999 [main] DEBUG org.apache.http.wire -- http-outgoing-10 << "CF-RAY: 9634e24a1800a18b-GRU[\r][\n]"
15:08:17.999 [main] DEBUG org.apache.http.wire -- http-outgoing-10 << "alt-svc: h3=":443"; ma=86400[\r][\n]"
15:08:17.999 [main] DEBUG org.apache.http.wire -- http-outgoing-10 << "[\r][\n]"
15:08:17.999 [main] DEBUG org.apache.http.wire -- http-outgoing-10 << "{"status":"error","message":"No route found for \"PUT http:\/\/dog.ceo\/api\/breed\/hound\/images\": Method Not Allowed (Allow: GET, HEAD) with code: 0","code":405}"
15:08:17.999 [main] DEBUG org.apache.http.headers -- http-outgoing-10 << HTTP/1.1 405 Method Not Allowed
15:08:17.999 [main] DEBUG org.apache.http.headers -- http-outgoing-10 << Date: Tue, 22 Jul 2025 18:08:32 GMT
15:08:17.999 [main] DEBUG org.apache.http.headers -- http-outgoing-10 << Content-Type: application/json
15:08:17.999 [main] DEBUG org.apache.http.headers -- http-outgoing-10 << Content-Length: 164
15:08:17.999 [main] DEBUG org.apache.http.headers -- http-outgoing-10 << Connection: keep-alive
15:08:17.999 [main] DEBUG org.apache.http.headers -- http-outgoing-10 << Server: cloudflare
15:08:17.999 [main] DEBUG org.apache.http.headers -- http-outgoing-10 << X-Powered-By: PHP/8.1.32
15:08:17.999 [main] DEBUG org.apache.http.headers -- http-outgoing-10 << Allow: GET, HEAD
15:08:17.999 [main] DEBUG org.apache.http.headers -- http-outgoing-10 << Cache-Control: no-cache, private
15:08:17.999 [main] DEBUG org.apache.http.headers -- http-outgoing-10 << Access-Control-Allow-Origin: *
15:08:17.999 [main] DEBUG org.apache.http.headers -- http-outgoing-10 << Via: 1.1 varnish (Varnish/6.3), 1.1 varnish (Varnish/6.3)
15:08:17.999 [main] DEBUG org.apache.http.headers -- http-outgoing-10 << X-Cache-Hits: 0
15:08:17.999 [main] DEBUG org.apache.http.headers -- http-outgoing-10 << X-Cache: MISS
15:08:17.999 [main] DEBUG org.apache.http.headers -- http-outgoing-10 << Age: 0
15:08:17.999 [main] DEBUG org.apache.http.headers -- http-outgoing-10 << Vary: 
15:08:17.999 [main] DEBUG org.apache.http.headers -- http-outgoing-10 << Nel: {"report_to":"cf-nel","success_fraction":0.0,"max_age":604800}
15:08:17.999 [main] DEBUG org.apache.http.headers -- http-outgoing-10 << Cf-Cache-Status: DYNAMIC
15:08:17.999 [main] DEBUG org.apache.http.headers -- http-outgoing-10 << Report-To: {"group":"cf-nel","max_age":604800,"endpoints":[{"url":"https://a.nel.cloudflare.com/report/v4?s=qKtTGFbegxoZAAtls%2BscUqMmECvCbR6jZuBAImAqPj%2BxrO85t6BH0NN9nYJZTDx6m6AZk3Ey2QA%2FftKaRykx1bofuE9X488%3D"}]}
15:08:17.999 [main] DEBUG org.apache.http.headers -- http-outgoing-10 << CF-RAY: 9634e24a1800a18b-GRU
15:08:17.999 [main] DEBUG org.apache.http.headers -- http-outgoing-10 << alt-svc: h3=":443"; ma=86400
15:08:17.999 [main] DEBUG org.apache.http.impl.execchain.MainClientExec -- Connection can be kept alive indefinitely
15:08:17.999 [main] DEBUG org.apache.http.impl.conn.PoolingHttpClientConnectionManager -- Connection [id: 10][route: {s}->https://dog.ceo:443] can be kept alive indefinitely
15:08:17.999 [main] DEBUG org.apache.http.impl.conn.DefaultManagedHttpClientConnection -- http-outgoing-10: set socket timeout to 0
15:08:17.999 [main] DEBUG org.apache.http.impl.conn.PoolingHttpClientConnectionManager -- Connection released: [id: 10][route: {s}->https://dog.ceo:443][total available: 1; route allocated: 1 of 5; total allocated: 1 of 10]
15:08:17.999 [main] DEBUG org.apache.http.impl.conn.PoolingHttpClientConnectionManager -- Connection manager is shutting down
15:08:17.999 [main] DEBUG org.apache.http.impl.conn.DefaultManagedHttpClientConnection -- http-outgoing-10: Close connection
15:08:17.999 [main] DEBUG org.apache.http.impl.conn.PoolingHttpClientConnectionManager -- Connection manager shut down
15:08:18.000 [main] DEBUG com.intuit.karate -- response time in milliseconds: 471
1 < 405
1 < Date: Tue, 22 Jul 2025 18:08:32 GMT
1 < Content-Type: application/json
1 < Content-Length: 164
1 < Connection: keep-alive
1 < Server: cloudflare
1 < X-Powered-By: PHP/8.1.32
1 < Allow: GET, HEAD
1 < Cache-Control: no-cache, private
1 < Access-Control-Allow-Origin: *
1 < Via: 1.1 varnish (Varnish/6.3), 1.1 varnish (Varnish/6.3)
1 < X-Cache-Hits: 0
1 < X-Cache: MISS
1 < Age: 0
1 < Vary: 
1 < Nel: {"report_to":"cf-nel","success_fraction":0.0,"max_age":604800}
1 < Cf-Cache-Status: DYNAMIC
1 < Report-To: {"group":"cf-nel","max_age":604800,"endpoints":[{"url":"https://a.nel.cloudflare.com/report/v4?s=qKtTGFbegxoZAAtls%2BscUqMmECvCbR6jZuBAImAqPj%2BxrO85t6BH0NN9nYJZTDx6m6AZk3Ey2QA%2FftKaRykx1bofuE9X488%3D"}]}
1 < CF-RAY: 9634e24a1800a18b-GRU
1 < alt-svc: h3=":443"; ma=86400
{"status":"error","message":"No route found for \"PUT http:\/\/dog.ceo\/api\/breed\/hound\/images\": Method Not Allowed (Allow: GET, HEAD) with code: 0","code":405}

]]></system-out>
  </testcase>
  <testcase name="[6:41] Método DELETE não permitido" classname="features/breed_images" time="0.429">
    <system-out><![CDATA[15:08:18.003 [main] DEBUG org.apache.http.client.protocol.RequestAddCookies -- CookieSpec selected: karate
15:08:18.003 [main] DEBUG org.apache.http.client.protocol.RequestAuthCache -- Auth cache not set in the context
15:08:18.003 [main] DEBUG com.intuit.karate -- request:
1 > DELETE https://dog.ceo/api/breed/hound/images
1 > Host: dog.ceo
1 > Connection: Keep-Alive
1 > User-Agent: Apache-HttpClient/4.5.14 (Java/11.0.27)
1 > Accept-Encoding: gzip,deflate


15:08:18.003 [main] DEBUG org.apache.http.impl.conn.PoolingHttpClientConnectionManager -- Connection request: [route: {s}->https://dog.ceo:443][total available: 0; route allocated: 0 of 5; total allocated: 0 of 10]
15:08:18.004 [main] DEBUG org.apache.http.impl.conn.PoolingHttpClientConnectionManager -- Connection leased: [id: 11][route: {s}->https://dog.ceo:443][total available: 0; route allocated: 1 of 5; total allocated: 1 of 10]
15:08:18.004 [main] DEBUG org.apache.http.impl.execchain.MainClientExec -- Opening connection {s}->https://dog.ceo:443
15:08:18.004 [main] DEBUG org.apache.http.impl.conn.DefaultHttpClientConnectionOperator -- Connecting to dog.ceo/104.21.17.246:443
15:08:18.004 [main] DEBUG org.apache.http.conn.ssl.SSLConnectionSocketFactory -- Connecting socket to dog.ceo/104.21.17.246:443 with timeout 30000
15:08:18.018 [main] DEBUG org.apache.http.conn.ssl.SSLConnectionSocketFactory -- Enabled protocols: [TLSv1.3, TLSv1.2]
15:08:18.018 [main] DEBUG org.apache.http.conn.ssl.SSLConnectionSocketFactory -- Enabled cipher suites:[TLS_AES_256_GCM_SHA384, TLS_AES_128_GCM_SHA256, TLS_CHACHA20_POLY1305_SHA256, TLS_ECDHE_ECDSA_WITH_AES_256_GCM_SHA384, TLS_ECDHE_ECDSA_WITH_AES_128_GCM_SHA256, TLS_ECDHE_ECDSA_WITH_CHACHA20_POLY1305_SHA256, TLS_ECDHE_RSA_WITH_AES_256_GCM_SHA384, TLS_ECDHE_RSA_WITH_CHACHA20_POLY1305_SHA256, TLS_ECDHE_RSA_WITH_AES_128_GCM_SHA256, TLS_DHE_RSA_WITH_AES_256_GCM_SHA384, TLS_DHE_RSA_WITH_CHACHA20_POLY1305_SHA256, TLS_DHE_DSS_WITH_AES_256_GCM_SHA384, TLS_DHE_RSA_WITH_AES_128_GCM_SHA256, TLS_DHE_DSS_WITH_AES_128_GCM_SHA256, TLS_ECDHE_ECDSA_WITH_AES_256_CBC_SHA384, TLS_ECDHE_RSA_WITH_AES_256_CBC_SHA384, TLS_ECDHE_ECDSA_WITH_AES_128_CBC_SHA256, TLS_ECDHE_RSA_WITH_AES_128_CBC_SHA256, TLS_DHE_RSA_WITH_AES_256_CBC_SHA256, TLS_DHE_DSS_WITH_AES_256_CBC_SHA256, TLS_DHE_RSA_WITH_AES_128_CBC_SHA256, TLS_DHE_DSS_WITH_AES_128_CBC_SHA256, TLS_ECDHE_ECDSA_WITH_AES_256_CBC_SHA, TLS_ECDHE_RSA_WITH_AES_256_CBC_SHA, TLS_ECDHE_ECDSA_WITH_AES_128_CBC_SHA, TLS_ECDHE_RSA_WITH_AES_128_CBC_SHA, TLS_DHE_RSA_WITH_AES_256_CBC_SHA, TLS_DHE_DSS_WITH_AES_256_CBC_SHA, TLS_DHE_RSA_WITH_AES_128_CBC_SHA, TLS_DHE_DSS_WITH_AES_128_CBC_SHA, TLS_RSA_WITH_AES_256_GCM_SHA384, TLS_RSA_WITH_AES_128_GCM_SHA256, TLS_RSA_WITH_AES_256_CBC_SHA256, TLS_RSA_WITH_AES_128_CBC_SHA256, TLS_RSA_WITH_AES_256_CBC_SHA, TLS_RSA_WITH_AES_128_CBC_SHA, TLS_EMPTY_RENEGOTIATION_INFO_SCSV]
15:08:18.018 [main] DEBUG org.apache.http.conn.ssl.SSLConnectionSocketFactory -- Starting handshake
15:08:18.035 [main] DEBUG org.apache.http.conn.ssl.SSLConnectionSocketFactory -- Secure session established
15:08:18.035 [main] DEBUG org.apache.http.conn.ssl.SSLConnectionSocketFactory --  negotiated protocol: TLSv1.3
15:08:18.035 [main] DEBUG org.apache.http.conn.ssl.SSLConnectionSocketFactory --  negotiated cipher suite: TLS_AES_256_GCM_SHA384
15:08:18.035 [main] DEBUG org.apache.http.conn.ssl.SSLConnectionSocketFactory --  peer principal: CN=dog.ceo
15:08:18.035 [main] DEBUG org.apache.http.conn.ssl.SSLConnectionSocketFactory --  peer alternative names: [dog.ceo, *.dog.ceo]
15:08:18.035 [main] DEBUG org.apache.http.conn.ssl.SSLConnectionSocketFactory --  issuer principal: CN=WE1, O=Google Trust Services, C=US
15:08:18.035 [main] DEBUG org.apache.http.impl.conn.DefaultHttpClientConnectionOperator -- Connection established 192.168.0.105:65299<->104.21.17.246:443
15:08:18.035 [main] DEBUG org.apache.http.impl.conn.DefaultManagedHttpClientConnection -- http-outgoing-11: set socket timeout to 30000
15:08:18.035 [main] DEBUG org.apache.http.impl.execchain.MainClientExec -- Executing request DELETE /api/breed/hound/images HTTP/1.1
15:08:18.035 [main] DEBUG org.apache.http.impl.execchain.MainClientExec -- Target auth state: UNCHALLENGED
15:08:18.035 [main] DEBUG org.apache.http.impl.execchain.MainClientExec -- Proxy auth state: UNCHALLENGED
15:08:18.035 [main] DEBUG org.apache.http.headers -- http-outgoing-11 >> DELETE /api/breed/hound/images HTTP/1.1
15:08:18.035 [main] DEBUG org.apache.http.headers -- http-outgoing-11 >> Host: dog.ceo
15:08:18.035 [main] DEBUG org.apache.http.headers -- http-outgoing-11 >> Connection: Keep-Alive
15:08:18.035 [main] DEBUG org.apache.http.headers -- http-outgoing-11 >> User-Agent: Apache-HttpClient/4.5.14 (Java/11.0.27)
15:08:18.035 [main] DEBUG org.apache.http.headers -- http-outgoing-11 >> Accept-Encoding: gzip,deflate
15:08:18.035 [main] DEBUG org.apache.http.wire -- http-outgoing-11 >> "DELETE /api/breed/hound/images HTTP/1.1[\r][\n]"
15:08:18.035 [main] DEBUG org.apache.http.wire -- http-outgoing-11 >> "Host: dog.ceo[\r][\n]"
15:08:18.035 [main] DEBUG org.apache.http.wire -- http-outgoing-11 >> "Connection: Keep-Alive[\r][\n]"
15:08:18.035 [main] DEBUG org.apache.http.wire -- http-outgoing-11 >> "User-Agent: Apache-HttpClient/4.5.14 (Java/11.0.27)[\r][\n]"
15:08:18.035 [main] DEBUG org.apache.http.wire -- http-outgoing-11 >> "Accept-Encoding: gzip,deflate[\r][\n]"
15:08:18.035 [main] DEBUG org.apache.http.wire -- http-outgoing-11 >> "[\r][\n]"
15:08:18.427 [main] DEBUG org.apache.http.wire -- http-outgoing-11 << "HTTP/1.1 405 Method Not Allowed[\r][\n]"
15:08:18.427 [main] DEBUG org.apache.http.wire -- http-outgoing-11 << "Date: Tue, 22 Jul 2025 18:08:33 GMT[\r][\n]"
15:08:18.427 [main] DEBUG org.apache.http.wire -- http-outgoing-11 << "Content-Type: application/json[\r][\n]"
15:08:18.427 [main] DEBUG org.apache.http.wire -- http-outgoing-11 << "Content-Length: 167[\r][\n]"
15:08:18.427 [main] DEBUG org.apache.http.wire -- http-outgoing-11 << "Connection: keep-alive[\r][\n]"
15:08:18.427 [main] DEBUG org.apache.http.wire -- http-outgoing-11 << "Server: cloudflare[\r][\n]"
15:08:18.427 [main] DEBUG org.apache.http.wire -- http-outgoing-11 << "X-Powered-By: PHP/8.1.32[\r][\n]"
15:08:18.427 [main] DEBUG org.apache.http.wire -- http-outgoing-11 << "Allow: GET, HEAD[\r][\n]"
15:08:18.427 [main] DEBUG org.apache.http.wire -- http-outgoing-11 << "Cache-Control: no-cache, private[\r][\n]"
15:08:18.427 [main] DEBUG org.apache.http.wire -- http-outgoing-11 << "Access-Control-Allow-Origin: *[\r][\n]"
15:08:18.427 [main] DEBUG org.apache.http.wire -- http-outgoing-11 << "Via: 1.1 varnish (Varnish/6.3), 1.1 varnish (Varnish/6.3)[\r][\n]"
15:08:18.427 [main] DEBUG org.apache.http.wire -- http-outgoing-11 << "X-Cache-Hits: 0[\r][\n]"
15:08:18.427 [main] DEBUG org.apache.http.wire -- http-outgoing-11 << "X-Cache: MISS[\r][\n]"
15:08:18.427 [main] DEBUG org.apache.http.wire -- http-outgoing-11 << "Age: 0[\r][\n]"
15:08:18.427 [main] DEBUG org.apache.http.wire -- http-outgoing-11 << "Vary: [\r][\n]"
15:08:18.427 [main] DEBUG org.apache.http.wire -- http-outgoing-11 << "Nel: {"report_to":"cf-nel","success_fraction":0.0,"max_age":604800}[\r][\n]"
15:08:18.427 [main] DEBUG org.apache.http.wire -- http-outgoing-11 << "Cf-Cache-Status: DYNAMIC[\r][\n]"
15:08:18.427 [main] DEBUG org.apache.http.wire -- http-outgoing-11 << "Report-To: {"group":"cf-nel","max_age":604800,"endpoints":[{"url":"https://a.nel.cloudflare.com/report/v4?s=E9U7lhpub72OoQa7QRIhQTVCfvMrA0J%2Bpd31VBcRg1gkQy57jT%2FZVcfJW%2BCDDooKiZpD1HxuYK2pIkYQ0rYT%2BcYr7i6OaM0%3D"}]}[\r][\n]"
15:08:18.427 [main] DEBUG org.apache.http.wire -- http-outgoing-11 << "CF-RAY: 9634e24cfa444568-GRU[\r][\n]"
15:08:18.427 [main] DEBUG org.apache.http.wire -- http-outgoing-11 << "alt-svc: h3=":443"; ma=86400[\r][\n]"
15:08:18.427 [main] DEBUG org.apache.http.wire -- http-outgoing-11 << "[\r][\n]"
15:08:18.427 [main] DEBUG org.apache.http.wire -- http-outgoing-11 << "{"status":"error","message":"No route found for \"DELETE http:\/\/dog.ceo\/api\/breed\/hound\/images\": Method Not Allowed (Allow: GET, HEAD) with code: 0","code":405}"
15:08:18.427 [main] DEBUG org.apache.http.headers -- http-outgoing-11 << HTTP/1.1 405 Method Not Allowed
15:08:18.427 [main] DEBUG org.apache.http.headers -- http-outgoing-11 << Date: Tue, 22 Jul 2025 18:08:33 GMT
15:08:18.427 [main] DEBUG org.apache.http.headers -- http-outgoing-11 << Content-Type: application/json
15:08:18.427 [main] DEBUG org.apache.http.headers -- http-outgoing-11 << Content-Length: 167
15:08:18.427 [main] DEBUG org.apache.http.headers -- http-outgoing-11 << Connection: keep-alive
15:08:18.427 [main] DEBUG org.apache.http.headers -- http-outgoing-11 << Server: cloudflare
15:08:18.427 [main] DEBUG org.apache.http.headers -- http-outgoing-11 << X-Powered-By: PHP/8.1.32
15:08:18.427 [main] DEBUG org.apache.http.headers -- http-outgoing-11 << Allow: GET, HEAD
15:08:18.427 [main] DEBUG org.apache.http.headers -- http-outgoing-11 << Cache-Control: no-cache, private
15:08:18.427 [main] DEBUG org.apache.http.headers -- http-outgoing-11 << Access-Control-Allow-Origin: *
15:08:18.428 [main] DEBUG org.apache.http.headers -- http-outgoing-11 << Via: 1.1 varnish (Varnish/6.3), 1.1 varnish (Varnish/6.3)
15:08:18.428 [main] DEBUG org.apache.http.headers -- http-outgoing-11 << X-Cache-Hits: 0
15:08:18.428 [main] DEBUG org.apache.http.headers -- http-outgoing-11 << X-Cache: MISS
15:08:18.428 [main] DEBUG org.apache.http.headers -- http-outgoing-11 << Age: 0
15:08:18.428 [main] DEBUG org.apache.http.headers -- http-outgoing-11 << Vary: 
15:08:18.428 [main] DEBUG org.apache.http.headers -- http-outgoing-11 << Nel: {"report_to":"cf-nel","success_fraction":0.0,"max_age":604800}
15:08:18.428 [main] DEBUG org.apache.http.headers -- http-outgoing-11 << Cf-Cache-Status: DYNAMIC
15:08:18.428 [main] DEBUG org.apache.http.headers -- http-outgoing-11 << Report-To: {"group":"cf-nel","max_age":604800,"endpoints":[{"url":"https://a.nel.cloudflare.com/report/v4?s=E9U7lhpub72OoQa7QRIhQTVCfvMrA0J%2Bpd31VBcRg1gkQy57jT%2FZVcfJW%2BCDDooKiZpD1HxuYK2pIkYQ0rYT%2BcYr7i6OaM0%3D"}]}
15:08:18.428 [main] DEBUG org.apache.http.headers -- http-outgoing-11 << CF-RAY: 9634e24cfa444568-GRU
15:08:18.428 [main] DEBUG org.apache.http.headers -- http-outgoing-11 << alt-svc: h3=":443"; ma=86400
15:08:18.428 [main] DEBUG org.apache.http.impl.execchain.MainClientExec -- Connection can be kept alive indefinitely
15:08:18.428 [main] DEBUG org.apache.http.impl.conn.PoolingHttpClientConnectionManager -- Connection [id: 11][route: {s}->https://dog.ceo:443] can be kept alive indefinitely
15:08:18.428 [main] DEBUG org.apache.http.impl.conn.DefaultManagedHttpClientConnection -- http-outgoing-11: set socket timeout to 0
15:08:18.428 [main] DEBUG org.apache.http.impl.conn.PoolingHttpClientConnectionManager -- Connection released: [id: 11][route: {s}->https://dog.ceo:443][total available: 1; route allocated: 1 of 5; total allocated: 1 of 10]
15:08:18.428 [main] DEBUG org.apache.http.impl.conn.PoolingHttpClientConnectionManager -- Connection manager is shutting down
15:08:18.428 [main] DEBUG org.apache.http.impl.conn.DefaultManagedHttpClientConnection -- http-outgoing-11: Close connection
15:08:18.428 [main] DEBUG org.apache.http.impl.conn.PoolingHttpClientConnectionManager -- Connection manager shut down
15:08:18.428 [main] DEBUG com.intuit.karate -- response time in milliseconds: 425
1 < 405
1 < Date: Tue, 22 Jul 2025 18:08:33 GMT
1 < Content-Type: application/json
1 < Content-Length: 167
1 < Connection: keep-alive
1 < Server: cloudflare
1 < X-Powered-By: PHP/8.1.32
1 < Allow: GET, HEAD
1 < Cache-Control: no-cache, private
1 < Access-Control-Allow-Origin: *
1 < Via: 1.1 varnish (Varnish/6.3), 1.1 varnish (Varnish/6.3)
1 < X-Cache-Hits: 0
1 < X-Cache: MISS
1 < Age: 0
1 < Vary: 
1 < Nel: {"report_to":"cf-nel","success_fraction":0.0,"max_age":604800}
1 < Cf-Cache-Status: DYNAMIC
1 < Report-To: {"group":"cf-nel","max_age":604800,"endpoints":[{"url":"https://a.nel.cloudflare.com/report/v4?s=E9U7lhpub72OoQa7QRIhQTVCfvMrA0J%2Bpd31VBcRg1gkQy57jT%2FZVcfJW%2BCDDooKiZpD1HxuYK2pIkYQ0rYT%2BcYr7i6OaM0%3D"}]}
1 < CF-RAY: 9634e24cfa444568-GRU
1 < alt-svc: h3=":443"; ma=86400
{"status":"error","message":"No route found for \"DELETE http:\/\/dog.ceo\/api\/breed\/hound\/images\": Method Not Allowed (Allow: GET, HEAD) with code: 0","code":405}

]]></system-out>
  </testcase>
  <testcase name="[7.1:56] Listar imagens de várias raças dinamicamente" classname="features/breed_images" time="0.539">
    <system-out><![CDATA[15:08:18.432 [main] DEBUG org.apache.http.client.protocol.RequestAddCookies -- CookieSpec selected: karate
15:08:18.432 [main] DEBUG org.apache.http.client.protocol.RequestAuthCache -- Auth cache not set in the context
15:08:18.432 [main] DEBUG com.intuit.karate -- request:
1 > GET https://dog.ceo/api/breed/hound/images
1 > Host: dog.ceo
1 > Connection: Keep-Alive
1 > User-Agent: Apache-HttpClient/4.5.14 (Java/11.0.27)
1 > Accept-Encoding: gzip,deflate


15:08:18.433 [main] DEBUG org.apache.http.impl.conn.PoolingHttpClientConnectionManager -- Connection request: [route: {s}->https://dog.ceo:443][total available: 0; route allocated: 0 of 5; total allocated: 0 of 10]
15:08:18.433 [main] DEBUG org.apache.http.impl.conn.PoolingHttpClientConnectionManager -- Connection leased: [id: 12][route: {s}->https://dog.ceo:443][total available: 0; route allocated: 1 of 5; total allocated: 1 of 10]
15:08:18.433 [main] DEBUG org.apache.http.impl.execchain.MainClientExec -- Opening connection {s}->https://dog.ceo:443
15:08:18.433 [main] DEBUG org.apache.http.impl.conn.DefaultHttpClientConnectionOperator -- Connecting to dog.ceo/104.21.17.246:443
15:08:18.433 [main] DEBUG org.apache.http.conn.ssl.SSLConnectionSocketFactory -- Connecting socket to dog.ceo/104.21.17.246:443 with timeout 30000
15:08:18.456 [main] DEBUG org.apache.http.conn.ssl.SSLConnectionSocketFactory -- Enabled protocols: [TLSv1.3, TLSv1.2]
15:08:18.456 [main] DEBUG org.apache.http.conn.ssl.SSLConnectionSocketFactory -- Enabled cipher suites:[TLS_AES_256_GCM_SHA384, TLS_AES_128_GCM_SHA256, TLS_CHACHA20_POLY1305_SHA256, TLS_ECDHE_ECDSA_WITH_AES_256_GCM_SHA384, TLS_ECDHE_ECDSA_WITH_AES_128_GCM_SHA256, TLS_ECDHE_ECDSA_WITH_CHACHA20_POLY1305_SHA256, TLS_ECDHE_RSA_WITH_AES_256_GCM_SHA384, TLS_ECDHE_RSA_WITH_CHACHA20_POLY1305_SHA256, TLS_ECDHE_RSA_WITH_AES_128_GCM_SHA256, TLS_DHE_RSA_WITH_AES_256_GCM_SHA384, TLS_DHE_RSA_WITH_CHACHA20_POLY1305_SHA256, TLS_DHE_DSS_WITH_AES_256_GCM_SHA384, TLS_DHE_RSA_WITH_AES_128_GCM_SHA256, TLS_DHE_DSS_WITH_AES_128_GCM_SHA256, TLS_ECDHE_ECDSA_WITH_AES_256_CBC_SHA384, TLS_ECDHE_RSA_WITH_AES_256_CBC_SHA384, TLS_ECDHE_ECDSA_WITH_AES_128_CBC_SHA256, TLS_ECDHE_RSA_WITH_AES_128_CBC_SHA256, TLS_DHE_RSA_WITH_AES_256_CBC_SHA256, TLS_DHE_DSS_WITH_AES_256_CBC_SHA256, TLS_DHE_RSA_WITH_AES_128_CBC_SHA256, TLS_DHE_DSS_WITH_AES_128_CBC_SHA256, TLS_ECDHE_ECDSA_WITH_AES_256_CBC_SHA, TLS_ECDHE_RSA_WITH_AES_256_CBC_SHA, TLS_ECDHE_ECDSA_WITH_AES_128_CBC_SHA, TLS_ECDHE_RSA_WITH_AES_128_CBC_SHA, TLS_DHE_RSA_WITH_AES_256_CBC_SHA, TLS_DHE_DSS_WITH_AES_256_CBC_SHA, TLS_DHE_RSA_WITH_AES_128_CBC_SHA, TLS_DHE_DSS_WITH_AES_128_CBC_SHA, TLS_RSA_WITH_AES_256_GCM_SHA384, TLS_RSA_WITH_AES_128_GCM_SHA256, TLS_RSA_WITH_AES_256_CBC_SHA256, TLS_RSA_WITH_AES_128_CBC_SHA256, TLS_RSA_WITH_AES_256_CBC_SHA, TLS_RSA_WITH_AES_128_CBC_SHA, TLS_EMPTY_RENEGOTIATION_INFO_SCSV]
15:08:18.456 [main] DEBUG org.apache.http.conn.ssl.SSLConnectionSocketFactory -- Starting handshake
15:08:18.491 [main] DEBUG org.apache.http.conn.ssl.SSLConnectionSocketFactory -- Secure session established
15:08:18.491 [main] DEBUG org.apache.http.conn.ssl.SSLConnectionSocketFactory --  negotiated protocol: TLSv1.3
15:08:18.491 [main] DEBUG org.apache.http.conn.ssl.SSLConnectionSocketFactory --  negotiated cipher suite: TLS_AES_256_GCM_SHA384
15:08:18.491 [main] DEBUG org.apache.http.conn.ssl.SSLConnectionSocketFactory --  peer principal: CN=dog.ceo
15:08:18.491 [main] DEBUG org.apache.http.conn.ssl.SSLConnectionSocketFactory --  peer alternative names: [dog.ceo, *.dog.ceo]
15:08:18.491 [main] DEBUG org.apache.http.conn.ssl.SSLConnectionSocketFactory --  issuer principal: CN=WE1, O=Google Trust Services, C=US
15:08:18.491 [main] DEBUG org.apache.http.impl.conn.DefaultHttpClientConnectionOperator -- Connection established 192.168.0.105:65300<->104.21.17.246:443
15:08:18.491 [main] DEBUG org.apache.http.impl.conn.DefaultManagedHttpClientConnection -- http-outgoing-12: set socket timeout to 30000
15:08:18.491 [main] DEBUG org.apache.http.impl.execchain.MainClientExec -- Executing request GET /api/breed/hound/images HTTP/1.1
15:08:18.491 [main] DEBUG org.apache.http.impl.execchain.MainClientExec -- Target auth state: UNCHALLENGED
15:08:18.491 [main] DEBUG org.apache.http.impl.execchain.MainClientExec -- Proxy auth state: UNCHALLENGED
15:08:18.492 [main] DEBUG org.apache.http.headers -- http-outgoing-12 >> GET /api/breed/hound/images HTTP/1.1
15:08:18.492 [main] DEBUG org.apache.http.headers -- http-outgoing-12 >> Host: dog.ceo
15:08:18.492 [main] DEBUG org.apache.http.headers -- http-outgoing-12 >> Connection: Keep-Alive
15:08:18.492 [main] DEBUG org.apache.http.headers -- http-outgoing-12 >> User-Agent: Apache-HttpClient/4.5.14 (Java/11.0.27)
15:08:18.492 [main] DEBUG org.apache.http.headers -- http-outgoing-12 >> Accept-Encoding: gzip,deflate
15:08:18.492 [main] DEBUG org.apache.http.wire -- http-outgoing-12 >> "GET /api/breed/hound/images HTTP/1.1[\r][\n]"
15:08:18.492 [main] DEBUG org.apache.http.wire -- http-outgoing-12 >> "Host: dog.ceo[\r][\n]"
15:08:18.492 [main] DEBUG org.apache.http.wire -- http-outgoing-12 >> "Connection: Keep-Alive[\r][\n]"
15:08:18.492 [main] DEBUG org.apache.http.wire -- http-outgoing-12 >> "User-Agent: Apache-HttpClient/4.5.14 (Java/11.0.27)[\r][\n]"
15:08:18.492 [main] DEBUG org.apache.http.wire -- http-outgoing-12 >> "Accept-Encoding: gzip,deflate[\r][\n]"
15:08:18.492 [main] DEBUG org.apache.http.wire -- http-outgoing-12 >> "[\r][\n]"
15:08:18.919 [main] DEBUG org.apache.http.wire -- http-outgoing-12 << "HTTP/1.1 200 OK[\r][\n]"
15:08:18.919 [main] DEBUG org.apache.http.wire -- http-outgoing-12 << "Date: Tue, 22 Jul 2025 18:08:33 GMT[\r][\n]"
15:08:18.919 [main] DEBUG org.apache.http.wire -- http-outgoing-12 << "Content-Type: application/json[\r][\n]"
15:08:18.919 [main] DEBUG org.apache.http.wire -- http-outgoing-12 << "Content-Length: 3314[\r][\n]"
15:08:18.919 [main] DEBUG org.apache.http.wire -- http-outgoing-12 << "Connection: keep-alive[\r][\n]"
15:08:18.919 [main] DEBUG org.apache.http.wire -- http-outgoing-12 << "Server: cloudflare[\r][\n]"
15:08:18.919 [main] DEBUG org.apache.http.wire -- http-outgoing-12 << "X-Powered-By: PHP/8.1.32[\r][\n]"
15:08:18.919 [main] DEBUG org.apache.http.wire -- http-outgoing-12 << "Access-Control-Allow-Origin: *[\r][\n]"
15:08:18.919 [main] DEBUG org.apache.http.wire -- http-outgoing-12 << "Content-Encoding: gzip[\r][\n]"
15:08:18.919 [main] DEBUG org.apache.http.wire -- http-outgoing-12 << "Via: 1.1 varnish (Varnish/6.3), 1.1 varnish (Varnish/6.3)[\r][\n]"
15:08:18.919 [main] DEBUG org.apache.http.wire -- http-outgoing-12 << "Cache-Control: max-age=1800[\r][\n]"
15:08:18.919 [main] DEBUG org.apache.http.wire -- http-outgoing-12 << "X-Cache-Age: 3673[\r][\n]"
15:08:18.919 [main] DEBUG org.apache.http.wire -- http-outgoing-12 << "X-Cache-Hits: 31[\r][\n]"
15:08:18.919 [main] DEBUG org.apache.http.wire -- http-outgoing-12 << "X-Cache: HIT[\r][\n]"
15:08:18.919 [main] DEBUG org.apache.http.wire -- http-outgoing-12 << "Accept-Ranges: bytes[\r][\n]"
15:08:18.919 [main] DEBUG org.apache.http.wire -- http-outgoing-12 << "Age: 0[\r][\n]"
15:08:18.919 [main] DEBUG org.apache.http.wire -- http-outgoing-12 << "Vary: Accept-Encoding[\r][\n]"
15:08:18.919 [main] DEBUG org.apache.http.wire -- http-outgoing-12 << "Nel: {"report_to":"cf-nel","success_fraction":0.0,"max_age":604800}[\r][\n]"
15:08:18.919 [main] DEBUG org.apache.http.wire -- http-outgoing-12 << "Cf-Cache-Status: DYNAMIC[\r][\n]"
15:08:18.919 [main] DEBUG org.apache.http.wire -- http-outgoing-12 << "Report-To: {"group":"cf-nel","max_age":604800,"endpoints":[{"url":"https://a.nel.cloudflare.com/report/v4?s=GtxGwin0BctW9gOoXYSbD9vuB4zQJSmn8bWkCfVVpt6S7Q0H8C2BFObC6wDD8W7zLIGZckGJM%2BbZwqlhRhspH5UGiK%2Fc"}]}[\r][\n]"
15:08:18.919 [main] DEBUG org.apache.http.wire -- http-outgoing-12 << "CF-RAY: 9634e24fd8636478-GIG[\r][\n]"
15:08:18.919 [main] DEBUG org.apache.http.wire -- http-outgoing-12 << "alt-svc: h3=":443"; ma=86400[\r][\n]"
15:08:18.919 [main] DEBUG org.apache.http.wire -- http-outgoing-12 << "[\r][\n]"
15:08:18.919 [main] DEBUG org.apache.http.wire -- http-outgoing-12 << "[0x1f][0x8b][0x8][0x0][0x0][0x0][0x0][0x0][0x0][0x3][0xad][0x9d][0xdb][0x8e]U[0xb9][0x15]E[0xff][0xa5][0x9e][0xbb][0xc1][0xf6][0xf2][0x95]_[0x9][0x11]*[0x9a][\n]"
15:08:18.919 [main] DEBUG org.apache.http.wire -- http-outgoing-12 << "[0x90][0xd0][0x14][0xea]S(R[0xa2][0xfc]{6Ix[0x89][0xe7][0xcb]<[0x1e]/[0xa8]A[0xea][0xa1][0xb3][0xed][0xe5]u[0xf7][0xf2]?[0x1f]~[0xba][0xdd][0x1e]?>=[0xbc][0xf9][0xd3][0xc3][0xa7][0x97][0x97]o[0xb7]7o_[0xbf]}[0xfd][0xf9][0xf7][0xeb][0x9f]n[0xaf]><|[0xf5][0xdb][0xd3][0xf3][0xdb][0xd7][0xef][0xff]xz[0xfa]p{[0xfb][0xfa][0xd3][0xf3][0xf7][0xaf][0x1f]~}[0xfc][0xcb][0xc7]O[0x8f]_[0xdf][0xbe][0xfe][0x9a]J[0x9a]3[0xad][0xfa].[0xa7][0x14][0xaf][0xfe][0xfa][0xed][0xe3][0xc3]/G[0x90][0xd2][0x9][0xca][0xc8][\r][0xa0][0xcc]R[0xce])[0xb9]L[0x0]R[0x81][0xef]![0xd6]$[0xb7]D@[0x6]B[0x99][0x15][0xa0][0xcc][0xe]@V[0x3][0xa4][0xb6][0x4][0xf0]=[0xa5]-[0x0][0xd2];[0xf1]S[0xe6] ~[0xcb]"d?[0x90][0x13][0x14][0x85][0x10][0xdc][0x8][0xe2][0xa7][0xb4][0x4]([0xa7]h[0x3][0x80] [0x8b][0x82][0x8]K[0xac][0x4]Pj[0x2]tB[0xcd][0xc0][0xaa]T[0xe2]4Wbe[0xdb][0x2][0xc4][0xad][0xf7]|[0xe][0x19][0x5][0xd0]M[0x3][0xd0][0xd7][0xb3][0x0][0xeb]:'[0xb0][0xae]+[0xce]!%u[0x0]B,l[0xa9][0xed][0xdc]e*[0xed]\[0xd4]J[0x3][0x8c]F[0xe9][0xe5]\[0x9b]\v[0xe7]\[0x9b][0x94][0x1]l[0xf0][0x8]`o[0xc6][0x2] [0x13][0x88]7"[0x9d]o[0xf0][0xc5]8[0x17][0xb5][0xb]rn[0x89]/[0xc8][0xb9]F[0x8a]4[0xcf]E-.[0x97][0x18][0x80][0x10][0x9f]S[0x12][0xb0];%[0x0]Y[0x8b]u[0xae][0x8][0xa2][0x2][0x8a][0xe0][0xf2][0x1d][0x9][0x8][0x10]#[0x10][0xfe]g4[0xc0][0x84]^[0x90]s[0x95][0x14]m[0x1]b[0xd2][0x1][0xb7]"z[0x0];[0xdc][0x81][0xa8]6f[0x3][0xa4]~[0x2][0x1e]A[0x0][0x1e]l[0xac][0x0][0x4]vU[0xe0][0xe4],@[0xea]k[0x2]>[0xa7]&[0xc0][0xaf][0xa8][0xb9][0x9e][0xcb]Z[0xcd][0xeb][0xdc][0x9c][0xd7][0x2][0x1c][0x9d]Z[0x16][0x0][0x89][0x4][0xec]N[0x0]qh[0x8d][0x6]l1a[0xff]j[0x5][0x92]d[0xb5]v`a[0x1b][0xe0]X[0xd4]V[0x8][0x8][0xe0]NW[0xe2][0x10]O@[0x9d]4[0xc2][0xff]l@[0xae][0xbb][0x11][0xb9][0xee][0x6][0x94][0x10]Z[0xcc]s!i5[0x9f]+[0xd8]V[0xe3][0xfc][0x8][0xb7][0x96][0xce][0x8f]p[[0xe5]\[0xd4][0xfa][0xf9][0xfe][0xf6][0x4]$s{[0xa9][0xe7][0x1b][0xdc]+`[0xb7]z[0x9d][0xc0][0xe7][0xd4]s[0x7][0xf6]b[0x9c][0x8b]k[0xef][0x80][0x15][0xee]@`02[0x90]Q[0x1e][0xc0][0x1][0x1e][0xb9][0x2]?[0xa4][0x0][0x7]g[0xf4][0x9]|[0xce]\[0xe7][0xaa]d[0xac][0xf3][0xc3]7[0x13]P[0xb6][0x9e][0x1]X[0xad]Y;[0x0][0x1][0xce][0xcd][0x2][0x9c][0xd7][0x95][0xce][0xcf][0xde][0x2][0x8e][0xcd][0x2]\[0x92][0x5][0x14][0x9a][0x97][0xad][0x8b]"
15:08:18.919 [main] DEBUG org.apache.http.headers -- http-outgoing-12 << HTTP/1.1 200 OK
15:08:18.919 [main] DEBUG org.apache.http.headers -- http-outgoing-12 << Date: Tue, 22 Jul 2025 18:08:33 GMT
15:08:18.919 [main] DEBUG org.apache.http.headers -- http-outgoing-12 << Content-Type: application/json
15:08:18.919 [main] DEBUG org.apache.http.headers -- http-outgoing-12 << Content-Length: 3314
15:08:18.919 [main] DEBUG org.apache.http.headers -- http-outgoing-12 << Connection: keep-alive
15:08:18.919 [main] DEBUG org.apache.http.headers -- http-outgoing-12 << Server: cloudflare
15:08:18.919 [main] DEBUG org.apache.http.headers -- http-outgoing-12 << X-Powered-By: PHP/8.1.32
15:08:18.919 [main] DEBUG org.apache.http.headers -- http-outgoing-12 << Access-Control-Allow-Origin: *
15:08:18.919 [main] DEBUG org.apache.http.headers -- http-outgoing-12 << Content-Encoding: gzip
15:08:18.919 [main] DEBUG org.apache.http.headers -- http-outgoing-12 << Via: 1.1 varnish (Varnish/6.3), 1.1 varnish (Varnish/6.3)
15:08:18.919 [main] DEBUG org.apache.http.headers -- http-outgoing-12 << Cache-Control: max-age=1800
15:08:18.919 [main] DEBUG org.apache.http.headers -- http-outgoing-12 << X-Cache-Age: 3673
15:08:18.919 [main] DEBUG org.apache.http.headers -- http-outgoing-12 << X-Cache-Hits: 31
15:08:18.919 [main] DEBUG org.apache.http.headers -- http-outgoing-12 << X-Cache: HIT
15:08:18.919 [main] DEBUG org.apache.http.headers -- http-outgoing-12 << Accept-Ranges: bytes
15:08:18.919 [main] DEBUG org.apache.http.headers -- http-outgoing-12 << Age: 0
15:08:18.919 [main] DEBUG org.apache.http.headers -- http-outgoing-12 << Vary: Accept-Encoding
15:08:18.919 [main] DEBUG org.apache.http.headers -- http-outgoing-12 << Nel: {"report_to":"cf-nel","success_fraction":0.0,"max_age":604800}
15:08:18.919 [main] DEBUG org.apache.http.headers -- http-outgoing-12 << Cf-Cache-Status: DYNAMIC
15:08:18.919 [main] DEBUG org.apache.http.headers -- http-outgoing-12 << Report-To: {"group":"cf-nel","max_age":604800,"endpoints":[{"url":"https://a.nel.cloudflare.com/report/v4?s=GtxGwin0BctW9gOoXYSbD9vuB4zQJSmn8bWkCfVVpt6S7Q0H8C2BFObC6wDD8W7zLIGZckGJM%2BbZwqlhRhspH5UGiK%2Fc"}]}
15:08:18.919 [main] DEBUG org.apache.http.headers -- http-outgoing-12 << CF-RAY: 9634e24fd8636478-GIG
15:08:18.919 [main] DEBUG org.apache.http.headers -- http-outgoing-12 << alt-svc: h3=":443"; ma=86400
15:08:18.919 [main] DEBUG org.apache.http.impl.execchain.MainClientExec -- Connection can be kept alive indefinitely
15:08:18.920 [main] DEBUG org.apache.http.wire -- http-outgoing-12 << "[0xde]?[0xde]nO/?[0x19]%[0xe6][0x8f]>[\r];[0xe9]))[0xf6][0xba]J[0x8a][0xdd][0x1d]!)v[0x6]VS\e")[0xb6]&[0x90][0x14][0xdb][0x1d][0x97][0x14];[0x1e]V[0x94]lW[0x9a]%[0xc5][0x8e]C5[0x85]X[0xdd]l[0xa7][0xd8]$[0xa5]"_T[0x89][0xd5]-[0x88]f[0x8][0xbb][0xb8]#)v[0xb2]NQ*r[0xa6][0xab]][0x8f]T[0x94][0x86][0xc8][0xae]_BW[0x94]n[0xe7][0xfd][0x14]e[0xd8][0x11][0x87][0xa4][0xd8][0x9]bMq=[0x5]E[0x99]v[0x17][0x8a][0xa2][0xf8][0x95]tA[0xc9][0x88][0x96][0xca][0xd9]nt[0x90][0x14];d[0x97][0x94][\n]"
15:08:18.920 [main] DEBUG org.apache.http.wire -- http-outgoing-12 << "[0x9c][0xe9]\[0xec][0xba][0x93][0xa4][0x14]bu[0x8b][0x9d]TQ[0x94][0x8][0xc0][0x92][0xe4][0xb0]c!Ei[0x84]_[0x97][&[0xd6][0xc5][0xcf]{I[\n]"
15:08:18.920 [main] DEBUG org.apache.http.wire -- http-outgoing-12 << "a[0x1b]s[0xb7]S4[0x8a]2[0xed][0xc8]YS[0x8]yY[0x19][0xd0][0x98]%[0xdb]a[0xbc][0xa4][0xd8]Y}E[0xa9]v:OR:[0xb0][0xba][0xa5]5@^J#[0xe2][0x80]b7[0xcc])[0xc8][0xea][0xc4][0x16][0xad][0x1][0x98][0xa3][0xb2][0x16][0xb0][0xd1][0x91][0x8][0xa3][0x16][0xc9]n[0x8c]T[0x94][0xbc][0x8]J[0x10][0x8e]jT[0xc2][0x1c]E[0xb7][0xd3].[0x92]B[0x18][0xb5][0x18]vC[0xaf][0xa4] {4+![0xbb]~RKP*[0x91][0xab][0x18][0x1]h[0x17][0xbf][0x99]a[0x87]\~[0xe1][0xf9][0xfe][0x94][0x2]X[0xc5][0xd2][0x0]-W:[0xe0]+[0x94][0x8e][0xfc][0x12];[0xeb][0xb8]C"[0x1][0xf6][0x3]Q[0xb6][0x11]vG[0xa0][0x80][0xd4]qn[0xdf][0xa3][0x11][0x9f][0x3][0xb8][0x8]1[0xc6][0xb9]:[0xa9][0x19]H*[0xd4][0xb0]+[0xf][\n]"
15:08:18.920 [main] DEBUG org.apache.http.wire -- http-outgoing-12 << "[0x2]H}[0xb5][0xcb][0x17];[0xa3][0x1][0xca][0xa4][0x15][0xc0][0x1c][0xb7][\n]"
15:08:18.920 [main] DEBUG org.apache.http.wire -- http-outgoing-12 << "[0xa4]j:[0x10]x[0xf7][0x94][0xcf][0x85][0xe4][0x82][0x9c][0xaf][0xeb][0x1d]Ew[0x1][0xc9][0x80]o[0xdd][0x1b][0x90]/[0xea]@[0xfe][0xcb][0xbf][0xb0][0xa7][0x18][0xc0][0xaa][0xe][0xbb][0xec]'![0xe7]:[0xad]OB\[0x89][0x8a][0xdb][0xc8][0x80][0x9f]52[0x90][0xaf][0x1a][0x5][0x10][0xd7][0xe1]7[0xc3][0xb]H[0x3]R[0xc7][0x83][0xc8]bO[0xa2][0x8c]3[0xab]]![0x16][0x90]V[0x0][0xc8][0x4]l[0xce]Jv'[0x82][0x82][0x14][0x0][0x92][0x81]@ge[0xfb]j[0x9b][0x80][0x14]@M[0xaf]bw[0x9e]*[0x8]PHZ[0x1]T[0x17]V[0x0][0xfa]d[0x5]P[0xe9][[0x1]$3W[0x0]U[0xf7]U[0xed][0xab]O[\n]"
15:08:18.920 [main] DEBUG org.apache.http.wire -- http-outgoing-12 << "[0x2]D[0x90][0xcb]osV[0x10] [0x82]\[\r]([0xb8][0xaf]f[0xf7]&*[0x8][0x10][0x1b]\[0x10][0xe0][0x97][0x10]>[0xf9][0xf2]/[0x97]*[0x8][0xe0]N[0xaf]n[0xb7][0xd1][0x9][0xc8][0xb0]{[0xea][0x15][0x4][0x8]1[0xd6] [0x94][0x12][0x11][0x9b][0xaf]1[0x89][0xcf][0x99][0xc0][0x1][0x1c]@[0xee]~M[0xc2][0xb5][0x98][0x80][0xe3][0xb7][0x16]P[0xa3]\[0x8b][0xb0];~o[0xa0][0x82][0xd8][0x1d][0xd3][0x12]b{[0x5]_[0x9e][0x9f]?[0xfc]d[0xd4][0xde][0xb4][0x9d][0xf9][0x99][0xff][0x1d][0xe2][0x8b][0xc9][0xce][0x8]?[0xad], ~[0xf4][0xa6] [0xc0][0xe7]T?,[0xde]![0xcd]nEW[0x10]{0[0x82][0x80][0xf8][0x83]<[0x14][0xc4][0xaf][0x9b][0xed][0x90][0x9]lq[0xe][0xfb][0x16][0x96][0x80]t[0xbf][0xb7]e[0x87],[0xbf]:[0xba]A[0x8a]?[0xce]M@[0xc2][0x8f][0xf2][0x5][0xc4][0xcf][0xc1][0xec][0x10]?[0x2][0xdc][0x18]w[0xf4][0x12]n[0x8c];z[0xb]v[0x86]_6[0xd8][0x18]}[0x9c]K[0xfc]:W[0xf3]%[0xd9][0x97][0x96]v[0xc6][0x1d]A[0xe8][0xc6][0xb8][0xa3]([0xbb]3[0xec][0xab][0xa9][0x1b]#[0xb2]=[0xd3]ng[0xb4]~[0xfc]-[0xf5][0x8e]^[0xf8][0x8d][0x91]}[0xef]wc[0x84][0x1f][0xf3]m[0x8c]zn[0xac][0xea][0xf0][0xfb][0xb6]6[0xc6][0xf4][0xf3]a[0x1b][0xc3][0xbf]U[0xb3]1[0xda][0x1d]y[0xb9][0x8d]qGJ{c[0x14]?A[0xbf]1[0xea][0xf9][0xd9]o[0xf3][0xdc]p[0xf7][0xe4]w[0xc1]m[0x8c][0xec][0xc7][0xf2];[0xc3][0xf]G6F9[0xdf][0xdb][0xee][0xdf]6[0xde][0x19]w[0xd4][0xd6]6[0xc6]8[0x97][0xb1]>[0xfc]~[0x81][0x8d]1[0xcf]mC_~rdg[0x9c][0xfb][0xe]}[0xf9]YR[0xc1][0x0][0xd6][0xe3][0xdc]V[0x8e]t[0xae]O[0x7][0x10][0xaa][0x8e]t.[0xeb]#[0xf9]9[0xe3][0x9d][0xe1]g[0xf1]6F[0xb6]gZ[0x8][0xc6][0xb9][0xbf]~1[0xce][0xf7][0xd6][0x9f]([0xb3]3[0x8a][0x9f][0xfc][0xde][0x19][0xe7][0xfa][0xe3][\n]"
15:08:18.920 [main] DEBUG org.apache.http.wire -- http-outgoing-12 << "[0xb7][0xcf][0x19][0xf5]<[0xa3]2* [0x1f][0x15]X[0xd3][\n]"
15:08:18.920 [main] DEBUG org.apache.http.wire -- http-outgoing-12 << "[0xc8][0xd8][0x1d][0xd5][0x91][0x8d][0xe1]O[0xf2][0xdd][0x19][0xfd]<[0xab]s1[0xce][0xcf]K[0x7][0xe4][0xa3][0xfb]7[0xb9]6[0xc6]8[0xcf]^[0x8c][0xe1][0xdf][0xfa][0xdb][0x19][0xe7][0xbe][0xd4][0x98][0xe7]v[0xcc][0xf3][0x98]p,[0xff][0xae][0xf6][0xce][0x0][0xce][0x1c][0xe0][0xc3][0x8c]u[0x9e][0xcb][0x99][0x80][0xdd][0x9f][0xc9][0xef][0xd6][0xd8][0x19][0xe7]q[0xf6][0xcc][0xfe][0xdd][0xb1][0x9d]qn_f[0xb6][0xa7][0x5][\n]"
15:08:18.920 [main] DEBUG org.apache.http.wire -- http-outgoing-12 << "[0xc6][0xb9][0x8c][0xcd][0xe2][0xd7][0xcb]6F[0xf8][0xed]<;[0xe3][0xbc]n0[0xab]_[0xe7][0xda][0x18][0xfe]@-[0xc5]8[0x97][0xd3]v[0x1e][0x8b][0xcd][0xe][0xc8][0xfa]8[0xcf][0x8f][0xcd]q[0x1e]GM[0xc0]6[0xcc];[0x1a]%[0x5][0xe3]\[0x9f]N[0xe0][0xbc][0xcc]s[0xdf][0xf2][0xfa][0xf3]|=[0x96]=[0xe3]L0[0xec][0xf9]s[0x82][0xe1][0xdf][0x88][0xfc][0xc6]J[0xe7][0xbe][0xf6][0x2]b[0xd3][0x95][0xfc][0xb9][0x12];[0x3]X[0x8f];&[0x99][0x8][0xc6][0xf9]z[0x94]|,c[0xab][0xd8][0x13][0x1b][0x5][0xe3][0xfc][0xbc]\[0x8c]c[0x9d]|[0xb9][0xa7][0xe7][0xdf][0x12][0xe7]q[0xf6][0xba][0xe3][0x92][0xd2][0xce]8[0xaf][0xad][0xad][0xe6][0xf7]i[0xef][0x8c]q.[0xa7]w\[0x95][0xda][0x18][0x1d]8/wt[0xa8][0x9][0xc6][0xb9][0x9c]v[0xbf][0x8d]jc\[0xce][0xc3]1[0xc3][0xaf][0xdf]>}[0xfd][0xf8][0xe5][0xf3][0xed][0xd3][0xff]([0xeb][\n]"
15:08:18.920 [main] DEBUG org.apache.http.wire -- http-outgoing-12 << "[0xa2][0xde][0xb9]K[0xaa][0x10]~[0x11]XR[0xec][[0x8a][0x92]b[0xb][0xbc][0xa6][0xb8][0xa6]JQ[0xfc][0xa9][0x91][0x92]b[0xa7][0x96][0x15][0xa5][0xd8][0x5]PI[0xb1][0xdb][0x1f]$[0xc5].[0xd8])J[0xd8])"I[0xb1][0x9d]gI[0xb1][0xe7]kk[\n]"
15:08:18.920 [main] DEBUG org.apache.http.wire -- http-outgoing-12 << "!/a[0x87]X[0x8a][0xe2][0xdf][0xc1]T[0x94]f[0xab]}I[0xb1][0x95][0xa5][0xa2][0xf8][0xad]Y[0x8a]2l[0xa3],)v[\n]"
15:08:18.920 [main] DEBUG org.apache.http.wire -- http-outgoing-12 << "LR[0xec][0xa9][0x8][0x8a][0xe2][0xbf][0xc3]#)[0xc4]F[0xfb]VQR[0x10][0xd1][0xf5];5$[0xc5][0xbe]t$([0x80]n)[0xfe][0xbd]]I[0xb1][0xdd]|I[0xb1][0x93]/[0x92]b_[0x99][0xd5][0x14][0xc0][0x16][0x95]d[0xa7][0xa3]%[0x5][0xf9])v[0x1b][0xb9][0xa2][0xf8]1[0xb2][0xa4][0x10][0xca][0xb2][0xf8]s[0xfc]%[0xc5][0xbe][0xab]([0xc5][0x9e][0xae]&)[0x84]3V[0xc2][0xbe][0x80][0xa4])[0x84][0xd4][0xf9]M[0xf6][0x92][0x82][0xa8][0x97]j[0xe7][0xee]$[0xc5][0xce][0x98]K[\n]"
15:08:18.920 [main] DEBUG org.apache.http.wire -- http-outgoing-12 << "q[0x0][0xaa][0xdd](#)v[0xd8][0xaa]("
15:08:18.921 [main] DEBUG org.apache.http.wire -- http-outgoing-12 << "[0xfe][0xd3]c[0x92]B[0xac]m[0xb3][0xaf]x)J'[0xdc][0x9f][0xe2][0x8f][0xdc][0x92][0x14]D_vD[0xd3][0xd9]E|[0x9]!"[0x9a]2[0x98][0xf][0xb2][0xd3]G[0x8a]2[0x11][0xc3]hW'[0x15]d[0xd9]u0A[0x89]d[0x8f]O[0x90][0x14][0xbb][0x1f]PQ[0xfc]W'%[0xc5][0xae]CI[0x8a]}[0x9]GR[0xec][0x91]s[0x92]B[0x1c][0xa3];[0x9e][0xe3][0x94][0x14][0xbb]CYR[0x88][0x9f][0x2][0xc4]EQ[0xec][0xa1]9[0x92]BD[0xe2]Q[0xed]b[0xb0][0xa4][0xd8]m[0xe8][0x92]B[0x98][0xa2][0xf0][0xc7][0x1c]J[0x8a]=[0x9c]EQ:[0xe1][0x16]FG[0xe][0xb4]}KR[0xec][0x8b]u[0x8a][0x82]d[0x91][0xc2]/[0xfe]K[\n]"
15:08:18.921 [main] DEBUG org.apache.http.wire -- http-outgoing-12 << "[0xa2]\[0x16]"[0xbb][0xfe][0x3][0x9d][0x82]r[0x1d]i[0xe0][0x8b]j"[0x1c][0xe6][0x9a][0x88]8[0xa2][0x12][0x89][0xa4][0x9a][0xed]{a[0x8a][0xe2]Wj%[0x5][0xf8][0xa0]f[0xdf][0xc9][0x92][0x10][0xe0]s[0xfc][0xaa][0xb1][0x82][0xd8]m[0x16][0x2][0xd2][0x89][0xd2][0xca] [0xe2][0x90]iw5+[0x8][0x91][0xfa][0x99]v[0x1f][0x8d][0x82][0x10]z[0x1f][0xc9]L[0x13])[0x5][0xbf][0x95]WA[0xdc][\r][0xfe][0xfc][0xfe][0xf3]?~>[0xce][0xb5]r[0xa9][0xf5][0xc7][0xdc][0xb][0x82]A@le[0xa2] vQ^A[0xec][0x84][0x9c][0x82][0xd8]%y[0x1][0xb1][0xcd][0xa8]b[0xd8]>[0x8a][0x82][0xd8]n[0x81][0x82][0x0][0xe2]Z[0xec][0xc7][0x9e][0x14][0xc4].\+[0x88][0xdd][0x88]" a[0xe7]![0x14][0xc4][0xf6][0xab][0x15][0xc4][0xbe][0xb], vO[0x9d]b[0x10];\mc! v[0x5]F1[0xec][0x99]O[\n]"
15:08:18.921 [main] DEBUG org.apache.http.wire -- http-outgoing-12 << "[0x2]l[0x8d]?.MA[0x80][0x13]l7j([0x86]k[0x81][0x5][0xc3][0x8e]FA[0x8]a][0xf6]3U;[0xa4]$[0xe0][0x97][0x94][0x4][0x88]|I[0xf6]M[0x16][0x1][0xc9]v!JB[0x80]5[0xf1];[0xd1][0x14][0xc4]n[0xfe][0x12][0x90]b7g([0xc8][0xb9].)[0x5]8[0xc3][0xa5][0xd8]%{[0x1][0x9][0xbb][0xbd]I@[0xfc]g[0x9c][0x14][0xc4]n[0xcc][0x10][0x10]`Y[0x9b][0x1d]*[0x8]`[0xc8]K[0xb7][0x13][0xbb][\n]"
15:08:18.921 [main] DEBUG org.apache.http.wire -- http-outgoing-12 << "B[0xac]I'[0x14]l[0xb7][0xa7][0x82])[0x88][0xdd][0x89]- [0xfe][0xeb]B[\n]"
15:08:18.921 [main] DEBUG org.apache.http.wire -- http-outgoing-12 << "b[0xa7]t[0x15][0xc4][0xce]\*[0x8][0x10][[0x14]?[0x13][0xab] [0x84][\r][0x9d][0x80]7[0xee][0x97]J[0x5][0xc3][0xae][0xfc]J[0x6][0xf1]C[0xec][0xeb])[\n]"
15:08:18.921 [main] DEBUG org.apache.http.wire -- http-outgoing-12 << "[0x2]8[0xd2][0xc5][0x9f]6[0xba]C[0xc2][0x89]\A[0x0][\r][0x1b][0x9][0xb0][0xc3][0x91][0x1][0xbd][0x16][0xfe][0xb3]$[0x2]R[0x80]`8[0x0][~1[0xce][0xf5]@[0x10]g8[0x2]p[0x83][0xc3][0xaf];+[0x8][0xa0]`/[0x8] &ag[0x93][0x15][0x4][0x8]e[0xef]x[0xfe]PA[0x80]<RT[0xc0]M[\n]"
15:08:18.921 [main] DEBUG org.apache.http.wire -- http-outgoing-12 << ""[0xf3][0x12][\r][0xc8][0xad][0x85][0xff][0x1e][0x8f][0x82][0x0][0x19][0x8f][0x18][0x80][0xeb][0x18][0x13][0xc8][0x8f][0xc7]$[0xb4][0xa3]}[0xd9]T2[0xce][0xcd]y,B[0x13],{[0xe][0xc9][0xe][0xa9][0xfe]@[0x14][0x5][0xb1];[0x81]%[0xe4]\[0x13][0xd4]d[0xdf]I[0x11][0x90][0xc][0x9c][0xbf]JT/[0xaa]M[A[0xec][0xeb][0xe][\n]"
15:08:18.921 [main] DEBUG org.apache.http.wire -- http-outgoing-12 << "b[0xf7]c[\n]"
15:08:18.921 [main] DEBUG org.apache.http.wire -- http-outgoing-12 << "H[0xd8][0xd3][0xdd][0x14][0x4][0x8]"+[0xa0]Mj[0x5][0xe4][0x15][0xd0][0xaf][0xd5][0xee]f[0x13][0xc][0xff][0xd5][0xb][0x1][0xb1][0xfb];[0x14][0x3]8[0xbf][0x13]p[0xc7]+`+.[0x6][0xa0][0xa1]'[0xb1][0xac][0xcb][0x9e];[0xa1] [0x84][0xb4][0xda][0xed][0x3][0x8a][0x1]HI#J[0x6]-[0xdb]m[0x8a][0x2]R[0x1][0x7][0xa9][0x11]5[0xbf][0xe6][0xbf][0xa0][0xaa] @[\n]"
15:08:18.921 [main] DEBUG org.apache.http.wire -- http-outgoing-12 << "[0xa8]u[0xbb]CKB[0x80]5[0xe9][0x80][0x9b][0xe5][0xf7]V[0x9][0xc6]@ [0x80][0xfb][0xda][0x80][0x98][0xad][0x1][0xf9][0x81][0x8b]q[0xae][0x1a][0xdb][0x2][0xec][0xb8][0xff][0xb8][0x98]b[0x0]Jm[0x1][0xcb][0xda][0x13][0x90]l[0x4]Lp[0x7]|[0x92]a[0xf]#[0x10][0xc][0xfb]V[0x88]`[0x0]B6[0x80][0xcc][0x8f]9K0[0xec][0x96][0xe2][0x9d]1[0xed][0xf9][0x86][0x82]q~[0xe6][0x0]?b[0x2]Y0[0xc2]O$[0xb2][0x1][0xcb][0x1e][0xc7][0xf3][0xed][0xcb][0xf3][0xcb][0xcb][0xf5][0x97]O[0x9f]~[0xfd]q[0x93][0xf7][0xfe][0xff][0xfd][0xdd][0xfe]3[0xd9]c[0x95][0xff][0xfe][0xf8][0xe5]oO[0xfc][0xf7]#[0xe6][0xe5][0x17][0x8e][0x1f][\r][0x8c][0xae][0xde]P[0x10][0xbb][0x8d]CA[0xec]}U[0x10][0xbb]@( [0xfe][0xac]X[0x1][0xf1][0x87][0x15]([0x88]][0xa1]W[0x10];[0xe1][0xab] [0xb6]NV[0x10]W[0xe4][0x15][0xc3][0xf6][0x1e][0x4]$[0xec]|[0x93][0x82][0xd8][0xbd][0xbf][\n]"
15:08:18.921 [main] DEBUG org.apache.http.wire -- http-outgoing-12 << "b[0xe7][0xc0][0x15][0xc4]NZ)[0x88][0x9d][0xb4][0x12][0x90]J[0x8]l[0xb5][0xfd][0x10][0x5]!~[0x88][0xdd]".![0xc0][0xe6]T[0xdb]`)[0x8]!k[0xb6]_[0xa5][0x18]v[0xd0][0xab] [0xc4][0xb2][0x2][0xab][0xda][0xec]k[0x93][\n]"
15:08:18.921 [main] DEBUG org.apache.http.wire -- http-outgoing-12 << "B,k[0xb3]/y[0x8][0x88]?[0xbc]Q@[0xfc]'}[0x5][0xc4][0xce][0x16])[0x86][0xfd][0x4][0xa7][0x82][0xd8][0xc3][0xc8][0x14][0x84][0xf0]L[0x16][0xa1]^[0x97][0xdd][0xea][0xaa] vQNA[0xec]R[0x98][0x82][0xd8])}[0x5]![0x4]v[0xd9]Y[0xc5][0x1d]R[0xfc][0x7][0x13][0x14][0x4][0x90][0xd8][0x92][0x81][0xf8][0xa2][0x10]v[0xb8][0x0][0x2][[0x8a]]NS[0x10]@'[0x15][0x8c][0xb3][0x82][0x0]np[0xf1][0xbb]}[0x14][0x4][0x8]/J[0x0][0x87][0xb8][0x4][0xa0]b[0x8b][0xdf][0xf7] ![0x80][0xc4][0x9e][[0xae][0xe2][0xbf][0x1e])![0x80]2[0xa9][0x80][0x83]S[0xaa][0xfd][0xa0][0x84][0x84][0x0]B[0xdf][0xec][0x8b][0xf5][\n]"
15:08:18.921 [main] DEBUG org.apache.http.wire -- http-outgoing-12 << "B[0xa8][0xa4]F[0x8][0xbd][0x9f]N[0x17][0x90]N[0xd8][0xb][0xbf]u^A[0x88][0xaf][0xb1]/[0x8e])[0x8][0xa1][0x7][0x86][0xfd][0xf4][0x88][0x82][0xd8][0x1d]n[\n]"
15:08:18.921 [main] DEBUG org.apache.http.wire -- http-outgoing-12 << "[0x2]$[0x81][0xca][0xb0]_[0xb9]P[0x10]`s[0xa6][0xdd][0xcd][0xa5] [0x84]G[0xe0]?[0x84][0xb2]C"[0xd9][0xf7][0x9b][0x14][0xc4]~[0xe2]JA[0x0]5[\r]D[0x6][0x91][0xed][0xc9][0x85][0x12]r.[0xae]Ad>[0xc3][0xbf][0xca]* [0x5][0xd0][0xaf]Q[0xec][0xbb]<[0x2][0xe2][0xbf][0xfc][0xa5] [0x0][0xc3][0xef]+[0x93][0x90]s[0x87][0xe0][0x8e][0x9a][0x90][0x82][0x0]RB[0xac]H[0xb3]K[0x8e][0x2]B[0xf8][0x14][0xe1][0xcf][0x1e][0x15][0x90]a[0xdf][0x16]Q[0x10][0xbb][0x1a], ~[0x8b][0xb8][0x82][0xd8]M[0x9d][\n]"
15:08:18.921 [main] DEBUG org.apache.http.wire -- http-outgoing-12 << "[0xb2][0x80][0xdd][0xf1]_[0xdd]T[0x10]@[0xad][0xd5]d[0xdf]B[0x95][0x90][0xf3]-[0x6]r&[0xfe][0x90]C[0xc1][0xb0][0x87][0x13][0xee][0xc]{.[0xdb][0x8e][0xe8][0x80][0xbc]w[0xbb][0xa5]S0[0x80][0xaa][0xc5][0x0][0x12][0xb8][0x3][0xc8][0xc][0x10]N[0xf8][0x0][0x14][0xbc][0xdf][0xda]"[0x18][0xf6][0xa0].[0xc1][0x0][0xdc][0xf8]iw[0xfa][0xed][0xc][0xfb]e[0xe][0x81]8[0x97][0xd2][0x5]([0xa0][0x9f][0x1a][0xf9][0xcf][0xbf]<[0xdc]^[0x1e]_[0xbe][0xdf][0x1e][0xde]<[0xdc][0xbe][0xff][0xf6][0xdb][0xd3][0xed][0xf6][0xf0][0xaf][0x3]F`[0xe4][0x93][0xd9][0x0][0x0]"
15:08:18.921 [main] DEBUG org.apache.http.impl.conn.DefaultManagedHttpClientConnection -- http-outgoing-12: Close connection
15:08:18.943 [main] DEBUG org.apache.http.impl.execchain.MainClientExec -- Connection discarded
15:08:18.943 [main] DEBUG org.apache.http.impl.conn.PoolingHttpClientConnectionManager -- Connection released: [id: 12][route: {s}->https://dog.ceo:443][total available: 0; route allocated: 0 of 5; total allocated: 0 of 10]
15:08:18.943 [main] DEBUG org.apache.http.impl.conn.PoolingHttpClientConnectionManager -- Connection manager is shutting down
15:08:18.943 [main] DEBUG org.apache.http.impl.conn.PoolingHttpClientConnectionManager -- Connection manager shut down
15:08:18.943 [main] DEBUG com.intuit.karate -- response time in milliseconds: 489
1 < 200
1 < Date: Tue, 22 Jul 2025 18:08:33 GMT
1 < Content-Type: application/json
1 < Connection: keep-alive
1 < Server: cloudflare
1 < X-Powered-By: PHP/8.1.32
1 < Access-Control-Allow-Origin: *
1 < Via: 1.1 varnish (Varnish/6.3), 1.1 varnish (Varnish/6.3)
1 < Cache-Control: max-age=1800
1 < X-Cache-Age: 3673
1 < X-Cache-Hits: 31
1 < X-Cache: HIT
1 < Accept-Ranges: bytes
1 < Age: 0
1 < Vary: Accept-Encoding
1 < Nel: {"report_to":"cf-nel","success_fraction":0.0,"max_age":604800}
1 < Cf-Cache-Status: DYNAMIC
1 < Report-To: {"group":"cf-nel","max_age":604800,"endpoints":[{"url":"https://a.nel.cloudflare.com/report/v4?s=GtxGwin0BctW9gOoXYSbD9vuB4zQJSmn8bWkCfVVpt6S7Q0H8C2BFObC6wDD8W7zLIGZckGJM%2BbZwqlhRhspH5UGiK%2Fc"}]}
1 < CF-RAY: 9634e24fd8636478-GIG
1 < alt-svc: h3=":443"; ma=86400
{"message":["https:\/\/images.dog.ceo\/breeds\/hound-afghan\/n02088094_1003.jpg","https:\/\/images.dog.ceo\/breeds\/hound-afghan\/n02088094_10263.jpg","https:\/\/images.dog.ceo\/breeds\/hound-afghan\/n02088094_10715.jpg","https:\/\/images.dog.ceo\/breeds\/hound-afghan\/n02088094_10822.jpg","https:\/\/images.dog.ceo\/breeds\/hound-afghan\/n02088094_1128.jpg","https:\/\/images.dog.ceo\/breeds\/hound-afghan\/n02088094_1145.jpg","https:\/\/images.dog.ceo\/breeds\/hound-afghan\/n02088094_115.jpg","https:\/\/images.dog.ceo\/breeds\/hound-afghan\/n02088094_1150.jpg","https:\/\/images.dog.ceo\/breeds\/hound-afghan\/n02088094_11570.jpg","https:\/\/images.dog.ceo\/breeds\/hound-afghan\/n02088094_11584.jpg","https:\/\/images.dog.ceo\/breeds\/hound-afghan\/n02088094_1186.jpg","https:\/\/images.dog.ceo\/breeds\/hound-afghan\/n02088094_11953.jpg","https:\/\/images.dog.ceo\/breeds\/hound-afghan\/n02088094_1234.jpg","https:\/\/images.dog.ceo\/breeds\/hound-afghan\/n02088094_1259.jpg","https:\/\/images.dog.ceo\/breeds\/hound-afghan\/n02088094_12664.jpg","https:\/\/images.dog.ceo\/breeds\/hound-afghan\/n02088094_12879.jpg","https:\/\/images.dog.ceo\/breeds\/hound-afghan\/n02088094_12945.jpg","https:\/\/images.dog.ceo\/breeds\/hound-afghan\/n02088094_13145.jpg","https:\/\/images.dog.ceo\/breeds\/hound-afghan\/n02088094_13270.jpg","https:\/\/images.dog.ceo\/breeds\/hound-afghan\/n02088094_1335.jpg","https:\/\/images.dog.ceo\/breeds\/hound-afghan\/n02088094_13502.jpg","https:\/\/images.dog.ceo\/breeds\/hound-afghan\/n02088094_1357.jpg","https:\/\/images.dog.ceo\/breeds\/hound-afghan\/n02088094_1370.jpg","https:\/\/images.dog.ceo\/breeds\/hound-afghan\/n02088094_13879.jpg","https:\/\/images.dog.ceo\/breeds\/hound-afghan\/n02088094_13909.jpg","https:\/\/images.dog.ceo\/breeds\/hound-afghan\/n02088094_1406.jpg","https:\/\/images.dog.ceo\/breeds\/hound-afghan\/n02088094_1410.jpg","https:\/\/images.dog.ceo\/breeds\/hound-afghan\/n02088094_1459.jpg","https:\/\/images.dog.ceo\/breeds\/hound-afghan\/n02088094_1479.jpg","https:\/\/images.dog.ceo\/breeds\/hound-afghan\/n02088094_1592.jpg","https:\/\/images.dog.ceo\/breeds\/hound-afghan\/n02088094_1661.jpg","https:\/\/images.dog.ceo\/breeds\/hound-afghan\/n02088094_1724.jpg","https:\/\/images.dog.ceo\/breeds\/hound-afghan\/n02088094_173.jpg","https:\/\/images.dog.ceo\/breeds\/hound-afghan\/n02088094_1829.jpg","https:\/\/images.dog.ceo\/breeds\/hound-afghan\/n02088094_1882.jpg","https:\/\/images.dog.ceo\/breeds\/hound-afghan\/n02088094_1932.jpg","https:\/\/images.dog.ceo\/breeds\/hound-afghan\/n02088094_2062.jpg","https:\/\/images.dog.ceo\/breeds\/hound-afghan\/n02088094_2173.jpg","https:\/\/images.dog.ceo\/breeds\/hound-afghan\/n02088094_2458.jpg","https:\/\/images.dog.ceo\/breeds\/hound-afghan\/n02088094_251.jpg","https:\/\/images.dog.ceo\/breeds\/hound-afghan\/n02088094_2545.jpg","https:\/\/images.dog.ceo\/breeds\/hound-afghan\/n02088094_2626.jpg","https:\/\/images.dog.ceo\/breeds\/hound-afghan\/n02088094_2700.jpg","https:\/\/images.dog.ceo\/breeds\/hound-afghan\/n02088094_272.jpg","https:\/\/images.dog.ceo\/breeds\/hound-afghan\/n02088094_2738.jpg","https:\/\/images.dog.ceo\/breeds\/hound-afghan\/n02088094_2798.jpg","https:\/\/images.dog.ceo\/breeds\/hound-afghan\/n02088094_2803.jpg","https:\/\/images.dog.ceo\/breeds\/hound-afghan\/n02088094_305.jpg","https:\/\/images.dog.ceo\/breeds\/hound-afghan\/n02088094_3051.jpg","https:\/\/images.dog.ceo\/breeds\/hound-afghan\/n02088094_3057.jpg","https:\/\/images.dog.ceo\/breeds\/hound-afghan\/n02088094_3059.jpg","https:\/\/images.dog.ceo\/breeds\/hound-afghan\/n02088094_3080.jpg","https:\/\/images.dog.ceo\/breeds\/hound-afghan\/n02088094_3119.jpg","https:\/\/images.dog.ceo\/breeds\/hound-afghan\/n02088094_3159.jpg","https:\/\/images.dog.ceo\/breeds\/hound-afghan\/n02088094_3201.jpg","https:\/\/images.dog.ceo\/breeds\/hound-afghan\/n02088094_3233.jpg","https:\/\/images.dog.ceo\/breeds\/hound-afghan\/n02088094_3396.jpg","https:\/\/images.dog.ceo\/breeds\/hound-afghan\/n02088094_3400.jpg","https:\/\/images.dog.ceo\/breeds\/hound-afghan\/n02088094_3500.jpg","https:\/\/images.dog.ceo\/breeds\/hound-afghan\/n02088094_3564.jpg","https:\/\/images.dog.ceo\/breeds\/hound-afghan\/n02088094_357.jpg","https:\/\/images.dog.ceo\/breeds\/hound-afghan\/n02088094_3582.jpg","https:\/\/images.dog.ceo\/breeds\/hound-afghan\/n02088094_3588.jpg","https:\/\/images.dog.ceo\/breeds\/hound-afghan\/n02088094_3593.jpg","https:\/\/images.dog.ceo\/breeds\/hound-afghan\/n02088094_3629.jpg","https:\/\/images.dog.ceo\/breeds\/hound-afghan\/n02088094_3630.jpg","https:\/\/images.dog.ceo\/breeds\/hound-afghan\/n02088094_3653.jpg","https:\/\/images.dog.ceo\/breeds\/hound-afghan\/n02088094_3856.jpg","https:\/\/images.dog.ceo\/breeds\/hound-afghan\/n02088094_3858.jpg","https:\/\/images.dog.ceo\/breeds\/hound-afghan\/n02088094_392.jpg","https:\/\/images.dog.ceo\/breeds\/hound-afghan\/n02088094_3937.jpg","https:\/\/images.dog.ceo\/breeds\/hound-afghan\/n02088094_3944.jpg","https:\/\/images.dog.ceo\/breeds\/hound-afghan\/n02088094_3982.jpg","https:\/\/images.dog.ceo\/breeds\/hound-afghan\/n02088094_4037.jpg","https:\/\/images.dog.ceo\/breeds\/hound-afghan\/n02088094_4072.jpg","https:\/\/images.dog.ceo\/breeds\/hound-afghan\/n02088094_4143.jpg","https:\/\/images.dog.ceo\/breeds\/hound-afghan\/n02088094_4195.jpg","https:\/\/images.dog.ceo\/breeds\/hound-afghan\/n02088094_4230.jpg","https:\/\/images.dog.ceo\/breeds\/hound-afghan\/n02088094_4290.jpg","https:\/\/images.dog.ceo\/breeds\/hound-afghan\/n02088094_4307.jpg","https:\/\/images.dog.ceo\/breeds\/hound-afghan\/n02088094_4310.jpg","https:\/\/images.dog.ceo\/breeds\/hound-afghan\/n02088094_4352.jpg","https:\/\/images.dog.ceo\/breeds\/hound-afghan\/n02088094_4396.jpg","https:\/\/images.dog.ceo\/breeds\/hound-afghan\/n02088094_4434.jpg","https:\/\/images.dog.ceo\/breeds\/hound-afghan\/n02088094_4467.jpg","https:\/\/images.dog.ceo\/breeds\/hound-afghan\/n02088094_4501.jpg","https:\/\/images.dog.ceo\/breeds\/hound-afghan\/n02088094_4521.jpg","https:\/\/images.dog.ceo\/breeds\/hound-afghan\/n02088094_4598.jpg","https:\/\/images.dog.ceo\/breeds\/hound-afghan\/n02088094_472.jpg","https:\/\/images.dog.ceo\/breeds\/hound-afghan\/n02088094_4837.jpg","https:\/\/images.dog.ceo\/breeds\/hound-afghan\/n02088094_5080.jpg","https:\/\/images.dog.ceo\/breeds\/hound-afghan\/n02088094_515.jpg","https:\/\/images.dog.ceo\/breeds\/hound-afghan\/n02088094_5150.jpg","https:\/\/images.dog.ceo\/breeds\/hound-afghan\/n02088094_522.jpg","https:\/\/images.dog.ceo\/breeds\/hound-afghan\/n02088094_5381.jpg","https:\/\/images.dog.ceo\/breeds\/hound-afghan\/n02088094_5413.jpg","https:\/\/images.dog.ceo\/breeds\/hound-afghan\/n02088094_5436.jpg","https:\/\/images.dog.ceo\/breeds\/hound-afghan\/n02088094_5504.jpg","https:\/\/images.dog.ceo\/breeds\/hound-afghan\/n02088094_5927.jpg","https:\/\/images.dog.ceo\/breeds\/hound-afghan\/n02088094_60.jpg","https:\/\/images.dog.ceo\/breeds\/hound-afghan\/n02088094_6035.jpg","https:\/\/images.dog.ceo\/breeds\/hound-afghan\/n02088094_6241.jpg","https:\/\/images.dog.ceo\/breeds\/hound-afghan\/n02088094_6430.jpg","https:\/\/images.dog.ceo\/breeds\/hound-afghan\/n02088094_6485.jpg","https:\/\/images.dog.ceo\/breeds\/hound-afghan\/n02088094_649.jpg","https:\/\/images.dog.ceo\/breeds\/hound-afghan\/n02088094_6493.jpg","https:\/\/images.dog.ceo\/breeds\/hound-afghan\/n02088094_6690.jpg","https:\/\/images.dog.ceo\/breeds\/hound-afghan\/n02088094_688.jpg","https:\/\/images.dog.ceo\/breeds\/hound-afghan\/n02088094_7106.jpg","https:\/\/images.dog.ceo\/breeds\/hound-afghan\/n02088094_713.jpg","https:\/\/images.dog.ceo\/breeds\/hound-afghan\/n02088094_7146.jpg","https:\/\/images.dog.ceo\/breeds\/hound-afghan\/n02088094_7260.jpg","https:\/\/images.dog.ceo\/breeds\/hound-afghan\/n02088094_7683.jpg","https:\/\/images.dog.ceo\/breeds\/hound-afghan\/n02088094_7894.jpg","https:\/\/images.dog.ceo\/breeds\/hound-afghan\/n02088094_791.jpg","https:\/\/images.dog.ceo\/breeds\/hound-afghan\/n02088094_8063.jpg","https:\/\/images.dog.ceo\/breeds\/hound-afghan\/n02088094_8315.jpg","https:\/\/images.dog.ceo\/breeds\/hound-afghan\/n02088094_8465.jpg","https:\/\/images.dog.ceo\/breeds\/hound-afghan\/n02088094_890.jpg","https:\/\/images.dog.ceo\/breeds\/hound-afghan\/n02088094_907.jpg","https:\/\/images.dog.ceo\/breeds\/hound-afghan\/n02088094_908.jpg","https:\/\/images.dog.ceo\/breeds\/hound-afghan\/n02088094_913.jpg","https:\/\/images.dog.ceo\/breeds\/hound-afghan\/n02088094_980.jpg","https:\/\/images.dog.ceo\/breeds\/hound-afghan\/n02088094_986.jpg","https:\/\/images.dog.ceo\/breeds\/hound-afghan\/n02088094_988.jpg","https:\/\/images.dog.ceo\/breeds\/hound-basset\/n02088238_10005.jpg","https:\/\/images.dog.ceo\/breeds\/hound-basset\/n02088238_10013.jpg","https:\/\/images.dog.ceo\/breeds\/hound-basset\/n02088238_10028.jpg","https:\/\/images.dog.ceo\/breeds\/hound-basset\/n02088238_10051.jpg","https:\/\/images.dog.ceo\/breeds\/hound-basset\/n02088238_10054.jpg","https:\/\/images.dog.ceo\/breeds\/hound-basset\/n02088238_10063.jpg","https:\/\/images.dog.ceo\/breeds\/hound-basset\/n02088238_10072.jpg","https:\/\/images.dog.ceo\/breeds\/hound-basset\/n02088238_10095.jpg","https:\/\/images.dog.ceo\/breeds\/hound-basset\/n02088238_10102.jpg","https:\/\/images.dog.ceo\/breeds\/hound-basset\/n02088238_10110.jpg","https:\/\/images.dog.ceo\/breeds\/hound-basset\/n02088238_10113.jpg","https:\/\/images.dog.ceo\/breeds\/hound-basset\/n02088238_10129.jpg","https:\/\/images.dog.ceo\/breeds\/hound-basset\/n02088238_10140.jpg","https:\/\/images.dog.ceo\/breeds\/hound-basset\/n02088238_10142.jpg","https:\/\/images.dog.ceo\/breeds\/hound-basset\/n02088238_10288.jpg","https:\/\/images.dog.ceo\/breeds\/hound-basset\/n02088238_10338.jpg","https:\/\/images.dog.ceo\/breeds\/hound-basset\/n02088238_10358.jpg","https:\/\/images.dog.ceo\/breeds\/hound-basset\/n02088238_10451.jpg","https:\/\/images.dog.ceo\/breeds\/hound-basset\/n02088238_10473.jpg","https:\/\/images.dog.ceo\/breeds\/hound-basset\/n02088238_10510.jpg","https:\/\/images.dog.ceo\/breeds\/hound-basset\/n02088238_10592.jpg","https:\/\/images.dog.ceo\/breeds\/hound-basset\/n02088238_10682.jpg","https:\/\/images.dog.ceo\/breeds\/hound-basset\/n02088238_10741.jpg","https:\/\/images.dog.ceo\/breeds\/hound-basset\/n02088238_10753.jpg","https:\/\/images.dog.ceo\/breeds\/hound-basset\/n02088238_10757.jpg","https:\/\/images.dog.ceo\/breeds\/hound-basset\/n02088238_10870.jpg","https:\/\/images.dog.ceo\/breeds\/hound-basset\/n02088238_10932.jpg","https:\/\/images.dog.ceo\/breeds\/hound-basset\/n02088238_11113.jpg","https:\/\/images.dog.ceo\/breeds\/hound-basset\/n02088238_11124.jpg","https:\/\/images.dog.ceo\/breeds\/hound-basset\/n02088238_11136.jpg","https:\/\/images.dog.ceo\/breeds\/hound-basset\/n02088238_11148.jpg","https:\/\/images.dog.ceo\/breeds\/hound-basset\/n02088238_11200.jpg","https:\/\/images.dog.ceo\/breeds\/hound-basset\/n02088238_11223.jpg","https:\/\/images.dog.ceo\/breeds\/hound-basset\/n02088238_11281.jpg","https:\/\/images.dog.ceo\/breeds\/hound-basset\/n02088238_11339.jpg","https:\/\/images.dog.ceo\/breeds\/hound-basset\/n02088238_11383.jpg","https:\/\/images.dog.ceo\/breeds\/hound-basset\/n02088238_11505.jpg","https:\/\/images.dog.ceo\/breeds\/hound-basset\/n02088238_11511.jpg","https:\/\/images.dog.ceo\/breeds\/hound-basset\/n02088238_11522.jpg","https:\/\/images.dog.ceo\/breeds\/hound-basset\/n02088238_11542.jpg","https:\/\/images.dog.ceo\/breeds\/hound-basset\/n02088238_11635.jpg","https:\/\/images.dog.ceo\/breeds\/hound-basset\/n02088238_11846.jpg","https:\/\/images.dog.ceo\/breeds\/hound-basset\/n02088238_11849.jpg","https:\/\/images.dog.ceo\/breeds\/hound-basset\/n02088238_11917.jpg","https:\/\/images.dog.ceo\/breeds\/hound-basset\/n02088238_12160.jpg","https:\/\/images.dog.ceo\/breeds\/hound-basset\/n02088238_12196.jpg","https:\/\/images.dog.ceo\/breeds\/hound-basset\/n02088238_12427.jpg","https:\/\/images.dog.ceo\/breeds\/hound-basset\/n02088238_12469.jpg","https:\/\/images.dog.ceo\/breeds\/hound-basset\/n02088238_12555.jpg","https:\/\/images.dog.ceo\/breeds\/hound-basset\/n02088238_12563.jpg","https:\/\/images.dog.ceo\/breeds\/hound-basset\/n02088238_1261.jpg","https:\/\/images.dog.ceo\/breeds\/hound-basset\/n02088238_12966.jpg","https:\/\/images.dog.ceo\/breeds\/hound-basset\/n02088238_12974.jpg","https:\/\/images.dog.ceo\/breeds\/hound-basset\/n02088238_12997.jpg","https:\/\/images.dog.ceo\/breeds\/hound-basset\/n02088238_13036.jpg","https:\/\/images.dog.ceo\/breeds\/hound-basset\/n02088238_13079.jpg","https:\/\/images.dog.ceo\/breeds\/hound-basset\/n02088238_13199.jpg","https:\/\/images.dog.ceo\/breeds\/hound-basset\/n02088238_13373.jpg","https:\/\/images.dog.ceo\/breeds\/hound-basset\/n02088238_13439.jpg","https:\/\/images.dog.ceo\/breeds\/hound-basset\/n02088238_13608.jpg","https:\/\/images.dog.ceo\/breeds\/hound-basset\/n02088238_13683.jpg","https:\/\/images.dog.ceo\/breeds\/hound-basset\/n02088238_13709.jpg","https:\/\/images.dog.ceo\/breeds\/hound-basset\/n02088238_13799.jpg","https:\/\/images.dog.ceo\/breeds\/hound-basset\/n02088238_13847.jpg","https:\/\/images.dog.ceo\/breeds\/hound-basset\/n02088238_13908.jpg","https:\/\/images.dog.ceo\/breeds\/hound-basset\/n02088238_1454.jpg","https:\/\/images.dog.ceo\/breeds\/hound-basset\/n02088238_1731.jpg","https:\/\/images.dog.ceo\/breeds\/hound-basset\/n02088238_1944.jpg","https:\/\/images.dog.ceo\/breeds\/hound-basset\/n02088238_2009.jpg","https:\/\/images.dog.ceo\/breeds\/hound-basset\/n02088238_2217.jpg","https:\/\/images.dog.ceo\/breeds\/hound-basset\/n02088238_2574.jpg","https:\/\/images.dog.ceo\/breeds\/hound-basset\/n02088238_2646.jpg","https:\/\/images.dog.ceo\/breeds\/hound-basset\/n02088238_2674.jpg","https:\/\/images.dog.ceo\/breeds\/hound-basset\/n02088238_2686.jpg","https:\/\/images.dog.ceo\/breeds\/hound-basset\/n02088238_3066.jpg","https:\/\/images.dog.ceo\/breeds\/hound-basset\/n02088238_3079.jpg","https:\/\/images.dog.ceo\/breeds\/hound-basset\/n02088238_3359.jpg","https:\/\/images.dog.ceo\/breeds\/hound-basset\/n02088238_3475.jpg","https:\/\/images.dog.ceo\/breeds\/hound-basset\/n02088238_3579.jpg","https:\/\/images.dog.ceo\/breeds\/hound-basset\/n02088238_363.jpg","https:\/\/images.dog.ceo\/breeds\/hound-basset\/n02088238_3778.jpg","https:\/\/images.dog.ceo\/breeds\/hound-basset\/n02088238_4182.jpg","https:\/\/images.dog.ceo\/breeds\/hound-basset\/n02088238_4365.jpg","https:\/\/images.dog.ceo\/breeds\/hound-basset\/n02088238_4374.jpg","https:\/\/images.dog.ceo\/breeds\/hound-basset\/n02088238_490.jpg","https:\/\/images.dog.ceo\/breeds\/hound-basset\/n02088238_517.jpg","https:\/\/images.dog.ceo\/breeds\/hound-basset\/n02088238_5239.jpg","https:\/\/images.dog.ceo\/breeds\/hound-basset\/n02088238_5441.jpg","https:\/\/images.dog.ceo\/breeds\/hound-basset\/n02088238_600.jpg","https:\/\/images.dog.ceo\/breeds\/hound-basset\/n02088238_6012.jpg","https:\/\/images.dog.ceo\/breeds\/hound-basset\/n02088238_6017.jpg","https:\/\/images.dog.ceo\/breeds\/hound-basset\/n02088238_6035.jpg","https:\/\/images.dog.ceo\/breeds\/hound-basset\/n02088238_6161.jpg","https:\/\/images.dog.ceo\/breeds\/hound-basset\/n02088238_6532.jpg","https:\/\/images.dog.ceo\/breeds\/hound-basset\/n02088238_657.jpg","https:\/\/images.dog.ceo\/breeds\/hound-basset\/n02088238_664.jpg","https:\/\/images.dog.ceo\/breeds\/hound-basset\/n02088238_665.jpg","https:\/\/images.dog.ceo\/breeds\/hound-basset\/n02088238_6707.jpg","https:\/\/images.dog.ceo\/breeds\/hound-basset\/n02088238_6708.jpg","https:\/\/images.dog.ceo\/breeds\/hound-basset\/n02088238_6812.jpg","https:\/\/images.dog.ceo\/breeds\/hound-basset\/n02088238_6988.jpg","https:\/\/images.dog.ceo\/breeds\/hound-basset\/n02088238_7131.jpg","https:\/\/images.dog.ceo\/breeds\/hound-basset\/n02088238_7181.jpg","https:\/\/images.dog.ceo\/breeds\/hound-basset\/n02088238_7232.jpg","https:\/\/images.dog.ceo\/breeds\/hound-basset\/n02088238_7233.jpg","https:\/\/images.dog.ceo\/breeds\/hound-basset\/n02088238_7553.jpg","https:\/\/images.dog.ceo\/breeds\/hound-basset\/n02088238_7741.jpg","https:\/\/images.dog.ceo\/breeds\/hound-basset\/n02088238_8140.jpg","https:\/\/images.dog.ceo\/breeds\/hound-basset\/n02088238_8480.jpg","https:\/\/images.dog.ceo\/breeds\/hound-basset\/n02088238_8520.jpg","https:\/\/images.dog.ceo\/breeds\/hound-basset\/n02088238_8839.jpg","https:\/\/images.dog.ceo\/breeds\/hound-basset\/n02088238_9015.jpg","https:\/\/images.dog.ceo\/breeds\/hound-basset\/n02088238_9025.jpg","https:\/\/images.dog.ceo\/breeds\/hound-basset\/n02088238_9154.jpg","https:\/\/images.dog.ceo\/breeds\/hound-basset\/n02088238_9162.jpg","https:\/\/images.dog.ceo\/breeds\/hound-basset\/n02088238_9257.jpg","https:\/\/images.dog.ceo\/breeds\/hound-basset\/n02088238_9267.jpg","https:\/\/images.dog.ceo\/breeds\/hound-basset\/n02088238_9292.jpg","https:\/\/images.dog.ceo\/breeds\/hound-basset\/n02088238_9324.jpg","https:\/\/images.dog.ceo\/breeds\/hound-basset\/n02088238_9332.jpg","https:\/\/images.dog.ceo\/breeds\/hound-basset\/n02088238_9351.jpg","https:\/\/images.dog.ceo\/breeds\/hound-basset\/n02088238_9360.jpg","https:\/\/images.dog.ceo\/breeds\/hound-basset\/n02088238_9372.jpg","https:\/\/images.dog.ceo\/breeds\/hound-basset\/n02088238_9419.jpg","https:\/\/images.dog.ceo\/breeds\/hound-basset\/n02088238_9446.jpg","https:\/\/images.dog.ceo\/breeds\/hound-basset\/n02088238_9467.jpg","https:\/\/images.dog.ceo\/breeds\/hound-basset\/n02088238_9486.jpg","https:\/\/images.dog.ceo\/breeds\/hound-basset\/n02088238_9529.jpg","https:\/\/images.dog.ceo\/breeds\/hound-basset\/n02088238_9585.jpg","https:\/\/images.dog.ceo\/breeds\/hound-basset\/n02088238_9590.jpg","https:\/\/images.dog.ceo\/breeds\/hound-basset\/n02088238_9595.jpg","https:\/\/images.dog.ceo\/breeds\/hound-basset\/n02088238_9600.jpg","https:\/\/images.dog.ceo\/breeds\/hound-basset\/n02088238_9626.jpg","https:\/\/images.dog.ceo\/breeds\/hound-basset\/n02088238_9635.jpg","https:\/\/images.dog.ceo\/breeds\/hound-basset\/n02088238_9691.jpg","https:\/\/images.dog.ceo\/breeds\/hound-basset\/n02088238_9701.jpg","https:\/\/images.dog.ceo\/breeds\/hound-basset\/n02088238_9717.jpg","https:\/\/images.dog.ceo\/breeds\/hound-basset\/n02088238_9751.jpg","https:\/\/images.dog.ceo\/breeds\/hound-basset\/n02088238_9778.jpg","https:\/\/images.dog.ceo\/breeds\/hound-basset\/n02088238_9787.jpg","https:\/\/images.dog.ceo\/breeds\/hound-basset\/n02088238_9789.jpg","https:\/\/images.dog.ceo\/breeds\/hound-basset\/n02088238_9797.jpg","https:\/\/images.dog.ceo\/breeds\/hound-basset\/n02088238_9815.jpg","https:\/\/images.dog.ceo\/breeds\/hound-basset\/n02088238_9841.jpg","https:\/\/images.dog.ceo\/breeds\/hound-basset\/n02088238_9922.jpg","https:\/\/images.dog.ceo\/breeds\/hound-basset\/n02088238_9960.jpg","https:\/\/images.dog.ceo\/breeds\/hound-basset\/n02088238_9986.jpg","https:\/\/images.dog.ceo\/breeds\/hound-basset\/n02088238_9993.jpg","https:\/\/images.dog.ceo\/breeds\/hound-basset\/n02088238_9994.jpg","https:\/\/images.dog.ceo\/breeds\/hound-blood\/n02088466_10083.jpg","https:\/\/images.dog.ceo\/breeds\/hound-blood\/n02088466_1015.jpg","https:\/\/images.dog.ceo\/breeds\/hound-blood\/n02088466_10309.jpg","https:\/\/images.dog.ceo\/breeds\/hound-blood\/n02088466_10331.jpg","https:\/\/images.dog.ceo\/breeds\/hound-blood\/n02088466_10335.jpg","https:\/\/images.dog.ceo\/breeds\/hound-blood\/n02088466_10408.jpg","https:\/\/images.dog.ceo\/breeds\/hound-blood\/n02088466_10506.jpg","https:\/\/images.dog.ceo\/breeds\/hound-blood\/n02088466_10545.jpg","https:\/\/images.dog.ceo\/breeds\/hound-blood\/n02088466_10724.jpg","https:\/\/images.dog.ceo\/breeds\/hound-blood\/n02088466_10773.jpg","https:\/\/images.dog.ceo\/breeds\/hound-blood\/n02088466_10831.jpg","https:\/\/images.dog.ceo\/breeds\/hound-blood\/n02088466_11398.jpg","https:\/\/images.dog.ceo\/breeds\/hound-blood\/n02088466_11623.jpg","https:\/\/images.dog.ceo\/breeds\/hound-blood\/n02088466_11936.jpg","https:\/\/images.dog.ceo\/breeds\/hound-blood\/n02088466_12003.jpg","https:\/\/images.dog.ceo\/breeds\/hound-blood\/n02088466_12353.jpg","https:\/\/images.dog.ceo\/breeds\/hound-blood\/n02088466_12388.jpg","https:\/\/images.dog.ceo\/breeds\/hound-blood\/n02088466_1262.jpg","https:\/\/images.dog.ceo\/breeds\/hound-blood\/n02088466_1473.jpg","https:\/\/images.dog.ceo\/breeds\/hound-blood\/n02088466_1555.jpg","https:\/\/images.dog.ceo\/breeds\/hound-blood\/n02088466_1563.jpg","https:\/\/images.dog.ceo\/breeds\/hound-blood\/n02088466_1671.jpg","https:\/\/images.dog.ceo\/breeds\/hound-blood\/n02088466_1983.jpg","https:\/\/images.dog.ceo\/breeds\/hound-blood\/n02088466_2030.jpg","https:\/\/images.dog.ceo\/breeds\/hound-blood\/n02088466_2332.jpg","https:\/\/images.dog.ceo\/breeds\/hound-blood\/n02088466_2908.jpg","https:\/\/images.dog.ceo\/breeds\/hound-blood\/n02088466_2934.jpg","https:\/\/images.dog.ceo\/breeds\/hound-blood\/n02088466_3184.jpg","https:\/\/images.dog.ceo\/breeds\/hound-blood\/n02088466_3568.jpg","https:\/\/images.dog.ceo\/breeds\/hound-blood\/n02088466_4054.jpg","https:\/\/images.dog.ceo\/breeds\/hound-blood\/n02088466_4178.jpg","https:\/\/images.dog.ceo\/breeds\/hound-blood\/n02088466_4385.jpg","https:\/\/images.dog.ceo\/breeds\/hound-blood\/n02088466_4445.jpg","https:\/\/images.dog.ceo\/breeds\/hound-blood\/n02088466_4749.jpg","https:\/\/images.dog.ceo\/breeds\/hound-blood\/n02088466_4825.jpg","https:\/\/images.dog.ceo\/breeds\/hound-blood\/n02088466_4907.jpg","https:\/\/images.dog.ceo\/breeds\/hound-blood\/n02088466_5025.jpg","https:\/\/images.dog.ceo\/breeds\/hound-blood\/n02088466_5131.jpg","https:\/\/images.dog.ceo\/breeds\/hound-blood\/n02088466_5212.jpg","https:\/\/images.dog.ceo\/breeds\/hound-blood\/n02088466_5432.jpg","https:\/\/images.dog.ceo\/breeds\/hound-blood\/n02088466_5898.jpg","https:\/\/images.dog.ceo\/breeds\/hound-blood\/n02088466_6096.jpg","https:\/\/images.dog.ceo\/breeds\/hound-blood\/n02088466_6126.jpg","https:\/\/images.dog.ceo\/breeds\/hound-blood\/n02088466_6160.jpg","https:\/\/images.dog.ceo\/breeds\/hound-blood\/n02088466_6231.jpg","https:\/\/images.dog.ceo\/breeds\/hound-blood\/n02088466_6413.jpg","https:\/\/images.dog.ceo\/breeds\/hound-blood\/n02088466_6532.jpg","https:\/\/images.dog.ceo\/breeds\/hound-blood\/n02088466_6712.jpg","https:\/\/images.dog.ceo\/breeds\/hound-blood\/n02088466_6775.jpg","https:\/\/images.dog.ceo\/breeds\/hound-blood\/n02088466_6834.jpg","https:\/\/images.dog.ceo\/breeds\/hound-blood\/n02088466_6901.jpg","https:\/\/images.dog.ceo\/breeds\/hound-blood\/n02088466_6963.jpg","https:\/\/images.dog.ceo\/breeds\/hound-blood\/n02088466_6972.jpg","https:\/\/images.dog.ceo\/breeds\/hound-blood\/n02088466_6974.jpg","https:\/\/images.dog.ceo\/breeds\/hound-blood\/n02088466_6984.jpg","https:\/\/images.dog.ceo\/breeds\/hound-blood\/n02088466_7007.jpg","https:\/\/images.dog.ceo\/breeds\/hound-blood\/n02088466_7015.jpg","https:\/\/images.dog.ceo\/breeds\/hound-blood\/n02088466_7032.jpg","https:\/\/images.dog.ceo\/breeds\/hound-blood\/n02088466_7046.jpg","https:\/\/images.dog.ceo\/breeds\/hound-blood\/n02088466_7091.jpg","https:\/\/images.dog.ceo\/breeds\/hound-blood\/n02088466_7121.jpg","https:\/\/images.dog.ceo\/breeds\/hound-blood\/n02088466_7162.jpg","https:\/\/images.dog.ceo\/breeds\/hound-blood\/n02088466_7167.jpg","https:\/\/images.dog.ceo\/breeds\/hound-blood\/n02088466_7195.jpg","https:\/\/images.dog.ceo\/breeds\/hound-blood\/n02088466_7229.jpg","https:\/\/images.dog.ceo\/breeds\/hound-blood\/n02088466_7234.jpg","https:\/\/images.dog.ceo\/breeds\/hound-blood\/n02088466_7244.jpg","https:\/\/images.dog.ceo\/breeds\/hound-blood\/n02088466_7409.jpg","https:\/\/images.dog.ceo\/breeds\/hound-blood\/n02088466_7421.jpg","https:\/\/images.dog.ceo\/breeds\/hound-blood\/n02088466_7429.jpg","https:\/\/images.dog.ceo\/breeds\/hound-blood\/n02088466_7462.jpg","https:\/\/images.dog.ceo\/breeds\/hound-blood\/n02088466_7486.jpg","https:\/\/images.dog.ceo\/breeds\/hound-blood\/n02088466_7502.jpg","https:\/\/images.dog.ceo\/breeds\/hound-blood\/n02088466_7606.jpg","https:\/\/images.dog.ceo\/breeds\/hound-blood\/n02088466_7607.jpg","https:\/\/images.dog.ceo\/breeds\/hound-blood\/n02088466_7609.jpg","https:\/\/images.dog.ceo\/breeds\/hound-blood\/n02088466_7670.jpg","https:\/\/images.dog.ceo\/breeds\/hound-blood\/n02088466_7703.jpg","https:\/\/images.dog.ceo\/breeds\/hound-blood\/n02088466_7710.jpg","https:\/\/images.dog.ceo\/breeds\/hound-blood\/n02088466_7731.jpg","https:\/\/images.dog.ceo\/breeds\/hound-blood\/n02088466_7801.jpg","https:\/\/images.dog.ceo\/breeds\/hound-blood\/n02088466_7868.jpg","https:\/\/images.dog.ceo\/breeds\/hound-blood\/n02088466_7928.jpg","https:\/\/images.dog.ceo\/breeds\/hound-blood\/n02088466_7962.jpg","https:\/\/images.dog.ceo\/breeds\/hound-blood\/n02088466_7963.jpg","https:\/\/images.dog.ceo\/breeds\/hound-blood\/n02088466_7973.jpg","https:\/\/images.dog.ceo\/breeds\/hound-blood\/n02088466_8015.jpg","https:\/\/images.dog.ceo\/breeds\/hound-blood\/n02088466_8039.jpg","https:\/\/images.dog.ceo\/breeds\/hound-blood\/n02088466_8078.jpg","https:\/\/images.dog.ceo\/breeds\/hound-blood\/n02088466_8105.jpg","https:\/\/images.dog.ceo\/breeds\/hound-blood\/n02088466_8144.jpg","https:\/\/images.dog.ceo\/breeds\/hound-blood\/n02088466_8156.jpg","https:\/\/images.dog.ceo\/breeds\/hound-blood\/n02088466_8162.jpg","https:\/\/images.dog.ceo\/breeds\/hound-blood\/n02088466_8289.jpg","https:\/\/images.dog.ceo\/breeds\/hound-blood\/n02088466_8320.jpg","https:\/\/images.dog.ceo\/breeds\/hound-blood\/n02088466_8335.jpg","https:\/\/images.dog.ceo\/breeds\/hound-blood\/n02088466_8422.jpg","https:\/\/images.dog.ceo\/breeds\/hound-blood\/n02088466_8515.jpg","https:\/\/images.dog.ceo\/breeds\/hound-blood\/n02088466_8518.jpg","https:\/\/images.dog.ceo\/breeds\/hound-blood\/n02088466_8575.jpg","https:\/\/images.dog.ceo\/breeds\/hound-blood\/n02088466_8605.jpg","https:\/\/images.dog.ceo\/breeds\/hound-blood\/n02088466_8754.jpg","https:\/\/images.dog.ceo\/breeds\/hound-blood\/n02088466_8772.jpg","https:\/\/images.dog.ceo\/breeds\/hound-blood\/n02088466_8801.jpg","https:\/\/images.dog.ceo\/breeds\/hound-blood\/n02088466_8812.jpg","https:\/\/images.dog.ceo\/breeds\/hound-blood\/n02088466_8813.jpg","https:\/\/images.dog.ceo\/breeds\/hound-blood\/n02088466_8820.jpg","https:\/\/images.dog.ceo\/breeds\/hound-blood\/n02088466_8821.jpg","https:\/\/images.dog.ceo\/breeds\/hound-blood\/n02088466_8842.jpg","https:\/\/images.dog.ceo\/breeds\/hound-blood\/n02088466_8904.jpg","https:\/\/images.dog.ceo\/breeds\/hound-blood\/n02088466_8950.jpg","https:\/\/images.dog.ceo\/breeds\/hound-blood\/n02088466_8969.jpg","https:\/\/images.dog.ceo\/breeds\/hound-blood\/n02088466_9029.jpg","https:\/\/images.dog.ceo\/breeds\/hound-blood\/n02088466_9046.jpg","https:\/\/images.dog.ceo\/breeds\/hound-blood\/n02088466_9058.jpg","https:\/\/images.dog.ceo\/breeds\/hound-blood\/n02088466_9069.jpg","https:\/\/images.dog.ceo\/breeds\/hound-blood\/n02088466_9110.jpg","https:\/\/images.dog.ceo\/breeds\/hound-blood\/n02088466_9116.jpg","https:\/\/images.dog.ceo\/breeds\/hound-blood\/n02088466_9214.jpg","https:\/\/images.dog.ceo\/breeds\/hound-blood\/n02088466_9237.jpg","https:\/\/images.dog.ceo\/breeds\/hound-blood\/n02088466_9242.jpg","https:\/\/images.dog.ceo\/breeds\/hound-blood\/n02088466_9245.jpg","https:\/\/images.dog.ceo\/breeds\/hound-blood\/n02088466_9287.jpg","https:\/\/images.dog.ceo\/breeds\/hound-blood\/n02088466_9334.jpg","https:\/\/images.dog.ceo\/breeds\/hound-blood\/n02088466_9359.jpg","https:\/\/images.dog.ceo\/breeds\/hound-blood\/n02088466_9383.jpg","https:\/\/images.dog.ceo\/breeds\/hound-blood\/n02088466_9533.jpg","https:\/\/images.dog.ceo\/breeds\/hound-blood\/n02088466_9576.jpg","https:\/\/images.dog.ceo\/breeds\/hound-blood\/n02088466_9579.jpg","https:\/\/images.dog.ceo\/breeds\/hound-blood\/n02088466_9616.jpg","https:\/\/images.dog.ceo\/breeds\/hound-blood\/n02088466_9691.jpg","https:\/\/images.dog.ceo\/breeds\/hound-blood\/n02088466_9695.jpg","https:\/\/images.dog.ceo\/breeds\/hound-blood\/n02088466_9697.jpg","https:\/\/images.dog.ceo\/breeds\/hound-blood\/n02088466_9877.jpg","https:\/\/images.dog.ceo\/breeds\/hound-blood\/n02088466_9983.jpg","https:\/\/images.dog.ceo\/breeds\/hound-english\/n02089973_1.jpg","https:\/\/images.dog.ceo\/breeds\/hound-english\/n02089973_1030.jpg","https:\/\/images.dog.ceo\/breeds\/hound-english\/n02089973_1066.jpg","https:\/\/images.dog.ceo\/breeds\/hound-english\/n02089973_1076.jpg","https:\/\/images.dog.ceo\/breeds\/hound-english\/n02089973_1078.jpg","https:\/\/images.dog.ceo\/breeds\/hound-english\/n02089973_1106.jpg","https:\/\/images.dog.ceo\/breeds\/hound-english\/n02089973_1132.jpg","https:\/\/images.dog.ceo\/breeds\/hound-english\/n02089973_1249.jpg","https:\/\/images.dog.ceo\/breeds\/hound-english\/n02089973_1255.jpg","https:\/\/images.dog.ceo\/breeds\/hound-english\/n02089973_1298.jpg","https:\/\/images.dog.ceo\/breeds\/hound-english\/n02089973_1303.jpg","https:\/\/images.dog.ceo\/breeds\/hound-english\/n02089973_1312.jpg","https:\/\/images.dog.ceo\/breeds\/hound-english\/n02089973_1352.jpg","https:\/\/images.dog.ceo\/breeds\/hound-english\/n02089973_1356.jpg","https:\/\/images.dog.ceo\/breeds\/hound-english\/n02089973_1375.jpg","https:\/\/images.dog.ceo\/breeds\/hound-english\/n02089973_1490.jpg","https:\/\/images.dog.ceo\/breeds\/hound-english\/n02089973_1516.jpg","https:\/\/images.dog.ceo\/breeds\/hound-english\/n02089973_1577.jpg","https:\/\/images.dog.ceo\/breeds\/hound-english\/n02089973_1623.jpg","https:\/\/images.dog.ceo\/breeds\/hound-english\/n02089973_1733.jpg","https:\/\/images.dog.ceo\/breeds\/hound-english\/n02089973_1763.jpg","https:\/\/images.dog.ceo\/breeds\/hound-english\/n02089973_1799.jpg","https:\/\/images.dog.ceo\/breeds\/hound-english\/n02089973_1803.jpg","https:\/\/images.dog.ceo\/breeds\/hound-english\/n02089973_186.jpg","https:\/\/images.dog.ceo\/breeds\/hound-english\/n02089973_1877.jpg","https:\/\/images.dog.ceo\/breeds\/hound-english\/n02089973_1890.jpg","https:\/\/images.dog.ceo\/breeds\/hound-english\/n02089973_1907.jpg","https:\/\/images.dog.ceo\/breeds\/hound-english\/n02089973_1957.jpg","https:\/\/images.dog.ceo\/breeds\/hound-english\/n02089973_2.jpg","https:\/\/images.dog.ceo\/breeds\/hound-english\/n02089973_2017.jpg","https:\/\/images.dog.ceo\/breeds\/hound-english\/n02089973_2045.jpg","https:\/\/images.dog.ceo\/breeds\/hound-english\/n02089973_2054.jpg","https:\/\/images.dog.ceo\/breeds\/hound-english\/n02089973_2064.jpg","https:\/\/images.dog.ceo\/breeds\/hound-english\/n02089973_2068.jpg","https:\/\/images.dog.ceo\/breeds\/hound-english\/n02089973_2073.jpg","https:\/\/images.dog.ceo\/breeds\/hound-english\/n02089973_208.jpg","https:\/\/images.dog.ceo\/breeds\/hound-english\/n02089973_2093.jpg","https:\/\/images.dog.ceo\/breeds\/hound-english\/n02089973_2110.jpg","https:\/\/images.dog.ceo\/breeds\/hound-english\/n02089973_2133.jpg","https:\/\/images.dog.ceo\/breeds\/hound-english\/n02089973_2150.jpg","https:\/\/images.dog.ceo\/breeds\/hound-english\/n02089973_2181.jpg","https:\/\/images.dog.ceo\/breeds\/hound-english\/n02089973_2211.jpg","https:\/\/images.dog.ceo\/breeds\/hound-english\/n02089973_2249.jpg","https:\/\/images.dog.ceo\/breeds\/hound-english\/n02089973_2300.jpg","https:\/\/images.dog.ceo\/breeds\/hound-english\/n02089973_2308.jpg","https:\/\/images.dog.ceo\/breeds\/hound-english\/n02089973_2331.jpg","https:\/\/images.dog.ceo\/breeds\/hound-english\/n02089973_2345.jpg","https:\/\/images.dog.ceo\/breeds\/hound-english\/n02089973_2404.jpg","https:\/\/images.dog.ceo\/breeds\/hound-english\/n02089973_2415.jpg","https:\/\/images.dog.ceo\/breeds\/hound-english\/n02089973_243.jpg","https:\/\/images.dog.ceo\/breeds\/hound-english\/n02089973_2484.jpg","https:\/\/images.dog.ceo\/breeds\/hound-english\/n02089973_2497.jpg","https:\/\/images.dog.ceo\/breeds\/hound-english\/n02089973_2500.jpg","https:\/\/images.dog.ceo\/breeds\/hound-english\/n02089973_255.jpg","https:\/\/images.dog.ceo\/breeds\/hound-english\/n02089973_2551.jpg","https:\/\/images.dog.ceo\/breeds\/hound-english\/n02089973_2603.jpg","https:\/\/images.dog.ceo\/breeds\/hound-english\/n02089973_2608.jpg","https:\/\/images.dog.ceo\/breeds\/hound-english\/n02089973_2633.jpg","https:\/\/images.dog.ceo\/breeds\/hound-english\/n02089973_2681.jpg","https:\/\/images.dog.ceo\/breeds\/hound-english\/n02089973_270.jpg","https:\/\/images.dog.ceo\/breeds\/hound-english\/n02089973_2756.jpg","https:\/\/images.dog.ceo\/breeds\/hound-english\/n02089973_2781.jpg","https:\/\/images.dog.ceo\/breeds\/hound-english\/n02089973_2791.jpg","https:\/\/images.dog.ceo\/breeds\/hound-english\/n02089973_2810.jpg","https:\/\/images.dog.ceo\/breeds\/hound-english\/n02089973_289.jpg","https:\/\/images.dog.ceo\/breeds\/hound-english\/n02089973_2905.jpg","https:\/\/images.dog.ceo\/breeds\/hound-english\/n02089973_3040.jpg","https:\/\/images.dog.ceo\/breeds\/hound-english\/n02089973_3074.jpg","https:\/\/images.dog.ceo\/breeds\/hound-english\/n02089973_3119.jpg","https:\/\/images.dog.ceo\/breeds\/hound-english\/n02089973_3120.jpg","https:\/\/images.dog.ceo\/breeds\/hound-english\/n02089973_3136.jpg","https:\/\/images.dog.ceo\/breeds\/hound-english\/n02089973_3147.jpg","https:\/\/images.dog.ceo\/breeds\/hound-english\/n02089973_3156.jpg","https:\/\/images.dog.ceo\/breeds\/hound-english\/n02089973_3159.jpg","https:\/\/images.dog.ceo\/breeds\/hound-english\/n02089973_3160.jpg","https:\/\/images.dog.ceo\/breeds\/hound-english\/n02089973_319.jpg","https:\/\/images.dog.ceo\/breeds\/hound-english\/n02089973_32.jpg","https:\/\/images.dog.ceo\/breeds\/hound-english\/n02089973_3265.jpg","https:\/\/images.dog.ceo\/breeds\/hound-english\/n02089973_3299.jpg","https:\/\/images.dog.ceo\/breeds\/hound-english\/n02089973_3401.jpg","https:\/\/images.dog.ceo\/breeds\/hound-english\/n02089973_3426.jpg","https:\/\/images.dog.ceo\/breeds\/hound-english\/n02089973_3433.jpg","https:\/\/images.dog.ceo\/breeds\/hound-english\/n02089973_3454.jpg","https:\/\/images.dog.ceo\/breeds\/hound-english\/n02089973_3480.jpg","https:\/\/images.dog.ceo\/breeds\/hound-english\/n02089973_3604.jpg","https:\/\/images.dog.ceo\/breeds\/hound-english\/n02089973_3647.jpg","https:\/\/images.dog.ceo\/breeds\/hound-english\/n02089973_3671.jpg","https:\/\/images.dog.ceo\/breeds\/hound-english\/n02089973_3688.jpg","https:\/\/images.dog.ceo\/breeds\/hound-english\/n02089973_3799.jpg","https:\/\/images.dog.ceo\/breeds\/hound-english\/n02089973_3820.jpg","https:\/\/images.dog.ceo\/breeds\/hound-english\/n02089973_3860.jpg","https:\/\/images.dog.ceo\/breeds\/hound-english\/n02089973_3933.jpg","https:\/\/images.dog.ceo\/breeds\/hound-english\/n02089973_3982.jpg","https:\/\/images.dog.ceo\/breeds\/hound-english\/n02089973_4010.jpg","https:\/\/images.dog.ceo\/breeds\/hound-english\/n02089973_4055.jpg","https:\/\/images.dog.ceo\/breeds\/hound-english\/n02089973_4084.jpg","https:\/\/images.dog.ceo\/breeds\/hound-english\/n02089973_417.jpg","https:\/\/images.dog.ceo\/breeds\/hound-english\/n02089973_4185.jpg","https:\/\/images.dog.ceo\/breeds\/hound-english\/n02089973_4359.jpg","https:\/\/images.dog.ceo\/breeds\/hound-english\/n02089973_437.jpg","https:\/\/images.dog.ceo\/breeds\/hound-english\/n02089973_525.jpg","https:\/\/images.dog.ceo\/breeds\/hound-english\/n02089973_529.jpg","https:\/\/images.dog.ceo\/breeds\/hound-english\/n02089973_533.jpg","https:\/\/images.dog.ceo\/breeds\/hound-english\/n02089973_569.jpg","https:\/\/images.dog.ceo\/breeds\/hound-english\/n02089973_612.jpg","https:\/\/images.dog.ceo\/breeds\/hound-english\/n02089973_770.jpg","https:\/\/images.dog.ceo\/breeds\/hound-english\/n02089973_809.jpg","https:\/\/images.dog.ceo\/breeds\/hound-english\/n02089973_811.jpg","https:\/\/images.dog.ceo\/breeds\/hound-english\/n02089973_846.jpg","https:\/\/images.dog.ceo\/breeds\/hound-english\/n02089973_888.jpg","https:\/\/images.dog.ceo\/breeds\/hound-english\/n02089973_957.jpg","https:\/\/images.dog.ceo\/breeds\/hound-english\/n02089973_97.jpg","https:\/\/images.dog.ceo\/breeds\/hound-english\/n02089973_973.jpg","https:\/\/images.dog.ceo\/breeds\/hound-english\/n02089973_99.jpg","https:\/\/images.dog.ceo\/breeds\/hound-ibizan\/n02091244_100.jpg","https:\/\/images.dog.ceo\/breeds\/hound-ibizan\/n02091244_1000.jpg","https:\/\/images.dog.ceo\/breeds\/hound-ibizan\/n02091244_1025.jpg","https:\/\/images.dog.ceo\/breeds\/hound-ibizan\/n02091244_1030.jpg","https:\/\/images.dog.ceo\/breeds\/hound-ibizan\/n02091244_1045.jpg","https:\/\/images.dog.ceo\/breeds\/hound-ibizan\/n02091244_1076.jpg","https:\/\/images.dog.ceo\/breeds\/hound-ibizan\/n02091244_110.jpg","https:\/\/images.dog.ceo\/breeds\/hound-ibizan\/n02091244_1120.jpg","https:\/\/images.dog.ceo\/breeds\/hound-ibizan\/n02091244_1182.jpg","https:\/\/images.dog.ceo\/breeds\/hound-ibizan\/n02091244_119.jpg","https:\/\/images.dog.ceo\/breeds\/hound-ibizan\/n02091244_1238.jpg","https:\/\/images.dog.ceo\/breeds\/hound-ibizan\/n02091244_1252.jpg","https:\/\/images.dog.ceo\/breeds\/hound-ibizan\/n02091244_1283.jpg","https:\/\/images.dog.ceo\/breeds\/hound-ibizan\/n02091244_1340.jpg","https:\/\/images.dog.ceo\/breeds\/hound-ibizan\/n02091244_1371.jpg","https:\/\/images.dog.ceo\/breeds\/hound-ibizan\/n02091244_1396.jpg","https:\/\/images.dog.ceo\/breeds\/hound-ibizan\/n02091244_142.jpg","https:\/\/images.dog.ceo\/breeds\/hound-ibizan\/n02091244_1438.jpg","https:\/\/images.dog.ceo\/breeds\/hound-ibizan\/n02091244_1488.jpg","https:\/\/images.dog.ceo\/breeds\/hound-ibizan\/n02091244_150.jpg","https:\/\/images.dog.ceo\/breeds\/hound-ibizan\/n02091244_1541.jpg","https:\/\/images.dog.ceo\/breeds\/hound-ibizan\/n02091244_156.jpg","https:\/\/images.dog.ceo\/breeds\/hound-ibizan\/n02091244_1635.jpg","https:\/\/images.dog.ceo\/breeds\/hound-ibizan\/n02091244_169.jpg","https:\/\/images.dog.ceo\/breeds\/hound-ibizan\/n02091244_175.jpg","https:\/\/images.dog.ceo\/breeds\/hound-ibizan\/n02091244_177.jpg","https:\/\/images.dog.ceo\/breeds\/hound-ibizan\/n02091244_1917.jpg","https:\/\/images.dog.ceo\/breeds\/hound-ibizan\/n02091244_1938.jpg","https:\/\/images.dog.ceo\/breeds\/hound-ibizan\/n02091244_1948.jpg","https:\/\/images.dog.ceo\/breeds\/hound-ibizan\/n02091244_2038.jpg","https:\/\/images.dog.ceo\/breeds\/hound-ibizan\/n02091244_2050.jpg","https:\/\/images.dog.ceo\/breeds\/hound-ibizan\/n02091244_2062.jpg","https:\/\/images.dog.ceo\/breeds\/hound-ibizan\/n02091244_2115.jpg","https:\/\/images.dog.ceo\/breeds\/hound-ibizan\/n02091244_2118.jpg","https:\/\/images.dog.ceo\/breeds\/hound-ibizan\/n02091244_2132.jpg","https:\/\/images.dog.ceo\/breeds\/hound-ibizan\/n02091244_2198.jpg","https:\/\/images.dog.ceo\/breeds\/hound-ibizan\/n02091244_2207.jpg","https:\/\/images.dog.ceo\/breeds\/hound-ibizan\/n02091244_226.jpg","https:\/\/images.dog.ceo\/breeds\/hound-ibizan\/n02091244_2275.jpg","https:\/\/images.dog.ceo\/breeds\/hound-ibizan\/n02091244_2293.jpg","https:\/\/images.dog.ceo\/breeds\/hound-ibizan\/n02091244_2323.jpg","https:\/\/images.dog.ceo\/breeds\/hound-ibizan\/n02091244_2427.jpg","https:\/\/images.dog.ceo\/breeds\/hound-ibizan\/n02091244_2464.jpg","https:\/\/images.dog.ceo\/breeds\/hound-ibizan\/n02091244_25.jpg","https:\/\/images.dog.ceo\/breeds\/hound-ibizan\/n02091244_2512.jpg","https:\/\/images.dog.ceo\/breeds\/hound-ibizan\/n02091244_2542.jpg","https:\/\/images.dog.ceo\/breeds\/hound-ibizan\/n02091244_2601.jpg","https:\/\/images.dog.ceo\/breeds\/hound-ibizan\/n02091244_2625.jpg","https:\/\/images.dog.ceo\/breeds\/hound-ibizan\/n02091244_2648.jpg","https:\/\/images.dog.ceo\/breeds\/hound-ibizan\/n02091244_2653.jpg","https:\/\/images.dog.ceo\/breeds\/hound-ibizan\/n02091244_2695.jpg","https:\/\/images.dog.ceo\/breeds\/hound-ibizan\/n02091244_2709.jpg","https:\/\/images.dog.ceo\/breeds\/hound-ibizan\/n02091244_2747.jpg","https:\/\/images.dog.ceo\/breeds\/hound-ibizan\/n02091244_2760.jpg","https:\/\/images.dog.ceo\/breeds\/hound-ibizan\/n02091244_2782.jpg","https:\/\/images.dog.ceo\/breeds\/hound-ibizan\/n02091244_2820.jpg","https:\/\/images.dog.ceo\/breeds\/hound-ibizan\/n02091244_2838.jpg","https:\/\/images.dog.ceo\/breeds\/hound-ibizan\/n02091244_2871.jpg","https:\/\/images.dog.ceo\/breeds\/hound-ibizan\/n02091244_289.jpg","https:\/\/images.dog.ceo\/breeds\/hound-ibizan\/n02091244_291.jpg","https:\/\/images.dog.ceo\/breeds\/hound-ibizan\/n02091244_2919.jpg","https:\/\/images.dog.ceo\/breeds\/hound-ibizan\/n02091244_2934.jpg","https:\/\/images.dog.ceo\/breeds\/hound-ibizan\/n02091244_2941.jpg","https:\/\/images.dog.ceo\/breeds\/hound-ibizan\/n02091244_2993.jpg","https:\/\/images.dog.ceo\/breeds\/hound-ibizan\/n02091244_3005.jpg","https:\/\/images.dog.ceo\/breeds\/hound-ibizan\/n02091244_3042.jpg","https:\/\/images.dog.ceo\/breeds\/hound-ibizan\/n02091244_3075.jpg","https:\/\/images.dog.ceo\/breeds\/hound-ibizan\/n02091244_3153.jpg","https:\/\/images.dog.ceo\/breeds\/hound-ibizan\/n02091244_3161.jpg","https:\/\/images.dog.ceo\/breeds\/hound-ibizan\/n02091244_3240.jpg","https:\/\/images.dog.ceo\/breeds\/hound-ibizan\/n02091244_327.jpg","https:\/\/images.dog.ceo\/breeds\/hound-ibizan\/n02091244_3278.jpg","https:\/\/images.dog.ceo\/breeds\/hound-ibizan\/n02091244_3289.jpg","https:\/\/images.dog.ceo\/breeds\/hound-ibizan\/n02091244_3315.jpg","https:\/\/images.dog.ceo\/breeds\/hound-ibizan\/n02091244_3319.jpg","https:\/\/images.dog.ceo\/breeds\/hound-ibizan\/n02091244_3320.jpg","https:\/\/images.dog.ceo\/breeds\/hound-ibizan\/n02091244_3321.jpg","https:\/\/images.dog.ceo\/breeds\/hound-ibizan\/n02091244_3346.jpg","https:\/\/images.dog.ceo\/breeds\/hound-ibizan\/n02091244_3369.jpg","https:\/\/images.dog.ceo\/breeds\/hound-ibizan\/n02091244_3373.jpg","https:\/\/images.dog.ceo\/breeds\/hound-ibizan\/n02091244_3383.jpg","https:\/\/images.dog.ceo\/breeds\/hound-ibizan\/n02091244_3425.jpg","https:\/\/images.dog.ceo\/breeds\/hound-ibizan\/n02091244_3438.jpg","https:\/\/images.dog.ceo\/breeds\/hound-ibizan\/n02091244_3552.jpg","https:\/\/images.dog.ceo\/breeds\/hound-ibizan\/n02091244_3707.jpg","https:\/\/images.dog.ceo\/breeds\/hound-ibizan\/n02091244_3735.jpg","https:\/\/images.dog.ceo\/breeds\/hound-ibizan\/n02091244_3748.jpg","https:\/\/images.dog.ceo\/breeds\/hound-ibizan\/n02091244_3800.jpg","https:\/\/images.dog.ceo\/breeds\/hound-ibizan\/n02091244_3840.jpg","https:\/\/images.dog.ceo\/breeds\/hound-ibizan\/n02091244_387.jpg","https:\/\/images.dog.ceo\/breeds\/hound-ibizan\/n02091244_3874.jpg","https:\/\/images.dog.ceo\/breeds\/hound-ibizan\/n02091244_3921.jpg","https:\/\/images.dog.ceo\/breeds\/hound-ibizan\/n02091244_3939.jpg","https:\/\/images.dog.ceo\/breeds\/hound-ibizan\/n02091244_4015.jpg","https:\/\/images.dog.ceo\/breeds\/hound-ibizan\/n02091244_4031.jpg","https:\/\/images.dog.ceo\/breeds\/hound-ibizan\/n02091244_4033.jpg","https:\/\/images.dog.ceo\/breeds\/hound-ibizan\/n02091244_4086.jpg","https:\/\/images.dog.ceo\/breeds\/hound-ibizan\/n02091244_4107.jpg","https:\/\/images.dog.ceo\/breeds\/hound-ibizan\/n02091244_4110.jpg","https:\/\/images.dog.ceo\/breeds\/hound-ibizan\/n02091244_4242.jpg","https:\/\/images.dog.ceo\/breeds\/hound-ibizan\/n02091244_4268.jpg","https:\/\/images.dog.ceo\/breeds\/hound-ibizan\/n02091244_4281.jpg","https:\/\/images.dog.ceo\/breeds\/hound-ibizan\/n02091244_4367.jpg","https:\/\/images.dog.ceo\/breeds\/hound-ibizan\/n02091244_4395.jpg","https:\/\/images.dog.ceo\/breeds\/hound-ibizan\/n02091244_440.jpg","https:\/\/images.dog.ceo\/breeds\/hound-ibizan\/n02091244_443.jpg","https:\/\/images.dog.ceo\/breeds\/hound-ibizan\/n02091244_448.jpg","https:\/\/images.dog.ceo\/breeds\/hound-ibizan\/n02091244_465.jpg","https:\/\/images.dog.ceo\/breeds\/hound-ibizan\/n02091244_4778.jpg","https:\/\/images.dog.ceo\/breeds\/hound-ibizan\/n02091244_485.jpg","https:\/\/images.dog.ceo\/breeds\/hound-ibizan\/n02091244_486.jpg","https:\/\/images.dog.ceo\/breeds\/hound-ibizan\/n02091244_4861.jpg","https:\/\/images.dog.ceo\/breeds\/hound-ibizan\/n02091244_487.jpg","https:\/\/images.dog.ceo\/breeds\/hound-ibizan\/n02091244_4879.jpg","https:\/\/images.dog.ceo\/breeds\/hound-ibizan\/n02091244_4885.jpg","https:\/\/images.dog.ceo\/breeds\/hound-ibizan\/n02091244_4914.jpg","https:\/\/images.dog.ceo\/breeds\/hound-ibizan\/n02091244_4948.jpg","https:\/\/images.dog.ceo\/breeds\/hound-ibizan\/n02091244_497.jpg","https:\/\/images.dog.ceo\/breeds\/hound-ibizan\/n02091244_4986.jpg","https:\/\/images.dog.ceo\/breeds\/hound-ibizan\/n02091244_5038.jpg","https:\/\/images.dog.ceo\/breeds\/hound-ibizan\/n02091244_5180.jpg","https:\/\/images.dog.ceo\/breeds\/hound-ibizan\/n02091244_5400.jpg","https:\/\/images.dog.ceo\/breeds\/hound-ibizan\/n02091244_5488.jpg","https:\/\/images.dog.ceo\/breeds\/hound-ibizan\/n02091244_5517.jpg","https:\/\/images.dog.ceo\/breeds\/hound-ibizan\/n02091244_5571.jpg","https:\/\/images.dog.ceo\/breeds\/hound-ibizan\/n02091244_5637.jpg","https:\/\/images.dog.ceo\/breeds\/hound-ibizan\/n02091244_5638.jpg","https:\/\/images.dog.ceo\/breeds\/hound-ibizan\/n02091244_5639.jpg","https:\/\/images.dog.ceo\/breeds\/hound-ibizan\/n02091244_569.jpg","https:\/\/images.dog.ceo\/breeds\/hound-ibizan\/n02091244_5769.jpg","https:\/\/images.dog.ceo\/breeds\/hound-ibizan\/n02091244_5774.jpg","https:\/\/images.dog.ceo\/breeds\/hound-ibizan\/n02091244_583.jpg","https:\/\/images.dog.ceo\/breeds\/hound-ibizan\/n02091244_589.jpg","https:\/\/images.dog.ceo\/breeds\/hound-ibizan\/n02091244_5895.jpg","https:\/\/images.dog.ceo\/breeds\/hound-ibizan\/n02091244_5943.jpg","https:\/\/images.dog.ceo\/breeds\/hound-ibizan\/n02091244_595.jpg","https:\/\/images.dog.ceo\/breeds\/hound-ibizan\/n02091244_596.jpg","https:\/\/images.dog.ceo\/breeds\/hound-ibizan\/n02091244_5989.jpg","https:\/\/images.dog.ceo\/breeds\/hound-ibizan\/n02091244_6041.jpg","https:\/\/images.dog.ceo\/breeds\/hound-ibizan\/n02091244_61.jpg","https:\/\/images.dog.ceo\/breeds\/hound-ibizan\/n02091244_678.jpg","https:\/\/images.dog.ceo\/breeds\/hound-ibizan\/n02091244_716.jpg","https:\/\/images.dog.ceo\/breeds\/hound-ibizan\/n02091244_736.jpg","https:\/\/images.dog.ceo\/breeds\/hound-ibizan\/n02091244_743.jpg","https:\/\/images.dog.ceo\/breeds\/hound-ibizan\/n02091244_746.jpg","https:\/\/images.dog.ceo\/breeds\/hound-ibizan\/n02091244_756.jpg","https:\/\/images.dog.ceo\/breeds\/hound-ibizan\/n02091244_784.jpg","https:\/\/images.dog.ceo\/breeds\/hound-ibizan\/n02091244_822.jpg","https:\/\/images.dog.ceo\/breeds\/hound-ibizan\/n02091244_85.jpg","https:\/\/images.dog.ceo\/breeds\/hound-ibizan\/n02091244_86.jpg","https:\/\/images.dog.ceo\/breeds\/hound-ibizan\/n02091244_873.jpg","https:\/\/images.dog.ceo\/breeds\/hound-ibizan\/n02091244_879.jpg","https:\/\/images.dog.ceo\/breeds\/hound-ibizan\/n02091244_939.jpg","https:\/\/images.dog.ceo\/breeds\/hound-ibizan\/n02091244_966.jpg","https:\/\/images.dog.ceo\/breeds\/hound-plott\/hhh-23456.jpg","https:\/\/images.dog.ceo\/breeds\/hound-plott\/hhh_plott002.jpg","https:\/\/images.dog.ceo\/breeds\/hound-walker\/n02089867_1048.jpg","https:\/\/images.dog.ceo\/breeds\/hound-walker\/n02089867_1062.jpg","https:\/\/images.dog.ceo\/breeds\/hound-walker\/n02089867_1079.jpg","https:\/\/images.dog.ceo\/breeds\/hound-walker\/n02089867_1082.jpg","https:\/\/images.dog.ceo\/breeds\/hound-walker\/n02089867_1105.jpg","https:\/\/images.dog.ceo\/breeds\/hound-walker\/n02089867_1208.jpg","https:\/\/images.dog.ceo\/breeds\/hound-walker\/n02089867_1212.jpg","https:\/\/images.dog.ceo\/breeds\/hound-walker\/n02089867_1225.jpg","https:\/\/images.dog.ceo\/breeds\/hound-walker\/n02089867_1243.jpg","https:\/\/images.dog.ceo\/breeds\/hound-walker\/n02089867_126.jpg","https:\/\/images.dog.ceo\/breeds\/hound-walker\/n02089867_1295.jpg","https:\/\/images.dog.ceo\/breeds\/hound-walker\/n02089867_1310.jpg","https:\/\/images.dog.ceo\/breeds\/hound-walker\/n02089867_1345.jpg","https:\/\/images.dog.ceo\/breeds\/hound-walker\/n02089867_1352.jpg","https:\/\/images.dog.ceo\/breeds\/hound-walker\/n02089867_1368.jpg","https:\/\/images.dog.ceo\/breeds\/hound-walker\/n02089867_1381.jpg","https:\/\/images.dog.ceo\/breeds\/hound-walker\/n02089867_1412.jpg","https:\/\/images.dog.ceo\/breeds\/hound-walker\/n02089867_1416.jpg","https:\/\/images.dog.ceo\/breeds\/hound-walker\/n02089867_142.jpg","https:\/\/images.dog.ceo\/breeds\/hound-walker\/n02089867_1430.jpg","https:\/\/images.dog.ceo\/breeds\/hound-walker\/n02089867_1438.jpg","https:\/\/images.dog.ceo\/breeds\/hound-walker\/n02089867_1439.jpg","https:\/\/images.dog.ceo\/breeds\/hound-walker\/n02089867_1452.jpg","https:\/\/images.dog.ceo\/breeds\/hound-walker\/n02089867_146.jpg","https:\/\/images.dog.ceo\/breeds\/hound-walker\/n02089867_1471.jpg","https:\/\/images.dog.ceo\/breeds\/hound-walker\/n02089867_148.jpg","https:\/\/images.dog.ceo\/breeds\/hound-walker\/n02089867_149.jpg","https:\/\/images.dog.ceo\/breeds\/hound-walker\/n02089867_1504.jpg","https:\/\/images.dog.ceo\/breeds\/hound-walker\/n02089867_1546.jpg","https:\/\/images.dog.ceo\/breeds\/hound-walker\/n02089867_1599.jpg","https:\/\/images.dog.ceo\/breeds\/hound-walker\/n02089867_1697.jpg","https:\/\/images.dog.ceo\/breeds\/hound-walker\/n02089867_1787.jpg","https:\/\/images.dog.ceo\/breeds\/hound-walker\/n02089867_180.jpg","https:\/\/images.dog.ceo\/breeds\/hound-walker\/n02089867_1824.jpg","https:\/\/images.dog.ceo\/breeds\/hound-walker\/n02089867_1863.jpg","https:\/\/images.dog.ceo\/breeds\/hound-walker\/n02089867_1882.jpg","https:\/\/images.dog.ceo\/breeds\/hound-walker\/n02089867_1912.jpg","https:\/\/images.dog.ceo\/breeds\/hound-walker\/n02089867_1918.jpg","https:\/\/images.dog.ceo\/breeds\/hound-walker\/n02089867_1921.jpg","https:\/\/images.dog.ceo\/breeds\/hound-walker\/n02089867_1931.jpg","https:\/\/images.dog.ceo\/breeds\/hound-walker\/n02089867_1965.jpg","https:\/\/images.dog.ceo\/breeds\/hound-walker\/n02089867_1987.jpg","https:\/\/images.dog.ceo\/breeds\/hound-walker\/n02089867_1988.jpg","https:\/\/images.dog.ceo\/breeds\/hound-walker\/n02089867_2039.jpg","https:\/\/images.dog.ceo\/breeds\/hound-walker\/n02089867_2063.jpg","https:\/\/images.dog.ceo\/breeds\/hound-walker\/n02089867_2102.jpg","https:\/\/images.dog.ceo\/breeds\/hound-walker\/n02089867_2142.jpg","https:\/\/images.dog.ceo\/breeds\/hound-walker\/n02089867_218.jpg","https:\/\/images.dog.ceo\/breeds\/hound-walker\/n02089867_2267.jpg","https:\/\/images.dog.ceo\/breeds\/hound-walker\/n02089867_2280.jpg","https:\/\/images.dog.ceo\/breeds\/hound-walker\/n02089867_2287.jpg","https:\/\/images.dog.ceo\/breeds\/hound-walker\/n02089867_2295.jpg","https:\/\/images.dog.ceo\/breeds\/hound-walker\/n02089867_2319.jpg","https:\/\/images.dog.ceo\/breeds\/hound-walker\/n02089867_2325.jpg","https:\/\/images.dog.ceo\/breeds\/hound-walker\/n02089867_2365.jpg","https:\/\/images.dog.ceo\/breeds\/hound-walker\/n02089867_2382.jpg","https:\/\/images.dog.ceo\/breeds\/hound-walker\/n02089867_2387.jpg","https:\/\/images.dog.ceo\/breeds\/hound-walker\/n02089867_2388.jpg","https:\/\/images.dog.ceo\/breeds\/hound-walker\/n02089867_24.jpg","https:\/\/images.dog.ceo\/breeds\/hound-walker\/n02089867_2432.jpg","https:\/\/images.dog.ceo\/breeds\/hound-walker\/n02089867_2433.jpg","https:\/\/images.dog.ceo\/breeds\/hound-walker\/n02089867_2446.jpg","https:\/\/images.dog.ceo\/breeds\/hound-walker\/n02089867_2472.jpg","https:\/\/images.dog.ceo\/breeds\/hound-walker\/n02089867_2479.jpg","https:\/\/images.dog.ceo\/breeds\/hound-walker\/n02089867_2559.jpg","https:\/\/images.dog.ceo\/breeds\/hound-walker\/n02089867_2567.jpg","https:\/\/images.dog.ceo\/breeds\/hound-walker\/n02089867_2582.jpg","https:\/\/images.dog.ceo\/breeds\/hound-walker\/n02089867_2596.jpg","https:\/\/images.dog.ceo\/breeds\/hound-walker\/n02089867_2602.jpg","https:\/\/images.dog.ceo\/breeds\/hound-walker\/n02089867_2653.jpg","https:\/\/images.dog.ceo\/breeds\/hound-walker\/n02089867_266.jpg","https:\/\/images.dog.ceo\/breeds\/hound-walker\/n02089867_2677.jpg","https:\/\/images.dog.ceo\/breeds\/hound-walker\/n02089867_2688.jpg","https:\/\/images.dog.ceo\/breeds\/hound-walker\/n02089867_2713.jpg","https:\/\/images.dog.ceo\/breeds\/hound-walker\/n02089867_2735.jpg","https:\/\/images.dog.ceo\/breeds\/hound-walker\/n02089867_2743.jpg","https:\/\/images.dog.ceo\/breeds\/hound-walker\/n02089867_2758.jpg","https:\/\/images.dog.ceo\/breeds\/hound-walker\/n02089867_277.jpg","https:\/\/images.dog.ceo\/breeds\/hound-walker\/n02089867_2815.jpg","https:\/\/images.dog.ceo\/breeds\/hound-walker\/n02089867_2880.jpg","https:\/\/images.dog.ceo\/breeds\/hound-walker\/n02089867_2950.jpg","https:\/\/images.dog.ceo\/breeds\/hound-walker\/n02089867_3023.jpg","https:\/\/images.dog.ceo\/breeds\/hound-walker\/n02089867_3044.jpg","https:\/\/images.dog.ceo\/breeds\/hound-walker\/n02089867_3072.jpg","https:\/\/images.dog.ceo\/breeds\/hound-walker\/n02089867_31.jpg","https:\/\/images.dog.ceo\/breeds\/hound-walker\/n02089867_3103.jpg","https:\/\/images.dog.ceo\/breeds\/hound-walker\/n02089867_3108.jpg","https:\/\/images.dog.ceo\/breeds\/hound-walker\/n02089867_3126.jpg","https:\/\/images.dog.ceo\/breeds\/hound-walker\/n02089867_3177.jpg","https:\/\/images.dog.ceo\/breeds\/hound-walker\/n02089867_3253.jpg","https:\/\/images.dog.ceo\/breeds\/hound-walker\/n02089867_3260.jpg","https:\/\/images.dog.ceo\/breeds\/hound-walker\/n02089867_3335.jpg","https:\/\/images.dog.ceo\/breeds\/hound-walker\/n02089867_335.jpg","https:\/\/images.dog.ceo\/breeds\/hound-walker\/n02089867_3448.jpg","https:\/\/images.dog.ceo\/breeds\/hound-walker\/n02089867_3449.jpg","https:\/\/images.dog.ceo\/breeds\/hound-walker\/n02089867_3456.jpg","https:\/\/images.dog.ceo\/breeds\/hound-walker\/n02089867_347.jpg","https:\/\/images.dog.ceo\/breeds\/hound-walker\/n02089867_348.jpg","https:\/\/images.dog.ceo\/breeds\/hound-walker\/n02089867_3585.jpg","https:\/\/images.dog.ceo\/breeds\/hound-walker\/n02089867_3602.jpg","https:\/\/images.dog.ceo\/breeds\/hound-walker\/n02089867_3608.jpg","https:\/\/images.dog.ceo\/breeds\/hound-walker\/n02089867_3727.jpg","https:\/\/images.dog.ceo\/breeds\/hound-walker\/n02089867_3784.jpg","https:\/\/images.dog.ceo\/breeds\/hound-walker\/n02089867_3800.jpg","https:\/\/images.dog.ceo\/breeds\/hound-walker\/n02089867_3840.jpg","https:\/\/images.dog.ceo\/breeds\/hound-walker\/n02089867_3892.jpg","https:\/\/images.dog.ceo\/breeds\/hound-walker\/n02089867_3928.jpg","https:\/\/images.dog.ceo\/breeds\/hound-walker\/n02089867_3953.jpg","https:\/\/images.dog.ceo\/breeds\/hound-walker\/n02089867_4001.jpg","https:\/\/images.dog.ceo\/breeds\/hound-walker\/n02089867_4004.jpg","https:\/\/images.dog.ceo\/breeds\/hound-walker\/n02089867_42.jpg","https:\/\/images.dog.ceo\/breeds\/hound-walker\/n02089867_426.jpg","https:\/\/images.dog.ceo\/breeds\/hound-walker\/n02089867_454.jpg","https:\/\/images.dog.ceo\/breeds\/hound-walker\/n02089867_55.jpg","https:\/\/images.dog.ceo\/breeds\/hound-walker\/n02089867_600.jpg","https:\/\/images.dog.ceo\/breeds\/hound-walker\/n02089867_614.jpg","https:\/\/images.dog.ceo\/breeds\/hound-walker\/n02089867_671.jpg","https:\/\/images.dog.ceo\/breeds\/hound-walker\/n02089867_712.jpg","https:\/\/images.dog.ceo\/breeds\/hound-walker\/n02089867_724.jpg","https:\/\/images.dog.ceo\/breeds\/hound-walker\/n02089867_758.jpg","https:\/\/images.dog.ceo\/breeds\/hound-walker\/n02089867_785.jpg","https:\/\/images.dog.ceo\/breeds\/hound-walker\/n02089867_822.jpg","https:\/\/images.dog.ceo\/breeds\/hound-walker\/n02089867_857.jpg","https:\/\/images.dog.ceo\/breeds\/hound-walker\/n02089867_880.jpg","https:\/\/images.dog.ceo\/breeds\/hound-walker\/n02089867_883.jpg","https:\/\/images.dog.ceo\/breeds\/hound-walker\/n02089867_90.jpg","https:\/\/images.dog.ceo\/breeds\/hound-walker\/n02089867_91.jpg","https:\/\/images.dog.ceo\/breeds\/hound-walker\/n02089867_942.jpg","https:\/\/images.dog.ceo\/breeds\/hound-walker\/n02089867_953.jpg"],"status":"success"}

15:08:18.946 [main] DEBUG com.jayway.jsonpath.internal.path.CompiledPath -- Evaluating path: $['status']
15:08:18.947 [main] DEBUG com.jayway.jsonpath.internal.path.CompiledPath -- Evaluating path: $['message']
15:08:18.947 [main] DEBUG com.jayway.jsonpath.internal.path.CompiledPath -- Evaluating path: $['message']
]]></system-out>
  </testcase>
  <testcase name="[7.2:57] Listar imagens de várias raças dinamicamente" classname="features/breed_images" time="0.48">
    <system-out><![CDATA[15:08:18.975 [main] DEBUG org.apache.http.client.protocol.RequestAddCookies -- CookieSpec selected: karate
15:08:18.975 [main] DEBUG org.apache.http.client.protocol.RequestAuthCache -- Auth cache not set in the context
15:08:18.975 [main] DEBUG com.intuit.karate -- request:
1 > GET https://dog.ceo/api/breed/bulldog/images
1 > Host: dog.ceo
1 > Connection: Keep-Alive
1 > User-Agent: Apache-HttpClient/4.5.14 (Java/11.0.27)
1 > Accept-Encoding: gzip,deflate


15:08:18.975 [main] DEBUG org.apache.http.impl.conn.PoolingHttpClientConnectionManager -- Connection request: [route: {s}->https://dog.ceo:443][total available: 0; route allocated: 0 of 5; total allocated: 0 of 10]
15:08:18.975 [main] DEBUG org.apache.http.impl.conn.PoolingHttpClientConnectionManager -- Connection leased: [id: 13][route: {s}->https://dog.ceo:443][total available: 0; route allocated: 1 of 5; total allocated: 1 of 10]
15:08:18.975 [main] DEBUG org.apache.http.impl.execchain.MainClientExec -- Opening connection {s}->https://dog.ceo:443
15:08:18.975 [main] DEBUG org.apache.http.impl.conn.DefaultHttpClientConnectionOperator -- Connecting to dog.ceo/104.21.17.246:443
15:08:18.975 [main] DEBUG org.apache.http.conn.ssl.SSLConnectionSocketFactory -- Connecting socket to dog.ceo/104.21.17.246:443 with timeout 30000
15:08:18.993 [main] DEBUG org.apache.http.conn.ssl.SSLConnectionSocketFactory -- Enabled protocols: [TLSv1.3, TLSv1.2]
15:08:18.993 [main] DEBUG org.apache.http.conn.ssl.SSLConnectionSocketFactory -- Enabled cipher suites:[TLS_AES_256_GCM_SHA384, TLS_AES_128_GCM_SHA256, TLS_CHACHA20_POLY1305_SHA256, TLS_ECDHE_ECDSA_WITH_AES_256_GCM_SHA384, TLS_ECDHE_ECDSA_WITH_AES_128_GCM_SHA256, TLS_ECDHE_ECDSA_WITH_CHACHA20_POLY1305_SHA256, TLS_ECDHE_RSA_WITH_AES_256_GCM_SHA384, TLS_ECDHE_RSA_WITH_CHACHA20_POLY1305_SHA256, TLS_ECDHE_RSA_WITH_AES_128_GCM_SHA256, TLS_DHE_RSA_WITH_AES_256_GCM_SHA384, TLS_DHE_RSA_WITH_CHACHA20_POLY1305_SHA256, TLS_DHE_DSS_WITH_AES_256_GCM_SHA384, TLS_DHE_RSA_WITH_AES_128_GCM_SHA256, TLS_DHE_DSS_WITH_AES_128_GCM_SHA256, TLS_ECDHE_ECDSA_WITH_AES_256_CBC_SHA384, TLS_ECDHE_RSA_WITH_AES_256_CBC_SHA384, TLS_ECDHE_ECDSA_WITH_AES_128_CBC_SHA256, TLS_ECDHE_RSA_WITH_AES_128_CBC_SHA256, TLS_DHE_RSA_WITH_AES_256_CBC_SHA256, TLS_DHE_DSS_WITH_AES_256_CBC_SHA256, TLS_DHE_RSA_WITH_AES_128_CBC_SHA256, TLS_DHE_DSS_WITH_AES_128_CBC_SHA256, TLS_ECDHE_ECDSA_WITH_AES_256_CBC_SHA, TLS_ECDHE_RSA_WITH_AES_256_CBC_SHA, TLS_ECDHE_ECDSA_WITH_AES_128_CBC_SHA, TLS_ECDHE_RSA_WITH_AES_128_CBC_SHA, TLS_DHE_RSA_WITH_AES_256_CBC_SHA, TLS_DHE_DSS_WITH_AES_256_CBC_SHA, TLS_DHE_RSA_WITH_AES_128_CBC_SHA, TLS_DHE_DSS_WITH_AES_128_CBC_SHA, TLS_RSA_WITH_AES_256_GCM_SHA384, TLS_RSA_WITH_AES_128_GCM_SHA256, TLS_RSA_WITH_AES_256_CBC_SHA256, TLS_RSA_WITH_AES_128_CBC_SHA256, TLS_RSA_WITH_AES_256_CBC_SHA, TLS_RSA_WITH_AES_128_CBC_SHA, TLS_EMPTY_RENEGOTIATION_INFO_SCSV]
15:08:18.993 [main] DEBUG org.apache.http.conn.ssl.SSLConnectionSocketFactory -- Starting handshake
15:08:19.024 [main] DEBUG org.apache.http.conn.ssl.SSLConnectionSocketFactory -- Secure session established
15:08:19.024 [main] DEBUG org.apache.http.conn.ssl.SSLConnectionSocketFactory --  negotiated protocol: TLSv1.3
15:08:19.024 [main] DEBUG org.apache.http.conn.ssl.SSLConnectionSocketFactory --  negotiated cipher suite: TLS_AES_256_GCM_SHA384
15:08:19.024 [main] DEBUG org.apache.http.conn.ssl.SSLConnectionSocketFactory --  peer principal: CN=dog.ceo
15:08:19.024 [main] DEBUG org.apache.http.conn.ssl.SSLConnectionSocketFactory --  peer alternative names: [dog.ceo, *.dog.ceo]
15:08:19.024 [main] DEBUG org.apache.http.conn.ssl.SSLConnectionSocketFactory --  issuer principal: CN=WE1, O=Google Trust Services, C=US
15:08:19.025 [main] DEBUG org.apache.http.impl.conn.DefaultHttpClientConnectionOperator -- Connection established 192.168.0.105:65302<->104.21.17.246:443
15:08:19.025 [main] DEBUG org.apache.http.impl.conn.DefaultManagedHttpClientConnection -- http-outgoing-13: set socket timeout to 30000
15:08:19.025 [main] DEBUG org.apache.http.impl.execchain.MainClientExec -- Executing request GET /api/breed/bulldog/images HTTP/1.1
15:08:19.025 [main] DEBUG org.apache.http.impl.execchain.MainClientExec -- Target auth state: UNCHALLENGED
15:08:19.025 [main] DEBUG org.apache.http.impl.execchain.MainClientExec -- Proxy auth state: UNCHALLENGED
15:08:19.025 [main] DEBUG org.apache.http.headers -- http-outgoing-13 >> GET /api/breed/bulldog/images HTTP/1.1
15:08:19.025 [main] DEBUG org.apache.http.headers -- http-outgoing-13 >> Host: dog.ceo
15:08:19.025 [main] DEBUG org.apache.http.headers -- http-outgoing-13 >> Connection: Keep-Alive
15:08:19.025 [main] DEBUG org.apache.http.headers -- http-outgoing-13 >> User-Agent: Apache-HttpClient/4.5.14 (Java/11.0.27)
15:08:19.025 [main] DEBUG org.apache.http.headers -- http-outgoing-13 >> Accept-Encoding: gzip,deflate
15:08:19.025 [main] DEBUG org.apache.http.wire -- http-outgoing-13 >> "GET /api/breed/bulldog/images HTTP/1.1[\r][\n]"
15:08:19.025 [main] DEBUG org.apache.http.wire -- http-outgoing-13 >> "Host: dog.ceo[\r][\n]"
15:08:19.025 [main] DEBUG org.apache.http.wire -- http-outgoing-13 >> "Connection: Keep-Alive[\r][\n]"
15:08:19.025 [main] DEBUG org.apache.http.wire -- http-outgoing-13 >> "User-Agent: Apache-HttpClient/4.5.14 (Java/11.0.27)[\r][\n]"
15:08:19.025 [main] DEBUG org.apache.http.wire -- http-outgoing-13 >> "Accept-Encoding: gzip,deflate[\r][\n]"
15:08:19.025 [main] DEBUG org.apache.http.wire -- http-outgoing-13 >> "[\r][\n]"
15:08:19.425 [main] DEBUG org.apache.http.wire -- http-outgoing-13 << "HTTP/1.1 200 OK[\r][\n]"
15:08:19.425 [main] DEBUG org.apache.http.wire -- http-outgoing-13 << "Date: Tue, 22 Jul 2025 18:08:34 GMT[\r][\n]"
15:08:19.425 [main] DEBUG org.apache.http.wire -- http-outgoing-13 << "Content-Type: application/json[\r][\n]"
15:08:19.425 [main] DEBUG org.apache.http.wire -- http-outgoing-13 << "Content-Length: 1398[\r][\n]"
15:08:19.425 [main] DEBUG org.apache.http.wire -- http-outgoing-13 << "Connection: keep-alive[\r][\n]"
15:08:19.425 [main] DEBUG org.apache.http.wire -- http-outgoing-13 << "Server: cloudflare[\r][\n]"
15:08:19.425 [main] DEBUG org.apache.http.wire -- http-outgoing-13 << "X-Powered-By: PHP/8.1.32[\r][\n]"
15:08:19.425 [main] DEBUG org.apache.http.wire -- http-outgoing-13 << "Access-Control-Allow-Origin: *[\r][\n]"
15:08:19.425 [main] DEBUG org.apache.http.wire -- http-outgoing-13 << "Content-Encoding: gzip[\r][\n]"
15:08:19.425 [main] DEBUG org.apache.http.wire -- http-outgoing-13 << "Via: 1.1 varnish (Varnish/6.3), 1.1 varnish (Varnish/6.3)[\r][\n]"
15:08:19.425 [main] DEBUG org.apache.http.wire -- http-outgoing-13 << "Cache-Control: max-age=1800[\r][\n]"
15:08:19.425 [main] DEBUG org.apache.http.wire -- http-outgoing-13 << "X-Cache-Age: 3340[\r][\n]"
15:08:19.425 [main] DEBUG org.apache.http.wire -- http-outgoing-13 << "X-Cache-Hits: 14[\r][\n]"
15:08:19.425 [main] DEBUG org.apache.http.wire -- http-outgoing-13 << "X-Cache: HIT[\r][\n]"
15:08:19.425 [main] DEBUG org.apache.http.wire -- http-outgoing-13 << "Accept-Ranges: bytes[\r][\n]"
15:08:19.425 [main] DEBUG org.apache.http.wire -- http-outgoing-13 << "Age: 0[\r][\n]"
15:08:19.425 [main] DEBUG org.apache.http.wire -- http-outgoing-13 << "Vary: Accept-Encoding[\r][\n]"
15:08:19.425 [main] DEBUG org.apache.http.wire -- http-outgoing-13 << "Nel: {"report_to":"cf-nel","success_fraction":0.0,"max_age":604800}[\r][\n]"
15:08:19.425 [main] DEBUG org.apache.http.wire -- http-outgoing-13 << "Cf-Cache-Status: DYNAMIC[\r][\n]"
15:08:19.425 [main] DEBUG org.apache.http.wire -- http-outgoing-13 << "Report-To: {"group":"cf-nel","max_age":604800,"endpoints":[{"url":"https://a.nel.cloudflare.com/report/v4?s=drkxbsHvYP0loJPu06uGuqm9e2JCMj9U3n0EZq8ei12NW4%2BrL55euXi8ZlG2RiX3hjRY2pmV2e9LMuLcxX4SfVGPQXc%2B1rY%3D"}]}[\r][\n]"
15:08:19.425 [main] DEBUG org.apache.http.wire -- http-outgoing-13 << "CF-RAY: 9634e253287f627e-GRU[\r][\n]"
15:08:19.425 [main] DEBUG org.apache.http.wire -- http-outgoing-13 << "alt-svc: h3=":443"; ma=86400[\r][\n]"
15:08:19.425 [main] DEBUG org.apache.http.wire -- http-outgoing-13 << "[\r][\n]"
15:08:19.425 [main] DEBUG org.apache.http.wire -- http-outgoing-13 << "[0x1f][0x8b][0x8][0x0][0x0][0x0][0x0][0x0][0x0][0x3][0xad][0x9c]MNd7[0x10][0x80][0xef][0xd2][0xeb][0x19][0xb0][0xab]\[0xb6][0x8b][0xb][0x8c][0xb2][0xc8][0x9]B[0x84][0x18][0xa6][0x3][0x8c][0xa0]A[0xbc]f[0x91]D[0xb9]{<[0x8b]IH[0xa6]6]|[0x8b][0x16]R[0x8b][0xfe][0xe4]g[0xd7][0x95][0xdf][0x9f][0xbb][0xc7][0xfd][0xb6]][0xdf][0xee]w[0x17][0xbf][0xec][0xee][0x8e][0xc7][0xe7][0xed][0xe2][0xf2][0xfc][0xf2][0xfc][0xfe]q}[0xb5][0x9d]}y[0xba]=[0xbb][0xd9]?][0x9e]~[0xd9][0xef][0xbf]l[0xeb][0xef][0xeb][0xc3][0xc3][0xfa][0xf2][0xe3][0xe7][0xa7][0xed][0xf8]t[0xb8]<[0x97]"[0xa5][0x8c]Z[0xae][0xea]0W=[0xfb][0xfa]|[0xbb][0xfb][0xf0]^Nki[0xce]aq[0xbc][0xdb][0xb4][0xab]Zt[0x16][0x84][0xd3]L[0x10][0x8e]yG8[0xbd]0[0xfb][0xd3][0x1d][0xc1][0xc]e[0x96]3[0xfa]D8S[0xf2]b[0xf8][0x1f]NC[0x8e][0xab]VF[0xc]k[0xab][0x83][0xe1][0x8][0xc4]A[0xb6][0xb9][0xb6][0xc1]ls[0xaf][0x88][0x18][0xd6][0x81]({[0x1d]Z[0x19][0xe][0xb4]=[0x3]Q[0xf6]%[0xcb][0x88][0x92][0xd6][0xc9][0x8][0xb3][0x14][0x6]S[0x19][0xdb]#[0xca][0xb8][\n]"
15:08:19.425 [main] DEBUG org.apache.http.wire -- http-outgoing-13 << "[0xd1][0xe]q[0x18]i^[0x1c]D[0xb9][0xa4]u[0x86][0xd3][0x11][0x93]*[0xa3]"[0xca]%[0x90][0x92][0xca]Dl[0x86]L1[0x86][0xc3][0x4]b2[0x19][0xf]([0x8e]<[0x96]Vd[0x97][0xb5]"[0xfe]O[0x1b]b[0xc1]ZAV[0xd3][0x14]q[0x13][0xad]1[0x18][0xe4][0xbc][0x9b]![0xd2]g[0x8c]R[0x99]"[0x16][0xd9][0xc][0xd9]ac[0xfc][0x8c]1[0xee][0xd3][0x6][0xa2][0x99][0xc6]8=[0x9b][0x88]J[0xd9]D|C[0x17][0xc4][0x16]wF[0xa7]:s[0xe0]L[0x6][0xda][0x1d]9[0xef][0xa1][0x88]%[0x1e][0x86][0x88][0xcd]0DlFGTj[0xc]Dl&[0xf3]P[0x88][0xd4]8[0xa3]P[0xce][0xf8]og[0x12][0x7][0xef][0x88][0xf0][0xf9]@\[0xa6]#[0x8a])[0x5][0xc9]9[0xa5]4f5[0x93][0xc1]8[0xf2]P[0x95]8[0xa8]Ea[0x16]3[0x8]][0x10][0xa6]`&L[0x92][0xb8]Rz[0xc2]N[0x8][0xe2]\[0xa0]<|a[0x8][0x13]*[0xea][0xc8]j[0x1a]b[0xd0][0xa5]![0x15]7a[0xd2][0x5]iNXb1$[0xcb][0x14]ct[0x81][0x9][0x89][0xa5]#q[0xbe]t[0xa4][0x9f]"[0x3]I[0xec][0x16][0x6][0xd1][0xf0]Y[0x90][0x93][0x9a][0x5][0xd1][0xa9])[0xc8]IMA[0xfc][0x8b]3{[0xc3][0x84]lZ[0xb]!7L5J+[0xb1][0xc1]HiB[0x1b][0xf2]@H[0x16][0xa5][0xdd][0x91][0xa3][0x1e][0x8a]l[0xef]D[0x92][0xb1]V[0x91]Z_[0xab]J[0x98][0xcf][0x86][0xb4][0xdd][0x9a]"[0x86][0xa6]5D[0xf]Z3d5[0x86]t[0xc6][0x1b][0x12][0x80]6CR[0xf8]6[0x90][0x8][0xb4]9[0x12]IXA[0x9a][0xd0][0x86]t[0x11][0xad]"s[0x19]V[0x91][0xe8][0xc8][0x98][0xf4][0xc7][0x10][0xe1]"
15:08:19.425 [main] DEBUG org.apache.http.headers -- http-outgoing-13 << HTTP/1.1 200 OK
15:08:19.425 [main] DEBUG org.apache.http.headers -- http-outgoing-13 << Date: Tue, 22 Jul 2025 18:08:34 GMT
15:08:19.425 [main] DEBUG org.apache.http.headers -- http-outgoing-13 << Content-Type: application/json
15:08:19.425 [main] DEBUG org.apache.http.headers -- http-outgoing-13 << Content-Length: 1398
15:08:19.425 [main] DEBUG org.apache.http.headers -- http-outgoing-13 << Connection: keep-alive
15:08:19.425 [main] DEBUG org.apache.http.headers -- http-outgoing-13 << Server: cloudflare
15:08:19.425 [main] DEBUG org.apache.http.headers -- http-outgoing-13 << X-Powered-By: PHP/8.1.32
15:08:19.425 [main] DEBUG org.apache.http.headers -- http-outgoing-13 << Access-Control-Allow-Origin: *
15:08:19.425 [main] DEBUG org.apache.http.headers -- http-outgoing-13 << Content-Encoding: gzip
15:08:19.425 [main] DEBUG org.apache.http.headers -- http-outgoing-13 << Via: 1.1 varnish (Varnish/6.3), 1.1 varnish (Varnish/6.3)
15:08:19.425 [main] DEBUG org.apache.http.headers -- http-outgoing-13 << Cache-Control: max-age=1800
15:08:19.425 [main] DEBUG org.apache.http.headers -- http-outgoing-13 << X-Cache-Age: 3340
15:08:19.425 [main] DEBUG org.apache.http.headers -- http-outgoing-13 << X-Cache-Hits: 14
15:08:19.425 [main] DEBUG org.apache.http.headers -- http-outgoing-13 << X-Cache: HIT
15:08:19.425 [main] DEBUG org.apache.http.headers -- http-outgoing-13 << Accept-Ranges: bytes
15:08:19.425 [main] DEBUG org.apache.http.headers -- http-outgoing-13 << Age: 0
15:08:19.425 [main] DEBUG org.apache.http.headers -- http-outgoing-13 << Vary: Accept-Encoding
15:08:19.425 [main] DEBUG org.apache.http.headers -- http-outgoing-13 << Nel: {"report_to":"cf-nel","success_fraction":0.0,"max_age":604800}
15:08:19.425 [main] DEBUG org.apache.http.headers -- http-outgoing-13 << Cf-Cache-Status: DYNAMIC
15:08:19.425 [main] DEBUG org.apache.http.headers -- http-outgoing-13 << Report-To: {"group":"cf-nel","max_age":604800,"endpoints":[{"url":"https://a.nel.cloudflare.com/report/v4?s=drkxbsHvYP0loJPu06uGuqm9e2JCMj9U3n0EZq8ei12NW4%2BrL55euXi8ZlG2RiX3hjRY2pmV2e9LMuLcxX4SfVGPQXc%2B1rY%3D"}]}
15:08:19.425 [main] DEBUG org.apache.http.headers -- http-outgoing-13 << CF-RAY: 9634e253287f627e-GRU
15:08:19.425 [main] DEBUG org.apache.http.headers -- http-outgoing-13 << alt-svc: h3=":443"; ma=86400
15:08:19.425 [main] DEBUG org.apache.http.impl.execchain.MainClientExec -- Connection can be kept alive indefinitely
15:08:19.425 [main] DEBUG org.apache.http.wire -- http-outgoing-13 << "[[0x1f]B[0xf8][0xcc][0x99][0xe3]v$[0xc1][0xec][0x5][0x89]j[0xba] [0xce][0xa5]k'[0x84][0xb8][0x1b][0x84]A(H[0xb7][0xb8]w$[0x96][0xe8]HM[0xac][0x8f]Nx[0xdd][0xce](T[0x9f][0x88]5[0xef][0xde][0x88][0xbd][0x19][0x8a][0xc4][0x12][0xc3][0x90]B[0xdf]@[0xba]Hc"[0x8d][0xba]1'[0xa1]P[0xe3]=#[0x9a][0xff]bf[0xe9][0x84][0xf4][0xcd]*[0x84][0xd8][0xcc][0xda][0x8][0x3]:[0x5][0x9][0xab][0xa7]"[0xe3][0x87]S[0x91][0xe2][0xc6]t$[0x98]p$[0xb2][0xf1]*[0x84]JyE[0xec][0xb9]+[0x12]L8bl[0xdc][0x90]2[0x80]3[0x19][0x87]#m:[0xef][0xc8]8[0x93]3[0xf5]9GF[0xb4]V[0xda][0x82]l[0xb0]#[0xe5]9_[0x1a][0x85]`N[0xa6][0xfd][0xe1][0xf6][0xe1]~[0xbb][0xfb][0xf6][0xc5][0xe1][0x8f][0xfc][0xaf][0xbf][0xae][0xff]{[0xf9]x[0xba][0x98][0xfc][0xf]p[0xfa].[0xfc][0x3]x[0xbc]~[0xbc][0xc7][0xaf]__[0x9e][0xef]~?[0xf9][0xf7][0xbf][0xbd][0xec][0xf]7[0xeb][0xe7]?[0xfd][0xfc][0xe9]*5g[0xfe][0x16]P3[0xc1][0xf6]w[0xc0][0xdd][0xeb][0xe1][0xf6][0xdb]'[\r]XbT[0xcb]\6[0xf9][0xaa].[0x81]:][0x90]"[0x8e]%[0xe2][0xfe][0x80][0x93][0xe8][0x8d]F[0x94]DP[0x1a]bN[0xd7][0xf8][0x8][0x93][0x99]x[0xe]9[0x89][0xd8]+[0xe2]h[0xa2][0xed][0x11]r[0x18][0x8c]%[0xba]w[0x11]'[0x93]3F[0x9c]yzh[0x1a]`[0xa4]&[0xe6]2#[0x8e]@[0xeb][0xd1][0xc4][0xf8]~[0xcc]a[0x9e][0xab]%[0x8a]][0x11][0xa7]'[0xea][0xc7][0x1]'[0x13]Z[0x6][0x98]Dh[0x19]P2-[0xe4][0x0][0xc3][0xec]pOD,[0x1]f$[0xc6][0xa5][0x2][0xcc]L[0x14]c"L"[0xc9][0x8a]0[0x89][0xf9][0xf6][0x0][0xe3][0x89]T"[0xc2][0x18][0xa2][\n]"
15:08:19.425 [main] DEBUG org.apache.http.wire -- http-outgoing-13 << "[0x89]1[0xa7][0x1f])R[0x11][0xbd][0x94][0x8a][0x9c][0xb7]$[0x12][0x92][0x88][0x92][0x18][0xc2][0x9]0[0x8a][0x4][0x4][0xcb][0x12][0x13][0x1a]%*[0xc8][0xe]g[0xae][0xee][0x6][0x18]Cb7[0xb1][0xc4][0xd0]t[0x84]IT[0x90][0x3]LO[0xd4][0xa9]"L";[0xf]0[0x99]9[0xe5][0x0]3[0x19])[0x9e][0x8a][0x9c][0xd4]tD5[0x9d]Q[0x6]G[0x82][0xf8][0x16][0x83][0xe8][0x94][0x96]D[0xe7]6[0xc2] [0x8e]A3=[0xd7][0x8]C[0xe8][0xc2]2[0xa1][0x84][0xd8]hMtS"[0xc][0x92][0xc2][0xa8][0x14][0xc2]1[0xa8] [0x91][0xbe][\n]"
15:08:19.425 [main] DEBUG org.apache.http.wire -- http-outgoing-13 << "[0x12][0x95],/E[0xa8][0x94]&[0x1a][0xc0][0x1]E[0x13]cm[0x11][0x6]1[0x13][0xaa][0x89]K9[0x11]&1&[0x1f]a[0x18]3[0x91][0x98]I[0x8b](H]J[0x91][0x12][0x85][0x1a]R[0xc0]QK[0xdc][0xf1][0x8d]0[0xef][0xa8]A[0xbe][0xc5]$[0x86][0x94][0x2]Lg,[0xe8]`L_[0xa6][0xe5][0x1f]`[0x10]E[0xc8]\[0xc5][0xe]0[0x8e][0xd4][0x14][0x96]r[0x13][0xf][0xd5]j[0xa2][0xab][0x1d]a[0x90][0x12]G[0xab][0x89]NS[0x84]I\ [0x8]0[0x82][0xa4]@M[0x91][0xa4][0xa3]e[0xde]G[0x11]`Zbl%[0xc4][0x10]F[0xab][0x19][0xe2][0xbf][0x1b][0x93][0xd7][0xb5][0xcc][0x8b]g"[0xc]#[0xc5]H[0x92][0xd9]&[0xa3][0x99]^[0x90][0xd5][0xb8][0x13][0x18]+[0x89][0x91][0x9e][0x8][0x93][0x18][0x14][0x9]0[0x82][0xec][0x8d]iAV[0xc3][0xf4][0x5]L[0x91][0xae][0x92]eF+[0x3]LCr[0x17]C[0xd2]:[0xcb][0xbc][0x8c].[0xc0]tfk:[0x92]t 1h[0xe6]%[0x14][0x1]e"[0x11]R[0xcf][0xdc]}[0xe]0H[0xf9][0xbc][0xb]R[0xc0][0xec]H[0xc6][0xd1][[0xe2][0xd5]%[0x1][0xc6][0x12][0x17]O"[0xc]r[0xda]H-5s-[0xf2]G[0xca][0xa8][0x95]H[0xc5]2o[0xd8][\n]"
15:08:19.425 [main] DEBUG org.apache.http.wire -- http-outgoing-13 << "(H[0xae];[0x98][0xaa][0xcf]HL[0xf4][0x6][0x94][0x8e]h[0xf6][0x98][0x88][0xc3][0x1d][0x13][0xa9][0xea]N[0xa6]<7[0x1b][0xd2]a[0x9b][0x99][0x17][0xa5]F[0x18]D[0xa1][0xa6]'[0x6][0x83]#[0xc][0xb1]5[0xae]H[0x87][0xc3][0x1b][0xe2]r}[0x85][0x8d][0x4][0x6][0xf1][0xdc][0x8e]$[0x85]>[0x11][0xd9][0xf3][0xef][0x9d][0xa8]_?[0xec][0xb6][0xe3][0xf5][0xf1]u[0xdb]][0xec][0xb6][0xd7][0x9b][0x9b][0xfd][0xb6][0xed][0xfe][0xfa][0x1b][0xe4][0x95]0[0x88][0xbc]Y[0x0][0x0]"
15:08:19.425 [main] DEBUG org.apache.http.impl.conn.DefaultManagedHttpClientConnection -- http-outgoing-13: Close connection
15:08:19.441 [main] DEBUG org.apache.http.impl.execchain.MainClientExec -- Connection discarded
15:08:19.441 [main] DEBUG org.apache.http.impl.conn.PoolingHttpClientConnectionManager -- Connection released: [id: 13][route: {s}->https://dog.ceo:443][total available: 0; route allocated: 0 of 5; total allocated: 0 of 10]
15:08:19.441 [main] DEBUG org.apache.http.impl.conn.PoolingHttpClientConnectionManager -- Connection manager is shutting down
15:08:19.441 [main] DEBUG org.apache.http.impl.conn.PoolingHttpClientConnectionManager -- Connection manager shut down
15:08:19.441 [main] DEBUG com.intuit.karate -- response time in milliseconds: 450
1 < 200
1 < Date: Tue, 22 Jul 2025 18:08:34 GMT
1 < Content-Type: application/json
1 < Connection: keep-alive
1 < Server: cloudflare
1 < X-Powered-By: PHP/8.1.32
1 < Access-Control-Allow-Origin: *
1 < Via: 1.1 varnish (Varnish/6.3), 1.1 varnish (Varnish/6.3)
1 < Cache-Control: max-age=1800
1 < X-Cache-Age: 3340
1 < X-Cache-Hits: 14
1 < X-Cache: HIT
1 < Accept-Ranges: bytes
1 < Age: 0
1 < Vary: Accept-Encoding
1 < Nel: {"report_to":"cf-nel","success_fraction":0.0,"max_age":604800}
1 < Cf-Cache-Status: DYNAMIC
1 < Report-To: {"group":"cf-nel","max_age":604800,"endpoints":[{"url":"https://a.nel.cloudflare.com/report/v4?s=drkxbsHvYP0loJPu06uGuqm9e2JCMj9U3n0EZq8ei12NW4%2BrL55euXi8ZlG2RiX3hjRY2pmV2e9LMuLcxX4SfVGPQXc%2B1rY%3D"}]}
1 < CF-RAY: 9634e253287f627e-GRU
1 < alt-svc: h3=":443"; ma=86400
{"message":["https:\/\/images.dog.ceo\/breeds\/bulldog-boston\/20200710_175933.jpg","https:\/\/images.dog.ceo\/breeds\/bulldog-boston\/20200710_175944.jpg","https:\/\/images.dog.ceo\/breeds\/bulldog-boston\/n02096585_10380.jpg","https:\/\/images.dog.ceo\/breeds\/bulldog-boston\/n02096585_10452.jpg","https:\/\/images.dog.ceo\/breeds\/bulldog-boston\/n02096585_10596.jpg","https:\/\/images.dog.ceo\/breeds\/bulldog-boston\/n02096585_10604.jpg","https:\/\/images.dog.ceo\/breeds\/bulldog-boston\/n02096585_1069.jpg","https:\/\/images.dog.ceo\/breeds\/bulldog-boston\/n02096585_10734.jpg","https:\/\/images.dog.ceo\/breeds\/bulldog-boston\/n02096585_10768.jpg","https:\/\/images.dog.ceo\/breeds\/bulldog-boston\/n02096585_10823.jpg","https:\/\/images.dog.ceo\/breeds\/bulldog-boston\/n02096585_10846.jpg","https:\/\/images.dog.ceo\/breeds\/bulldog-boston\/n02096585_11180.jpg","https:\/\/images.dog.ceo\/breeds\/bulldog-boston\/n02096585_11417.jpg","https:\/\/images.dog.ceo\/breeds\/bulldog-boston\/n02096585_11427.jpg","https:\/\/images.dog.ceo\/breeds\/bulldog-boston\/n02096585_1143.jpg","https:\/\/images.dog.ceo\/breeds\/bulldog-boston\/n02096585_11476.jpg","https:\/\/images.dog.ceo\/breeds\/bulldog-boston\/n02096585_11614.jpg","https:\/\/images.dog.ceo\/breeds\/bulldog-boston\/n02096585_1172.jpg","https:\/\/images.dog.ceo\/breeds\/bulldog-boston\/n02096585_11731.jpg","https:\/\/images.dog.ceo\/breeds\/bulldog-boston\/n02096585_11776.jpg","https:\/\/images.dog.ceo\/breeds\/bulldog-boston\/n02096585_1179.jpg","https:\/\/images.dog.ceo\/breeds\/bulldog-boston\/n02096585_11808.jpg","https:\/\/images.dog.ceo\/breeds\/bulldog-boston\/n02096585_11817.jpg","https:\/\/images.dog.ceo\/breeds\/bulldog-boston\/n02096585_1207.jpg","https:\/\/images.dog.ceo\/breeds\/bulldog-boston\/n02096585_12168.jpg","https:\/\/images.dog.ceo\/breeds\/bulldog-boston\/n02096585_12352.jpg","https:\/\/images.dog.ceo\/breeds\/bulldog-boston\/n02096585_12362.jpg","https:\/\/images.dog.ceo\/breeds\/bulldog-boston\/n02096585_12372.jpg","https:\/\/images.dog.ceo\/breeds\/bulldog-boston\/n02096585_12374.jpg","https:\/\/images.dog.ceo\/breeds\/bulldog-boston\/n02096585_12464.jpg","https:\/\/images.dog.ceo\/breeds\/bulldog-boston\/n02096585_1260.jpg","https:\/\/images.dog.ceo\/breeds\/bulldog-boston\/n02096585_12716.jpg","https:\/\/images.dog.ceo\/breeds\/bulldog-boston\/n02096585_12776.jpg","https:\/\/images.dog.ceo\/breeds\/bulldog-boston\/n02096585_1281.jpg","https:\/\/images.dog.ceo\/breeds\/bulldog-boston\/n02096585_12825.jpg","https:\/\/images.dog.ceo\/breeds\/bulldog-boston\/n02096585_12844.jpg","https:\/\/images.dog.ceo\/breeds\/bulldog-boston\/n02096585_12880.jpg","https:\/\/images.dog.ceo\/breeds\/bulldog-boston\/n02096585_1295.jpg","https:\/\/images.dog.ceo\/breeds\/bulldog-boston\/n02096585_1311.jpg","https:\/\/images.dog.ceo\/breeds\/bulldog-boston\/n02096585_1313.jpg","https:\/\/images.dog.ceo\/breeds\/bulldog-boston\/n02096585_1347.jpg","https:\/\/images.dog.ceo\/breeds\/bulldog-boston\/n02096585_1403.jpg","https:\/\/images.dog.ceo\/breeds\/bulldog-boston\/n02096585_1439.jpg","https:\/\/images.dog.ceo\/breeds\/bulldog-boston\/n02096585_1449.jpg","https:\/\/images.dog.ceo\/breeds\/bulldog-boston\/n02096585_145.jpg","https:\/\/images.dog.ceo\/breeds\/bulldog-boston\/n02096585_1450.jpg","https:\/\/images.dog.ceo\/breeds\/bulldog-boston\/n02096585_1525.jpg","https:\/\/images.dog.ceo\/breeds\/bulldog-boston\/n02096585_1532.jpg","https:\/\/images.dog.ceo\/breeds\/bulldog-boston\/n02096585_1559.jpg","https:\/\/images.dog.ceo\/breeds\/bulldog-boston\/n02096585_1562.jpg","https:\/\/images.dog.ceo\/breeds\/bulldog-boston\/n02096585_1568.jpg","https:\/\/images.dog.ceo\/breeds\/bulldog-boston\/n02096585_1571.jpg","https:\/\/images.dog.ceo\/breeds\/bulldog-boston\/n02096585_1572.jpg","https:\/\/images.dog.ceo\/breeds\/bulldog-boston\/n02096585_1583.jpg","https:\/\/images.dog.ceo\/breeds\/bulldog-boston\/n02096585_1586.jpg","https:\/\/images.dog.ceo\/breeds\/bulldog-boston\/n02096585_1624.jpg","https:\/\/images.dog.ceo\/breeds\/bulldog-boston\/n02096585_1645.jpg","https:\/\/images.dog.ceo\/breeds\/bulldog-boston\/n02096585_1668.jpg","https:\/\/images.dog.ceo\/breeds\/bulldog-boston\/n02096585_169.jpg","https:\/\/images.dog.ceo\/breeds\/bulldog-boston\/n02096585_1692.jpg","https:\/\/images.dog.ceo\/breeds\/bulldog-boston\/n02096585_1737.jpg","https:\/\/images.dog.ceo\/breeds\/bulldog-boston\/n02096585_1753.jpg","https:\/\/images.dog.ceo\/breeds\/bulldog-boston\/n02096585_1756.jpg","https:\/\/images.dog.ceo\/breeds\/bulldog-boston\/n02096585_1761.jpg","https:\/\/images.dog.ceo\/breeds\/bulldog-boston\/n02096585_1775.jpg","https:\/\/images.dog.ceo\/breeds\/bulldog-boston\/n02096585_1856.jpg","https:\/\/images.dog.ceo\/breeds\/bulldog-boston\/n02096585_19.jpg","https:\/\/images.dog.ceo\/breeds\/bulldog-boston\/n02096585_1924.jpg","https:\/\/images.dog.ceo\/breeds\/bulldog-boston\/n02096585_1947.jpg","https:\/\/images.dog.ceo\/breeds\/bulldog-boston\/n02096585_1952.jpg","https:\/\/images.dog.ceo\/breeds\/bulldog-boston\/n02096585_1963.jpg","https:\/\/images.dog.ceo\/breeds\/bulldog-boston\/n02096585_1970.jpg","https:\/\/images.dog.ceo\/breeds\/bulldog-boston\/n02096585_1992.jpg","https:\/\/images.dog.ceo\/breeds\/bulldog-boston\/n02096585_2008.jpg","https:\/\/images.dog.ceo\/breeds\/bulldog-boston\/n02096585_2042.jpg","https:\/\/images.dog.ceo\/breeds\/bulldog-boston\/n02096585_2082.jpg","https:\/\/images.dog.ceo\/breeds\/bulldog-boston\/n02096585_2098.jpg","https:\/\/images.dog.ceo\/breeds\/bulldog-boston\/n02096585_210.jpg","https:\/\/images.dog.ceo\/breeds\/bulldog-boston\/n02096585_2108.jpg","https:\/\/images.dog.ceo\/breeds\/bulldog-boston\/n02096585_2177.jpg","https:\/\/images.dog.ceo\/breeds\/bulldog-boston\/n02096585_2180.jpg","https:\/\/images.dog.ceo\/breeds\/bulldog-boston\/n02096585_2260.jpg","https:\/\/images.dog.ceo\/breeds\/bulldog-boston\/n02096585_2354.jpg","https:\/\/images.dog.ceo\/breeds\/bulldog-boston\/n02096585_237.jpg","https:\/\/images.dog.ceo\/breeds\/bulldog-boston\/n02096585_2374.jpg","https:\/\/images.dog.ceo\/breeds\/bulldog-boston\/n02096585_2379.jpg","https:\/\/images.dog.ceo\/breeds\/bulldog-boston\/n02096585_2394.jpg","https:\/\/images.dog.ceo\/breeds\/bulldog-boston\/n02096585_2419.jpg","https:\/\/images.dog.ceo\/breeds\/bulldog-boston\/n02096585_2431.jpg","https:\/\/images.dog.ceo\/breeds\/bulldog-boston\/n02096585_2450.jpg","https:\/\/images.dog.ceo\/breeds\/bulldog-boston\/n02096585_2493.jpg","https:\/\/images.dog.ceo\/breeds\/bulldog-boston\/n02096585_2513.jpg","https:\/\/images.dog.ceo\/breeds\/bulldog-boston\/n02096585_2560.jpg","https:\/\/images.dog.ceo\/breeds\/bulldog-boston\/n02096585_2583.jpg","https:\/\/images.dog.ceo\/breeds\/bulldog-boston\/n02096585_2671.jpg","https:\/\/images.dog.ceo\/breeds\/bulldog-boston\/n02096585_2696.jpg","https:\/\/images.dog.ceo\/breeds\/bulldog-boston\/n02096585_2725.jpg","https:\/\/images.dog.ceo\/breeds\/bulldog-boston\/n02096585_2727.jpg","https:\/\/images.dog.ceo\/breeds\/bulldog-boston\/n02096585_2800.jpg","https:\/\/images.dog.ceo\/breeds\/bulldog-boston\/n02096585_2809.jpg","https:\/\/images.dog.ceo\/breeds\/bulldog-boston\/n02096585_2821.jpg","https:\/\/images.dog.ceo\/breeds\/bulldog-boston\/n02096585_2828.jpg","https:\/\/images.dog.ceo\/breeds\/bulldog-boston\/n02096585_2900.jpg","https:\/\/images.dog.ceo\/breeds\/bulldog-boston\/n02096585_2947.jpg","https:\/\/images.dog.ceo\/breeds\/bulldog-boston\/n02096585_3105.jpg","https:\/\/images.dog.ceo\/breeds\/bulldog-boston\/n02096585_311.jpg","https:\/\/images.dog.ceo\/breeds\/bulldog-boston\/n02096585_318.jpg","https:\/\/images.dog.ceo\/breeds\/bulldog-boston\/n02096585_32.jpg","https:\/\/images.dog.ceo\/breeds\/bulldog-boston\/n02096585_341.jpg","https:\/\/images.dog.ceo\/breeds\/bulldog-boston\/n02096585_353.jpg","https:\/\/images.dog.ceo\/breeds\/bulldog-boston\/n02096585_3697.jpg","https:\/\/images.dog.ceo\/breeds\/bulldog-boston\/n02096585_3738.jpg","https:\/\/images.dog.ceo\/breeds\/bulldog-boston\/n02096585_3861.jpg","https:\/\/images.dog.ceo\/breeds\/bulldog-boston\/n02096585_4103.jpg","https:\/\/images.dog.ceo\/breeds\/bulldog-boston\/n02096585_4136.jpg","https:\/\/images.dog.ceo\/breeds\/bulldog-boston\/n02096585_414.jpg","https:\/\/images.dog.ceo\/breeds\/bulldog-boston\/n02096585_4321.jpg","https:\/\/images.dog.ceo\/breeds\/bulldog-boston\/n02096585_4418.jpg","https:\/\/images.dog.ceo\/breeds\/bulldog-boston\/n02096585_4451.jpg","https:\/\/images.dog.ceo\/breeds\/bulldog-boston\/n02096585_4534.jpg","https:\/\/images.dog.ceo\/breeds\/bulldog-boston\/n02096585_454.jpg","https:\/\/images.dog.ceo\/breeds\/bulldog-boston\/n02096585_4575.jpg","https:\/\/images.dog.ceo\/breeds\/bulldog-boston\/n02096585_4774.jpg","https:\/\/images.dog.ceo\/breeds\/bulldog-boston\/n02096585_4983.jpg","https:\/\/images.dog.ceo\/breeds\/bulldog-boston\/n02096585_5043.jpg","https:\/\/images.dog.ceo\/breeds\/bulldog-boston\/n02096585_507.jpg","https:\/\/images.dog.ceo\/breeds\/bulldog-boston\/n02096585_5104.jpg","https:\/\/images.dog.ceo\/breeds\/bulldog-boston\/n02096585_5171.jpg","https:\/\/images.dog.ceo\/breeds\/bulldog-boston\/n02096585_5260.jpg","https:\/\/images.dog.ceo\/breeds\/bulldog-boston\/n02096585_554.jpg","https:\/\/images.dog.ceo\/breeds\/bulldog-boston\/n02096585_5855.jpg","https:\/\/images.dog.ceo\/breeds\/bulldog-boston\/n02096585_5943.jpg","https:\/\/images.dog.ceo\/breeds\/bulldog-boston\/n02096585_5980.jpg","https:\/\/images.dog.ceo\/breeds\/bulldog-boston\/n02096585_6028.jpg","https:\/\/images.dog.ceo\/breeds\/bulldog-boston\/n02096585_6238.jpg","https:\/\/images.dog.ceo\/breeds\/bulldog-boston\/n02096585_6367.jpg","https:\/\/images.dog.ceo\/breeds\/bulldog-boston\/n02096585_6567.jpg","https:\/\/images.dog.ceo\/breeds\/bulldog-boston\/n02096585_657.jpg","https:\/\/images.dog.ceo\/breeds\/bulldog-boston\/n02096585_664.jpg","https:\/\/images.dog.ceo\/breeds\/bulldog-boston\/n02096585_6653.jpg","https:\/\/images.dog.ceo\/breeds\/bulldog-boston\/n02096585_670.jpg","https:\/\/images.dog.ceo\/breeds\/bulldog-boston\/n02096585_6766.jpg","https:\/\/images.dog.ceo\/breeds\/bulldog-boston\/n02096585_6855.jpg","https:\/\/images.dog.ceo\/breeds\/bulldog-boston\/n02096585_6874.jpg","https:\/\/images.dog.ceo\/breeds\/bulldog-boston\/n02096585_6940.jpg","https:\/\/images.dog.ceo\/breeds\/bulldog-boston\/n02096585_7314.jpg","https:\/\/images.dog.ceo\/breeds\/bulldog-boston\/n02096585_7542.jpg","https:\/\/images.dog.ceo\/breeds\/bulldog-boston\/n02096585_772.jpg","https:\/\/images.dog.ceo\/breeds\/bulldog-boston\/n02096585_7859.jpg","https:\/\/images.dog.ceo\/breeds\/bulldog-boston\/n02096585_7887.jpg","https:\/\/images.dog.ceo\/breeds\/bulldog-boston\/n02096585_7933.jpg","https:\/\/images.dog.ceo\/breeds\/bulldog-boston\/n02096585_8065.jpg","https:\/\/images.dog.ceo\/breeds\/bulldog-boston\/n02096585_8120.jpg","https:\/\/images.dog.ceo\/breeds\/bulldog-boston\/n02096585_8148.jpg","https:\/\/images.dog.ceo\/breeds\/bulldog-boston\/n02096585_8203.jpg","https:\/\/images.dog.ceo\/breeds\/bulldog-boston\/n02096585_8323.jpg","https:\/\/images.dog.ceo\/breeds\/bulldog-boston\/n02096585_8396.jpg","https:\/\/images.dog.ceo\/breeds\/bulldog-boston\/n02096585_8971.jpg","https:\/\/images.dog.ceo\/breeds\/bulldog-boston\/n02096585_904.jpg","https:\/\/images.dog.ceo\/breeds\/bulldog-boston\/n02096585_9122.jpg","https:\/\/images.dog.ceo\/breeds\/bulldog-boston\/n02096585_9153.jpg","https:\/\/images.dog.ceo\/breeds\/bulldog-boston\/n02096585_9343.jpg","https:\/\/images.dog.ceo\/breeds\/bulldog-boston\/n02096585_942.jpg","https:\/\/images.dog.ceo\/breeds\/bulldog-boston\/n02096585_9511.jpg","https:\/\/images.dog.ceo\/breeds\/bulldog-boston\/n02096585_9534.jpg","https:\/\/images.dog.ceo\/breeds\/bulldog-boston\/n02096585_956.jpg","https:\/\/images.dog.ceo\/breeds\/bulldog-boston\/n02096585_9681.jpg","https:\/\/images.dog.ceo\/breeds\/bulldog-boston\/n02096585_9725.jpg","https:\/\/images.dog.ceo\/breeds\/bulldog-boston\/n02096585_976.jpg","https:\/\/images.dog.ceo\/breeds\/bulldog-boston\/n02096585_9834.jpg","https:\/\/images.dog.ceo\/breeds\/bulldog-boston\/n02096585_9909.jpg","https:\/\/images.dog.ceo\/breeds\/bulldog-boston\/n02096585_9912.jpg","https:\/\/images.dog.ceo\/breeds\/bulldog-boston\/n02096585_994.jpg","https:\/\/images.dog.ceo\/breeds\/bulldog-english\/bunz.jpg","https:\/\/images.dog.ceo\/breeds\/bulldog-english\/jager-1.jpg","https:\/\/images.dog.ceo\/breeds\/bulldog-english\/jager-2.jpg","https:\/\/images.dog.ceo\/breeds\/bulldog-english\/mami.jpg","https:\/\/images.dog.ceo\/breeds\/bulldog-english\/murphy.jpg","https:\/\/images.dog.ceo\/breeds\/bulldog-french\/IMG_0846.jpg","https:\/\/images.dog.ceo\/breeds\/bulldog-french\/IMG_1657.jpg","https:\/\/images.dog.ceo\/breeds\/bulldog-french\/hunghung.jpg","https:\/\/images.dog.ceo\/breeds\/bulldog-french\/n02108915_10204.jpg","https:\/\/images.dog.ceo\/breeds\/bulldog-french\/n02108915_10564.jpg","https:\/\/images.dog.ceo\/breeds\/bulldog-french\/n02108915_110.jpg","https:\/\/images.dog.ceo\/breeds\/bulldog-french\/n02108915_1114.jpg","https:\/\/images.dog.ceo\/breeds\/bulldog-french\/n02108915_1119.jpg","https:\/\/images.dog.ceo\/breeds\/bulldog-french\/n02108915_11207.jpg","https:\/\/images.dog.ceo\/breeds\/bulldog-french\/n02108915_11220.jpg","https:\/\/images.dog.ceo\/breeds\/bulldog-french\/n02108915_11327.jpg","https:\/\/images.dog.ceo\/breeds\/bulldog-french\/n02108915_1137.jpg","https:\/\/images.dog.ceo\/breeds\/bulldog-french\/n02108915_11550.jpg","https:\/\/images.dog.ceo\/breeds\/bulldog-french\/n02108915_11653.jpg","https:\/\/images.dog.ceo\/breeds\/bulldog-french\/n02108915_1188.jpg","https:\/\/images.dog.ceo\/breeds\/bulldog-french\/n02108915_12139.jpg","https:\/\/images.dog.ceo\/breeds\/bulldog-french\/n02108915_12288.jpg","https:\/\/images.dog.ceo\/breeds\/bulldog-french\/n02108915_12317.jpg","https:\/\/images.dog.ceo\/breeds\/bulldog-french\/n02108915_12319.jpg","https:\/\/images.dog.ceo\/breeds\/bulldog-french\/n02108915_12460.jpg","https:\/\/images.dog.ceo\/breeds\/bulldog-french\/n02108915_12618.jpg","https:\/\/images.dog.ceo\/breeds\/bulldog-french\/n02108915_1343.jpg","https:\/\/images.dog.ceo\/breeds\/bulldog-french\/n02108915_142.jpg","https:\/\/images.dog.ceo\/breeds\/bulldog-french\/n02108915_1513.jpg","https:\/\/images.dog.ceo\/breeds\/bulldog-french\/n02108915_160.jpg","https:\/\/images.dog.ceo\/breeds\/bulldog-french\/n02108915_1612.jpg","https:\/\/images.dog.ceo\/breeds\/bulldog-french\/n02108915_1752.jpg","https:\/\/images.dog.ceo\/breeds\/bulldog-french\/n02108915_1866.jpg","https:\/\/images.dog.ceo\/breeds\/bulldog-french\/n02108915_1871.jpg","https:\/\/images.dog.ceo\/breeds\/bulldog-french\/n02108915_1895.jpg","https:\/\/images.dog.ceo\/breeds\/bulldog-french\/n02108915_1911.jpg","https:\/\/images.dog.ceo\/breeds\/bulldog-french\/n02108915_1958.jpg","https:\/\/images.dog.ceo\/breeds\/bulldog-french\/n02108915_198.jpg","https:\/\/images.dog.ceo\/breeds\/bulldog-french\/n02108915_2118.jpg","https:\/\/images.dog.ceo\/breeds\/bulldog-french\/n02108915_2166.jpg","https:\/\/images.dog.ceo\/breeds\/bulldog-french\/n02108915_225.jpg","https:\/\/images.dog.ceo\/breeds\/bulldog-french\/n02108915_2279.jpg","https:\/\/images.dog.ceo\/breeds\/bulldog-french\/n02108915_2307.jpg","https:\/\/images.dog.ceo\/breeds\/bulldog-french\/n02108915_2312.jpg","https:\/\/images.dog.ceo\/breeds\/bulldog-french\/n02108915_2326.jpg","https:\/\/images.dog.ceo\/breeds\/bulldog-french\/n02108915_2380.jpg","https:\/\/images.dog.ceo\/breeds\/bulldog-french\/n02108915_2514.jpg","https:\/\/images.dog.ceo\/breeds\/bulldog-french\/n02108915_2545.jpg","https:\/\/images.dog.ceo\/breeds\/bulldog-french\/n02108915_2570.jpg","https:\/\/images.dog.ceo\/breeds\/bulldog-french\/n02108915_2603.jpg","https:\/\/images.dog.ceo\/breeds\/bulldog-french\/n02108915_2681.jpg","https:\/\/images.dog.ceo\/breeds\/bulldog-french\/n02108915_2756.jpg","https:\/\/images.dog.ceo\/breeds\/bulldog-french\/n02108915_2807.jpg","https:\/\/images.dog.ceo\/breeds\/bulldog-french\/n02108915_2835.jpg","https:\/\/images.dog.ceo\/breeds\/bulldog-french\/n02108915_2899.jpg","https:\/\/images.dog.ceo\/breeds\/bulldog-french\/n02108915_2926.jpg","https:\/\/images.dog.ceo\/breeds\/bulldog-french\/n02108915_2946.jpg","https:\/\/images.dog.ceo\/breeds\/bulldog-french\/n02108915_2980.jpg","https:\/\/images.dog.ceo\/breeds\/bulldog-french\/n02108915_3083.jpg","https:\/\/images.dog.ceo\/breeds\/bulldog-french\/n02108915_3098.jpg","https:\/\/images.dog.ceo\/breeds\/bulldog-french\/n02108915_3104.jpg","https:\/\/images.dog.ceo\/breeds\/bulldog-french\/n02108915_311.jpg","https:\/\/images.dog.ceo\/breeds\/bulldog-french\/n02108915_3129.jpg","https:\/\/images.dog.ceo\/breeds\/bulldog-french\/n02108915_3140.jpg","https:\/\/images.dog.ceo\/breeds\/bulldog-french\/n02108915_3153.jpg","https:\/\/images.dog.ceo\/breeds\/bulldog-french\/n02108915_3202.jpg","https:\/\/images.dog.ceo\/breeds\/bulldog-french\/n02108915_3219.jpg","https:\/\/images.dog.ceo\/breeds\/bulldog-french\/n02108915_3258.jpg","https:\/\/images.dog.ceo\/breeds\/bulldog-french\/n02108915_3266.jpg","https:\/\/images.dog.ceo\/breeds\/bulldog-french\/n02108915_328.jpg","https:\/\/images.dog.ceo\/breeds\/bulldog-french\/n02108915_3300.jpg","https:\/\/images.dog.ceo\/breeds\/bulldog-french\/n02108915_3346.jpg","https:\/\/images.dog.ceo\/breeds\/bulldog-french\/n02108915_3369.jpg","https:\/\/images.dog.ceo\/breeds\/bulldog-french\/n02108915_3382.jpg","https:\/\/images.dog.ceo\/breeds\/bulldog-french\/n02108915_3398.jpg","https:\/\/images.dog.ceo\/breeds\/bulldog-french\/n02108915_341.jpg","https:\/\/images.dog.ceo\/breeds\/bulldog-french\/n02108915_3464.jpg","https:\/\/images.dog.ceo\/breeds\/bulldog-french\/n02108915_350.jpg","https:\/\/images.dog.ceo\/breeds\/bulldog-french\/n02108915_3520.jpg","https:\/\/images.dog.ceo\/breeds\/bulldog-french\/n02108915_3544.jpg","https:\/\/images.dog.ceo\/breeds\/bulldog-french\/n02108915_3557.jpg","https:\/\/images.dog.ceo\/breeds\/bulldog-french\/n02108915_3575.jpg","https:\/\/images.dog.ceo\/breeds\/bulldog-french\/n02108915_3640.jpg","https:\/\/images.dog.ceo\/breeds\/bulldog-french\/n02108915_3702.jpg","https:\/\/images.dog.ceo\/breeds\/bulldog-french\/n02108915_3766.jpg","https:\/\/images.dog.ceo\/breeds\/bulldog-french\/n02108915_38.jpg","https:\/\/images.dog.ceo\/breeds\/bulldog-french\/n02108915_3880.jpg","https:\/\/images.dog.ceo\/breeds\/bulldog-french\/n02108915_3913.jpg","https:\/\/images.dog.ceo\/breeds\/bulldog-french\/n02108915_3988.jpg","https:\/\/images.dog.ceo\/breeds\/bulldog-french\/n02108915_4133.jpg","https:\/\/images.dog.ceo\/breeds\/bulldog-french\/n02108915_4160.jpg","https:\/\/images.dog.ceo\/breeds\/bulldog-french\/n02108915_4176.jpg","https:\/\/images.dog.ceo\/breeds\/bulldog-french\/n02108915_4193.jpg","https:\/\/images.dog.ceo\/breeds\/bulldog-french\/n02108915_4214.jpg","https:\/\/images.dog.ceo\/breeds\/bulldog-french\/n02108915_4303.jpg","https:\/\/images.dog.ceo\/breeds\/bulldog-french\/n02108915_4372.jpg","https:\/\/images.dog.ceo\/breeds\/bulldog-french\/n02108915_4474.jpg","https:\/\/images.dog.ceo\/breeds\/bulldog-french\/n02108915_4477.jpg","https:\/\/images.dog.ceo\/breeds\/bulldog-french\/n02108915_4500.jpg","https:\/\/images.dog.ceo\/breeds\/bulldog-french\/n02108915_4603.jpg","https:\/\/images.dog.ceo\/breeds\/bulldog-french\/n02108915_4731.jpg","https:\/\/images.dog.ceo\/breeds\/bulldog-french\/n02108915_4776.jpg","https:\/\/images.dog.ceo\/breeds\/bulldog-french\/n02108915_481.jpg","https:\/\/images.dog.ceo\/breeds\/bulldog-french\/n02108915_4860.jpg","https:\/\/images.dog.ceo\/breeds\/bulldog-french\/n02108915_4901.jpg","https:\/\/images.dog.ceo\/breeds\/bulldog-french\/n02108915_4991.jpg","https:\/\/images.dog.ceo\/breeds\/bulldog-french\/n02108915_5087.jpg","https:\/\/images.dog.ceo\/breeds\/bulldog-french\/n02108915_5096.jpg","https:\/\/images.dog.ceo\/breeds\/bulldog-french\/n02108915_5201.jpg","https:\/\/images.dog.ceo\/breeds\/bulldog-french\/n02108915_5306.jpg","https:\/\/images.dog.ceo\/breeds\/bulldog-french\/n02108915_5319.jpg","https:\/\/images.dog.ceo\/breeds\/bulldog-french\/n02108915_5337.jpg","https:\/\/images.dog.ceo\/breeds\/bulldog-french\/n02108915_5367.jpg","https:\/\/images.dog.ceo\/breeds\/bulldog-french\/n02108915_5458.jpg","https:\/\/images.dog.ceo\/breeds\/bulldog-french\/n02108915_553.jpg","https:\/\/images.dog.ceo\/breeds\/bulldog-french\/n02108915_5596.jpg","https:\/\/images.dog.ceo\/breeds\/bulldog-french\/n02108915_5667.jpg","https:\/\/images.dog.ceo\/breeds\/bulldog-french\/n02108915_5669.jpg","https:\/\/images.dog.ceo\/breeds\/bulldog-french\/n02108915_57.jpg","https:\/\/images.dog.ceo\/breeds\/bulldog-french\/n02108915_571.jpg","https:\/\/images.dog.ceo\/breeds\/bulldog-french\/n02108915_5813.jpg","https:\/\/images.dog.ceo\/breeds\/bulldog-french\/n02108915_6008.jpg","https:\/\/images.dog.ceo\/breeds\/bulldog-french\/n02108915_618.jpg","https:\/\/images.dog.ceo\/breeds\/bulldog-french\/n02108915_6270.jpg","https:\/\/images.dog.ceo\/breeds\/bulldog-french\/n02108915_644.jpg","https:\/\/images.dog.ceo\/breeds\/bulldog-french\/n02108915_6462.jpg","https:\/\/images.dog.ceo\/breeds\/bulldog-french\/n02108915_6521.jpg","https:\/\/images.dog.ceo\/breeds\/bulldog-french\/n02108915_653.jpg","https:\/\/images.dog.ceo\/breeds\/bulldog-french\/n02108915_656.jpg","https:\/\/images.dog.ceo\/breeds\/bulldog-french\/n02108915_696.jpg","https:\/\/images.dog.ceo\/breeds\/bulldog-french\/n02108915_7115.jpg","https:\/\/images.dog.ceo\/breeds\/bulldog-french\/n02108915_716.jpg","https:\/\/images.dog.ceo\/breeds\/bulldog-french\/n02108915_720.jpg","https:\/\/images.dog.ceo\/breeds\/bulldog-french\/n02108915_7266.jpg","https:\/\/images.dog.ceo\/breeds\/bulldog-french\/n02108915_759.jpg","https:\/\/images.dog.ceo\/breeds\/bulldog-french\/n02108915_7608.jpg","https:\/\/images.dog.ceo\/breeds\/bulldog-french\/n02108915_7806.jpg","https:\/\/images.dog.ceo\/breeds\/bulldog-french\/n02108915_7883.jpg","https:\/\/images.dog.ceo\/breeds\/bulldog-french\/n02108915_8258.jpg","https:\/\/images.dog.ceo\/breeds\/bulldog-french\/n02108915_8425.jpg","https:\/\/images.dog.ceo\/breeds\/bulldog-french\/n02108915_8604.jpg","https:\/\/images.dog.ceo\/breeds\/bulldog-french\/n02108915_8696.jpg","https:\/\/images.dog.ceo\/breeds\/bulldog-french\/n02108915_8923.jpg","https:\/\/images.dog.ceo\/breeds\/bulldog-french\/n02108915_895.jpg","https:\/\/images.dog.ceo\/breeds\/bulldog-french\/n02108915_9399.jpg","https:\/\/images.dog.ceo\/breeds\/bulldog-french\/n02108915_9457.jpg","https:\/\/images.dog.ceo\/breeds\/bulldog-french\/n02108915_9530.jpg","https:\/\/images.dog.ceo\/breeds\/bulldog-french\/n02108915_971.jpg","https:\/\/images.dog.ceo\/breeds\/bulldog-french\/n02108915_977.jpg","https:\/\/images.dog.ceo\/breeds\/bulldog-french\/n02108915_9804.jpg","https:\/\/images.dog.ceo\/breeds\/bulldog-french\/n02108915_9899.jpg"],"status":"success"}

15:08:19.442 [main] DEBUG com.jayway.jsonpath.internal.path.CompiledPath -- Evaluating path: $['status']
15:08:19.442 [main] DEBUG com.jayway.jsonpath.internal.path.CompiledPath -- Evaluating path: $['message']
15:08:19.442 [main] DEBUG com.jayway.jsonpath.internal.path.CompiledPath -- Evaluating path: $['message']
]]></system-out>
  </testcase>
  <testcase name="[7.3:58] Listar imagens de várias raças dinamicamente" classname="features/breed_images" time="0.468">
    <system-out><![CDATA[15:08:19.454 [main] DEBUG org.apache.http.client.protocol.RequestAddCookies -- CookieSpec selected: karate
15:08:19.454 [main] DEBUG org.apache.http.client.protocol.RequestAuthCache -- Auth cache not set in the context
15:08:19.454 [main] DEBUG com.intuit.karate -- request:
1 > GET https://dog.ceo/api/breed/retriever/images
1 > Host: dog.ceo
1 > Connection: Keep-Alive
1 > User-Agent: Apache-HttpClient/4.5.14 (Java/11.0.27)
1 > Accept-Encoding: gzip,deflate


15:08:19.454 [main] DEBUG org.apache.http.impl.conn.PoolingHttpClientConnectionManager -- Connection request: [route: {s}->https://dog.ceo:443][total available: 0; route allocated: 0 of 5; total allocated: 0 of 10]
15:08:19.454 [main] DEBUG org.apache.http.impl.conn.PoolingHttpClientConnectionManager -- Connection leased: [id: 14][route: {s}->https://dog.ceo:443][total available: 0; route allocated: 1 of 5; total allocated: 1 of 10]
15:08:19.454 [main] DEBUG org.apache.http.impl.execchain.MainClientExec -- Opening connection {s}->https://dog.ceo:443
15:08:19.454 [main] DEBUG org.apache.http.impl.conn.DefaultHttpClientConnectionOperator -- Connecting to dog.ceo/104.21.17.246:443
15:08:19.454 [main] DEBUG org.apache.http.conn.ssl.SSLConnectionSocketFactory -- Connecting socket to dog.ceo/104.21.17.246:443 with timeout 30000
15:08:19.469 [main] DEBUG org.apache.http.conn.ssl.SSLConnectionSocketFactory -- Enabled protocols: [TLSv1.3, TLSv1.2]
15:08:19.469 [main] DEBUG org.apache.http.conn.ssl.SSLConnectionSocketFactory -- Enabled cipher suites:[TLS_AES_256_GCM_SHA384, TLS_AES_128_GCM_SHA256, TLS_CHACHA20_POLY1305_SHA256, TLS_ECDHE_ECDSA_WITH_AES_256_GCM_SHA384, TLS_ECDHE_ECDSA_WITH_AES_128_GCM_SHA256, TLS_ECDHE_ECDSA_WITH_CHACHA20_POLY1305_SHA256, TLS_ECDHE_RSA_WITH_AES_256_GCM_SHA384, TLS_ECDHE_RSA_WITH_CHACHA20_POLY1305_SHA256, TLS_ECDHE_RSA_WITH_AES_128_GCM_SHA256, TLS_DHE_RSA_WITH_AES_256_GCM_SHA384, TLS_DHE_RSA_WITH_CHACHA20_POLY1305_SHA256, TLS_DHE_DSS_WITH_AES_256_GCM_SHA384, TLS_DHE_RSA_WITH_AES_128_GCM_SHA256, TLS_DHE_DSS_WITH_AES_128_GCM_SHA256, TLS_ECDHE_ECDSA_WITH_AES_256_CBC_SHA384, TLS_ECDHE_RSA_WITH_AES_256_CBC_SHA384, TLS_ECDHE_ECDSA_WITH_AES_128_CBC_SHA256, TLS_ECDHE_RSA_WITH_AES_128_CBC_SHA256, TLS_DHE_RSA_WITH_AES_256_CBC_SHA256, TLS_DHE_DSS_WITH_AES_256_CBC_SHA256, TLS_DHE_RSA_WITH_AES_128_CBC_SHA256, TLS_DHE_DSS_WITH_AES_128_CBC_SHA256, TLS_ECDHE_ECDSA_WITH_AES_256_CBC_SHA, TLS_ECDHE_RSA_WITH_AES_256_CBC_SHA, TLS_ECDHE_ECDSA_WITH_AES_128_CBC_SHA, TLS_ECDHE_RSA_WITH_AES_128_CBC_SHA, TLS_DHE_RSA_WITH_AES_256_CBC_SHA, TLS_DHE_DSS_WITH_AES_256_CBC_SHA, TLS_DHE_RSA_WITH_AES_128_CBC_SHA, TLS_DHE_DSS_WITH_AES_128_CBC_SHA, TLS_RSA_WITH_AES_256_GCM_SHA384, TLS_RSA_WITH_AES_128_GCM_SHA256, TLS_RSA_WITH_AES_256_CBC_SHA256, TLS_RSA_WITH_AES_128_CBC_SHA256, TLS_RSA_WITH_AES_256_CBC_SHA, TLS_RSA_WITH_AES_128_CBC_SHA, TLS_EMPTY_RENEGOTIATION_INFO_SCSV]
15:08:19.469 [main] DEBUG org.apache.http.conn.ssl.SSLConnectionSocketFactory -- Starting handshake
15:08:19.492 [main] DEBUG org.apache.http.conn.ssl.SSLConnectionSocketFactory -- Secure session established
15:08:19.492 [main] DEBUG org.apache.http.conn.ssl.SSLConnectionSocketFactory --  negotiated protocol: TLSv1.3
15:08:19.492 [main] DEBUG org.apache.http.conn.ssl.SSLConnectionSocketFactory --  negotiated cipher suite: TLS_AES_256_GCM_SHA384
15:08:19.492 [main] DEBUG org.apache.http.conn.ssl.SSLConnectionSocketFactory --  peer principal: CN=dog.ceo
15:08:19.492 [main] DEBUG org.apache.http.conn.ssl.SSLConnectionSocketFactory --  peer alternative names: [dog.ceo, *.dog.ceo]
15:08:19.492 [main] DEBUG org.apache.http.conn.ssl.SSLConnectionSocketFactory --  issuer principal: CN=WE1, O=Google Trust Services, C=US
15:08:19.492 [main] DEBUG org.apache.http.impl.conn.DefaultHttpClientConnectionOperator -- Connection established 192.168.0.105:65303<->104.21.17.246:443
15:08:19.492 [main] DEBUG org.apache.http.impl.conn.DefaultManagedHttpClientConnection -- http-outgoing-14: set socket timeout to 30000
15:08:19.492 [main] DEBUG org.apache.http.impl.execchain.MainClientExec -- Executing request GET /api/breed/retriever/images HTTP/1.1
15:08:19.492 [main] DEBUG org.apache.http.impl.execchain.MainClientExec -- Target auth state: UNCHALLENGED
15:08:19.492 [main] DEBUG org.apache.http.impl.execchain.MainClientExec -- Proxy auth state: UNCHALLENGED
15:08:19.492 [main] DEBUG org.apache.http.headers -- http-outgoing-14 >> GET /api/breed/retriever/images HTTP/1.1
15:08:19.492 [main] DEBUG org.apache.http.headers -- http-outgoing-14 >> Host: dog.ceo
15:08:19.492 [main] DEBUG org.apache.http.headers -- http-outgoing-14 >> Connection: Keep-Alive
15:08:19.492 [main] DEBUG org.apache.http.headers -- http-outgoing-14 >> User-Agent: Apache-HttpClient/4.5.14 (Java/11.0.27)
15:08:19.492 [main] DEBUG org.apache.http.headers -- http-outgoing-14 >> Accept-Encoding: gzip,deflate
15:08:19.492 [main] DEBUG org.apache.http.wire -- http-outgoing-14 >> "GET /api/breed/retriever/images HTTP/1.1[\r][\n]"
15:08:19.492 [main] DEBUG org.apache.http.wire -- http-outgoing-14 >> "Host: dog.ceo[\r][\n]"
15:08:19.492 [main] DEBUG org.apache.http.wire -- http-outgoing-14 >> "Connection: Keep-Alive[\r][\n]"
15:08:19.492 [main] DEBUG org.apache.http.wire -- http-outgoing-14 >> "User-Agent: Apache-HttpClient/4.5.14 (Java/11.0.27)[\r][\n]"
15:08:19.493 [main] DEBUG org.apache.http.wire -- http-outgoing-14 >> "Accept-Encoding: gzip,deflate[\r][\n]"
15:08:19.493 [main] DEBUG org.apache.http.wire -- http-outgoing-14 >> "[\r][\n]"
15:08:19.891 [main] DEBUG org.apache.http.wire -- http-outgoing-14 << "HTTP/1.1 200 OK[\r][\n]"
15:08:19.891 [main] DEBUG org.apache.http.wire -- http-outgoing-14 << "Date: Tue, 22 Jul 2025 18:08:34 GMT[\r][\n]"
15:08:19.891 [main] DEBUG org.apache.http.wire -- http-outgoing-14 << "Content-Type: application/json[\r][\n]"
15:08:19.891 [main] DEBUG org.apache.http.wire -- http-outgoing-14 << "Content-Length: 2610[\r][\n]"
15:08:19.891 [main] DEBUG org.apache.http.wire -- http-outgoing-14 << "Connection: keep-alive[\r][\n]"
15:08:19.891 [main] DEBUG org.apache.http.wire -- http-outgoing-14 << "Server: cloudflare[\r][\n]"
15:08:19.891 [main] DEBUG org.apache.http.wire -- http-outgoing-14 << "X-Powered-By: PHP/8.1.32[\r][\n]"
15:08:19.891 [main] DEBUG org.apache.http.wire -- http-outgoing-14 << "Access-Control-Allow-Origin: *[\r][\n]"
15:08:19.891 [main] DEBUG org.apache.http.wire -- http-outgoing-14 << "Content-Encoding: gzip[\r][\n]"
15:08:19.891 [main] DEBUG org.apache.http.wire -- http-outgoing-14 << "Via: 1.1 varnish (Varnish/6.3), 1.1 varnish (Varnish/6.3)[\r][\n]"
15:08:19.891 [main] DEBUG org.apache.http.wire -- http-outgoing-14 << "Cache-Control: max-age=1800[\r][\n]"
15:08:19.891 [main] DEBUG org.apache.http.wire -- http-outgoing-14 << "X-Cache-Age: 3339[\r][\n]"
15:08:19.891 [main] DEBUG org.apache.http.wire -- http-outgoing-14 << "X-Cache-Hits: 13[\r][\n]"
15:08:19.891 [main] DEBUG org.apache.http.wire -- http-outgoing-14 << "X-Cache: HIT[\r][\n]"
15:08:19.891 [main] DEBUG org.apache.http.wire -- http-outgoing-14 << "Accept-Ranges: bytes[\r][\n]"
15:08:19.891 [main] DEBUG org.apache.http.wire -- http-outgoing-14 << "Age: 0[\r][\n]"
15:08:19.891 [main] DEBUG org.apache.http.wire -- http-outgoing-14 << "Vary: Accept-Encoding[\r][\n]"
15:08:19.891 [main] DEBUG org.apache.http.wire -- http-outgoing-14 << "Nel: {"report_to":"cf-nel","success_fraction":0.0,"max_age":604800}[\r][\n]"
15:08:19.891 [main] DEBUG org.apache.http.wire -- http-outgoing-14 << "Cf-Cache-Status: DYNAMIC[\r][\n]"
15:08:19.891 [main] DEBUG org.apache.http.wire -- http-outgoing-14 << "Report-To: {"group":"cf-nel","max_age":604800,"endpoints":[{"url":"https://a.nel.cloudflare.com/report/v4?s=lUxFhaVa4AFdHjbkcKwtnsrOMxpS25rNUpsFrs7GJsI%2B17H1yO5ijbEkq1xCXhV84VAY%2FRJz%2BG%2BssgOuMBJSMT5Zrgd%2Bv8A%3D"}]}[\r][\n]"
15:08:19.891 [main] DEBUG org.apache.http.wire -- http-outgoing-14 << "CF-RAY: 9634e25618c4a43b-GRU[\r][\n]"
15:08:19.891 [main] DEBUG org.apache.http.wire -- http-outgoing-14 << "alt-svc: h3=":443"; ma=86400[\r][\n]"
15:08:19.891 [main] DEBUG org.apache.http.wire -- http-outgoing-14 << "[\r][\n]"
15:08:19.891 [main] DEBUG org.apache.http.wire -- http-outgoing-14 << "[0x1f][0x8b][0x8][0x0][0x0][0x0][0x0][0x0][0x0][0x3][0xad][0x9d]Mo\[0xb7][0x15][0x86][0xff][0x8b][0xd6][0xb1]D[0xf2][0x90][0xbc][0xa4]w][0x14]E[0x81][0x6][0xc8][0xb2]hU[0xc]&[0xd2]D[0x96]+K[0x86]F.[0x1a][0x14][0xfd][0xef][0xbd][0xe3]i[0x80]Qx[0xb8]y[0xef][0xb3][0x89][0xe1] ypI[0x1e][0x1e][0x9e][0xef][0xf9][0xcf][0xd5][0x97][0xc3][0xf1][0xb8]8\}[0xfc][0xfb][0xd5][0xa7][0xb7][0xb7][0xaf][0xc7][0x8f][0xb7]7[0xb7]7[0x8f]_[0xd6]u[0xbc][0xbe]y[0xb8][0xbe];[0xbc][0xdc][0xde][0xfc][0xfc]z8[0xdc][0x1f]oo^[0xf]o[0xaf][0x8f][0x87][0x1d]^?[0xdc]}:[0x1c][0xf7]_[0xf][0xfb][0x1e]no[0x9e]C[\n]"
15:08:19.891 [main] DEBUG org.apache.http.wire -- http-outgoing-14 << "[0xbd][0xb7][0xdc]w1[0xa4]|[0xfd][0xf9][0xeb][0xc3][0xd5][0xf][0x8][0xac][0x4][0x10]V[0x1b][0x7][0x8b][0xe0][0x87][0xc5]X@XY8X[0x8a][0x89][0x84][0x81][0xcb]L[0x6][0x8a]Y[0xaa][0xe0][0x97][0x19]([0x19]F[0x8a][0x99][0xa5][\n]"
15:08:19.891 [main] DEBUG org.apache.http.wire -- http-outgoing-14 << "[0xc2]r[0xe7]`[0x19]\e[0xe][0xe0]-[0xcf][0xe8]*[0x17][0xf0]2[0x95]d l[0x1][0xe5][0xbf]f[0x12]Fj[0xb3]%[0x82][0xac][0x5][0xbc]L[0x8d]<[0xcc]F*[0xa0]f[0xe0][0xfe][0xf7][0x4]^[0x80][0xe]nYo[0xe4]*;[0x7][0xe3][0xf6]+[0x91][0xd6][0xcf][0xfa]'[0xf8]e[0xe4][0x8b][0xb9][0xc2]8[0xb9]X[\r][0x16][0x12][0xc6])[0x8c][0x94]@[0xbb]8Y a[0xa0][0x91][0x97][0xc]|[0x97]R&[0xf] W[0xf0][0x2][0xe4][0x6][0xc2]H[0x91]-[0xb][0x9]k[0xdc][0xf3][0x9b]*[0xe8][0x98][0xa4][\n]"
15:08:19.891 [main] DEBUG org.apache.http.wire -- http-outgoing-14 << "[0xae][0xb2]rn[0xc9][0xca][0x2]%[0xb6]fP[0xff]7[0x3][0xbf][0xac]e[0xf0][0xc1][0xec][0x6][0xaa][0x8c][0x9e][0xc1][0xd3][0xec][0xa0][0x93][0x99]z[0xe7].[0x13]'[0xfd][0xeb]K[0xc2][0x1d][0xa5][0x5]Pa[0x1b][0xb8]][0x11]t[\n]"
15:08:19.891 [main] DEBUG org.apache.http.wire -- http-outgoing-14 << "-vp[0x91])[0x80]g[0x99][0xc8][0xb3]L[0x89][0xb3]1,Ur[0xcf][0x1a][0xb9]g[\r][0x14][\r]2^cF.3[0x93]r[0x96][0x13][0xb8]g[0xb9][0x80][0x17]=wN[0xfd][[0x1][0xad][0x8c][0x15][0xc6][0xbd]%V@g[0xce]*[0xa9][0xb4]k[0x4]UP[0x8d][0xa0][0x9c][0x91]A.[0xab][\r]T[0x8e]K[0xe4][0xec]<[[0xc0][0xc0][0x94]-[0xa0][0xd1][0xb8]z[0x86][0xe4][0x97]-[0xa0][0x9c]-[0xe4][0x1b][0xd0][0xc0][0x4][0xc0][\n]"
15:08:19.891 [main] DEBUG org.apache.http.wire -- http-outgoing-14 << "[0x3]/z#_[0xa7][0x6][0xc6][0xcc][0xac]G[0xf0][\r][0xe8]`n"[0x83][0xb1][0x91][0x1c]A[0xa5][0x91][0xc9][0xd4]\N[0xb][0xa7][0x81]r[0x2]C[0xb3][0x99]S[0x19][0x99][0xcc][0xcc]e[0x3][0x3][0xe3][0x19]t[0x80]s[0xe][0xdc]%[0xcf]9[0x82][0xfb][0x9f][0xc1][0xd7]<g0[0xcb][0x94][0xc1]8K[0xce][0x1d][0x84][0x15]r[0xcb][\n]"
15:08:19.891 [main] DEBUG org.apache.http.wire -- http-outgoing-14 << "[0xe8][0x4]g[0xd2]4[0xcb][0xa0][0x9d][0xbd][0xb2]@[0xf9]'[0xc3]y[0xb9]VPd+h[0xff][0xe4][\n]"
15:08:19.891 [main] DEBUG org.apache.http.wire -- http-outgoing-14 << "[0xba][0x13]y[0x1][0xad][0x8c][0xbc][0x90]{"
15:08:19.891 [main] DEBUG org.apache.http.headers -- http-outgoing-14 << HTTP/1.1 200 OK
15:08:19.891 [main] DEBUG org.apache.http.headers -- http-outgoing-14 << Date: Tue, 22 Jul 2025 18:08:34 GMT
15:08:19.891 [main] DEBUG org.apache.http.headers -- http-outgoing-14 << Content-Type: application/json
15:08:19.891 [main] DEBUG org.apache.http.headers -- http-outgoing-14 << Content-Length: 2610
15:08:19.891 [main] DEBUG org.apache.http.headers -- http-outgoing-14 << Connection: keep-alive
15:08:19.891 [main] DEBUG org.apache.http.headers -- http-outgoing-14 << Server: cloudflare
15:08:19.891 [main] DEBUG org.apache.http.headers -- http-outgoing-14 << X-Powered-By: PHP/8.1.32
15:08:19.891 [main] DEBUG org.apache.http.headers -- http-outgoing-14 << Access-Control-Allow-Origin: *
15:08:19.891 [main] DEBUG org.apache.http.headers -- http-outgoing-14 << Content-Encoding: gzip
15:08:19.891 [main] DEBUG org.apache.http.headers -- http-outgoing-14 << Via: 1.1 varnish (Varnish/6.3), 1.1 varnish (Varnish/6.3)
15:08:19.891 [main] DEBUG org.apache.http.headers -- http-outgoing-14 << Cache-Control: max-age=1800
15:08:19.891 [main] DEBUG org.apache.http.headers -- http-outgoing-14 << X-Cache-Age: 3339
15:08:19.891 [main] DEBUG org.apache.http.headers -- http-outgoing-14 << X-Cache-Hits: 13
15:08:19.891 [main] DEBUG org.apache.http.headers -- http-outgoing-14 << X-Cache: HIT
15:08:19.891 [main] DEBUG org.apache.http.headers -- http-outgoing-14 << Accept-Ranges: bytes
15:08:19.891 [main] DEBUG org.apache.http.headers -- http-outgoing-14 << Age: 0
15:08:19.891 [main] DEBUG org.apache.http.headers -- http-outgoing-14 << Vary: Accept-Encoding
15:08:19.891 [main] DEBUG org.apache.http.headers -- http-outgoing-14 << Nel: {"report_to":"cf-nel","success_fraction":0.0,"max_age":604800}
15:08:19.891 [main] DEBUG org.apache.http.headers -- http-outgoing-14 << Cf-Cache-Status: DYNAMIC
15:08:19.891 [main] DEBUG org.apache.http.headers -- http-outgoing-14 << Report-To: {"group":"cf-nel","max_age":604800,"endpoints":[{"url":"https://a.nel.cloudflare.com/report/v4?s=lUxFhaVa4AFdHjbkcKwtnsrOMxpS25rNUpsFrs7GJsI%2B17H1yO5ijbEkq1xCXhV84VAY%2FRJz%2BG%2BssgOuMBJSMT5Zrgd%2Bv8A%3D"}]}
15:08:19.891 [main] DEBUG org.apache.http.headers -- http-outgoing-14 << CF-RAY: 9634e25618c4a43b-GRU
15:08:19.891 [main] DEBUG org.apache.http.headers -- http-outgoing-14 << alt-svc: h3=":443"; ma=86400
15:08:19.891 [main] DEBUG org.apache.http.impl.execchain.MainClientExec -- Connection can be kept alive indefinitely
15:08:19.892 [main] DEBUG org.apache.http.wire -- http-outgoing-14 << "[0x6][0xe6][0x1f]K[0xe0][0xc][0x96][0x2]*[0xd9][0x92][0xc1][0xef][0x2]C[0xa9][0x5]L[0xbe][0x94][0xce][0xbd][0xe3]5pOo[0xad][0x9c]J[0xac]`[0xe1][0x3][0x98]E[0xae][0xa0]iW[0xc1][0xeb][0xb8]$[0xee][0xbb]:[0x18][0xf7][0xec][0xe4]w[0x19]w[0x8e][0x1d]4[0x5][0xba][0xe6][0xd6]{}[0xfa][0xf5]7LN[0xa7]ZO[0x93][0xbe]i[0xe4]h[0xf2]>r[0x98][0xcf][0x89][0x9a][0xa3]0r[0xb4][0xfa][0x81][0x91][0xa3][0xc5]!G[0x8e][0xe6]2[0xe][0x1c][0xed][0xb6]9[0x18][0x88]#[0xe9][0xdd][0x11][0xa3][0xd5][0xba]:[0x1c][0xc9][0x98][0x1a]9[0x85][0x91]f[0xb][0xcc][0xba],1[0xd2]c[0x99][0xb9]]F[0xed][0x8f]V0[0xea]p[0xa4][0x87]c[0xe0]d[0xad]P[0xcb][0xe1]0J>C[0xda]'CJ^,[0xf0][0x1d]8[0x5][0xba][0x17]E3[0x8a][0x6][0xe][0xa3]5[0xaa]f[0xbe][0x8c][0x9c][0xc2][0xec]N[0xd5][0xbc][0x88][0x91][0xa3]e[0xf0][0x7][0xce][0xa2]y[0x81]#G[0xf3][0xb4]FNan[0xc5][0x2]i[0xc3]E+F[0x1b]9[0xd0][0xad]h[0xd0]-mZ%[0xf9][0xc8][0xd1]2[0xfc][0x3][0xa7]C[0xb6]a[0x87][0xee]i[0xd7][0xaa]=F[0xe]"[0xce])j[0xb1][0xca][0x91][0x83]h[0x9f][0x4]y[0x4]I,j[0x1a]9[0xb]"=)6[0xe4][0xd4]Sb^[0x9d][0x4][0xd9][0xce]I,6u8[0xc8][0xed][0xc2][0xb6]G+[0xee]u8[0xd0][0xf7]h[0xf5][0x91][0x3][0xc7][0x16]f[0x9b]M[0xb][0x8a];[0x1c]F|[0x18][0x1b]!i[0xb9][0xae][0x11][0xc3][0xe8][0x1e][0xc8]nN[0x85][0xb1]XR[0x81]ta[0xd5]Z[0x1a]G[0xe][0xf3][0xb2][0xa7][0xda][0x99][0xfd]a[0xc][0xba][0x15][0x3]q[\n]"
15:08:19.892 [main] DEBUG org.apache.http.wire -- http-outgoing-14 << "[0xa3][0xe2][0xc5]4[0xd3][0xc8]a[0xc][0xc3][0xa4]u[0x97][0x8c][0x18]&[0xa4][0xba]jf[0xc4]kO=A[0x1c]&[0xba][0xb6]r[0x90][0xe3][0xb2][0xa0][0xd5][0xdc]9[0x1c]d]+[0x87]Z[0x17]"?[0x16][0x98][0xeb]n[0x81][0x89][0x8a]Y[0xd4][0x8a][0xa1]G[0xe][0xe3]XXd^/[[0x1d]J[0x86][0xc3][0x98]b&v[0xfc]:[0x1c][0xe6]^$-[0xd3]>r[0x18][0xfd]c[0x90][0x15]eb[0x7][0xe1][0xc8]a[0x9e]/3-{=r[0x98]8[0x9d][0xe5][0x80][0xbc][0xa7]&Vj8[0x1c]f][0x5]yN[0x8d][0x9][0xb3][0x88][0xcd][0xba][0x3][0x86][0xb1][0x11][0xc4][0x9a][0xbe][0x1][0xc3]DT[0x8b]6[0x93]a[0xc0]h[0x15]&[0xbf][0xc7]T[0xad][0xdf]`[0xc0]0[0xb9][0xa5][0xca][0x84]E[0x16][0xad]<b[0xc0]h]"[0xbf][0xc7][0xb4][0x88],[0xaa]i[0xdd]4[0x3][0x86][0xb1][0xbf][0x9a]V\6`[0x98][0xd7][0xaa]1[0x97][0xa1]k=[0x93][0x3]F+.[0x1f]1[0x88][0xf8][0x89]-[0xd5][0x3]F+[0x1d]0U[0x91][0x9b]_[0x9e][0xf6]ow/[0xfb][0xb7][0xc3][0xfd]o[0xac]T[0x97]][0xc][0x92][0xf2][0x9a][0xc1]$[0x19][0x9a][0xc1][0xba][0xb2][0xe9][0x13]X[0x94][\n]"
15:08:19.892 [main] DEBUG org.apache.http.wire -- http-outgoing-14 << "[0x1b]f[0xb0][0xa6]h[0xa3][0x9],I%[0x93]3[0x98][0x94][0x9f][0xc2][0xc0]e[0x9a][0xf4][0xf2]O`Z[0x8f][0xeb][0xc]&[0xc5]('[0xb0]"=[\r]3[0x98]4[0x16]b[0x6][0x93]b[0x8d]3[0x98][0xe4]IL`U[\n]"
15:08:19.892 [main] DEBUG org.apache.http.wire -- http-outgoing-14 << "[0xd3][0xcc]`R[0x8c]n[0x2][0xd3][0x9a]?g0[0xe9][0x9d][0x9e][0xc0]Z[0x5][0x85][0xb6]Iu [0x13]X[0x97][0x1a][0xa6][0xa6]0[0xf0]4[0xb5][0xe1]k3[0x18][0xf9][0xa0][0xf4][0xc][0x8a][0x6]j[0x1e]H[0xbe][0xec][0x94][0xc5][0x1d]f[0xd2]*Kg0[0xf0]6%[0xad]6t[0x6][0x93][\n]"
15:08:19.892 [main] DEBUG org.apache.http.wire -- http-outgoing-14 << "[0xf3]f0[0xd0]nI&[0xb9]d3[0x18][0xf8][0xd2]%[[0xc0][0x3][0xd0][0xba],g0[0xa9][0xd6]`[0x6]#[0xf7],[0x83][0x8f]S[0xaa][0x92][0xf]8[0x85][0x81]7@[0x8b][0xb1]L`[0x8b]T[0xa0]3[0x81]i[0x3]8}[0x98][0x91]N[0x9d][0x5][0xa9]Rb[0x6][0x93]RN3[0x18][0xba]gR}[0xca][0x14][0x6]~[0x99]6[0x1d]t[0x6]k[0x9c][0xbb]iI[0x1a][\r]1[0x83]I[0xe1][0xf7][0x19][0xc]t[0x84]-I[0x1d][0x92][0x13][0x98]I[0xb1][0xa4][0x19][0x8c][0xfc][0xb2][0xc]F",K[0x1d])3[0x18][0xe8]U[[0x96][0xc2][0xae]3[0x18]z[0x0]R~w[\n]"
15:08:19.892 [main] DEBUG org.apache.http.wire -- http-outgoing-14 << "[0x3][0xd5]6h[0x1d]X[0x91][0xb2][0xea]3[0x18][0xa9]h[0xb5][0xee][0xe5])[0x8c]3[0x1c][0xad]J[0x3]}f0[0xd0][0xdb][0xd1][0xe6][0x13][0xcf]X[0xa0][0xb3]c[0xb]i[0x1c]4[0xd0]A[0xb7]&e[0xe8][0xa6]0p[0xcf][0xba][0xd4][0xf5]9[0x83]I[0xd9][0xfd][0x19]L[0xca]?[0xcf]`[0xd2][0xb0][0x9b][0x19]Lj[0xc1][0x9b][0xc1][0xc0] -h[0x9b][0xe5][0x0]n[0xe]`P)G[0xa9][0xd4]t[0x2][0xd3]Z[0x1c]f0[0xa9][0xa3]{[0x2]3[0xa9][0xc4]n[0x6][0x3]_[0x93][0xd5]4#a`[0xec],[0x83]:;[0x93][0xd6]T.`[0x88]<[0x17][0xa9][0xc0]g[0x6][0x3]][0xcd]\[0xa4]t[0xf7][0xc][0x6][0xe6](r[0x95]zu&0[0xa9][0xb8]|[0xc6][0x2][0x95]Y#adV[0x87][0xbc]K%H=[0xc3]3[0x18][0xf8][0xfc][0x96][0x0][0xa6];J[0x4][0x83]#[0xeb]%[0xe7][0xe][0xb3]X[0xe1][0xe4][0xbf]h[0xf3]Ag00[0xda]^[\n]"
15:08:19.892 [main] DEBUG org.apache.http.wire -- http-outgoing-14 << "hN[0x15]mt[0xe0][0xc][0x6][0x16]C[0xac]0[0xf0]4[0xb][0xa8][0x81][0x8a][0xd4][0x3]=e[0x81][0xfb][0xaf][0x95]8N`[0xd2]H[[0x9f][0xa5][\r][0x4][0xf3]Y[0xb][0xa8]1[0x16]iD[0xd1][0x8c][0xc5][0xc9][0xfe][0x2][0xda]>[0xb]h[0x14]70[0x1][0xd6][0xa4][0xaa][0xde][0x9][0xb][0xb4][0xc8][0x1a]hDi[0xc3][0xaf]g,[0xee][0xe]uPV;(_d4[0xa4]K[0xa9][0xf7][0x87][0x97][0xa7][0xfb][0xc3][0xf3][0xed]MZ9[0xab][0x9][0x16]O[0x93]Ez[0xc][0xbb][0xf3][0xdf][0xb6][0x2][[0x88][0xa7][0x91]0%-[0xbb][0xf3][0xdf]6[0x3]c[0xde][0xc5]h=[0x9c][0x81]R[0x1d][0xc4][0x8][0xac]VO=[0x94][0x10][0xb0][0x9e][0x80]9[0xb6]3PQ[0xde]#p=[0x94]\[0xb6][0x3][0xfa][0xeb]_VHJ![0xa6][0xb2][0xb]5X[0xc8]K([0xd7]?[0xfe]D0-[0xc6]]X[0xad][0x98][0xdc]J[0xc]+S[0xfa][0xfd][0xc8][0x19][0xb5][0xc6][0x18]S?Q[0x15][0xad]0Ps[0xca][0xa7][0x1]y![0x95]S[0xfd][0x17][0xb3][0xfe]zb[0x96][0xb0][0x8a][0xe7][0xe9]'[0xb5]7[0xae][0xff]o[0xf5][0xf][0xa7][0xf8][0xa6]m[0xbf][0x88]'R[0xe]%[0x9e]o[0xe0][0x96][0xdd];[0x93]j[0x83]H[0xb1][0xdb][0x87]?[0xde]?[0xbe]}[0xff][0xc7][0x99][0xb9]E[0xb6][0xbf]3[0xad][0x9e]o[0x89]T[0x5][0xf3][0x8e][0x94]K[0xbf][0xf8]0[0xe5][0xe9]~[0x87][[0x9d]e[0x8a][0x94][0xfe][0xbf][0xc4]-[0xea][0xfe];[0xa9][0x96][0xf3]7I[0xc3][0x80][0xde][0x91]z[0xc8][0xdb][0x95][0xd3][0x99][0x94][0x0][0xbd][0xb9][0xfe]'[0xc7][0xeb][0x9f]_^[0x1f][0x8f][0xd7][0x9f][0xf7][0xc7][0xaf][0x87][0xd7][0xeb][0xe7][0xc7][0xbf]<o [0x9e][0xff][0xfc][0xb0][0xe5][0x1e]~~9[0xfc]"
15:08:19.892 [main] DEBUG org.apache.http.wire -- http-outgoing-14 << "zR[0x14][0xf1][0xbb]JK[0xd1][0x9a][0xd4][0x92]>[0xe2]ZH[0xa7][0x9]A&u[0x86]z[0xb8]r[0x1a][0x8e][0x99][0xa4][0xc6][0xfb]w[0xb8]?[0xff][0xf8][0xa7]]HRI[0xec][0xc8][0xa9]RQ[0x83][0xc3][0x91][0xea][0x19][0x6][0xce][0xf7][0xad][0xea][0xa1][0xee]Vk[0xa9][0xc6]e[0xd3][0xab][0xf4]tx[0xd9][0x1d][0xbf][0xec][0x9f][0x9e]60[0xce]v`=[0xd9][[0x8a]+[0xe5]a([0xe][0xf6]A[0x9b]$[0xe0][0x12][0xb4][0xe5][0xde]]p[0xa2][0xe4][0x85]y haR3[0x87][0xcb][0x81]vH[0xab][0xc7]v@F-[0x8d][0xc2]H-[0x8][0x1e]H[0x9a]S[0xe8][0x81][0xb6][0xa8][0xeb][0xb][0x8e][0x16][0x6]s@[0xdb][0x14][0xed][0x5]h[0x91][0x92][0x89][0x1e][0x8][0xda]"[0xad]Vf[0x4]%m([0x8d][0x3][0x92]B[0xf7][0xe]'I}[0x9f][0xe]Hk9tA[0xd0][0x16]I[0xd1]7[0x87][0x93]7Y[0xf0][0x97] [0xa9]%[0xca][0x3]I[0xe9][0x11][0xf]D[0x9d]~[0x91]j9[0x1c]P[0x95][0xe6]Uz [0xa9][0xf0][0xd1][0x3]I[0xf3][0x84][0x1c][0xd0]"[0xb5]q: H_k34=[0xe][0xb4][0xae].[0xa5][0xaa]G[0x90][0x5]i0[0xa3][0xb][0xda][0x12]U[0xb8][0x4]Q[0x1f]$[0xe5][0xcc]=[0x10]s;[0xc4][0xde][0xb][0x7][0x14][0xa5]D[0x82][0x3]J[0x90][0x8d]n&e[0xb4]=[0x90]T[0x2][0xec][0x81] [0x9d]f[0x19][0xb2][0x8a][0xb5]_[0xb0][0xf0]8[0xcc];$[0xd6][0xe1]; mZ[0x91][0x3][0xaa]R*[0xdd][0x1]i[0x99]\[0xf][0x4][0x19]F[0xa6][\r][0xb1][0x19]A9H[0xad][0x0][0xe](I[0xdd]&[0x1e]H[0x9a][0xcd][0xea][0x80]lS[0xa8][0xf5][0x2]$[0xf5][0x9f]:[0x9c]*[0x15][0xb0]x [0xa9][0xe2][0xd6][0x1]AOZ[0xd6][0xda][0x6][0x1c]P[0x87][0xfc]XF[0xa8]K[0x80]N[0xac]Dcd[0xb1]h[0x1d][0xfc][0x1e][0x8]z[0xd0][0xb4]_{[0xf4]8RE[0x96][0xb][0x82]d[0x8][Z[0x85][0xde][0xea]R[0xa5][0xea]H[0xf][0xb4][0xa9]~[0xe1][0x12][0x4]q[0x16](N\[0x16][0xc8][0x1d].[0x8b][0xd4][0xbd][0xe4][0x80][0x9a]Tw[0xe2][0x81][0xa0][0x98]ZiR[0xc5][0xdc][0x8][0xaa]A[0x1a][0xf][0xef][0x80]"d[0x86][0xd4]([0x8d]E[0xf2]@[0x90]9[[\r]J8T[0xad][0x1][0xc5][0x1][0x15]i6[0x81][0x3][0xa2]0R[0xf][0xbb][0x3][0xda]VQt[0x9][0x82][0xc][0xfe][0xda][0xa8]=[0xea]P[0xe4]I[0x9a][0x1][0xe7]a[0xa4]q1[0x1e]H[0x1a]q[0xeb][0x80][0xb4][0xa1][0xea][0x1e]H[0x1a][0x86][0xe6][0x80][0xb4]_[0xdc]q@T[0xc]k[0xa1]\[0xa2]%C[0xf6][0xec][\n]"
15:08:19.892 [main] DEBUG org.apache.http.wire -- http-outgoing-14 << "[0x82][0xf6]H[0xeb][0xb6]w@[0xda][0x8f][0xe]: [0xad][0x96][0xdc][0x5]A[0x92][0xad][0xfd]^[0xa0][0x7][0x92][0x6][0xb5]{ J[0xad]m+[0x91]{[0x7][0x82][0x4][0xb2]o[0xaa][0xaa][0xba][0x4]I[0xf5][0xfa][0x1e][0x8]2[0xfb][0x1a][0x15]4[0xda]Vxv[0xc9][0x81][0xf2])M[0xea]1u8[0x90][0xa9][0xd6]2[0x94][0xb4]nP[0xc5][0x82]6[0xd2][0xc1][0xe1]P[0xde]U[0x8f][0x90][0xb7][0xbf][0xde]2[0xe6][0xcc][0xba][0xf6][0xdb]d[0x1e]h[0x9b][0xe7][0xf0][0xf8][0xbc][0xdf][0xf0][0xbf][0x1f][0xf7][0xc7]O[0xfb][0xb4][0xbb]?<=[0xec][0xef]_[0xb6][0x82][0x8c][0x2][0xbd][0xe3][0xfc][0xe3][0x87][0xab][0xe3][0xdb][0xfe][0xed][0xdb][0xf1][0xea][0xe3][0xd5][0xf1][0xdb][0xdd][0xdd][0xe1]x[0xbc][0xfa][0xef][0xff][0x0][0xf4][0xa9][0x6][0x3][0xe6][0xaa][0x0][0x0]"
15:08:19.892 [main] DEBUG org.apache.http.impl.conn.DefaultManagedHttpClientConnection -- http-outgoing-14: Close connection
15:08:19.906 [main] DEBUG org.apache.http.impl.execchain.MainClientExec -- Connection discarded
15:08:19.906 [main] DEBUG org.apache.http.impl.conn.PoolingHttpClientConnectionManager -- Connection released: [id: 14][route: {s}->https://dog.ceo:443][total available: 0; route allocated: 0 of 5; total allocated: 0 of 10]
15:08:19.906 [main] DEBUG org.apache.http.impl.conn.PoolingHttpClientConnectionManager -- Connection manager is shutting down
15:08:19.906 [main] DEBUG org.apache.http.impl.conn.PoolingHttpClientConnectionManager -- Connection manager shut down
15:08:19.906 [main] DEBUG com.intuit.karate -- response time in milliseconds: 438
1 < 200
1 < Date: Tue, 22 Jul 2025 18:08:34 GMT
1 < Content-Type: application/json
1 < Connection: keep-alive
1 < Server: cloudflare
1 < X-Powered-By: PHP/8.1.32
1 < Access-Control-Allow-Origin: *
1 < Via: 1.1 varnish (Varnish/6.3), 1.1 varnish (Varnish/6.3)
1 < Cache-Control: max-age=1800
1 < X-Cache-Age: 3339
1 < X-Cache-Hits: 13
1 < X-Cache: HIT
1 < Accept-Ranges: bytes
1 < Age: 0
1 < Vary: Accept-Encoding
1 < Nel: {"report_to":"cf-nel","success_fraction":0.0,"max_age":604800}
1 < Cf-Cache-Status: DYNAMIC
1 < Report-To: {"group":"cf-nel","max_age":604800,"endpoints":[{"url":"https://a.nel.cloudflare.com/report/v4?s=lUxFhaVa4AFdHjbkcKwtnsrOMxpS25rNUpsFrs7GJsI%2B17H1yO5ijbEkq1xCXhV84VAY%2FRJz%2BG%2BssgOuMBJSMT5Zrgd%2Bv8A%3D"}]}
1 < CF-RAY: 9634e25618c4a43b-GRU
1 < alt-svc: h3=":443"; ma=86400
{"message":["https:\/\/images.dog.ceo\/breeds\/retriever-chesapeake\/n02099849_1024.jpg","https:\/\/images.dog.ceo\/breeds\/retriever-chesapeake\/n02099849_1050.jpg","https:\/\/images.dog.ceo\/breeds\/retriever-chesapeake\/n02099849_1068.jpg","https:\/\/images.dog.ceo\/breeds\/retriever-chesapeake\/n02099849_110.jpg","https:\/\/images.dog.ceo\/breeds\/retriever-chesapeake\/n02099849_1115.jpg","https:\/\/images.dog.ceo\/breeds\/retriever-chesapeake\/n02099849_1157.jpg","https:\/\/images.dog.ceo\/breeds\/retriever-chesapeake\/n02099849_1212.jpg","https:\/\/images.dog.ceo\/breeds\/retriever-chesapeake\/n02099849_1215.jpg","https:\/\/images.dog.ceo\/breeds\/retriever-chesapeake\/n02099849_1234.jpg","https:\/\/images.dog.ceo\/breeds\/retriever-chesapeake\/n02099849_1265.jpg","https:\/\/images.dog.ceo\/breeds\/retriever-chesapeake\/n02099849_130.jpg","https:\/\/images.dog.ceo\/breeds\/retriever-chesapeake\/n02099849_1310.jpg","https:\/\/images.dog.ceo\/breeds\/retriever-chesapeake\/n02099849_1326.jpg","https:\/\/images.dog.ceo\/breeds\/retriever-chesapeake\/n02099849_1349.jpg","https:\/\/images.dog.ceo\/breeds\/retriever-chesapeake\/n02099849_140.jpg","https:\/\/images.dog.ceo\/breeds\/retriever-chesapeake\/n02099849_1408.jpg","https:\/\/images.dog.ceo\/breeds\/retriever-chesapeake\/n02099849_1449.jpg","https:\/\/images.dog.ceo\/breeds\/retriever-chesapeake\/n02099849_1472.jpg","https:\/\/images.dog.ceo\/breeds\/retriever-chesapeake\/n02099849_1523.jpg","https:\/\/images.dog.ceo\/breeds\/retriever-chesapeake\/n02099849_1575.jpg","https:\/\/images.dog.ceo\/breeds\/retriever-chesapeake\/n02099849_1645.jpg","https:\/\/images.dog.ceo\/breeds\/retriever-chesapeake\/n02099849_1657.jpg","https:\/\/images.dog.ceo\/breeds\/retriever-chesapeake\/n02099849_171.jpg","https:\/\/images.dog.ceo\/breeds\/retriever-chesapeake\/n02099849_1776.jpg","https:\/\/images.dog.ceo\/breeds\/retriever-chesapeake\/n02099849_1823.jpg","https:\/\/images.dog.ceo\/breeds\/retriever-chesapeake\/n02099849_1830.jpg","https:\/\/images.dog.ceo\/breeds\/retriever-chesapeake\/n02099849_1837.jpg","https:\/\/images.dog.ceo\/breeds\/retriever-chesapeake\/n02099849_1922.jpg","https:\/\/images.dog.ceo\/breeds\/retriever-chesapeake\/n02099849_193.jpg","https:\/\/images.dog.ceo\/breeds\/retriever-chesapeake\/n02099849_1987.jpg","https:\/\/images.dog.ceo\/breeds\/retriever-chesapeake\/n02099849_1997.jpg","https:\/\/images.dog.ceo\/breeds\/retriever-chesapeake\/n02099849_2.jpg","https:\/\/images.dog.ceo\/breeds\/retriever-chesapeake\/n02099849_2068.jpg","https:\/\/images.dog.ceo\/breeds\/retriever-chesapeake\/n02099849_2092.jpg","https:\/\/images.dog.ceo\/breeds\/retriever-chesapeake\/n02099849_2130.jpg","https:\/\/images.dog.ceo\/breeds\/retriever-chesapeake\/n02099849_2133.jpg","https:\/\/images.dog.ceo\/breeds\/retriever-chesapeake\/n02099849_2153.jpg","https:\/\/images.dog.ceo\/breeds\/retriever-chesapeake\/n02099849_216.jpg","https:\/\/images.dog.ceo\/breeds\/retriever-chesapeake\/n02099849_2250.jpg","https:\/\/images.dog.ceo\/breeds\/retriever-chesapeake\/n02099849_2300.jpg","https:\/\/images.dog.ceo\/breeds\/retriever-chesapeake\/n02099849_2315.jpg","https:\/\/images.dog.ceo\/breeds\/retriever-chesapeake\/n02099849_2375.jpg","https:\/\/images.dog.ceo\/breeds\/retriever-chesapeake\/n02099849_2416.jpg","https:\/\/images.dog.ceo\/breeds\/retriever-chesapeake\/n02099849_2462.jpg","https:\/\/images.dog.ceo\/breeds\/retriever-chesapeake\/n02099849_2482.jpg","https:\/\/images.dog.ceo\/breeds\/retriever-chesapeake\/n02099849_253.jpg","https:\/\/images.dog.ceo\/breeds\/retriever-chesapeake\/n02099849_2573.jpg","https:\/\/images.dog.ceo\/breeds\/retriever-chesapeake\/n02099849_2581.jpg","https:\/\/images.dog.ceo\/breeds\/retriever-chesapeake\/n02099849_2612.jpg","https:\/\/images.dog.ceo\/breeds\/retriever-chesapeake\/n02099849_263.jpg","https:\/\/images.dog.ceo\/breeds\/retriever-chesapeake\/n02099849_264.jpg","https:\/\/images.dog.ceo\/breeds\/retriever-chesapeake\/n02099849_2646.jpg","https:\/\/images.dog.ceo\/breeds\/retriever-chesapeake\/n02099849_2648.jpg","https:\/\/images.dog.ceo\/breeds\/retriever-chesapeake\/n02099849_2836.jpg","https:\/\/images.dog.ceo\/breeds\/retriever-chesapeake\/n02099849_2847.jpg","https:\/\/images.dog.ceo\/breeds\/retriever-chesapeake\/n02099849_2935.jpg","https:\/\/images.dog.ceo\/breeds\/retriever-chesapeake\/n02099849_2944.jpg","https:\/\/images.dog.ceo\/breeds\/retriever-chesapeake\/n02099849_2965.jpg","https:\/\/images.dog.ceo\/breeds\/retriever-chesapeake\/n02099849_2991.jpg","https:\/\/images.dog.ceo\/breeds\/retriever-chesapeake\/n02099849_3.jpg","https:\/\/images.dog.ceo\/breeds\/retriever-chesapeake\/n02099849_3007.jpg","https:\/\/images.dog.ceo\/breeds\/retriever-chesapeake\/n02099849_3016.jpg","https:\/\/images.dog.ceo\/breeds\/retriever-chesapeake\/n02099849_31.jpg","https:\/\/images.dog.ceo\/breeds\/retriever-chesapeake\/n02099849_3149.jpg","https:\/\/images.dog.ceo\/breeds\/retriever-chesapeake\/n02099849_3196.jpg","https:\/\/images.dog.ceo\/breeds\/retriever-chesapeake\/n02099849_3203.jpg","https:\/\/images.dog.ceo\/breeds\/retriever-chesapeake\/n02099849_3207.jpg","https:\/\/images.dog.ceo\/breeds\/retriever-chesapeake\/n02099849_3220.jpg","https:\/\/images.dog.ceo\/breeds\/retriever-chesapeake\/n02099849_3266.jpg","https:\/\/images.dog.ceo\/breeds\/retriever-chesapeake\/n02099849_3283.jpg","https:\/\/images.dog.ceo\/breeds\/retriever-chesapeake\/n02099849_3289.jpg","https:\/\/images.dog.ceo\/breeds\/retriever-chesapeake\/n02099849_3326.jpg","https:\/\/images.dog.ceo\/breeds\/retriever-chesapeake\/n02099849_3383.jpg","https:\/\/images.dog.ceo\/breeds\/retriever-chesapeake\/n02099849_3403.jpg","https:\/\/images.dog.ceo\/breeds\/retriever-chesapeake\/n02099849_3429.jpg","https:\/\/images.dog.ceo\/breeds\/retriever-chesapeake\/n02099849_3451.jpg","https:\/\/images.dog.ceo\/breeds\/retriever-chesapeake\/n02099849_3494.jpg","https:\/\/images.dog.ceo\/breeds\/retriever-chesapeake\/n02099849_3563.jpg","https:\/\/images.dog.ceo\/breeds\/retriever-chesapeake\/n02099849_3565.jpg","https:\/\/images.dog.ceo\/breeds\/retriever-chesapeake\/n02099849_3592.jpg","https:\/\/images.dog.ceo\/breeds\/retriever-chesapeake\/n02099849_3616.jpg","https:\/\/images.dog.ceo\/breeds\/retriever-chesapeake\/n02099849_3617.jpg","https:\/\/images.dog.ceo\/breeds\/retriever-chesapeake\/n02099849_3619.jpg","https:\/\/images.dog.ceo\/breeds\/retriever-chesapeake\/n02099849_3645.jpg","https:\/\/images.dog.ceo\/breeds\/retriever-chesapeake\/n02099849_3680.jpg","https:\/\/images.dog.ceo\/breeds\/retriever-chesapeake\/n02099849_3718.jpg","https:\/\/images.dog.ceo\/breeds\/retriever-chesapeake\/n02099849_3723.jpg","https:\/\/images.dog.ceo\/breeds\/retriever-chesapeake\/n02099849_3736.jpg","https:\/\/images.dog.ceo\/breeds\/retriever-chesapeake\/n02099849_3753.jpg","https:\/\/images.dog.ceo\/breeds\/retriever-chesapeake\/n02099849_3777.jpg","https:\/\/images.dog.ceo\/breeds\/retriever-chesapeake\/n02099849_3789.jpg","https:\/\/images.dog.ceo\/breeds\/retriever-chesapeake\/n02099849_3810.jpg","https:\/\/images.dog.ceo\/breeds\/retriever-chesapeake\/n02099849_3812.jpg","https:\/\/images.dog.ceo\/breeds\/retriever-chesapeake\/n02099849_3826.jpg","https:\/\/images.dog.ceo\/breeds\/retriever-chesapeake\/n02099849_3897.jpg","https:\/\/images.dog.ceo\/breeds\/retriever-chesapeake\/n02099849_3911.jpg","https:\/\/images.dog.ceo\/breeds\/retriever-chesapeake\/n02099849_3940.jpg","https:\/\/images.dog.ceo\/breeds\/retriever-chesapeake\/n02099849_415.jpg","https:\/\/images.dog.ceo\/breeds\/retriever-chesapeake\/n02099849_4180.jpg","https:\/\/images.dog.ceo\/breeds\/retriever-chesapeake\/n02099849_4215.jpg","https:\/\/images.dog.ceo\/breeds\/retriever-chesapeake\/n02099849_4278.jpg","https:\/\/images.dog.ceo\/breeds\/retriever-chesapeake\/n02099849_4287.jpg","https:\/\/images.dog.ceo\/breeds\/retriever-chesapeake\/n02099849_43.jpg","https:\/\/images.dog.ceo\/breeds\/retriever-chesapeake\/n02099849_4310.jpg","https:\/\/images.dog.ceo\/breeds\/retriever-chesapeake\/n02099849_4322.jpg","https:\/\/images.dog.ceo\/breeds\/retriever-chesapeake\/n02099849_435.jpg","https:\/\/images.dog.ceo\/breeds\/retriever-chesapeake\/n02099849_4406.jpg","https:\/\/images.dog.ceo\/breeds\/retriever-chesapeake\/n02099849_4413.jpg","https:\/\/images.dog.ceo\/breeds\/retriever-chesapeake\/n02099849_4419.jpg","https:\/\/images.dog.ceo\/breeds\/retriever-chesapeake\/n02099849_4457.jpg","https:\/\/images.dog.ceo\/breeds\/retriever-chesapeake\/n02099849_448.jpg","https:\/\/images.dog.ceo\/breeds\/retriever-chesapeake\/n02099849_4498.jpg","https:\/\/images.dog.ceo\/breeds\/retriever-chesapeake\/n02099849_4519.jpg","https:\/\/images.dog.ceo\/breeds\/retriever-chesapeake\/n02099849_4549.jpg","https:\/\/images.dog.ceo\/breeds\/retriever-chesapeake\/n02099849_4619.jpg","https:\/\/images.dog.ceo\/breeds\/retriever-chesapeake\/n02099849_463.jpg","https:\/\/images.dog.ceo\/breeds\/retriever-chesapeake\/n02099849_4636.jpg","https:\/\/images.dog.ceo\/breeds\/retriever-chesapeake\/n02099849_4646.jpg","https:\/\/images.dog.ceo\/breeds\/retriever-chesapeake\/n02099849_4667.jpg","https:\/\/images.dog.ceo\/breeds\/retriever-chesapeake\/n02099849_4677.jpg","https:\/\/images.dog.ceo\/breeds\/retriever-chesapeake\/n02099849_4692.jpg","https:\/\/images.dog.ceo\/breeds\/retriever-chesapeake\/n02099849_4726.jpg","https:\/\/images.dog.ceo\/breeds\/retriever-chesapeake\/n02099849_4767.jpg","https:\/\/images.dog.ceo\/breeds\/retriever-chesapeake\/n02099849_493.jpg","https:\/\/images.dog.ceo\/breeds\/retriever-chesapeake\/n02099849_501.jpg","https:\/\/images.dog.ceo\/breeds\/retriever-chesapeake\/n02099849_513.jpg","https:\/\/images.dog.ceo\/breeds\/retriever-chesapeake\/n02099849_541.jpg","https:\/\/images.dog.ceo\/breeds\/retriever-chesapeake\/n02099849_544.jpg","https:\/\/images.dog.ceo\/breeds\/retriever-chesapeake\/n02099849_562.jpg","https:\/\/images.dog.ceo\/breeds\/retriever-chesapeake\/n02099849_590.jpg","https:\/\/images.dog.ceo\/breeds\/retriever-chesapeake\/n02099849_605.jpg","https:\/\/images.dog.ceo\/breeds\/retriever-chesapeake\/n02099849_669.jpg","https:\/\/images.dog.ceo\/breeds\/retriever-chesapeake\/n02099849_671.jpg","https:\/\/images.dog.ceo\/breeds\/retriever-chesapeake\/n02099849_68.jpg","https:\/\/images.dog.ceo\/breeds\/retriever-chesapeake\/n02099849_687.jpg","https:\/\/images.dog.ceo\/breeds\/retriever-chesapeake\/n02099849_693.jpg","https:\/\/images.dog.ceo\/breeds\/retriever-chesapeake\/n02099849_727.jpg","https:\/\/images.dog.ceo\/breeds\/retriever-chesapeake\/n02099849_920.jpg","https:\/\/images.dog.ceo\/breeds\/retriever-chesapeake\/n02099849_927.jpg","https:\/\/images.dog.ceo\/breeds\/retriever-chesapeake\/n02099849_938.jpg","https:\/\/images.dog.ceo\/breeds\/retriever-chesapeake\/n02099849_949.jpg","https:\/\/images.dog.ceo\/breeds\/retriever-chesapeake\/n02099849_953.jpg","https:\/\/images.dog.ceo\/breeds\/retriever-curly\/n02099429_1039.jpg","https:\/\/images.dog.ceo\/breeds\/retriever-curly\/n02099429_1068.jpg","https:\/\/images.dog.ceo\/breeds\/retriever-curly\/n02099429_109.jpg","https:\/\/images.dog.ceo\/breeds\/retriever-curly\/n02099429_1122.jpg","https:\/\/images.dog.ceo\/breeds\/retriever-curly\/n02099429_1150.jpg","https:\/\/images.dog.ceo\/breeds\/retriever-curly\/n02099429_1165.jpg","https:\/\/images.dog.ceo\/breeds\/retriever-curly\/n02099429_1178.jpg","https:\/\/images.dog.ceo\/breeds\/retriever-curly\/n02099429_120.jpg","https:\/\/images.dog.ceo\/breeds\/retriever-curly\/n02099429_1200.jpg","https:\/\/images.dog.ceo\/breeds\/retriever-curly\/n02099429_121.jpg","https:\/\/images.dog.ceo\/breeds\/retriever-curly\/n02099429_1234.jpg","https:\/\/images.dog.ceo\/breeds\/retriever-curly\/n02099429_1236.jpg","https:\/\/images.dog.ceo\/breeds\/retriever-curly\/n02099429_1259.jpg","https:\/\/images.dog.ceo\/breeds\/retriever-curly\/n02099429_1304.jpg","https:\/\/images.dog.ceo\/breeds\/retriever-curly\/n02099429_1328.jpg","https:\/\/images.dog.ceo\/breeds\/retriever-curly\/n02099429_1342.jpg","https:\/\/images.dog.ceo\/breeds\/retriever-curly\/n02099429_1359.jpg","https:\/\/images.dog.ceo\/breeds\/retriever-curly\/n02099429_1372.jpg","https:\/\/images.dog.ceo\/breeds\/retriever-curly\/n02099429_1377.jpg","https:\/\/images.dog.ceo\/breeds\/retriever-curly\/n02099429_1430.jpg","https:\/\/images.dog.ceo\/breeds\/retriever-curly\/n02099429_1433.jpg","https:\/\/images.dog.ceo\/breeds\/retriever-curly\/n02099429_1465.jpg","https:\/\/images.dog.ceo\/breeds\/retriever-curly\/n02099429_1468.jpg","https:\/\/images.dog.ceo\/breeds\/retriever-curly\/n02099429_1472.jpg","https:\/\/images.dog.ceo\/breeds\/retriever-curly\/n02099429_1504.jpg","https:\/\/images.dog.ceo\/breeds\/retriever-curly\/n02099429_1593.jpg","https:\/\/images.dog.ceo\/breeds\/retriever-curly\/n02099429_16.jpg","https:\/\/images.dog.ceo\/breeds\/retriever-curly\/n02099429_1627.jpg","https:\/\/images.dog.ceo\/breeds\/retriever-curly\/n02099429_1654.jpg","https:\/\/images.dog.ceo\/breeds\/retriever-curly\/n02099429_1662.jpg","https:\/\/images.dog.ceo\/breeds\/retriever-curly\/n02099429_1696.jpg","https:\/\/images.dog.ceo\/breeds\/retriever-curly\/n02099429_1701.jpg","https:\/\/images.dog.ceo\/breeds\/retriever-curly\/n02099429_1744.jpg","https:\/\/images.dog.ceo\/breeds\/retriever-curly\/n02099429_1758.jpg","https:\/\/images.dog.ceo\/breeds\/retriever-curly\/n02099429_1759.jpg","https:\/\/images.dog.ceo\/breeds\/retriever-curly\/n02099429_1773.jpg","https:\/\/images.dog.ceo\/breeds\/retriever-curly\/n02099429_1793.jpg","https:\/\/images.dog.ceo\/breeds\/retriever-curly\/n02099429_1804.jpg","https:\/\/images.dog.ceo\/breeds\/retriever-curly\/n02099429_1876.jpg","https:\/\/images.dog.ceo\/breeds\/retriever-curly\/n02099429_1883.jpg","https:\/\/images.dog.ceo\/breeds\/retriever-curly\/n02099429_1950.jpg","https:\/\/images.dog.ceo\/breeds\/retriever-curly\/n02099429_1954.jpg","https:\/\/images.dog.ceo\/breeds\/retriever-curly\/n02099429_1966.jpg","https:\/\/images.dog.ceo\/breeds\/retriever-curly\/n02099429_198.jpg","https:\/\/images.dog.ceo\/breeds\/retriever-curly\/n02099429_2119.jpg","https:\/\/images.dog.ceo\/breeds\/retriever-curly\/n02099429_212.jpg","https:\/\/images.dog.ceo\/breeds\/retriever-curly\/n02099429_2122.jpg","https:\/\/images.dog.ceo\/breeds\/retriever-curly\/n02099429_2149.jpg","https:\/\/images.dog.ceo\/breeds\/retriever-curly\/n02099429_2170.jpg","https:\/\/images.dog.ceo\/breeds\/retriever-curly\/n02099429_2186.jpg","https:\/\/images.dog.ceo\/breeds\/retriever-curly\/n02099429_2227.jpg","https:\/\/images.dog.ceo\/breeds\/retriever-curly\/n02099429_2236.jpg","https:\/\/images.dog.ceo\/breeds\/retriever-curly\/n02099429_2263.jpg","https:\/\/images.dog.ceo\/breeds\/retriever-curly\/n02099429_2264.jpg","https:\/\/images.dog.ceo\/breeds\/retriever-curly\/n02099429_227.jpg","https:\/\/images.dog.ceo\/breeds\/retriever-curly\/n02099429_2281.jpg","https:\/\/images.dog.ceo\/breeds\/retriever-curly\/n02099429_2287.jpg","https:\/\/images.dog.ceo\/breeds\/retriever-curly\/n02099429_2291.jpg","https:\/\/images.dog.ceo\/breeds\/retriever-curly\/n02099429_2374.jpg","https:\/\/images.dog.ceo\/breeds\/retriever-curly\/n02099429_2392.jpg","https:\/\/images.dog.ceo\/breeds\/retriever-curly\/n02099429_2393.jpg","https:\/\/images.dog.ceo\/breeds\/retriever-curly\/n02099429_244.jpg","https:\/\/images.dog.ceo\/breeds\/retriever-curly\/n02099429_248.jpg","https:\/\/images.dog.ceo\/breeds\/retriever-curly\/n02099429_249.jpg","https:\/\/images.dog.ceo\/breeds\/retriever-curly\/n02099429_2504.jpg","https:\/\/images.dog.ceo\/breeds\/retriever-curly\/n02099429_2559.jpg","https:\/\/images.dog.ceo\/breeds\/retriever-curly\/n02099429_2570.jpg","https:\/\/images.dog.ceo\/breeds\/retriever-curly\/n02099429_2608.jpg","https:\/\/images.dog.ceo\/breeds\/retriever-curly\/n02099429_2650.jpg","https:\/\/images.dog.ceo\/breeds\/retriever-curly\/n02099429_2699.jpg","https:\/\/images.dog.ceo\/breeds\/retriever-curly\/n02099429_273.jpg","https:\/\/images.dog.ceo\/breeds\/retriever-curly\/n02099429_2733.jpg","https:\/\/images.dog.ceo\/breeds\/retriever-curly\/n02099429_2756.jpg","https:\/\/images.dog.ceo\/breeds\/retriever-curly\/n02099429_2767.jpg","https:\/\/images.dog.ceo\/breeds\/retriever-curly\/n02099429_2776.jpg","https:\/\/images.dog.ceo\/breeds\/retriever-curly\/n02099429_282.jpg","https:\/\/images.dog.ceo\/breeds\/retriever-curly\/n02099429_2839.jpg","https:\/\/images.dog.ceo\/breeds\/retriever-curly\/n02099429_2915.jpg","https:\/\/images.dog.ceo\/breeds\/retriever-curly\/n02099429_2925.jpg","https:\/\/images.dog.ceo\/breeds\/retriever-curly\/n02099429_2934.jpg","https:\/\/images.dog.ceo\/breeds\/retriever-curly\/n02099429_2936.jpg","https:\/\/images.dog.ceo\/breeds\/retriever-curly\/n02099429_3023.jpg","https:\/\/images.dog.ceo\/breeds\/retriever-curly\/n02099429_3024.jpg","https:\/\/images.dog.ceo\/breeds\/retriever-curly\/n02099429_3026.jpg","https:\/\/images.dog.ceo\/breeds\/retriever-curly\/n02099429_3029.jpg","https:\/\/images.dog.ceo\/breeds\/retriever-curly\/n02099429_3033.jpg","https:\/\/images.dog.ceo\/breeds\/retriever-curly\/n02099429_3077.jpg","https:\/\/images.dog.ceo\/breeds\/retriever-curly\/n02099429_3103.jpg","https:\/\/images.dog.ceo\/breeds\/retriever-curly\/n02099429_3119.jpg","https:\/\/images.dog.ceo\/breeds\/retriever-curly\/n02099429_3159.jpg","https:\/\/images.dog.ceo\/breeds\/retriever-curly\/n02099429_3188.jpg","https:\/\/images.dog.ceo\/breeds\/retriever-curly\/n02099429_3191.jpg","https:\/\/images.dog.ceo\/breeds\/retriever-curly\/n02099429_3193.jpg","https:\/\/images.dog.ceo\/breeds\/retriever-curly\/n02099429_3194.jpg","https:\/\/images.dog.ceo\/breeds\/retriever-curly\/n02099429_3213.jpg","https:\/\/images.dog.ceo\/breeds\/retriever-curly\/n02099429_3234.jpg","https:\/\/images.dog.ceo\/breeds\/retriever-curly\/n02099429_3249.jpg","https:\/\/images.dog.ceo\/breeds\/retriever-curly\/n02099429_3253.jpg","https:\/\/images.dog.ceo\/breeds\/retriever-curly\/n02099429_3276.jpg","https:\/\/images.dog.ceo\/breeds\/retriever-curly\/n02099429_3371.jpg","https:\/\/images.dog.ceo\/breeds\/retriever-curly\/n02099429_3396.jpg","https:\/\/images.dog.ceo\/breeds\/retriever-curly\/n02099429_3402.jpg","https:\/\/images.dog.ceo\/breeds\/retriever-curly\/n02099429_3513.jpg","https:\/\/images.dog.ceo\/breeds\/retriever-curly\/n02099429_3516.jpg","https:\/\/images.dog.ceo\/breeds\/retriever-curly\/n02099429_355.jpg","https:\/\/images.dog.ceo\/breeds\/retriever-curly\/n02099429_398.jpg","https:\/\/images.dog.ceo\/breeds\/retriever-curly\/n02099429_416.jpg","https:\/\/images.dog.ceo\/breeds\/retriever-curly\/n02099429_425.jpg","https:\/\/images.dog.ceo\/breeds\/retriever-curly\/n02099429_448.jpg","https:\/\/images.dog.ceo\/breeds\/retriever-curly\/n02099429_458.jpg","https:\/\/images.dog.ceo\/breeds\/retriever-curly\/n02099429_537.jpg","https:\/\/images.dog.ceo\/breeds\/retriever-curly\/n02099429_569.jpg","https:\/\/images.dog.ceo\/breeds\/retriever-curly\/n02099429_618.jpg","https:\/\/images.dog.ceo\/breeds\/retriever-curly\/n02099429_630.jpg","https:\/\/images.dog.ceo\/breeds\/retriever-curly\/n02099429_664.jpg","https:\/\/images.dog.ceo\/breeds\/retriever-curly\/n02099429_738.jpg","https:\/\/images.dog.ceo\/breeds\/retriever-curly\/n02099429_745.jpg","https:\/\/images.dog.ceo\/breeds\/retriever-curly\/n02099429_814.jpg","https:\/\/images.dog.ceo\/breeds\/retriever-curly\/n02099429_817.jpg","https:\/\/images.dog.ceo\/breeds\/retriever-curly\/n02099429_833.jpg","https:\/\/images.dog.ceo\/breeds\/retriever-curly\/n02099429_841.jpg","https:\/\/images.dog.ceo\/breeds\/retriever-curly\/n02099429_853.jpg","https:\/\/images.dog.ceo\/breeds\/retriever-curly\/n02099429_869.jpg","https:\/\/images.dog.ceo\/breeds\/retriever-curly\/n02099429_907.jpg","https:\/\/images.dog.ceo\/breeds\/retriever-curly\/n02099429_910.jpg","https:\/\/images.dog.ceo\/breeds\/retriever-curly\/n02099429_915.jpg","https:\/\/images.dog.ceo\/breeds\/retriever-curly\/n02099429_935.jpg","https:\/\/images.dog.ceo\/breeds\/retriever-curly\/n02099429_946.jpg","https:\/\/images.dog.ceo\/breeds\/retriever-curly\/n02099429_961.jpg","https:\/\/images.dog.ceo\/breeds\/retriever-flatcoated\/n02099267_1018.jpg","https:\/\/images.dog.ceo\/breeds\/retriever-flatcoated\/n02099267_1069.jpg","https:\/\/images.dog.ceo\/breeds\/retriever-flatcoated\/n02099267_1095.jpg","https:\/\/images.dog.ceo\/breeds\/retriever-flatcoated\/n02099267_1142.jpg","https:\/\/images.dog.ceo\/breeds\/retriever-flatcoated\/n02099267_1184.jpg","https:\/\/images.dog.ceo\/breeds\/retriever-flatcoated\/n02099267_1205.jpg","https:\/\/images.dog.ceo\/breeds\/retriever-flatcoated\/n02099267_1272.jpg","https:\/\/images.dog.ceo\/breeds\/retriever-flatcoated\/n02099267_1274.jpg","https:\/\/images.dog.ceo\/breeds\/retriever-flatcoated\/n02099267_1358.jpg","https:\/\/images.dog.ceo\/breeds\/retriever-flatcoated\/n02099267_1451.jpg","https:\/\/images.dog.ceo\/breeds\/retriever-flatcoated\/n02099267_1470.jpg","https:\/\/images.dog.ceo\/breeds\/retriever-flatcoated\/n02099267_1533.jpg","https:\/\/images.dog.ceo\/breeds\/retriever-flatcoated\/n02099267_1547.jpg","https:\/\/images.dog.ceo\/breeds\/retriever-flatcoated\/n02099267_1573.jpg","https:\/\/images.dog.ceo\/breeds\/retriever-flatcoated\/n02099267_1596.jpg","https:\/\/images.dog.ceo\/breeds\/retriever-flatcoated\/n02099267_1624.jpg","https:\/\/images.dog.ceo\/breeds\/retriever-flatcoated\/n02099267_1639.jpg","https:\/\/images.dog.ceo\/breeds\/retriever-flatcoated\/n02099267_1723.jpg","https:\/\/images.dog.ceo\/breeds\/retriever-flatcoated\/n02099267_1753.jpg","https:\/\/images.dog.ceo\/breeds\/retriever-flatcoated\/n02099267_1860.jpg","https:\/\/images.dog.ceo\/breeds\/retriever-flatcoated\/n02099267_1862.jpg","https:\/\/images.dog.ceo\/breeds\/retriever-flatcoated\/n02099267_1906.jpg","https:\/\/images.dog.ceo\/breeds\/retriever-flatcoated\/n02099267_1909.jpg","https:\/\/images.dog.ceo\/breeds\/retriever-flatcoated\/n02099267_1922.jpg","https:\/\/images.dog.ceo\/breeds\/retriever-flatcoated\/n02099267_1942.jpg","https:\/\/images.dog.ceo\/breeds\/retriever-flatcoated\/n02099267_1943.jpg","https:\/\/images.dog.ceo\/breeds\/retriever-flatcoated\/n02099267_1961.jpg","https:\/\/images.dog.ceo\/breeds\/retriever-flatcoated\/n02099267_198.jpg","https:\/\/images.dog.ceo\/breeds\/retriever-flatcoated\/n02099267_1989.jpg","https:\/\/images.dog.ceo\/breeds\/retriever-flatcoated\/n02099267_2121.jpg","https:\/\/images.dog.ceo\/breeds\/retriever-flatcoated\/n02099267_2160.jpg","https:\/\/images.dog.ceo\/breeds\/retriever-flatcoated\/n02099267_2259.jpg","https:\/\/images.dog.ceo\/breeds\/retriever-flatcoated\/n02099267_2268.jpg","https:\/\/images.dog.ceo\/breeds\/retriever-flatcoated\/n02099267_2284.jpg","https:\/\/images.dog.ceo\/breeds\/retriever-flatcoated\/n02099267_2314.jpg","https:\/\/images.dog.ceo\/breeds\/retriever-flatcoated\/n02099267_2347.jpg","https:\/\/images.dog.ceo\/breeds\/retriever-flatcoated\/n02099267_2379.jpg","https:\/\/images.dog.ceo\/breeds\/retriever-flatcoated\/n02099267_2419.jpg","https:\/\/images.dog.ceo\/breeds\/retriever-flatcoated\/n02099267_2427.jpg","https:\/\/images.dog.ceo\/breeds\/retriever-flatcoated\/n02099267_2447.jpg","https:\/\/images.dog.ceo\/breeds\/retriever-flatcoated\/n02099267_2453.jpg","https:\/\/images.dog.ceo\/breeds\/retriever-flatcoated\/n02099267_2607.jpg","https:\/\/images.dog.ceo\/breeds\/retriever-flatcoated\/n02099267_2608.jpg","https:\/\/images.dog.ceo\/breeds\/retriever-flatcoated\/n02099267_2630.jpg","https:\/\/images.dog.ceo\/breeds\/retriever-flatcoated\/n02099267_2786.jpg","https:\/\/images.dog.ceo\/breeds\/retriever-flatcoated\/n02099267_2987.jpg","https:\/\/images.dog.ceo\/breeds\/retriever-flatcoated\/n02099267_3018.jpg","https:\/\/images.dog.ceo\/breeds\/retriever-flatcoated\/n02099267_3044.jpg","https:\/\/images.dog.ceo\/breeds\/retriever-flatcoated\/n02099267_3077.jpg","https:\/\/images.dog.ceo\/breeds\/retriever-flatcoated\/n02099267_3087.jpg","https:\/\/images.dog.ceo\/breeds\/retriever-flatcoated\/n02099267_3092.jpg","https:\/\/images.dog.ceo\/breeds\/retriever-flatcoated\/n02099267_3097.jpg","https:\/\/images.dog.ceo\/breeds\/retriever-flatcoated\/n02099267_3130.jpg","https:\/\/images.dog.ceo\/breeds\/retriever-flatcoated\/n02099267_3185.jpg","https:\/\/images.dog.ceo\/breeds\/retriever-flatcoated\/n02099267_3240.jpg","https:\/\/images.dog.ceo\/breeds\/retriever-flatcoated\/n02099267_3255.jpg","https:\/\/images.dog.ceo\/breeds\/retriever-flatcoated\/n02099267_3272.jpg","https:\/\/images.dog.ceo\/breeds\/retriever-flatcoated\/n02099267_3290.jpg","https:\/\/images.dog.ceo\/breeds\/retriever-flatcoated\/n02099267_3335.jpg","https:\/\/images.dog.ceo\/breeds\/retriever-flatcoated\/n02099267_3390.jpg","https:\/\/images.dog.ceo\/breeds\/retriever-flatcoated\/n02099267_3405.jpg","https:\/\/images.dog.ceo\/breeds\/retriever-flatcoated\/n02099267_3428.jpg","https:\/\/images.dog.ceo\/breeds\/retriever-flatcoated\/n02099267_3433.jpg","https:\/\/images.dog.ceo\/breeds\/retriever-flatcoated\/n02099267_3441.jpg","https:\/\/images.dog.ceo\/breeds\/retriever-flatcoated\/n02099267_3490.jpg","https:\/\/images.dog.ceo\/breeds\/retriever-flatcoated\/n02099267_3493.jpg","https:\/\/images.dog.ceo\/breeds\/retriever-flatcoated\/n02099267_3494.jpg","https:\/\/images.dog.ceo\/breeds\/retriever-flatcoated\/n02099267_353.jpg","https:\/\/images.dog.ceo\/breeds\/retriever-flatcoated\/n02099267_3588.jpg","https:\/\/images.dog.ceo\/breeds\/retriever-flatcoated\/n02099267_3597.jpg","https:\/\/images.dog.ceo\/breeds\/retriever-flatcoated\/n02099267_3605.jpg","https:\/\/images.dog.ceo\/breeds\/retriever-flatcoated\/n02099267_3609.jpg","https:\/\/images.dog.ceo\/breeds\/retriever-flatcoated\/n02099267_3611.jpg","https:\/\/images.dog.ceo\/breeds\/retriever-flatcoated\/n02099267_3660.jpg","https:\/\/images.dog.ceo\/breeds\/retriever-flatcoated\/n02099267_375.jpg","https:\/\/images.dog.ceo\/breeds\/retriever-flatcoated\/n02099267_3768.jpg","https:\/\/images.dog.ceo\/breeds\/retriever-flatcoated\/n02099267_3787.jpg","https:\/\/images.dog.ceo\/breeds\/retriever-flatcoated\/n02099267_3843.jpg","https:\/\/images.dog.ceo\/breeds\/retriever-flatcoated\/n02099267_3864.jpg","https:\/\/images.dog.ceo\/breeds\/retriever-flatcoated\/n02099267_3868.jpg","https:\/\/images.dog.ceo\/breeds\/retriever-flatcoated\/n02099267_3900.jpg","https:\/\/images.dog.ceo\/breeds\/retriever-flatcoated\/n02099267_3913.jpg","https:\/\/images.dog.ceo\/breeds\/retriever-flatcoated\/n02099267_3948.jpg","https:\/\/images.dog.ceo\/breeds\/retriever-flatcoated\/n02099267_3957.jpg","https:\/\/images.dog.ceo\/breeds\/retriever-flatcoated\/n02099267_3965.jpg","https:\/\/images.dog.ceo\/breeds\/retriever-flatcoated\/n02099267_3973.jpg","https:\/\/images.dog.ceo\/breeds\/retriever-flatcoated\/n02099267_40.jpg","https:\/\/images.dog.ceo\/breeds\/retriever-flatcoated\/n02099267_4048.jpg","https:\/\/images.dog.ceo\/breeds\/retriever-flatcoated\/n02099267_4098.jpg","https:\/\/images.dog.ceo\/breeds\/retriever-flatcoated\/n02099267_4167.jpg","https:\/\/images.dog.ceo\/breeds\/retriever-flatcoated\/n02099267_4236.jpg","https:\/\/images.dog.ceo\/breeds\/retriever-flatcoated\/n02099267_4278.jpg","https:\/\/images.dog.ceo\/breeds\/retriever-flatcoated\/n02099267_4303.jpg","https:\/\/images.dog.ceo\/breeds\/retriever-flatcoated\/n02099267_4311.jpg","https:\/\/images.dog.ceo\/breeds\/retriever-flatcoated\/n02099267_4331.jpg","https:\/\/images.dog.ceo\/breeds\/retriever-flatcoated\/n02099267_4359.jpg","https:\/\/images.dog.ceo\/breeds\/retriever-flatcoated\/n02099267_443.jpg","https:\/\/images.dog.ceo\/breeds\/retriever-flatcoated\/n02099267_4494.jpg","https:\/\/images.dog.ceo\/breeds\/retriever-flatcoated\/n02099267_4506.jpg","https:\/\/images.dog.ceo\/breeds\/retriever-flatcoated\/n02099267_4525.jpg","https:\/\/images.dog.ceo\/breeds\/retriever-flatcoated\/n02099267_4530.jpg","https:\/\/images.dog.ceo\/breeds\/retriever-flatcoated\/n02099267_4546.jpg","https:\/\/images.dog.ceo\/breeds\/retriever-flatcoated\/n02099267_4562.jpg","https:\/\/images.dog.ceo\/breeds\/retriever-flatcoated\/n02099267_4681.jpg","https:\/\/images.dog.ceo\/breeds\/retriever-flatcoated\/n02099267_482.jpg","https:\/\/images.dog.ceo\/breeds\/retriever-flatcoated\/n02099267_487.jpg","https:\/\/images.dog.ceo\/breeds\/retriever-flatcoated\/n02099267_4887.jpg","https:\/\/images.dog.ceo\/breeds\/retriever-flatcoated\/n02099267_4906.jpg","https:\/\/images.dog.ceo\/breeds\/retriever-flatcoated\/n02099267_494.jpg","https:\/\/images.dog.ceo\/breeds\/retriever-flatcoated\/n02099267_5001.jpg","https:\/\/images.dog.ceo\/breeds\/retriever-flatcoated\/n02099267_5073.jpg","https:\/\/images.dog.ceo\/breeds\/retriever-flatcoated\/n02099267_5089.jpg","https:\/\/images.dog.ceo\/breeds\/retriever-flatcoated\/n02099267_5155.jpg","https:\/\/images.dog.ceo\/breeds\/retriever-flatcoated\/n02099267_5306.jpg","https:\/\/images.dog.ceo\/breeds\/retriever-flatcoated\/n02099267_5352.jpg","https:\/\/images.dog.ceo\/breeds\/retriever-flatcoated\/n02099267_5415.jpg","https:\/\/images.dog.ceo\/breeds\/retriever-flatcoated\/n02099267_5427.jpg","https:\/\/images.dog.ceo\/breeds\/retriever-flatcoated\/n02099267_5540.jpg","https:\/\/images.dog.ceo\/breeds\/retriever-flatcoated\/n02099267_5549.jpg","https:\/\/images.dog.ceo\/breeds\/retriever-flatcoated\/n02099267_5551.jpg","https:\/\/images.dog.ceo\/breeds\/retriever-flatcoated\/n02099267_5552.jpg","https:\/\/images.dog.ceo\/breeds\/retriever-flatcoated\/n02099267_5587.jpg","https:\/\/images.dog.ceo\/breeds\/retriever-flatcoated\/n02099267_566.jpg","https:\/\/images.dog.ceo\/breeds\/retriever-flatcoated\/n02099267_5669.jpg","https:\/\/images.dog.ceo\/breeds\/retriever-flatcoated\/n02099267_5745.jpg","https:\/\/images.dog.ceo\/breeds\/retriever-flatcoated\/n02099267_580.jpg","https:\/\/images.dog.ceo\/breeds\/retriever-flatcoated\/n02099267_693.jpg","https:\/\/images.dog.ceo\/breeds\/retriever-flatcoated\/n02099267_706.jpg","https:\/\/images.dog.ceo\/breeds\/retriever-flatcoated\/n02099267_720.jpg","https:\/\/images.dog.ceo\/breeds\/retriever-flatcoated\/n02099267_721.jpg","https:\/\/images.dog.ceo\/breeds\/retriever-flatcoated\/n02099267_730.jpg","https:\/\/images.dog.ceo\/breeds\/retriever-flatcoated\/n02099267_731.jpg","https:\/\/images.dog.ceo\/breeds\/retriever-flatcoated\/n02099267_808.jpg","https:\/\/images.dog.ceo\/breeds\/retriever-flatcoated\/n02099267_838.jpg","https:\/\/images.dog.ceo\/breeds\/retriever-flatcoated\/n02099267_862.jpg","https:\/\/images.dog.ceo\/breeds\/retriever-flatcoated\/n02099267_882.jpg","https:\/\/images.dog.ceo\/breeds\/retriever-flatcoated\/n02099267_911.jpg","https:\/\/images.dog.ceo\/breeds\/retriever-flatcoated\/n02099267_913.jpg","https:\/\/images.dog.ceo\/breeds\/retriever-flatcoated\/n02099267_921.jpg","https:\/\/images.dog.ceo\/breeds\/retriever-flatcoated\/n02099267_931.jpg","https:\/\/images.dog.ceo\/breeds\/retriever-flatcoated\/n02099267_957.jpg","https:\/\/images.dog.ceo\/breeds\/retriever-flatcoated\/n02099267_979.jpg","https:\/\/images.dog.ceo\/breeds\/retriever-golden\/20200731_180910_200731.jpg","https:\/\/images.dog.ceo\/breeds\/retriever-golden\/20200801_174527_200801.jpg","https:\/\/images.dog.ceo\/breeds\/retriever-golden\/20200814_113907_200814.jpg","https:\/\/images.dog.ceo\/breeds\/retriever-golden\/20200814_163629_200814.jpg","https:\/\/images.dog.ceo\/breeds\/retriever-golden\/20200816_163418_200816.jpg","https:\/\/images.dog.ceo\/breeds\/retriever-golden\/20200816_180945_200816.jpg","https:\/\/images.dog.ceo\/breeds\/retriever-golden\/PXL_20220125_060304705.MP.jpg","https:\/\/images.dog.ceo\/breeds\/retriever-golden\/PXL_20220311_055548510.MP_2.jpg","https:\/\/images.dog.ceo\/breeds\/retriever-golden\/PXL_20220311_055611129.MP_3.jpg","https:\/\/images.dog.ceo\/breeds\/retriever-golden\/PXL_20220424_121025943.MP.jpg","https:\/\/images.dog.ceo\/breeds\/retriever-golden\/PXL_20220624_150113115.MP_2.jpg","https:\/\/images.dog.ceo\/breeds\/retriever-golden\/Z6A_3963_200731.jpg","https:\/\/images.dog.ceo\/breeds\/retriever-golden\/Z6A_4051_200803.jpg","https:\/\/images.dog.ceo\/breeds\/retriever-golden\/Z6A_4068_200803.jpg","https:\/\/images.dog.ceo\/breeds\/retriever-golden\/Z6A_4193-Edit-Edit_200806.jpg","https:\/\/images.dog.ceo\/breeds\/retriever-golden\/Z6A_4365_200807.jpg","https:\/\/images.dog.ceo\/breeds\/retriever-golden\/Z6A_4459-Edit_200808.jpg","https:\/\/images.dog.ceo\/breeds\/retriever-golden\/Z6A_4500_200808.jpg","https:\/\/images.dog.ceo\/breeds\/retriever-golden\/Z6A_4525_200809.jpg","https:\/\/images.dog.ceo\/breeds\/retriever-golden\/Z6A_4650_200812.jpg","https:\/\/images.dog.ceo\/breeds\/retriever-golden\/Z6A_4904_200816.jpg","https:\/\/images.dog.ceo\/breeds\/retriever-golden\/Z6A_4928_200816.jpg","https:\/\/images.dog.ceo\/breeds\/retriever-golden\/dogs.boris.jasper.nixon.jpg","https:\/\/images.dog.ceo\/breeds\/retriever-golden\/golden-1.jpg","https:\/\/images.dog.ceo\/breeds\/retriever-golden\/joey_20210311_213829.jpg","https:\/\/images.dog.ceo\/breeds\/retriever-golden\/joey_20210802_223302.jpg","https:\/\/images.dog.ceo\/breeds\/retriever-golden\/joey_20210805_130226.jpg","https:\/\/images.dog.ceo\/breeds\/retriever-golden\/joey_IMG_0261.jpg","https:\/\/images.dog.ceo\/breeds\/retriever-golden\/joey_IMG_0628.jpg","https:\/\/images.dog.ceo\/breeds\/retriever-golden\/joey_IMG_0633.jpg","https:\/\/images.dog.ceo\/breeds\/retriever-golden\/joey_IMG_20210906_091617_3.jpg","https:\/\/images.dog.ceo\/breeds\/retriever-golden\/leo_small.jpg","https:\/\/images.dog.ceo\/breeds\/retriever-golden\/n02099601_10.jpg","https:\/\/images.dog.ceo\/breeds\/retriever-golden\/n02099601_100.jpg","https:\/\/images.dog.ceo\/breeds\/retriever-golden\/n02099601_1010.jpg","https:\/\/images.dog.ceo\/breeds\/retriever-golden\/n02099601_1028.jpg","https:\/\/images.dog.ceo\/breeds\/retriever-golden\/n02099601_109.jpg","https:\/\/images.dog.ceo\/breeds\/retriever-golden\/n02099601_1162.jpg","https:\/\/images.dog.ceo\/breeds\/retriever-golden\/n02099601_118.jpg","https:\/\/images.dog.ceo\/breeds\/retriever-golden\/n02099601_124.jpg","https:\/\/images.dog.ceo\/breeds\/retriever-golden\/n02099601_1249.jpg","https:\/\/images.dog.ceo\/breeds\/retriever-golden\/n02099601_1259.jpg","https:\/\/images.dog.ceo\/breeds\/retriever-golden\/n02099601_1324.jpg","https:\/\/images.dog.ceo\/breeds\/retriever-golden\/n02099601_14.jpg","https:\/\/images.dog.ceo\/breeds\/retriever-golden\/n02099601_1442.jpg","https:\/\/images.dog.ceo\/breeds\/retriever-golden\/n02099601_1454.jpg","https:\/\/images.dog.ceo\/breeds\/retriever-golden\/n02099601_146.jpg","https:\/\/images.dog.ceo\/breeds\/retriever-golden\/n02099601_1580.jpg","https:\/\/images.dog.ceo\/breeds\/retriever-golden\/n02099601_1633.jpg","https:\/\/images.dog.ceo\/breeds\/retriever-golden\/n02099601_1743.jpg","https:\/\/images.dog.ceo\/breeds\/retriever-golden\/n02099601_176.jpg","https:\/\/images.dog.ceo\/breeds\/retriever-golden\/n02099601_1768.jpg","https:\/\/images.dog.ceo\/breeds\/retriever-golden\/n02099601_2029.jpg","https:\/\/images.dog.ceo\/breeds\/retriever-golden\/n02099601_215.jpg","https:\/\/images.dog.ceo\/breeds\/retriever-golden\/n02099601_2295.jpg","https:\/\/images.dog.ceo\/breeds\/retriever-golden\/n02099601_2358.jpg","https:\/\/images.dog.ceo\/breeds\/retriever-golden\/n02099601_2359.jpg","https:\/\/images.dog.ceo\/breeds\/retriever-golden\/n02099601_238.jpg","https:\/\/images.dog.ceo\/breeds\/retriever-golden\/n02099601_2408.jpg","https:\/\/images.dog.ceo\/breeds\/retriever-golden\/n02099601_2422.jpg","https:\/\/images.dog.ceo\/breeds\/retriever-golden\/n02099601_2440.jpg","https:\/\/images.dog.ceo\/breeds\/retriever-golden\/n02099601_2495.jpg","https:\/\/images.dog.ceo\/breeds\/retriever-golden\/n02099601_2536.jpg","https:\/\/images.dog.ceo\/breeds\/retriever-golden\/n02099601_2663.jpg","https:\/\/images.dog.ceo\/breeds\/retriever-golden\/n02099601_2688.jpg","https:\/\/images.dog.ceo\/breeds\/retriever-golden\/n02099601_2691.jpg","https:\/\/images.dog.ceo\/breeds\/retriever-golden\/n02099601_2796.jpg","https:\/\/images.dog.ceo\/breeds\/retriever-golden\/n02099601_280.jpg","https:\/\/images.dog.ceo\/breeds\/retriever-golden\/n02099601_281.jpg","https:\/\/images.dog.ceo\/breeds\/retriever-golden\/n02099601_286.jpg","https:\/\/images.dog.ceo\/breeds\/retriever-golden\/n02099601_2994.jpg","https:\/\/images.dog.ceo\/breeds\/retriever-golden\/n02099601_3004.jpg","https:\/\/images.dog.ceo\/breeds\/retriever-golden\/n02099601_3007.jpg","https:\/\/images.dog.ceo\/breeds\/retriever-golden\/n02099601_304.jpg","https:\/\/images.dog.ceo\/breeds\/retriever-golden\/n02099601_3073.jpg","https:\/\/images.dog.ceo\/breeds\/retriever-golden\/n02099601_308.jpg","https:\/\/images.dog.ceo\/breeds\/retriever-golden\/n02099601_3097.jpg","https:\/\/images.dog.ceo\/breeds\/retriever-golden\/n02099601_3111.jpg","https:\/\/images.dog.ceo\/breeds\/retriever-golden\/n02099601_3262.jpg","https:\/\/images.dog.ceo\/breeds\/retriever-golden\/n02099601_3327.jpg","https:\/\/images.dog.ceo\/breeds\/retriever-golden\/n02099601_3360.jpg","https:\/\/images.dog.ceo\/breeds\/retriever-golden\/n02099601_3388.jpg","https:\/\/images.dog.ceo\/breeds\/retriever-golden\/n02099601_3414.jpg","https:\/\/images.dog.ceo\/breeds\/retriever-golden\/n02099601_342.jpg","https:\/\/images.dog.ceo\/breeds\/retriever-golden\/n02099601_345.jpg","https:\/\/images.dog.ceo\/breeds\/retriever-golden\/n02099601_3494.jpg","https:\/\/images.dog.ceo\/breeds\/retriever-golden\/n02099601_3569.jpg","https:\/\/images.dog.ceo\/breeds\/retriever-golden\/n02099601_3666.jpg","https:\/\/images.dog.ceo\/breeds\/retriever-golden\/n02099601_3720.jpg","https:\/\/images.dog.ceo\/breeds\/retriever-golden\/n02099601_3738.jpg","https:\/\/images.dog.ceo\/breeds\/retriever-golden\/n02099601_3869.jpg","https:\/\/images.dog.ceo\/breeds\/retriever-golden\/n02099601_4005.jpg","https:\/\/images.dog.ceo\/breeds\/retriever-golden\/n02099601_4241.jpg","https:\/\/images.dog.ceo\/breeds\/retriever-golden\/n02099601_4256.jpg","https:\/\/images.dog.ceo\/breeds\/retriever-golden\/n02099601_4312.jpg","https:\/\/images.dog.ceo\/breeds\/retriever-golden\/n02099601_447.jpg","https:\/\/images.dog.ceo\/breeds\/retriever-golden\/n02099601_4651.jpg","https:\/\/images.dog.ceo\/breeds\/retriever-golden\/n02099601_4678.jpg","https:\/\/images.dog.ceo\/breeds\/retriever-golden\/n02099601_473.jpg","https:\/\/images.dog.ceo\/breeds\/retriever-golden\/n02099601_4843.jpg","https:\/\/images.dog.ceo\/breeds\/retriever-golden\/n02099601_4933.jpg","https:\/\/images.dog.ceo\/breeds\/retriever-golden\/n02099601_5.jpg","https:\/\/images.dog.ceo\/breeds\/retriever-golden\/n02099601_5051.jpg","https:\/\/images.dog.ceo\/breeds\/retriever-golden\/n02099601_5132.jpg","https:\/\/images.dog.ceo\/breeds\/retriever-golden\/n02099601_5160.jpg","https:\/\/images.dog.ceo\/breeds\/retriever-golden\/n02099601_5188.jpg","https:\/\/images.dog.ceo\/breeds\/retriever-golden\/n02099601_544.jpg","https:\/\/images.dog.ceo\/breeds\/retriever-golden\/n02099601_5452.jpg","https:\/\/images.dog.ceo\/breeds\/retriever-golden\/n02099601_5453.jpg","https:\/\/images.dog.ceo\/breeds\/retriever-golden\/n02099601_5544.jpg","https:\/\/images.dog.ceo\/breeds\/retriever-golden\/n02099601_5642.jpg","https:\/\/images.dog.ceo\/breeds\/retriever-golden\/n02099601_5655.jpg","https:\/\/images.dog.ceo\/breeds\/retriever-golden\/n02099601_5679.jpg","https:\/\/images.dog.ceo\/breeds\/retriever-golden\/n02099601_569.jpg","https:\/\/images.dog.ceo\/breeds\/retriever-golden\/n02099601_5709.jpg","https:\/\/images.dog.ceo\/breeds\/retriever-golden\/n02099601_5736.jpg","https:\/\/images.dog.ceo\/breeds\/retriever-golden\/n02099601_5764.jpg","https:\/\/images.dog.ceo\/breeds\/retriever-golden\/n02099601_5857.jpg","https:\/\/images.dog.ceo\/breeds\/retriever-golden\/n02099601_5876.jpg","https:\/\/images.dog.ceo\/breeds\/retriever-golden\/n02099601_5893.jpg","https:\/\/images.dog.ceo\/breeds\/retriever-golden\/n02099601_6099.jpg","https:\/\/images.dog.ceo\/breeds\/retriever-golden\/n02099601_6105.jpg","https:\/\/images.dog.ceo\/breeds\/retriever-golden\/n02099601_6139.jpg","https:\/\/images.dog.ceo\/breeds\/retriever-golden\/n02099601_6194.jpg","https:\/\/images.dog.ceo\/breeds\/retriever-golden\/n02099601_6318.jpg","https:\/\/images.dog.ceo\/breeds\/retriever-golden\/n02099601_6331.jpg","https:\/\/images.dog.ceo\/breeds\/retriever-golden\/n02099601_6577.jpg","https:\/\/images.dog.ceo\/breeds\/retriever-golden\/n02099601_67.jpg","https:\/\/images.dog.ceo\/breeds\/retriever-golden\/n02099601_6772.jpg","https:\/\/images.dog.ceo\/breeds\/retriever-golden\/n02099601_6814.jpg","https:\/\/images.dog.ceo\/breeds\/retriever-golden\/n02099601_6820.jpg","https:\/\/images.dog.ceo\/breeds\/retriever-golden\/n02099601_6867.jpg","https:\/\/images.dog.ceo\/breeds\/retriever-golden\/n02099601_6980.jpg","https:\/\/images.dog.ceo\/breeds\/retriever-golden\/n02099601_70.jpg","https:\/\/images.dog.ceo\/breeds\/retriever-golden\/n02099601_7019.jpg","https:\/\/images.dog.ceo\/breeds\/retriever-golden\/n02099601_7037.jpg","https:\/\/images.dog.ceo\/breeds\/retriever-golden\/n02099601_7119.jpg","https:\/\/images.dog.ceo\/breeds\/retriever-golden\/n02099601_7123.jpg","https:\/\/images.dog.ceo\/breeds\/retriever-golden\/n02099601_7227.jpg","https:\/\/images.dog.ceo\/breeds\/retriever-golden\/n02099601_7304.jpg","https:\/\/images.dog.ceo\/breeds\/retriever-golden\/n02099601_7312.jpg","https:\/\/images.dog.ceo\/breeds\/retriever-golden\/n02099601_7432.jpg","https:\/\/images.dog.ceo\/breeds\/retriever-golden\/n02099601_7437.jpg","https:\/\/images.dog.ceo\/breeds\/retriever-golden\/n02099601_7588.jpg","https:\/\/images.dog.ceo\/breeds\/retriever-golden\/n02099601_7654.jpg","https:\/\/images.dog.ceo\/breeds\/retriever-golden\/n02099601_7706.jpg","https:\/\/images.dog.ceo\/breeds\/retriever-golden\/n02099601_7709.jpg","https:\/\/images.dog.ceo\/breeds\/retriever-golden\/n02099601_7744.jpg","https:\/\/images.dog.ceo\/breeds\/retriever-golden\/n02099601_7771.jpg","https:\/\/images.dog.ceo\/breeds\/retriever-golden\/n02099601_7780.jpg","https:\/\/images.dog.ceo\/breeds\/retriever-golden\/n02099601_7803.jpg","https:\/\/images.dog.ceo\/breeds\/retriever-golden\/n02099601_7807.jpg","https:\/\/images.dog.ceo\/breeds\/retriever-golden\/n02099601_7916.jpg","https:\/\/images.dog.ceo\/breeds\/retriever-golden\/n02099601_7930.jpg","https:\/\/images.dog.ceo\/breeds\/retriever-golden\/n02099601_7993.jpg","https:\/\/images.dog.ceo\/breeds\/retriever-golden\/n02099601_8005.jpg","https:\/\/images.dog.ceo\/breeds\/retriever-golden\/n02099601_816.jpg","https:\/\/images.dog.ceo\/breeds\/retriever-golden\/n02099601_8181.jpg","https:\/\/images.dog.ceo\/breeds\/retriever-golden\/n02099601_825.jpg","https:\/\/images.dog.ceo\/breeds\/retriever-golden\/n02099601_831.jpg","https:\/\/images.dog.ceo\/breeds\/retriever-golden\/n02099601_8429.jpg","https:\/\/images.dog.ceo\/breeds\/retriever-golden\/n02099601_846.jpg","https:\/\/images.dog.ceo\/breeds\/retriever-golden\/n02099601_864.jpg","https:\/\/images.dog.ceo\/breeds\/retriever-golden\/n02099601_8764.jpg","https:\/\/images.dog.ceo\/breeds\/retriever-golden\/n02099601_9153.jpg","https:\/\/images.dog.ceo\/breeds\/retriever-golden\/n02099601_9301.jpg","https:\/\/images.dog.ceo\/breeds\/retriever-golden\/n02099601_9504.jpg","https:\/\/images.dog.ceo\/breeds\/retriever-golden\/n02099601_9518.jpg","https:\/\/images.dog.ceo\/breeds\/retriever-golden\/nina.jpg","https:\/\/images.dog.ceo\/breeds\/retriever-golden\/sasha2_delgado.jpg","https:\/\/images.dog.ceo\/breeds\/retriever-golden\/sasha3_delgado.jpg","https:\/\/images.dog.ceo\/breeds\/retriever-golden\/sasha_delgado.jpg"],"status":"success"}

15:08:19.907 [main] DEBUG com.jayway.jsonpath.internal.path.CompiledPath -- Evaluating path: $['status']
15:08:19.907 [main] DEBUG com.jayway.jsonpath.internal.path.CompiledPath -- Evaluating path: $['message']
15:08:19.907 [main] DEBUG com.jayway.jsonpath.internal.path.CompiledPath -- Evaluating path: $['message']
]]></system-out>
  </testcase>
  <testcase name="[7.4:59] Listar imagens de várias raças dinamicamente" classname="features/breed_images" time="0.449">
    <system-out><![CDATA[15:08:19.923 [main] DEBUG org.apache.http.client.protocol.RequestAddCookies -- CookieSpec selected: karate
15:08:19.923 [main] DEBUG org.apache.http.client.protocol.RequestAuthCache -- Auth cache not set in the context
15:08:19.923 [main] DEBUG com.intuit.karate -- request:
1 > GET https://dog.ceo/api/breed/pug/images
1 > Host: dog.ceo
1 > Connection: Keep-Alive
1 > User-Agent: Apache-HttpClient/4.5.14 (Java/11.0.27)
1 > Accept-Encoding: gzip,deflate


15:08:19.923 [main] DEBUG org.apache.http.impl.conn.PoolingHttpClientConnectionManager -- Connection request: [route: {s}->https://dog.ceo:443][total available: 0; route allocated: 0 of 5; total allocated: 0 of 10]
15:08:19.923 [main] DEBUG org.apache.http.impl.conn.PoolingHttpClientConnectionManager -- Connection leased: [id: 15][route: {s}->https://dog.ceo:443][total available: 0; route allocated: 1 of 5; total allocated: 1 of 10]
15:08:19.923 [main] DEBUG org.apache.http.impl.execchain.MainClientExec -- Opening connection {s}->https://dog.ceo:443
15:08:19.923 [main] DEBUG org.apache.http.impl.conn.DefaultHttpClientConnectionOperator -- Connecting to dog.ceo/104.21.17.246:443
15:08:19.923 [main] DEBUG org.apache.http.conn.ssl.SSLConnectionSocketFactory -- Connecting socket to dog.ceo/104.21.17.246:443 with timeout 30000
15:08:19.937 [main] DEBUG org.apache.http.conn.ssl.SSLConnectionSocketFactory -- Enabled protocols: [TLSv1.3, TLSv1.2]
15:08:19.937 [main] DEBUG org.apache.http.conn.ssl.SSLConnectionSocketFactory -- Enabled cipher suites:[TLS_AES_256_GCM_SHA384, TLS_AES_128_GCM_SHA256, TLS_CHACHA20_POLY1305_SHA256, TLS_ECDHE_ECDSA_WITH_AES_256_GCM_SHA384, TLS_ECDHE_ECDSA_WITH_AES_128_GCM_SHA256, TLS_ECDHE_ECDSA_WITH_CHACHA20_POLY1305_SHA256, TLS_ECDHE_RSA_WITH_AES_256_GCM_SHA384, TLS_ECDHE_RSA_WITH_CHACHA20_POLY1305_SHA256, TLS_ECDHE_RSA_WITH_AES_128_GCM_SHA256, TLS_DHE_RSA_WITH_AES_256_GCM_SHA384, TLS_DHE_RSA_WITH_CHACHA20_POLY1305_SHA256, TLS_DHE_DSS_WITH_AES_256_GCM_SHA384, TLS_DHE_RSA_WITH_AES_128_GCM_SHA256, TLS_DHE_DSS_WITH_AES_128_GCM_SHA256, TLS_ECDHE_ECDSA_WITH_AES_256_CBC_SHA384, TLS_ECDHE_RSA_WITH_AES_256_CBC_SHA384, TLS_ECDHE_ECDSA_WITH_AES_128_CBC_SHA256, TLS_ECDHE_RSA_WITH_AES_128_CBC_SHA256, TLS_DHE_RSA_WITH_AES_256_CBC_SHA256, TLS_DHE_DSS_WITH_AES_256_CBC_SHA256, TLS_DHE_RSA_WITH_AES_128_CBC_SHA256, TLS_DHE_DSS_WITH_AES_128_CBC_SHA256, TLS_ECDHE_ECDSA_WITH_AES_256_CBC_SHA, TLS_ECDHE_RSA_WITH_AES_256_CBC_SHA, TLS_ECDHE_ECDSA_WITH_AES_128_CBC_SHA, TLS_ECDHE_RSA_WITH_AES_128_CBC_SHA, TLS_DHE_RSA_WITH_AES_256_CBC_SHA, TLS_DHE_DSS_WITH_AES_256_CBC_SHA, TLS_DHE_RSA_WITH_AES_128_CBC_SHA, TLS_DHE_DSS_WITH_AES_128_CBC_SHA, TLS_RSA_WITH_AES_256_GCM_SHA384, TLS_RSA_WITH_AES_128_GCM_SHA256, TLS_RSA_WITH_AES_256_CBC_SHA256, TLS_RSA_WITH_AES_128_CBC_SHA256, TLS_RSA_WITH_AES_256_CBC_SHA, TLS_RSA_WITH_AES_128_CBC_SHA, TLS_EMPTY_RENEGOTIATION_INFO_SCSV]
15:08:19.937 [main] DEBUG org.apache.http.conn.ssl.SSLConnectionSocketFactory -- Starting handshake
15:08:19.956 [main] DEBUG org.apache.http.conn.ssl.SSLConnectionSocketFactory -- Secure session established
15:08:19.957 [main] DEBUG org.apache.http.conn.ssl.SSLConnectionSocketFactory --  negotiated protocol: TLSv1.3
15:08:19.957 [main] DEBUG org.apache.http.conn.ssl.SSLConnectionSocketFactory --  negotiated cipher suite: TLS_AES_256_GCM_SHA384
15:08:19.957 [main] DEBUG org.apache.http.conn.ssl.SSLConnectionSocketFactory --  peer principal: CN=dog.ceo
15:08:19.957 [main] DEBUG org.apache.http.conn.ssl.SSLConnectionSocketFactory --  peer alternative names: [dog.ceo, *.dog.ceo]
15:08:19.957 [main] DEBUG org.apache.http.conn.ssl.SSLConnectionSocketFactory --  issuer principal: CN=WE1, O=Google Trust Services, C=US
15:08:19.957 [main] DEBUG org.apache.http.impl.conn.DefaultHttpClientConnectionOperator -- Connection established 192.168.0.105:65304<->104.21.17.246:443
15:08:19.957 [main] DEBUG org.apache.http.impl.conn.DefaultManagedHttpClientConnection -- http-outgoing-15: set socket timeout to 30000
15:08:19.957 [main] DEBUG org.apache.http.impl.execchain.MainClientExec -- Executing request GET /api/breed/pug/images HTTP/1.1
15:08:19.957 [main] DEBUG org.apache.http.impl.execchain.MainClientExec -- Target auth state: UNCHALLENGED
15:08:19.957 [main] DEBUG org.apache.http.impl.execchain.MainClientExec -- Proxy auth state: UNCHALLENGED
15:08:19.957 [main] DEBUG org.apache.http.headers -- http-outgoing-15 >> GET /api/breed/pug/images HTTP/1.1
15:08:19.957 [main] DEBUG org.apache.http.headers -- http-outgoing-15 >> Host: dog.ceo
15:08:19.957 [main] DEBUG org.apache.http.headers -- http-outgoing-15 >> Connection: Keep-Alive
15:08:19.957 [main] DEBUG org.apache.http.headers -- http-outgoing-15 >> User-Agent: Apache-HttpClient/4.5.14 (Java/11.0.27)
15:08:19.957 [main] DEBUG org.apache.http.headers -- http-outgoing-15 >> Accept-Encoding: gzip,deflate
15:08:19.957 [main] DEBUG org.apache.http.wire -- http-outgoing-15 >> "GET /api/breed/pug/images HTTP/1.1[\r][\n]"
15:08:19.957 [main] DEBUG org.apache.http.wire -- http-outgoing-15 >> "Host: dog.ceo[\r][\n]"
15:08:19.957 [main] DEBUG org.apache.http.wire -- http-outgoing-15 >> "Connection: Keep-Alive[\r][\n]"
15:08:19.957 [main] DEBUG org.apache.http.wire -- http-outgoing-15 >> "User-Agent: Apache-HttpClient/4.5.14 (Java/11.0.27)[\r][\n]"
15:08:19.957 [main] DEBUG org.apache.http.wire -- http-outgoing-15 >> "Accept-Encoding: gzip,deflate[\r][\n]"
15:08:19.957 [main] DEBUG org.apache.http.wire -- http-outgoing-15 >> "[\r][\n]"
15:08:20.345 [main] DEBUG org.apache.http.wire -- http-outgoing-15 << "HTTP/1.1 200 OK[\r][\n]"
15:08:20.345 [main] DEBUG org.apache.http.wire -- http-outgoing-15 << "Date: Tue, 22 Jul 2025 18:08:35 GMT[\r][\n]"
15:08:20.345 [main] DEBUG org.apache.http.wire -- http-outgoing-15 << "Content-Type: application/json[\r][\n]"
15:08:20.345 [main] DEBUG org.apache.http.wire -- http-outgoing-15 << "Content-Length: 1172[\r][\n]"
15:08:20.345 [main] DEBUG org.apache.http.wire -- http-outgoing-15 << "Connection: keep-alive[\r][\n]"
15:08:20.345 [main] DEBUG org.apache.http.wire -- http-outgoing-15 << "Server: cloudflare[\r][\n]"
15:08:20.345 [main] DEBUG org.apache.http.wire -- http-outgoing-15 << "X-Powered-By: PHP/8.1.32[\r][\n]"
15:08:20.345 [main] DEBUG org.apache.http.wire -- http-outgoing-15 << "Access-Control-Allow-Origin: *[\r][\n]"
15:08:20.345 [main] DEBUG org.apache.http.wire -- http-outgoing-15 << "Content-Encoding: gzip[\r][\n]"
15:08:20.345 [main] DEBUG org.apache.http.wire -- http-outgoing-15 << "Via: 1.1 varnish (Varnish/6.3), 1.1 varnish (Varnish/6.3)[\r][\n]"
15:08:20.345 [main] DEBUG org.apache.http.wire -- http-outgoing-15 << "Cache-Control: max-age=1800[\r][\n]"
15:08:20.345 [main] DEBUG org.apache.http.wire -- http-outgoing-15 << "X-Cache-Age: 18250[\r][\n]"
15:08:20.345 [main] DEBUG org.apache.http.wire -- http-outgoing-15 << "X-Cache-Hits: 7[\r][\n]"
15:08:20.345 [main] DEBUG org.apache.http.wire -- http-outgoing-15 << "X-Cache: HIT[\r][\n]"
15:08:20.345 [main] DEBUG org.apache.http.wire -- http-outgoing-15 << "Accept-Ranges: bytes[\r][\n]"
15:08:20.345 [main] DEBUG org.apache.http.wire -- http-outgoing-15 << "Age: 0[\r][\n]"
15:08:20.345 [main] DEBUG org.apache.http.wire -- http-outgoing-15 << "Vary: Accept-Encoding[\r][\n]"
15:08:20.345 [main] DEBUG org.apache.http.wire -- http-outgoing-15 << "Nel: {"report_to":"cf-nel","success_fraction":0.0,"max_age":604800}[\r][\n]"
15:08:20.345 [main] DEBUG org.apache.http.wire -- http-outgoing-15 << "Cf-Cache-Status: DYNAMIC[\r][\n]"
15:08:20.345 [main] DEBUG org.apache.http.wire -- http-outgoing-15 << "Report-To: {"group":"cf-nel","max_age":604800,"endpoints":[{"url":"https://a.nel.cloudflare.com/report/v4?s=obPkO0xK3NS%2BVmmSq2nO0FTvqYlSqlYP%2Fd%2Bz8kJ2TpY9ckHKH5RIzqwE%2BBscPTDJkKcvNTfJFiIhIc64FCke3YNniz0hqhk%3D"}]}[\r][\n]"
15:08:20.345 [main] DEBUG org.apache.http.wire -- http-outgoing-15 << "CF-RAY: 9634e258fc91f24f-GRU[\r][\n]"
15:08:20.345 [main] DEBUG org.apache.http.wire -- http-outgoing-15 << "alt-svc: h3=":443"; ma=86400[\r][\n]"
15:08:20.345 [main] DEBUG org.apache.http.wire -- http-outgoing-15 << "[\r][\n]"
15:08:20.345 [main] DEBUG org.apache.http.wire -- http-outgoing-15 << "[0x1f][0x8b][0x8][0x0][0x0][0x0][0x0][0x0][0x0][0x3][0xad][0x9a]M[0x8f][0x1b]7[0xc][0x86][0xff][0x8b]O-[0x10][0xdb][0x92]H[0xea]co[0xdb][0x14]-rHQt[0xf]=[0xd4][0x85]1c[0x8f][0xbd][0x93][0xce][0xda][0x86][0xc7]F[0xba]-[0xfa][0xdf][0xab] E=>[0x5]|[0x99][0xe3][0x1a][0xfb][0x8c]$~[0x89][0xa4][0xf8][0xf7][0xec][0xa5][0x1b][0xc7]f[0xdf][0xcd][0x1e]~[0x9b]=_.[0xa7][0xf1]a[0xb5]\-[0xfb][0x97][0xfa][0xd3][0xb8][0xd8][0x1e][0xf7][0x8b]Mw\-[0xdb]s[0xd7]m[0xc7][0xd5][0xf2]t[0xdd][0xaf][0x96][0x8f][0xc3]n[0xf1][0xe1][0xb4][0x9f][0xbd]Q[0x0]AM[0xbc][0xff][0xe9]I[0xc7]|[0xff][0xf4][0xf6][0x87][0xc4]E[0xe6][0xca][0xb5][0xde][0xbd][0xff]q[0xed]B[0x88][0x8]E[0xa4][0xa7]H\[0xd2]S[0x99][0xa5][0xe8][0xa8]_[0x8e][0xbe][0xbe]=_[0xfb][0xb1]?[0xec]u[0xe4][0xd3][0xf5][0x8f]^G[0xfc][0xfa][0xdc]\[0xc6][0xc7][0xd3]i[0xfd][0xee][0xd3][0xad]C[0x95][0xcc][0xdc][0xc9][0x9c][0xdc][0xba][0xb9][0xac][0x83]_PZ[0x4][0xa5][0xa8][0xbe][0xf4]Iv[0xb][0xc9][0xeb]o[0xfc][0xb7]_[0xf9][0xb3][0xb4][0x8][0xac][0xfb]d3[0xec][0xda][0xa6]}UB[0x87][0xe3][0xe5][0xb9];[0xb7][0xad][0xe]k[0x8f][0xed]Ks[0x1e]:[0xe5]j[0xed][0xf9][0xb8]}[0x9d][0x9f][0xaf][0xbb]]W[0xd6][0xb2][0xd5][0x86][0xba][0xb3][0x12][0xba][0xb6]m[0xf3][0xb8]o[0xfa][0x83][0x8e][0xdb][0xc4][0x94][0xb6]a[0xd7][0x8]i[0xb5][0xb0][0xfd][0xd0][0x1c][0xf6][0xc7][0xf9][0xb9][0x1b][0xfb][0xbf][0xba][0xad][0x8e][0x1d][0xae][0xa7][0xfe][0xd2] [0xcc][0xba]9l[0xd7][0x9b]jR:[0xf8][0xe0][0x82][0xf7][0xae]T[0x3][0xf6][0xce]ge[0xe8][0xb9][0x83][0x8b][0xd2][0xad][0xa6]0[0xa5][0x8c][0xc3][0x99][0x95]qv[0x2]W[0xda][0xc2][0xe2]G[0xf6][0xbe]([0xcd]j[\n]"
15:08:20.346 [main] DEBUG org.apache.http.wire -- http-outgoing-15 << "[0x7][0xa7][0xc][0xc1]w0Y`[0xc1]m[0xc4][0x87][0xe8][\r]p6[0xa8][0x8a][0x9c]a[0xdb],[0x86][0x95]#[0x19][0xac]3&[0xc1][0xe1][0x14],[0xb0]e[0xdb][0xd9][0xb2]rN[0xe][0x87][0x8b]EU%)[0xd3][0xa1]{[0x18][0xf7][0xaa]z[0xf7][0xe3][0x2][0xb].[0xe3][0x2][0xb][0x15][0xb7][0xc0][0xb8][0xb4][0x83]g[0x83][0xc0][0x82][0xf6]R[0xbe][0x83][0xa3][0xe1][0xcc][0xc1][0xe0][0x92][0xa1]f[0xdc]8[0xcc][0x6][0x97][0xc][0xcc][0xb8]m[0xd7][0xb0][0x8d][0xc7][0xed][0x10]-[0xb6][0x9d][0xc]7FH[0xd9][0x0]gmmt[0xf][0x1b][0x1c]#{[0x83]cd[0x8b]m[0x17][0xc2][0xbd][0x8a][0x9c][0xc3][0xcd][0x93][0x9c]![0x87]#'[0xb8][0x9e][0xc9][0x12]I[0xc8][0x92][\r]Q[0x88]x[0xfa]H[0xd5]3p[0x98],[0xd2][0xa6]h[0x10][0x18][0x1b]rOb[0xc1]#[0x9]q4[0xac],[0x86][0xf4][0x91][0xc4][0xe0][0x92]$[0x86][0x18]FR[0xf0][0x18]F)[0x18]VN[0x86][0xea][0x86][0xb2]7[0x98]g![0x83][0xb4][0x8b][0xa1][0x88][0xad]0n[0x9e][0xec]<[0xae]*[0xf6][0x86][0xfb][0x99]"
15:08:20.346 [main] DEBUG org.apache.http.headers -- http-outgoing-15 << HTTP/1.1 200 OK
15:08:20.346 [main] DEBUG org.apache.http.headers -- http-outgoing-15 << Date: Tue, 22 Jul 2025 18:08:35 GMT
15:08:20.346 [main] DEBUG org.apache.http.headers -- http-outgoing-15 << Content-Type: application/json
15:08:20.346 [main] DEBUG org.apache.http.headers -- http-outgoing-15 << Content-Length: 1172
15:08:20.346 [main] DEBUG org.apache.http.headers -- http-outgoing-15 << Connection: keep-alive
15:08:20.346 [main] DEBUG org.apache.http.headers -- http-outgoing-15 << Server: cloudflare
15:08:20.346 [main] DEBUG org.apache.http.headers -- http-outgoing-15 << X-Powered-By: PHP/8.1.32
15:08:20.346 [main] DEBUG org.apache.http.headers -- http-outgoing-15 << Access-Control-Allow-Origin: *
15:08:20.346 [main] DEBUG org.apache.http.headers -- http-outgoing-15 << Content-Encoding: gzip
15:08:20.346 [main] DEBUG org.apache.http.headers -- http-outgoing-15 << Via: 1.1 varnish (Varnish/6.3), 1.1 varnish (Varnish/6.3)
15:08:20.346 [main] DEBUG org.apache.http.headers -- http-outgoing-15 << Cache-Control: max-age=1800
15:08:20.346 [main] DEBUG org.apache.http.headers -- http-outgoing-15 << X-Cache-Age: 18250
15:08:20.346 [main] DEBUG org.apache.http.headers -- http-outgoing-15 << X-Cache-Hits: 7
15:08:20.346 [main] DEBUG org.apache.http.headers -- http-outgoing-15 << X-Cache: HIT
15:08:20.346 [main] DEBUG org.apache.http.headers -- http-outgoing-15 << Accept-Ranges: bytes
15:08:20.346 [main] DEBUG org.apache.http.headers -- http-outgoing-15 << Age: 0
15:08:20.346 [main] DEBUG org.apache.http.headers -- http-outgoing-15 << Vary: Accept-Encoding
15:08:20.346 [main] DEBUG org.apache.http.headers -- http-outgoing-15 << Nel: {"report_to":"cf-nel","success_fraction":0.0,"max_age":604800}
15:08:20.346 [main] DEBUG org.apache.http.headers -- http-outgoing-15 << Cf-Cache-Status: DYNAMIC
15:08:20.346 [main] DEBUG org.apache.http.headers -- http-outgoing-15 << Report-To: {"group":"cf-nel","max_age":604800,"endpoints":[{"url":"https://a.nel.cloudflare.com/report/v4?s=obPkO0xK3NS%2BVmmSq2nO0FTvqYlSqlYP%2Fd%2Bz8kJ2TpY9ckHKH5RIzqwE%2BBscPTDJkKcvNTfJFiIhIc64FCke3YNniz0hqhk%3D"}]}
15:08:20.346 [main] DEBUG org.apache.http.headers -- http-outgoing-15 << CF-RAY: 9634e258fc91f24f-GRU
15:08:20.346 [main] DEBUG org.apache.http.headers -- http-outgoing-15 << alt-svc: h3=":443"; ma=86400
15:08:20.346 [main] DEBUG org.apache.http.impl.execchain.MainClientExec -- Connection can be kept alive indefinitely
15:08:20.346 [main] DEBUG org.apache.http.wire -- http-outgoing-15 << "[0xbd][0xe0][0xaa]bo[0xc8]z9D[0x83][0xc0][0xc8]rf1[0x98]'GC*[0xc5][0xd1]"[0xed]hh8p[0xb2][0x8],E<[0xa1][0xe1][0x12][0xc][0x2]+[0xd9] [0xb0]R[0xf0][0xb8]-[0xce][0xe3]+W[0x18][0xb7]m[0xb1][0x14]e[0x15][0xc6]]R[0xbc]!z[0x8a]O[0xb8][0x85][0x9][0x1e][0xf2]%x[0x83][0x96][0x83]![0xf0][\n]"
15:08:20.346 [main] DEBUG org.apache.http.wire -- http-outgoing-15 << "[0x19]2[0xcf][\n]"
15:08:20.346 [main] DEBUG org.apache.http.wire -- http-outgoing-15 << "[0x1b][0xce]l[0xc9][0xc2][0x84][0x83]ae6[0xd4][0xed]"[0x86]P Bx[0x10][0x92]hq[0xc8][0xa8]}[0x94][0xbb][0x83][\r]y[0xbe]$[0x8b][0xaa][0x92][0xa1][0x9e][0x93][0xc4][0x86]3[0xe7]d8s6[0xf4][0xe1][0xa4][0x18][0xf2]|)[0x86]l;[0xba][0x8c][0xab]*zCs[0xa7][0x9a]6[0x1e][0xb5][0xa3]%[0x0]F2[0xdc][0x17][0x15][0xc6][0xcd][0xb3][0xc2][0x96]m[0xe3][0xa6][0x1d][\r][0x15]ldC[0x1c][0x89][0xac]}[0xe3][0xbf][0x87][\r][0xb2][0xb6]4[0xf]#[0x8b]e[0xdb][0x86][0x94]"[0xd6][0xc4][0x13][0x86][0xb][0xde][0xe6][\r][0xe][0x9d][0xb][0x9e]a=[0x5]C%[0x17][0xd8][0xc3][0x8e]li[0xf][0x87][0xc4][0xb8][0x9c][0x13]~O[0x10][0xee][0x88]Dx[0x1a]B[0xc]K[0x99]p7[0xaa][0xb9]"l[0x18][0x94][0xf0][0xae][0x6][0x15]\R[0xec][0xf0][0x9b][0xa5][0xb2][0xb0]v[0xd9]1,g[0xf6][0x19]v|[0xc6][0xfb][0xb9][0x8c]'-lhx[0x89][0xc3]3-[0x11][0xbc][0x95][[0x93]q[0xf8][0xbc][0x92][0xf0]![0x2][0xc9][0xf8][0x15]*[0x5]oiJ[0xc1]M#[0xe2]7QEaQ[0xc5][0x1a][0xd6]a[0x16][0xf7][0xfb]([0x86]-G[0xbc]2[0x8d]%[0xc2][0x1a]J[0xe]_7[0x5][0xdc][0x8b]R[0xc4]e[0x95][0xf0][0xa4],e[0x87][0xb3][0x5]/[0xe1][0xb3][0xc3][0xf3][0xb9],[0x1e][0xe][0x92]Y[0xf0][0x96]m6[0x98]d[0xce]x[0xf3]2[0xe7][0x8c][0xaf]k[0x18][0x83])[0xe]5/[0xe2]`[0xfd][0x96][0x88]?[0x87][0x96][0xa2][0xed][0xb6][0x8e]/[0xcd]0[0xfc]|U[0xe]B_[0x9e][0xeb]_[0xdf][0x1d]_[0x95][0xd3][0x9d][0x1f][0xbb][0xfe][0xa0][0x1d][0x98][0xfd][0xd8][0xf]C[0xdf][0x1d][0xba]a<[0xaa]Ff[0xf7]C[0xf7][0xdf]0:[0xfb][0xa0][0xbb]*ohrYweMP[0xef]t[0x93][0xdd][0x13][0xb4][0xd6][0xa8]*[0x13][0x98][0xa2]Y[0xd7]}[0x9e][0xa0][0xe2][0xbc][0xca][0xe0][0xa7]([0xeb]b[0xc3][\r][0xcd]N9[0xb]9A}[0xd6][0x8d][0xd7]MP[0xce][0xba]Y[0xb1][0x1b]Z\[0xd6]%|[0x13]TH[0x97]wMQ[0xd1][0x15][0x2][0xff][0xa3][0xde]1[0xeb][0xfa]q[0xf7](&[0xa6]O3[0xc1][0xba][0x12]~[0x82]j_%oh[0xd0][0x8e][0xb4]MP[0x16][0xdd][0xe8][0xcd][\r]e[0xf2][0xba][0xca]r[0x82]2[0x83][0x1][0xc6][0x8b][0xcf][0xe8][0x86][0x85]H0[0xf5]1[0x90][0xee]5[0xf0][0x86]&N[0xba][0xa6][0xc1][\r]-[0xf5][0x82][0xc3]6[0x1c]j[0xf1][0xad][0xbb]Oo[0xa8][0xaf]Q[0xe2]3[0xfa][0xfb][0x9b][0xd9]xi.[0xd7]q[0xf6]0[0x1b][0xaf][0x9b]M7[0x8e][0xb3][0xfe][0x5]y1[0xd0][0xce]#6[0x0][0x0]"
15:08:20.346 [main] DEBUG org.apache.http.impl.conn.DefaultManagedHttpClientConnection -- http-outgoing-15: Close connection
15:08:20.360 [main] DEBUG org.apache.http.impl.execchain.MainClientExec -- Connection discarded
15:08:20.360 [main] DEBUG org.apache.http.impl.conn.PoolingHttpClientConnectionManager -- Connection released: [id: 15][route: {s}->https://dog.ceo:443][total available: 0; route allocated: 0 of 5; total allocated: 0 of 10]
15:08:20.360 [main] DEBUG org.apache.http.impl.conn.PoolingHttpClientConnectionManager -- Connection manager is shutting down
15:08:20.360 [main] DEBUG org.apache.http.impl.conn.PoolingHttpClientConnectionManager -- Connection manager shut down
15:08:20.360 [main] DEBUG com.intuit.karate -- response time in milliseconds: 423
1 < 200
1 < Date: Tue, 22 Jul 2025 18:08:35 GMT
1 < Content-Type: application/json
1 < Connection: keep-alive
1 < Server: cloudflare
1 < X-Powered-By: PHP/8.1.32
1 < Access-Control-Allow-Origin: *
1 < Via: 1.1 varnish (Varnish/6.3), 1.1 varnish (Varnish/6.3)
1 < Cache-Control: max-age=1800
1 < X-Cache-Age: 18250
1 < X-Cache-Hits: 7
1 < X-Cache: HIT
1 < Accept-Ranges: bytes
1 < Age: 0
1 < Vary: Accept-Encoding
1 < Nel: {"report_to":"cf-nel","success_fraction":0.0,"max_age":604800}
1 < Cf-Cache-Status: DYNAMIC
1 < Report-To: {"group":"cf-nel","max_age":604800,"endpoints":[{"url":"https://a.nel.cloudflare.com/report/v4?s=obPkO0xK3NS%2BVmmSq2nO0FTvqYlSqlYP%2Fd%2Bz8kJ2TpY9ckHKH5RIzqwE%2BBscPTDJkKcvNTfJFiIhIc64FCke3YNniz0hqhk%3D"}]}
1 < CF-RAY: 9634e258fc91f24f-GRU
1 < alt-svc: h3=":443"; ma=86400
{"message":["https:\/\/images.dog.ceo\/breeds\/pug\/Alf.jpg","https:\/\/images.dog.ceo\/breeds\/pug\/Alf2.jpg","https:\/\/images.dog.ceo\/breeds\/pug\/AlfMNS.jpg","https:\/\/images.dog.ceo\/breeds\/pug\/DSCF7495-2.jpg","https:\/\/images.dog.ceo\/breeds\/pug\/IMG_0226.jpg","https:\/\/images.dog.ceo\/breeds\/pug\/IMG_0233.jpg","https:\/\/images.dog.ceo\/breeds\/pug\/IMG_3507.jpg","https:\/\/images.dog.ceo\/breeds\/pug\/IMG_8459.jpg","https:\/\/images.dog.ceo\/breeds\/pug\/RoxyCruising.jpg","https:\/\/images.dog.ceo\/breeds\/pug\/Suki.jpg","https:\/\/images.dog.ceo\/breeds\/pug\/WhatsApp_Image_2023-05-30_at_21.37.23.jpg","https:\/\/images.dog.ceo\/breeds\/pug\/WhatsApp_Image_2023-05-30_at_21.40.58_(1).jpg","https:\/\/images.dog.ceo\/breeds\/pug\/WhatsApp_Image_2023-05-30_at_21.43.24.jpg","https:\/\/images.dog.ceo\/breeds\/pug\/alfbaby.jpg","https:\/\/images.dog.ceo\/breeds\/pug\/anotherbb.jpg","https:\/\/images.dog.ceo\/breeds\/pug\/bobmarley.jpg","https:\/\/images.dog.ceo\/breeds\/pug\/brody-rufferee.jpg","https:\/\/images.dog.ceo\/breeds\/pug\/bruiser.jpg","https:\/\/images.dog.ceo\/breeds\/pug\/bubbaAgain.jpg","https:\/\/images.dog.ceo\/breeds\/pug\/c677d2fa5324.jpg","https:\/\/images.dog.ceo\/breeds\/pug\/django-resized.jpg","https:\/\/images.dog.ceo\/breeds\/pug\/lupita.jpg","https:\/\/images.dog.ceo\/breeds\/pug\/lupita_and_cats.jpg","https:\/\/images.dog.ceo\/breeds\/pug\/n02110958_10186.jpg","https:\/\/images.dog.ceo\/breeds\/pug\/n02110958_10193.jpg","https:\/\/images.dog.ceo\/breeds\/pug\/n02110958_10378.jpg","https:\/\/images.dog.ceo\/breeds\/pug\/n02110958_10842.jpg","https:\/\/images.dog.ceo\/breeds\/pug\/n02110958_1108.jpg","https:\/\/images.dog.ceo\/breeds\/pug\/n02110958_11083.jpg","https:\/\/images.dog.ceo\/breeds\/pug\/n02110958_11194.jpg","https:\/\/images.dog.ceo\/breeds\/pug\/n02110958_11209.jpg","https:\/\/images.dog.ceo\/breeds\/pug\/n02110958_11239.jpg","https:\/\/images.dog.ceo\/breeds\/pug\/n02110958_11256.jpg","https:\/\/images.dog.ceo\/breeds\/pug\/n02110958_11261.jpg","https:\/\/images.dog.ceo\/breeds\/pug\/n02110958_11288.jpg","https:\/\/images.dog.ceo\/breeds\/pug\/n02110958_11306.jpg","https:\/\/images.dog.ceo\/breeds\/pug\/n02110958_11458.jpg","https:\/\/images.dog.ceo\/breeds\/pug\/n02110958_11632.jpg","https:\/\/images.dog.ceo\/breeds\/pug\/n02110958_11675.jpg","https:\/\/images.dog.ceo\/breeds\/pug\/n02110958_11725.jpg","https:\/\/images.dog.ceo\/breeds\/pug\/n02110958_11732.jpg","https:\/\/images.dog.ceo\/breeds\/pug\/n02110958_11825.jpg","https:\/\/images.dog.ceo\/breeds\/pug\/n02110958_11870.jpg","https:\/\/images.dog.ceo\/breeds\/pug\/n02110958_11958.jpg","https:\/\/images.dog.ceo\/breeds\/pug\/n02110958_11977.jpg","https:\/\/images.dog.ceo\/breeds\/pug\/n02110958_11979.jpg","https:\/\/images.dog.ceo\/breeds\/pug\/n02110958_12025.jpg","https:\/\/images.dog.ceo\/breeds\/pug\/n02110958_12080.jpg","https:\/\/images.dog.ceo\/breeds\/pug\/n02110958_12120.jpg","https:\/\/images.dog.ceo\/breeds\/pug\/n02110958_12128.jpg","https:\/\/images.dog.ceo\/breeds\/pug\/n02110958_12149.jpg","https:\/\/images.dog.ceo\/breeds\/pug\/n02110958_12224.jpg","https:\/\/images.dog.ceo\/breeds\/pug\/n02110958_12260.jpg","https:\/\/images.dog.ceo\/breeds\/pug\/n02110958_12275.jpg","https:\/\/images.dog.ceo\/breeds\/pug\/n02110958_12350.jpg","https:\/\/images.dog.ceo\/breeds\/pug\/n02110958_12432.jpg","https:\/\/images.dog.ceo\/breeds\/pug\/n02110958_12447.jpg","https:\/\/images.dog.ceo\/breeds\/pug\/n02110958_12611.jpg","https:\/\/images.dog.ceo\/breeds\/pug\/n02110958_12625.jpg","https:\/\/images.dog.ceo\/breeds\/pug\/n02110958_12761.jpg","https:\/\/images.dog.ceo\/breeds\/pug\/n02110958_12781.jpg","https:\/\/images.dog.ceo\/breeds\/pug\/n02110958_12807.jpg","https:\/\/images.dog.ceo\/breeds\/pug\/n02110958_12808.jpg","https:\/\/images.dog.ceo\/breeds\/pug\/n02110958_12819.jpg","https:\/\/images.dog.ceo\/breeds\/pug\/n02110958_12860.jpg","https:\/\/images.dog.ceo\/breeds\/pug\/n02110958_12934.jpg","https:\/\/images.dog.ceo\/breeds\/pug\/n02110958_13002.jpg","https:\/\/images.dog.ceo\/breeds\/pug\/n02110958_13042.jpg","https:\/\/images.dog.ceo\/breeds\/pug\/n02110958_13051.jpg","https:\/\/images.dog.ceo\/breeds\/pug\/n02110958_13224.jpg","https:\/\/images.dog.ceo\/breeds\/pug\/n02110958_13256.jpg","https:\/\/images.dog.ceo\/breeds\/pug\/n02110958_13263.jpg","https:\/\/images.dog.ceo\/breeds\/pug\/n02110958_13276.jpg","https:\/\/images.dog.ceo\/breeds\/pug\/n02110958_13342.jpg","https:\/\/images.dog.ceo\/breeds\/pug\/n02110958_13364.jpg","https:\/\/images.dog.ceo\/breeds\/pug\/n02110958_13439.jpg","https:\/\/images.dog.ceo\/breeds\/pug\/n02110958_13455.jpg","https:\/\/images.dog.ceo\/breeds\/pug\/n02110958_13469.jpg","https:\/\/images.dog.ceo\/breeds\/pug\/n02110958_13506.jpg","https:\/\/images.dog.ceo\/breeds\/pug\/n02110958_13560.jpg","https:\/\/images.dog.ceo\/breeds\/pug\/n02110958_13581.jpg","https:\/\/images.dog.ceo\/breeds\/pug\/n02110958_13597.jpg","https:\/\/images.dog.ceo\/breeds\/pug\/n02110958_13721.jpg","https:\/\/images.dog.ceo\/breeds\/pug\/n02110958_13794.jpg","https:\/\/images.dog.ceo\/breeds\/pug\/n02110958_13812.jpg","https:\/\/images.dog.ceo\/breeds\/pug\/n02110958_13930.jpg","https:\/\/images.dog.ceo\/breeds\/pug\/n02110958_13993.jpg","https:\/\/images.dog.ceo\/breeds\/pug\/n02110958_13995.jpg","https:\/\/images.dog.ceo\/breeds\/pug\/n02110958_14017.jpg","https:\/\/images.dog.ceo\/breeds\/pug\/n02110958_14111.jpg","https:\/\/images.dog.ceo\/breeds\/pug\/n02110958_14154.jpg","https:\/\/images.dog.ceo\/breeds\/pug\/n02110958_14179.jpg","https:\/\/images.dog.ceo\/breeds\/pug\/n02110958_14265.jpg","https:\/\/images.dog.ceo\/breeds\/pug\/n02110958_14311.jpg","https:\/\/images.dog.ceo\/breeds\/pug\/n02110958_14594.jpg","https:\/\/images.dog.ceo\/breeds\/pug\/n02110958_14647.jpg","https:\/\/images.dog.ceo\/breeds\/pug\/n02110958_14654.jpg","https:\/\/images.dog.ceo\/breeds\/pug\/n02110958_14683.jpg","https:\/\/images.dog.ceo\/breeds\/pug\/n02110958_14711.jpg","https:\/\/images.dog.ceo\/breeds\/pug\/n02110958_14768.jpg","https:\/\/images.dog.ceo\/breeds\/pug\/n02110958_14927.jpg","https:\/\/images.dog.ceo\/breeds\/pug\/n02110958_14984.jpg","https:\/\/images.dog.ceo\/breeds\/pug\/n02110958_14996.jpg","https:\/\/images.dog.ceo\/breeds\/pug\/n02110958_15014.jpg","https:\/\/images.dog.ceo\/breeds\/pug\/n02110958_15015.jpg","https:\/\/images.dog.ceo\/breeds\/pug\/n02110958_15120.jpg","https:\/\/images.dog.ceo\/breeds\/pug\/n02110958_15129.jpg","https:\/\/images.dog.ceo\/breeds\/pug\/n02110958_15130.jpg","https:\/\/images.dog.ceo\/breeds\/pug\/n02110958_15171.jpg","https:\/\/images.dog.ceo\/breeds\/pug\/n02110958_152.jpg","https:\/\/images.dog.ceo\/breeds\/pug\/n02110958_15216.jpg","https:\/\/images.dog.ceo\/breeds\/pug\/n02110958_15217.jpg","https:\/\/images.dog.ceo\/breeds\/pug\/n02110958_15351.jpg","https:\/\/images.dog.ceo\/breeds\/pug\/n02110958_15352.jpg","https:\/\/images.dog.ceo\/breeds\/pug\/n02110958_15364.jpg","https:\/\/images.dog.ceo\/breeds\/pug\/n02110958_15422.jpg","https:\/\/images.dog.ceo\/breeds\/pug\/n02110958_15449.jpg","https:\/\/images.dog.ceo\/breeds\/pug\/n02110958_15527.jpg","https:\/\/images.dog.ceo\/breeds\/pug\/n02110958_15538.jpg","https:\/\/images.dog.ceo\/breeds\/pug\/n02110958_15615.jpg","https:\/\/images.dog.ceo\/breeds\/pug\/n02110958_15626.jpg","https:\/\/images.dog.ceo\/breeds\/pug\/n02110958_15663.jpg","https:\/\/images.dog.ceo\/breeds\/pug\/n02110958_15722.jpg","https:\/\/images.dog.ceo\/breeds\/pug\/n02110958_15734.jpg","https:\/\/images.dog.ceo\/breeds\/pug\/n02110958_15746.jpg","https:\/\/images.dog.ceo\/breeds\/pug\/n02110958_15873.jpg","https:\/\/images.dog.ceo\/breeds\/pug\/n02110958_15877.jpg","https:\/\/images.dog.ceo\/breeds\/pug\/n02110958_15969.jpg","https:\/\/images.dog.ceo\/breeds\/pug\/n02110958_15981.jpg","https:\/\/images.dog.ceo\/breeds\/pug\/n02110958_16082.jpg","https:\/\/images.dog.ceo\/breeds\/pug\/n02110958_16132.jpg","https:\/\/images.dog.ceo\/breeds\/pug\/n02110958_16150.jpg","https:\/\/images.dog.ceo\/breeds\/pug\/n02110958_16217.jpg","https:\/\/images.dog.ceo\/breeds\/pug\/n02110958_16330.jpg","https:\/\/images.dog.ceo\/breeds\/pug\/n02110958_16334.jpg","https:\/\/images.dog.ceo\/breeds\/pug\/n02110958_16337.jpg","https:\/\/images.dog.ceo\/breeds\/pug\/n02110958_1636.jpg","https:\/\/images.dog.ceo\/breeds\/pug\/n02110958_1639.jpg","https:\/\/images.dog.ceo\/breeds\/pug\/n02110958_16426.jpg","https:\/\/images.dog.ceo\/breeds\/pug\/n02110958_16433.jpg","https:\/\/images.dog.ceo\/breeds\/pug\/n02110958_16434.jpg","https:\/\/images.dog.ceo\/breeds\/pug\/n02110958_16447.jpg","https:\/\/images.dog.ceo\/breeds\/pug\/n02110958_16453.jpg","https:\/\/images.dog.ceo\/breeds\/pug\/n02110958_16471.jpg","https:\/\/images.dog.ceo\/breeds\/pug\/n02110958_16492.jpg","https:\/\/images.dog.ceo\/breeds\/pug\/n02110958_1975.jpg","https:\/\/images.dog.ceo\/breeds\/pug\/n02110958_2009.jpg","https:\/\/images.dog.ceo\/breeds\/pug\/n02110958_2144.jpg","https:\/\/images.dog.ceo\/breeds\/pug\/n02110958_2154.jpg","https:\/\/images.dog.ceo\/breeds\/pug\/n02110958_2410.jpg","https:\/\/images.dog.ceo\/breeds\/pug\/n02110958_2611.jpg","https:\/\/images.dog.ceo\/breeds\/pug\/n02110958_2745.jpg","https:\/\/images.dog.ceo\/breeds\/pug\/n02110958_2777.jpg","https:\/\/images.dog.ceo\/breeds\/pug\/n02110958_326.jpg","https:\/\/images.dog.ceo\/breeds\/pug\/n02110958_3338.jpg","https:\/\/images.dog.ceo\/breeds\/pug\/n02110958_340.jpg","https:\/\/images.dog.ceo\/breeds\/pug\/n02110958_353.jpg","https:\/\/images.dog.ceo\/breeds\/pug\/n02110958_3644.jpg","https:\/\/images.dog.ceo\/breeds\/pug\/n02110958_3795.jpg","https:\/\/images.dog.ceo\/breeds\/pug\/n02110958_3938.jpg","https:\/\/images.dog.ceo\/breeds\/pug\/n02110958_4030.jpg","https:\/\/images.dog.ceo\/breeds\/pug\/n02110958_4036.jpg","https:\/\/images.dog.ceo\/breeds\/pug\/n02110958_4043.jpg","https:\/\/images.dog.ceo\/breeds\/pug\/n02110958_4189.jpg","https:\/\/images.dog.ceo\/breeds\/pug\/n02110958_476.jpg","https:\/\/images.dog.ceo\/breeds\/pug\/n02110958_481.jpg","https:\/\/images.dog.ceo\/breeds\/pug\/n02110958_4993.jpg","https:\/\/images.dog.ceo\/breeds\/pug\/n02110958_5069.jpg","https:\/\/images.dog.ceo\/breeds\/pug\/n02110958_5555.jpg","https:\/\/images.dog.ceo\/breeds\/pug\/n02110958_5621.jpg","https:\/\/images.dog.ceo\/breeds\/pug\/n02110958_5788.jpg","https:\/\/images.dog.ceo\/breeds\/pug\/n02110958_5834.jpg","https:\/\/images.dog.ceo\/breeds\/pug\/n02110958_5912.jpg","https:\/\/images.dog.ceo\/breeds\/pug\/n02110958_5976.jpg","https:\/\/images.dog.ceo\/breeds\/pug\/n02110958_609.jpg","https:\/\/images.dog.ceo\/breeds\/pug\/n02110958_6098.jpg","https:\/\/images.dog.ceo\/breeds\/pug\/n02110958_6274.jpg","https:\/\/images.dog.ceo\/breeds\/pug\/n02110958_630.jpg","https:\/\/images.dog.ceo\/breeds\/pug\/n02110958_6598.jpg","https:\/\/images.dog.ceo\/breeds\/pug\/n02110958_6627.jpg","https:\/\/images.dog.ceo\/breeds\/pug\/n02110958_6966.jpg","https:\/\/images.dog.ceo\/breeds\/pug\/n02110958_7027.jpg","https:\/\/images.dog.ceo\/breeds\/pug\/n02110958_7255.jpg","https:\/\/images.dog.ceo\/breeds\/pug\/n02110958_7698.jpg","https:\/\/images.dog.ceo\/breeds\/pug\/n02110958_771.jpg","https:\/\/images.dog.ceo\/breeds\/pug\/n02110958_7801.jpg","https:\/\/images.dog.ceo\/breeds\/pug\/n02110958_7915.jpg","https:\/\/images.dog.ceo\/breeds\/pug\/n02110958_8075.jpg","https:\/\/images.dog.ceo\/breeds\/pug\/n02110958_8513.jpg","https:\/\/images.dog.ceo\/breeds\/pug\/n02110958_8583.jpg","https:\/\/images.dog.ceo\/breeds\/pug\/n02110958_8627.jpg","https:\/\/images.dog.ceo\/breeds\/pug\/n02110958_8814.jpg","https:\/\/images.dog.ceo\/breeds\/pug\/n02110958_8887.jpg","https:\/\/images.dog.ceo\/breeds\/pug\/n02110958_8979.jpg","https:\/\/images.dog.ceo\/breeds\/pug\/n02110958_9008.jpg","https:\/\/images.dog.ceo\/breeds\/pug\/n02110958_9505.jpg","https:\/\/images.dog.ceo\/breeds\/pug\/n02110958_9642.jpg","https:\/\/images.dog.ceo\/breeds\/pug\/n02110958_9929.jpg","https:\/\/images.dog.ceo\/breeds\/pug\/smallPug.jpg","https:\/\/images.dog.ceo\/breeds\/pug\/threeBoys.jpg","https:\/\/images.dog.ceo\/breeds\/pug\/weiner.jpg","https:\/\/images.dog.ceo\/breeds\/pug\/willienelson.jpg","https:\/\/images.dog.ceo\/breeds\/puggle\/IMG_041234.jpg","https:\/\/images.dog.ceo\/breeds\/puggle\/IMG_070809.jpg","https:\/\/images.dog.ceo\/breeds\/puggle\/IMG_071023.jpg","https:\/\/images.dog.ceo\/breeds\/puggle\/IMG_074532.jpg","https:\/\/images.dog.ceo\/breeds\/puggle\/IMG_074816.jpg","https:\/\/images.dog.ceo\/breeds\/puggle\/IMG_075018.jpg","https:\/\/images.dog.ceo\/breeds\/puggle\/IMG_075427.jpg","https:\/\/images.dog.ceo\/breeds\/puggle\/IMG_080306.jpg","https:\/\/images.dog.ceo\/breeds\/puggle\/IMG_081858.jpg","https:\/\/images.dog.ceo\/breeds\/puggle\/IMG_084828.jpg","https:\/\/images.dog.ceo\/breeds\/puggle\/IMG_090821.jpg","https:\/\/images.dog.ceo\/breeds\/puggle\/IMG_095312.jpg","https:\/\/images.dog.ceo\/breeds\/puggle\/IMG_095543.jpg","https:\/\/images.dog.ceo\/breeds\/puggle\/IMG_104450.jpg","https:\/\/images.dog.ceo\/breeds\/puggle\/IMG_104458.jpg","https:\/\/images.dog.ceo\/breeds\/puggle\/IMG_112010.jpg","https:\/\/images.dog.ceo\/breeds\/puggle\/IMG_114654.jpg","https:\/\/images.dog.ceo\/breeds\/puggle\/IMG_122350.jpg","https:\/\/images.dog.ceo\/breeds\/puggle\/IMG_124524.jpg","https:\/\/images.dog.ceo\/breeds\/puggle\/IMG_143138.jpg","https:\/\/images.dog.ceo\/breeds\/puggle\/IMG_144409.jpg","https:\/\/images.dog.ceo\/breeds\/puggle\/IMG_151824.jpg","https:\/\/images.dog.ceo\/breeds\/puggle\/IMG_153357.jpg","https:\/\/images.dog.ceo\/breeds\/puggle\/IMG_162320.jpg","https:\/\/images.dog.ceo\/breeds\/puggle\/IMG_174753.jpg","https:\/\/images.dog.ceo\/breeds\/puggle\/IMG_192117.jpg","https:\/\/images.dog.ceo\/breeds\/puggle\/IMG_203642.jpg","https:\/\/images.dog.ceo\/breeds\/puggle\/IMG_214822.jpg"],"status":"success"}

15:08:20.361 [main] DEBUG com.jayway.jsonpath.internal.path.CompiledPath -- Evaluating path: $['status']
15:08:20.361 [main] DEBUG com.jayway.jsonpath.internal.path.CompiledPath -- Evaluating path: $['message']
15:08:20.361 [main] DEBUG com.jayway.jsonpath.internal.path.CompiledPath -- Evaluating path: $['message']
]]></system-out>
  </testcase>
  <testcase name="[7.5:60] Listar imagens de várias raças dinamicamente" classname="features/breed_images" time="0.483">
    <system-out><![CDATA[15:08:20.371 [main] DEBUG org.apache.http.client.protocol.RequestAddCookies -- CookieSpec selected: karate
15:08:20.371 [main] DEBUG org.apache.http.client.protocol.RequestAuthCache -- Auth cache not set in the context
15:08:20.371 [main] DEBUG com.intuit.karate -- request:
1 > GET https://dog.ceo/api/breed/beagle/images
1 > Host: dog.ceo
1 > Connection: Keep-Alive
1 > User-Agent: Apache-HttpClient/4.5.14 (Java/11.0.27)
1 > Accept-Encoding: gzip,deflate


15:08:20.371 [main] DEBUG org.apache.http.impl.conn.PoolingHttpClientConnectionManager -- Connection request: [route: {s}->https://dog.ceo:443][total available: 0; route allocated: 0 of 5; total allocated: 0 of 10]
15:08:20.371 [main] DEBUG org.apache.http.impl.conn.PoolingHttpClientConnectionManager -- Connection leased: [id: 16][route: {s}->https://dog.ceo:443][total available: 0; route allocated: 1 of 5; total allocated: 1 of 10]
15:08:20.371 [main] DEBUG org.apache.http.impl.execchain.MainClientExec -- Opening connection {s}->https://dog.ceo:443
15:08:20.371 [main] DEBUG org.apache.http.impl.conn.DefaultHttpClientConnectionOperator -- Connecting to dog.ceo/104.21.17.246:443
15:08:20.371 [main] DEBUG org.apache.http.conn.ssl.SSLConnectionSocketFactory -- Connecting socket to dog.ceo/104.21.17.246:443 with timeout 30000
15:08:20.388 [main] DEBUG org.apache.http.conn.ssl.SSLConnectionSocketFactory -- Enabled protocols: [TLSv1.3, TLSv1.2]
15:08:20.388 [main] DEBUG org.apache.http.conn.ssl.SSLConnectionSocketFactory -- Enabled cipher suites:[TLS_AES_256_GCM_SHA384, TLS_AES_128_GCM_SHA256, TLS_CHACHA20_POLY1305_SHA256, TLS_ECDHE_ECDSA_WITH_AES_256_GCM_SHA384, TLS_ECDHE_ECDSA_WITH_AES_128_GCM_SHA256, TLS_ECDHE_ECDSA_WITH_CHACHA20_POLY1305_SHA256, TLS_ECDHE_RSA_WITH_AES_256_GCM_SHA384, TLS_ECDHE_RSA_WITH_CHACHA20_POLY1305_SHA256, TLS_ECDHE_RSA_WITH_AES_128_GCM_SHA256, TLS_DHE_RSA_WITH_AES_256_GCM_SHA384, TLS_DHE_RSA_WITH_CHACHA20_POLY1305_SHA256, TLS_DHE_DSS_WITH_AES_256_GCM_SHA384, TLS_DHE_RSA_WITH_AES_128_GCM_SHA256, TLS_DHE_DSS_WITH_AES_128_GCM_SHA256, TLS_ECDHE_ECDSA_WITH_AES_256_CBC_SHA384, TLS_ECDHE_RSA_WITH_AES_256_CBC_SHA384, TLS_ECDHE_ECDSA_WITH_AES_128_CBC_SHA256, TLS_ECDHE_RSA_WITH_AES_128_CBC_SHA256, TLS_DHE_RSA_WITH_AES_256_CBC_SHA256, TLS_DHE_DSS_WITH_AES_256_CBC_SHA256, TLS_DHE_RSA_WITH_AES_128_CBC_SHA256, TLS_DHE_DSS_WITH_AES_128_CBC_SHA256, TLS_ECDHE_ECDSA_WITH_AES_256_CBC_SHA, TLS_ECDHE_RSA_WITH_AES_256_CBC_SHA, TLS_ECDHE_ECDSA_WITH_AES_128_CBC_SHA, TLS_ECDHE_RSA_WITH_AES_128_CBC_SHA, TLS_DHE_RSA_WITH_AES_256_CBC_SHA, TLS_DHE_DSS_WITH_AES_256_CBC_SHA, TLS_DHE_RSA_WITH_AES_128_CBC_SHA, TLS_DHE_DSS_WITH_AES_128_CBC_SHA, TLS_RSA_WITH_AES_256_GCM_SHA384, TLS_RSA_WITH_AES_128_GCM_SHA256, TLS_RSA_WITH_AES_256_CBC_SHA256, TLS_RSA_WITH_AES_128_CBC_SHA256, TLS_RSA_WITH_AES_256_CBC_SHA, TLS_RSA_WITH_AES_128_CBC_SHA, TLS_EMPTY_RENEGOTIATION_INFO_SCSV]
15:08:20.388 [main] DEBUG org.apache.http.conn.ssl.SSLConnectionSocketFactory -- Starting handshake
15:08:20.409 [main] DEBUG org.apache.http.conn.ssl.SSLConnectionSocketFactory -- Secure session established
15:08:20.409 [main] DEBUG org.apache.http.conn.ssl.SSLConnectionSocketFactory --  negotiated protocol: TLSv1.3
15:08:20.409 [main] DEBUG org.apache.http.conn.ssl.SSLConnectionSocketFactory --  negotiated cipher suite: TLS_AES_256_GCM_SHA384
15:08:20.409 [main] DEBUG org.apache.http.conn.ssl.SSLConnectionSocketFactory --  peer principal: CN=dog.ceo
15:08:20.409 [main] DEBUG org.apache.http.conn.ssl.SSLConnectionSocketFactory --  peer alternative names: [dog.ceo, *.dog.ceo]
15:08:20.409 [main] DEBUG org.apache.http.conn.ssl.SSLConnectionSocketFactory --  issuer principal: CN=WE1, O=Google Trust Services, C=US
15:08:20.410 [main] DEBUG org.apache.http.impl.conn.DefaultHttpClientConnectionOperator -- Connection established 192.168.0.105:65306<->104.21.17.246:443
15:08:20.410 [main] DEBUG org.apache.http.impl.conn.DefaultManagedHttpClientConnection -- http-outgoing-16: set socket timeout to 30000
15:08:20.410 [main] DEBUG org.apache.http.impl.execchain.MainClientExec -- Executing request GET /api/breed/beagle/images HTTP/1.1
15:08:20.410 [main] DEBUG org.apache.http.impl.execchain.MainClientExec -- Target auth state: UNCHALLENGED
15:08:20.410 [main] DEBUG org.apache.http.impl.execchain.MainClientExec -- Proxy auth state: UNCHALLENGED
15:08:20.410 [main] DEBUG org.apache.http.headers -- http-outgoing-16 >> GET /api/breed/beagle/images HTTP/1.1
15:08:20.410 [main] DEBUG org.apache.http.headers -- http-outgoing-16 >> Host: dog.ceo
15:08:20.410 [main] DEBUG org.apache.http.headers -- http-outgoing-16 >> Connection: Keep-Alive
15:08:20.410 [main] DEBUG org.apache.http.headers -- http-outgoing-16 >> User-Agent: Apache-HttpClient/4.5.14 (Java/11.0.27)
15:08:20.410 [main] DEBUG org.apache.http.headers -- http-outgoing-16 >> Accept-Encoding: gzip,deflate
15:08:20.410 [main] DEBUG org.apache.http.wire -- http-outgoing-16 >> "GET /api/breed/beagle/images HTTP/1.1[\r][\n]"
15:08:20.410 [main] DEBUG org.apache.http.wire -- http-outgoing-16 >> "Host: dog.ceo[\r][\n]"
15:08:20.410 [main] DEBUG org.apache.http.wire -- http-outgoing-16 >> "Connection: Keep-Alive[\r][\n]"
15:08:20.410 [main] DEBUG org.apache.http.wire -- http-outgoing-16 >> "User-Agent: Apache-HttpClient/4.5.14 (Java/11.0.27)[\r][\n]"
15:08:20.410 [main] DEBUG org.apache.http.wire -- http-outgoing-16 >> "Accept-Encoding: gzip,deflate[\r][\n]"
15:08:20.410 [main] DEBUG org.apache.http.wire -- http-outgoing-16 >> "[\r][\n]"
15:08:20.827 [main] DEBUG org.apache.http.wire -- http-outgoing-16 << "HTTP/1.1 200 OK[\r][\n]"
15:08:20.827 [main] DEBUG org.apache.http.wire -- http-outgoing-16 << "Date: Tue, 22 Jul 2025 18:08:35 GMT[\r][\n]"
15:08:20.827 [main] DEBUG org.apache.http.wire -- http-outgoing-16 << "Content-Type: application/json[\r][\n]"
15:08:20.827 [main] DEBUG org.apache.http.wire -- http-outgoing-16 << "Content-Length: 729[\r][\n]"
15:08:20.827 [main] DEBUG org.apache.http.wire -- http-outgoing-16 << "Connection: keep-alive[\r][\n]"
15:08:20.827 [main] DEBUG org.apache.http.wire -- http-outgoing-16 << "Server: cloudflare[\r][\n]"
15:08:20.827 [main] DEBUG org.apache.http.wire -- http-outgoing-16 << "X-Powered-By: PHP/8.1.32[\r][\n]"
15:08:20.827 [main] DEBUG org.apache.http.wire -- http-outgoing-16 << "Access-Control-Allow-Origin: *[\r][\n]"
15:08:20.827 [main] DEBUG org.apache.http.wire -- http-outgoing-16 << "Content-Encoding: gzip[\r][\n]"
15:08:20.827 [main] DEBUG org.apache.http.wire -- http-outgoing-16 << "Via: 1.1 varnish (Varnish/6.3), 1.1 varnish (Varnish/6.3)[\r][\n]"
15:08:20.827 [main] DEBUG org.apache.http.wire -- http-outgoing-16 << "Cache-Control: max-age=1800[\r][\n]"
15:08:20.827 [main] DEBUG org.apache.http.wire -- http-outgoing-16 << "X-Cache-Age: 971[\r][\n]"
15:08:20.827 [main] DEBUG org.apache.http.wire -- http-outgoing-16 << "X-Cache-Hits: 3[\r][\n]"
15:08:20.827 [main] DEBUG org.apache.http.wire -- http-outgoing-16 << "X-Cache: HIT[\r][\n]"
15:08:20.827 [main] DEBUG org.apache.http.wire -- http-outgoing-16 << "Accept-Ranges: bytes[\r][\n]"
15:08:20.827 [main] DEBUG org.apache.http.wire -- http-outgoing-16 << "Age: 0[\r][\n]"
15:08:20.827 [main] DEBUG org.apache.http.wire -- http-outgoing-16 << "Vary: Accept-Encoding[\r][\n]"
15:08:20.827 [main] DEBUG org.apache.http.wire -- http-outgoing-16 << "Nel: {"report_to":"cf-nel","success_fraction":0.0,"max_age":604800}[\r][\n]"
15:08:20.827 [main] DEBUG org.apache.http.wire -- http-outgoing-16 << "Cf-Cache-Status: DYNAMIC[\r][\n]"
15:08:20.827 [main] DEBUG org.apache.http.wire -- http-outgoing-16 << "Report-To: {"group":"cf-nel","max_age":604800,"endpoints":[{"url":"https://a.nel.cloudflare.com/report/v4?s=SZYP0Sgx1Gfm984LBxuENbPbNmhX7iZ6Fy7HtXQlaezIDSoELmGgPC2X%2B9h8FAKsbkTnh1LLRNSTlMPVI7rfObB%2F%2BdSUdwU%3D"}]}[\r][\n]"
15:08:20.827 [main] DEBUG org.apache.http.wire -- http-outgoing-16 << "CF-RAY: 9634e25bc9c96272-GRU[\r][\n]"
15:08:20.827 [main] DEBUG org.apache.http.wire -- http-outgoing-16 << "alt-svc: h3=":443"; ma=86400[\r][\n]"
15:08:20.827 [main] DEBUG org.apache.http.wire -- http-outgoing-16 << "[\r][\n]"
15:08:20.827 [main] DEBUG org.apache.http.wire -- http-outgoing-16 << "[0x1f][0x8b][0x8][0x0][0x0][0x0][0x0][0x0][0x0][0x3][0xa5][0x9a]Kj[0x1b]A[0x10][0x86][0xef]2kcu[0xd7][0xbb]}[0x4]C [0xfb]([0x18]?[0x6][0xd9][0xc1][0x8e][0x8c]G^[0x84][0x90][0xbb][0xa7]CN }+[0x83][0xe1][0xa3][0xab][0xaa][0xeb][0xf1]W[0x8f]~/o[0xeb][0xb6][0xdd][0x1f][0xd6][0xe5][0xe6][0xdb][0xf2]|:[0xbd]o7[0xfb][0xdd]~[0xf7][0xf2]6[0xff][0xb5]]?[0x1d][0xf][0xd7][0x8f][0xeb]q[0xbf]{[0xf8]X[0xd7][0xa7]m[0xfe]][0xef][0xf][0xaf][0xeb]~[0xd7]%[0xbb][0xbb][0xa6][0x8e][0xbb]//[0xaf][0xc7][0xeb][0x1f][0xef][0x87][0xe5][0xea][0x1c]^[0xd3][0x9a][0xab][0x9a]_[0xc8]GX[0xcb][0xe6]q!^[0xa6]1[0xb4][0xda]ex4uq[0xeb]y[0x19]~{\[0x9d][\r]}}>[0xae][0xf][0xeb][0xd9][0xd8][0xf3][0xf1]m[0xfd]8[0x9b][0xfa][0xd9][0xa4]Ui[0xd8]]o[0xbd][0x15][0xe2][0xa5][0x5][0xe2][0xd5][0x8d][0xf1]![0x88][0xf7]t[0xc6][0x17][0xe3]S;[0xe3][0x7][0xbb][0xbf]aI[0xf8][0xde][0xb5]A[0x1e][0xe5]O[0xef][0xd0]~a[0xf1][0xef][0x82][0xc2][0xdf]u[0xb0][0xe3][0xcd][0xd9][0xf9][0xde][0x6][0xe2][0xb][0xfa]_[0xf0][0xfa][0x7]K?[0xe9][0x82][0xda][0x8f]t[0x96]>[0xd2]Y[0xfb][0x93][0x9e]([0xfe]2[0x1d]@[0xbc]6[0xc8][0xf]T[0xbe]2e[0x6][0xe3][0x8d][0xe5]Ov[0xca][0xb3][0xf8][0xa5][0xa3][0xfa][0x11]T[0xfd]2[0x84]y?[0x12][\r][0xef][0xc9][0xa3][0xe8]ic[0xdd]K[0x9b]#[0xff][0x15]N[0xf][0x95][0x8e][0xba][0x87][\n]"
15:08:20.827 [main] DEBUG org.apache.http.wire -- http-outgoing-16 << "[0xeb][0xbe]j[0xd0]~[0xb]f[0xbf]%[0xea][0x1e][0x93][0x87][0xf6][0x17][0xb3][0xdf]Y[0xfe]O[0xed][0xcb][0xfc][0xf]6=[0xe7][0x86][0x85][0xfa][0x87][0xc2][0xf0][\r]C[0xfc][0x9c][0x1d]hxX[0x1b][0x8c][0x17][0xd6]>m[0x6][0x0][0xf1][0xc6][0xc4][0x8b][0xb9][0xa1][0xf2][0xb1]`[0xc3][0xcf]" ?X[0xfc][0xb3][0xa1][0xf2][0x9d][0xdd][0xb][0x95][0x8f][0x15][0xf4][0xbf][0x6][0xb3][0x4][0xba]ol[0xfc]xC[0xdd][0xcf][![0xf7][0xe7][0xea][0x84][0xc2][0xef]syE[0xbc]2[0xed][0xeb][0x9a]([0xfd][0x1d][0x96][0x8f]g[0xb1][0xfb]+6[0xfd][0xa3][0x5][0xb2][0xf2]([0xfe][0x81]n?:<]X[0xf5][0x84]*j^a[0xac]z[0xc2]Y[0xf3][0x9d]<j^[0xe1][0x9d][0xf9][0xef][0xc5][0xce][0xf]e[0xf7][0x1f][0xc5][0xec][0xf]&~"[0x1b][0x12]/[0x91][0xc2][0xea][0xa7][\n]"
15:08:20.827 [main] DEBUG org.apache.http.wire -- http-outgoing-16 << "[0xf1]9-`<[0xeb][0xbe])[0xec][0xe5]/[0x85][0x89][0xc7]4[0xf6][0xf0][0x9f][0xc6]v[0xf7][0xc9]C[0xfb][0x99][0xf8]Jg[0xbb]S[0xba]3[0xff]#Y[0xfe][0xc2][0xfa][0xcf][0xc]v[0xff][0x83][0xf5][0xaf]2[0xf6][0xf2]8y[0x92]?[0xd2][0x1a][0xb9]~ihzHG[0xc5]'su$[0xb8]"[0xe1]$[0xd6][0xc9][0xcd][0x8b][\r][0x14]:[0xa6][0x1b][0xc4]Q[0xda][0xb]{[0xf1][0x91]p[0x86]#[0xcd][0xa9][0x89]N[0x9f]8[0x99]X[0xd6][0xd0][0xe9][0xff]~O"
15:08:20.827 [main] DEBUG org.apache.http.headers -- http-outgoing-16 << HTTP/1.1 200 OK
15:08:20.827 [main] DEBUG org.apache.http.headers -- http-outgoing-16 << Date: Tue, 22 Jul 2025 18:08:35 GMT
15:08:20.827 [main] DEBUG org.apache.http.headers -- http-outgoing-16 << Content-Type: application/json
15:08:20.827 [main] DEBUG org.apache.http.headers -- http-outgoing-16 << Content-Length: 729
15:08:20.827 [main] DEBUG org.apache.http.headers -- http-outgoing-16 << Connection: keep-alive
15:08:20.827 [main] DEBUG org.apache.http.headers -- http-outgoing-16 << Server: cloudflare
15:08:20.827 [main] DEBUG org.apache.http.headers -- http-outgoing-16 << X-Powered-By: PHP/8.1.32
15:08:20.827 [main] DEBUG org.apache.http.headers -- http-outgoing-16 << Access-Control-Allow-Origin: *
15:08:20.827 [main] DEBUG org.apache.http.headers -- http-outgoing-16 << Content-Encoding: gzip
15:08:20.827 [main] DEBUG org.apache.http.headers -- http-outgoing-16 << Via: 1.1 varnish (Varnish/6.3), 1.1 varnish (Varnish/6.3)
15:08:20.827 [main] DEBUG org.apache.http.headers -- http-outgoing-16 << Cache-Control: max-age=1800
15:08:20.827 [main] DEBUG org.apache.http.headers -- http-outgoing-16 << X-Cache-Age: 971
15:08:20.827 [main] DEBUG org.apache.http.headers -- http-outgoing-16 << X-Cache-Hits: 3
15:08:20.827 [main] DEBUG org.apache.http.headers -- http-outgoing-16 << X-Cache: HIT
15:08:20.827 [main] DEBUG org.apache.http.headers -- http-outgoing-16 << Accept-Ranges: bytes
15:08:20.827 [main] DEBUG org.apache.http.headers -- http-outgoing-16 << Age: 0
15:08:20.827 [main] DEBUG org.apache.http.headers -- http-outgoing-16 << Vary: Accept-Encoding
15:08:20.827 [main] DEBUG org.apache.http.headers -- http-outgoing-16 << Nel: {"report_to":"cf-nel","success_fraction":0.0,"max_age":604800}
15:08:20.827 [main] DEBUG org.apache.http.headers -- http-outgoing-16 << Cf-Cache-Status: DYNAMIC
15:08:20.827 [main] DEBUG org.apache.http.headers -- http-outgoing-16 << Report-To: {"group":"cf-nel","max_age":604800,"endpoints":[{"url":"https://a.nel.cloudflare.com/report/v4?s=SZYP0Sgx1Gfm984LBxuENbPbNmhX7iZ6Fy7HtXQlaezIDSoELmGgPC2X%2B9h8FAKsbkTnh1LLRNSTlMPVI7rfObB%2F%2BdSUdwU%3D"}]}
15:08:20.827 [main] DEBUG org.apache.http.headers -- http-outgoing-16 << CF-RAY: 9634e25bc9c96272-GRU
15:08:20.827 [main] DEBUG org.apache.http.headers -- http-outgoing-16 << alt-svc: h3=":443"; ma=86400
15:08:20.827 [main] DEBUG org.apache.http.impl.execchain.MainClientExec -- Connection can be kept alive indefinitely
15:08:20.828 [main] DEBUG org.apache.http.wire -- http-outgoing-16 << "@pQ2[0xee][\r]=[0xd4][0x99] [0xad]bl[0xd4][0x1a]S[0xea][0xe6][0xcc][0xf7]D[0xad][0xce]J[0x90][0xf1][0x85]T[0x82]7[0xb4]"{G[0xc6];[0xfb]6[0xee][0x82][0xde]G[0x9c][0xb5]:[0x9f][0x2][0x1b][0xe1][0xe8]m9[0x1a]RG![0xe8]ig[0xae]v[0xa4]S[0x6][0xda][0xcc][0xc3]Q[0xd6][0xcc][0x11][0x83]\/4_S[0x90][0xf1][0xa9][0xe8][0xe7][0x0][0xc9][0x92].[0x7][0xea][0x94]eH[0xd5][0x15][0xfb][0x98]Vh:[0x17][0xfb][0xe]^I[0x92][0xa6][\n]"
15:08:20.828 [main] DEBUG org.apache.http.wire -- http-outgoing-16 << "}[0x87][0xa9]B[0x9b][0xd8][0xd0]N[0x8a]}8)[0xf6][0xc1][0x4][0xe5](!R~[0x94][0xfd]7[0xfe][0xfb][0xd5][0xb2][0x9d][0xee]O[0x9f][0xdb]r[0xb3]l[0x9f][0x8f][0x8f][0xeb][0xb6]-[0xfe][0x2][0x9d][0x11][0xe4]l[0xbc]*[0x0][0x0]"
15:08:20.828 [main] DEBUG org.apache.http.impl.conn.DefaultManagedHttpClientConnection -- http-outgoing-16: Close connection
15:08:20.845 [main] DEBUG org.apache.http.impl.execchain.MainClientExec -- Connection discarded
15:08:20.845 [main] DEBUG org.apache.http.impl.conn.PoolingHttpClientConnectionManager -- Connection released: [id: 16][route: {s}->https://dog.ceo:443][total available: 0; route allocated: 0 of 5; total allocated: 0 of 10]
15:08:20.845 [main] DEBUG org.apache.http.impl.conn.PoolingHttpClientConnectionManager -- Connection manager is shutting down
15:08:20.845 [main] DEBUG org.apache.http.impl.conn.PoolingHttpClientConnectionManager -- Connection manager shut down
15:08:20.845 [main] DEBUG com.intuit.karate -- response time in milliseconds: 457
1 < 200
1 < Date: Tue, 22 Jul 2025 18:08:35 GMT
1 < Content-Type: application/json
1 < Connection: keep-alive
1 < Server: cloudflare
1 < X-Powered-By: PHP/8.1.32
1 < Access-Control-Allow-Origin: *
1 < Via: 1.1 varnish (Varnish/6.3), 1.1 varnish (Varnish/6.3)
1 < Cache-Control: max-age=1800
1 < X-Cache-Age: 971
1 < X-Cache-Hits: 3
1 < X-Cache: HIT
1 < Accept-Ranges: bytes
1 < Age: 0
1 < Vary: Accept-Encoding
1 < Nel: {"report_to":"cf-nel","success_fraction":0.0,"max_age":604800}
1 < Cf-Cache-Status: DYNAMIC
1 < Report-To: {"group":"cf-nel","max_age":604800,"endpoints":[{"url":"https://a.nel.cloudflare.com/report/v4?s=SZYP0Sgx1Gfm984LBxuENbPbNmhX7iZ6Fy7HtXQlaezIDSoELmGgPC2X%2B9h8FAKsbkTnh1LLRNSTlMPVI7rfObB%2F%2BdSUdwU%3D"}]}
1 < CF-RAY: 9634e25bc9c96272-GRU
1 < alt-svc: h3=":443"; ma=86400
{"message":["https:\/\/images.dog.ceo\/breeds\/beagle\/1271553739_Milo.jpg","https:\/\/images.dog.ceo\/breeds\/beagle\/1374053345_Milo.jpg","https:\/\/images.dog.ceo\/breeds\/beagle\/166407056_Milo.jpg","https:\/\/images.dog.ceo\/breeds\/beagle\/184369380_Milo.jpg","https:\/\/images.dog.ceo\/breeds\/beagle\/603525417_Milo.jpg","https:\/\/images.dog.ceo\/breeds\/beagle\/Joey.jpg","https:\/\/images.dog.ceo\/breeds\/beagle\/Phoebe.jpg","https:\/\/images.dog.ceo\/breeds\/beagle\/homer.jpg","https:\/\/images.dog.ceo\/breeds\/beagle\/n02088364_10108.jpg","https:\/\/images.dog.ceo\/breeds\/beagle\/n02088364_10206.jpg","https:\/\/images.dog.ceo\/breeds\/beagle\/n02088364_10354.jpg","https:\/\/images.dog.ceo\/breeds\/beagle\/n02088364_10362.jpg","https:\/\/images.dog.ceo\/breeds\/beagle\/n02088364_10575.jpg","https:\/\/images.dog.ceo\/breeds\/beagle\/n02088364_10585.jpg","https:\/\/images.dog.ceo\/breeds\/beagle\/n02088364_10731.jpg","https:\/\/images.dog.ceo\/breeds\/beagle\/n02088364_10798.jpg","https:\/\/images.dog.ceo\/breeds\/beagle\/n02088364_10947.jpg","https:\/\/images.dog.ceo\/breeds\/beagle\/n02088364_11130.jpg","https:\/\/images.dog.ceo\/breeds\/beagle\/n02088364_11136.jpg","https:\/\/images.dog.ceo\/breeds\/beagle\/n02088364_11147.jpg","https:\/\/images.dog.ceo\/breeds\/beagle\/n02088364_11231.jpg","https:\/\/images.dog.ceo\/breeds\/beagle\/n02088364_1128.jpg","https:\/\/images.dog.ceo\/breeds\/beagle\/n02088364_11391.jpg","https:\/\/images.dog.ceo\/breeds\/beagle\/n02088364_11458.jpg","https:\/\/images.dog.ceo\/breeds\/beagle\/n02088364_11509.jpg","https:\/\/images.dog.ceo\/breeds\/beagle\/n02088364_11828.jpg","https:\/\/images.dog.ceo\/breeds\/beagle\/n02088364_11836.jpg","https:\/\/images.dog.ceo\/breeds\/beagle\/n02088364_11930.jpg","https:\/\/images.dog.ceo\/breeds\/beagle\/n02088364_12124.jpg","https:\/\/images.dog.ceo\/breeds\/beagle\/n02088364_12131.jpg","https:\/\/images.dog.ceo\/breeds\/beagle\/n02088364_12154.jpg","https:\/\/images.dog.ceo\/breeds\/beagle\/n02088364_12178.jpg","https:\/\/images.dog.ceo\/breeds\/beagle\/n02088364_12213.jpg","https:\/\/images.dog.ceo\/breeds\/beagle\/n02088364_12303.jpg","https:\/\/images.dog.ceo\/breeds\/beagle\/n02088364_12397.jpg","https:\/\/images.dog.ceo\/breeds\/beagle\/n02088364_12405.jpg","https:\/\/images.dog.ceo\/breeds\/beagle\/n02088364_12440.jpg","https:\/\/images.dog.ceo\/breeds\/beagle\/n02088364_12710.jpg","https:\/\/images.dog.ceo\/breeds\/beagle\/n02088364_12713.jpg","https:\/\/images.dog.ceo\/breeds\/beagle\/n02088364_12756.jpg","https:\/\/images.dog.ceo\/breeds\/beagle\/n02088364_129.jpg","https:\/\/images.dog.ceo\/breeds\/beagle\/n02088364_12920.jpg","https:\/\/images.dog.ceo\/breeds\/beagle\/n02088364_12972.jpg","https:\/\/images.dog.ceo\/breeds\/beagle\/n02088364_12973.jpg","https:\/\/images.dog.ceo\/breeds\/beagle\/n02088364_13028.jpg","https:\/\/images.dog.ceo\/breeds\/beagle\/n02088364_13050.jpg","https:\/\/images.dog.ceo\/breeds\/beagle\/n02088364_13128.jpg","https:\/\/images.dog.ceo\/breeds\/beagle\/n02088364_13214.jpg","https:\/\/images.dog.ceo\/breeds\/beagle\/n02088364_13236.jpg","https:\/\/images.dog.ceo\/breeds\/beagle\/n02088364_13428.jpg","https:\/\/images.dog.ceo\/breeds\/beagle\/n02088364_13464.jpg","https:\/\/images.dog.ceo\/breeds\/beagle\/n02088364_13477.jpg","https:\/\/images.dog.ceo\/breeds\/beagle\/n02088364_13478.jpg","https:\/\/images.dog.ceo\/breeds\/beagle\/n02088364_13484.jpg","https:\/\/images.dog.ceo\/breeds\/beagle\/n02088364_13572.jpg","https:\/\/images.dog.ceo\/breeds\/beagle\/n02088364_13627.jpg","https:\/\/images.dog.ceo\/breeds\/beagle\/n02088364_13630.jpg","https:\/\/images.dog.ceo\/breeds\/beagle\/n02088364_13809.jpg","https:\/\/images.dog.ceo\/breeds\/beagle\/n02088364_1384.jpg","https:\/\/images.dog.ceo\/breeds\/beagle\/n02088364_13944.jpg","https:\/\/images.dog.ceo\/breeds\/beagle\/n02088364_14055.jpg","https:\/\/images.dog.ceo\/breeds\/beagle\/n02088364_14095.jpg","https:\/\/images.dog.ceo\/breeds\/beagle\/n02088364_14220.jpg","https:\/\/images.dog.ceo\/breeds\/beagle\/n02088364_14394.jpg","https:\/\/images.dog.ceo\/breeds\/beagle\/n02088364_14431.jpg","https:\/\/images.dog.ceo\/breeds\/beagle\/n02088364_14548.jpg","https:\/\/images.dog.ceo\/breeds\/beagle\/n02088364_14613.jpg","https:\/\/images.dog.ceo\/breeds\/beagle\/n02088364_14663.jpg","https:\/\/images.dog.ceo\/breeds\/beagle\/n02088364_14690.jpg","https:\/\/images.dog.ceo\/breeds\/beagle\/n02088364_14702.jpg","https:\/\/images.dog.ceo\/breeds\/beagle\/n02088364_14779.jpg","https:\/\/images.dog.ceo\/breeds\/beagle\/n02088364_14863.jpg","https:\/\/images.dog.ceo\/breeds\/beagle\/n02088364_14892.jpg","https:\/\/images.dog.ceo\/breeds\/beagle\/n02088364_14968.jpg","https:\/\/images.dog.ceo\/breeds\/beagle\/n02088364_15036.jpg","https:\/\/images.dog.ceo\/breeds\/beagle\/n02088364_1507.jpg","https:\/\/images.dog.ceo\/breeds\/beagle\/n02088364_15082.jpg","https:\/\/images.dog.ceo\/breeds\/beagle\/n02088364_15093.jpg","https:\/\/images.dog.ceo\/breeds\/beagle\/n02088364_15111.jpg","https:\/\/images.dog.ceo\/breeds\/beagle\/n02088364_15305.jpg","https:\/\/images.dog.ceo\/breeds\/beagle\/n02088364_15370.jpg","https:\/\/images.dog.ceo\/breeds\/beagle\/n02088364_15690.jpg","https:\/\/images.dog.ceo\/breeds\/beagle\/n02088364_15787.jpg","https:\/\/images.dog.ceo\/breeds\/beagle\/n02088364_15877.jpg","https:\/\/images.dog.ceo\/breeds\/beagle\/n02088364_16060.jpg","https:\/\/images.dog.ceo\/breeds\/beagle\/n02088364_16065.jpg","https:\/\/images.dog.ceo\/breeds\/beagle\/n02088364_161.jpg","https:\/\/images.dog.ceo\/breeds\/beagle\/n02088364_16165.jpg","https:\/\/images.dog.ceo\/breeds\/beagle\/n02088364_16207.jpg","https:\/\/images.dog.ceo\/breeds\/beagle\/n02088364_16339.jpg","https:\/\/images.dog.ceo\/breeds\/beagle\/n02088364_16493.jpg","https:\/\/images.dog.ceo\/breeds\/beagle\/n02088364_16502.jpg","https:\/\/images.dog.ceo\/breeds\/beagle\/n02088364_16508.jpg","https:\/\/images.dog.ceo\/breeds\/beagle\/n02088364_16519.jpg","https:\/\/images.dog.ceo\/breeds\/beagle\/n02088364_16588.jpg","https:\/\/images.dog.ceo\/breeds\/beagle\/n02088364_16635.jpg","https:\/\/images.dog.ceo\/breeds\/beagle\/n02088364_16689.jpg","https:\/\/images.dog.ceo\/breeds\/beagle\/n02088364_16695.jpg","https:\/\/images.dog.ceo\/breeds\/beagle\/n02088364_16704.jpg","https:\/\/images.dog.ceo\/breeds\/beagle\/n02088364_16721.jpg","https:\/\/images.dog.ceo\/breeds\/beagle\/n02088364_16881.jpg","https:\/\/images.dog.ceo\/breeds\/beagle\/n02088364_17167.jpg","https:\/\/images.dog.ceo\/breeds\/beagle\/n02088364_17170.jpg","https:\/\/images.dog.ceo\/breeds\/beagle\/n02088364_17258.jpg","https:\/\/images.dog.ceo\/breeds\/beagle\/n02088364_17294.jpg","https:\/\/images.dog.ceo\/breeds\/beagle\/n02088364_17406.jpg","https:\/\/images.dog.ceo\/breeds\/beagle\/n02088364_17473.jpg","https:\/\/images.dog.ceo\/breeds\/beagle\/n02088364_17474.jpg","https:\/\/images.dog.ceo\/breeds\/beagle\/n02088364_17479.jpg","https:\/\/images.dog.ceo\/breeds\/beagle\/n02088364_17530.jpg","https:\/\/images.dog.ceo\/breeds\/beagle\/n02088364_17553.jpg","https:\/\/images.dog.ceo\/breeds\/beagle\/n02088364_17671.jpg","https:\/\/images.dog.ceo\/breeds\/beagle\/n02088364_17689.jpg","https:\/\/images.dog.ceo\/breeds\/beagle\/n02088364_17766.jpg","https:\/\/images.dog.ceo\/breeds\/beagle\/n02088364_17935.jpg","https:\/\/images.dog.ceo\/breeds\/beagle\/n02088364_18403.jpg","https:\/\/images.dog.ceo\/breeds\/beagle\/n02088364_18404.jpg","https:\/\/images.dog.ceo\/breeds\/beagle\/n02088364_2000.jpg","https:\/\/images.dog.ceo\/breeds\/beagle\/n02088364_2019.jpg","https:\/\/images.dog.ceo\/breeds\/beagle\/n02088364_2106.jpg","https:\/\/images.dog.ceo\/breeds\/beagle\/n02088364_2143.jpg","https:\/\/images.dog.ceo\/breeds\/beagle\/n02088364_2360.jpg","https:\/\/images.dog.ceo\/breeds\/beagle\/n02088364_2415.jpg","https:\/\/images.dog.ceo\/breeds\/beagle\/n02088364_2499.jpg","https:\/\/images.dog.ceo\/breeds\/beagle\/n02088364_2502.jpg","https:\/\/images.dog.ceo\/breeds\/beagle\/n02088364_2566.jpg","https:\/\/images.dog.ceo\/breeds\/beagle\/n02088364_2572.jpg","https:\/\/images.dog.ceo\/breeds\/beagle\/n02088364_2652.jpg","https:\/\/images.dog.ceo\/breeds\/beagle\/n02088364_2661.jpg","https:\/\/images.dog.ceo\/breeds\/beagle\/n02088364_3752.jpg","https:\/\/images.dog.ceo\/breeds\/beagle\/n02088364_3758.jpg","https:\/\/images.dog.ceo\/breeds\/beagle\/n02088364_4052.jpg","https:\/\/images.dog.ceo\/breeds\/beagle\/n02088364_4070.jpg","https:\/\/images.dog.ceo\/breeds\/beagle\/n02088364_4237.jpg","https:\/\/images.dog.ceo\/breeds\/beagle\/n02088364_427.jpg","https:\/\/images.dog.ceo\/breeds\/beagle\/n02088364_4281.jpg","https:\/\/images.dog.ceo\/breeds\/beagle\/n02088364_4473.jpg","https:\/\/images.dog.ceo\/breeds\/beagle\/n02088364_4493.jpg","https:\/\/images.dog.ceo\/breeds\/beagle\/n02088364_4527.jpg","https:\/\/images.dog.ceo\/breeds\/beagle\/n02088364_4706.jpg","https:\/\/images.dog.ceo\/breeds\/beagle\/n02088364_4823.jpg","https:\/\/images.dog.ceo\/breeds\/beagle\/n02088364_4879.jpg","https:\/\/images.dog.ceo\/breeds\/beagle\/n02088364_5090.jpg","https:\/\/images.dog.ceo\/breeds\/beagle\/n02088364_5123.jpg","https:\/\/images.dog.ceo\/breeds\/beagle\/n02088364_5147.jpg","https:\/\/images.dog.ceo\/breeds\/beagle\/n02088364_5282.jpg","https:\/\/images.dog.ceo\/breeds\/beagle\/n02088364_5572.jpg","https:\/\/images.dog.ceo\/breeds\/beagle\/n02088364_5716.jpg","https:\/\/images.dog.ceo\/breeds\/beagle\/n02088364_5784.jpg","https:\/\/images.dog.ceo\/breeds\/beagle\/n02088364_6089.jpg","https:\/\/images.dog.ceo\/breeds\/beagle\/n02088364_6211.jpg","https:\/\/images.dog.ceo\/breeds\/beagle\/n02088364_6358.jpg","https:\/\/images.dog.ceo\/breeds\/beagle\/n02088364_639.jpg","https:\/\/images.dog.ceo\/breeds\/beagle\/n02088364_6547.jpg","https:\/\/images.dog.ceo\/breeds\/beagle\/n02088364_6611.jpg","https:\/\/images.dog.ceo\/breeds\/beagle\/n02088364_6866.jpg","https:\/\/images.dog.ceo\/breeds\/beagle\/n02088364_7247.jpg","https:\/\/images.dog.ceo\/breeds\/beagle\/n02088364_7324.jpg","https:\/\/images.dog.ceo\/breeds\/beagle\/n02088364_7784.jpg","https:\/\/images.dog.ceo\/breeds\/beagle\/n02088364_7927.jpg","https:\/\/images.dog.ceo\/breeds\/beagle\/n02088364_8443.jpg","https:\/\/images.dog.ceo\/breeds\/beagle\/n02088364_8477.jpg","https:\/\/images.dog.ceo\/breeds\/beagle\/n02088364_852.jpg","https:\/\/images.dog.ceo\/breeds\/beagle\/n02088364_8713.jpg","https:\/\/images.dog.ceo\/breeds\/beagle\/n02088364_876.jpg","https:\/\/images.dog.ceo\/breeds\/beagle\/n02088364_8820.jpg","https:\/\/images.dog.ceo\/breeds\/beagle\/n02088364_8871.jpg","https:\/\/images.dog.ceo\/breeds\/beagle\/n02088364_9318.jpg","https:\/\/images.dog.ceo\/breeds\/beagle\/n02088364_959.jpg","https:\/\/images.dog.ceo\/breeds\/beagle\/n02088364_9652.jpg","https:\/\/images.dog.ceo\/breeds\/beagle\/n02088364_9825.jpg","https:\/\/images.dog.ceo\/breeds\/beagle\/n02088364_9849.jpg"],"status":"success"}

15:08:20.846 [main] DEBUG com.jayway.jsonpath.internal.path.CompiledPath -- Evaluating path: $['status']
15:08:20.846 [main] DEBUG com.jayway.jsonpath.internal.path.CompiledPath -- Evaluating path: $['message']
15:08:20.846 [main] DEBUG com.jayway.jsonpath.internal.path.CompiledPath -- Evaluating path: $['message']
]]></system-out>
  </testcase>
  <testcase name="[7.6:61] Listar imagens de várias raças dinamicamente" classname="features/breed_images" time="0.57">
    <system-out><![CDATA[15:08:20.854 [main] DEBUG org.apache.http.client.protocol.RequestAddCookies -- CookieSpec selected: karate
15:08:20.855 [main] DEBUG org.apache.http.client.protocol.RequestAuthCache -- Auth cache not set in the context
15:08:20.855 [main] DEBUG com.intuit.karate -- request:
1 > GET https://dog.ceo/api/breed/boxer/images
1 > Host: dog.ceo
1 > Connection: Keep-Alive
1 > User-Agent: Apache-HttpClient/4.5.14 (Java/11.0.27)
1 > Accept-Encoding: gzip,deflate


15:08:20.855 [main] DEBUG org.apache.http.impl.conn.PoolingHttpClientConnectionManager -- Connection request: [route: {s}->https://dog.ceo:443][total available: 0; route allocated: 0 of 5; total allocated: 0 of 10]
15:08:20.855 [main] DEBUG org.apache.http.impl.conn.PoolingHttpClientConnectionManager -- Connection leased: [id: 17][route: {s}->https://dog.ceo:443][total available: 0; route allocated: 1 of 5; total allocated: 1 of 10]
15:08:20.855 [main] DEBUG org.apache.http.impl.execchain.MainClientExec -- Opening connection {s}->https://dog.ceo:443
15:08:20.855 [main] DEBUG org.apache.http.impl.conn.DefaultHttpClientConnectionOperator -- Connecting to dog.ceo/104.21.17.246:443
15:08:20.855 [main] DEBUG org.apache.http.conn.ssl.SSLConnectionSocketFactory -- Connecting socket to dog.ceo/104.21.17.246:443 with timeout 30000
15:08:20.872 [main] DEBUG org.apache.http.conn.ssl.SSLConnectionSocketFactory -- Enabled protocols: [TLSv1.3, TLSv1.2]
15:08:20.872 [main] DEBUG org.apache.http.conn.ssl.SSLConnectionSocketFactory -- Enabled cipher suites:[TLS_AES_256_GCM_SHA384, TLS_AES_128_GCM_SHA256, TLS_CHACHA20_POLY1305_SHA256, TLS_ECDHE_ECDSA_WITH_AES_256_GCM_SHA384, TLS_ECDHE_ECDSA_WITH_AES_128_GCM_SHA256, TLS_ECDHE_ECDSA_WITH_CHACHA20_POLY1305_SHA256, TLS_ECDHE_RSA_WITH_AES_256_GCM_SHA384, TLS_ECDHE_RSA_WITH_CHACHA20_POLY1305_SHA256, TLS_ECDHE_RSA_WITH_AES_128_GCM_SHA256, TLS_DHE_RSA_WITH_AES_256_GCM_SHA384, TLS_DHE_RSA_WITH_CHACHA20_POLY1305_SHA256, TLS_DHE_DSS_WITH_AES_256_GCM_SHA384, TLS_DHE_RSA_WITH_AES_128_GCM_SHA256, TLS_DHE_DSS_WITH_AES_128_GCM_SHA256, TLS_ECDHE_ECDSA_WITH_AES_256_CBC_SHA384, TLS_ECDHE_RSA_WITH_AES_256_CBC_SHA384, TLS_ECDHE_ECDSA_WITH_AES_128_CBC_SHA256, TLS_ECDHE_RSA_WITH_AES_128_CBC_SHA256, TLS_DHE_RSA_WITH_AES_256_CBC_SHA256, TLS_DHE_DSS_WITH_AES_256_CBC_SHA256, TLS_DHE_RSA_WITH_AES_128_CBC_SHA256, TLS_DHE_DSS_WITH_AES_128_CBC_SHA256, TLS_ECDHE_ECDSA_WITH_AES_256_CBC_SHA, TLS_ECDHE_RSA_WITH_AES_256_CBC_SHA, TLS_ECDHE_ECDSA_WITH_AES_128_CBC_SHA, TLS_ECDHE_RSA_WITH_AES_128_CBC_SHA, TLS_DHE_RSA_WITH_AES_256_CBC_SHA, TLS_DHE_DSS_WITH_AES_256_CBC_SHA, TLS_DHE_RSA_WITH_AES_128_CBC_SHA, TLS_DHE_DSS_WITH_AES_128_CBC_SHA, TLS_RSA_WITH_AES_256_GCM_SHA384, TLS_RSA_WITH_AES_128_GCM_SHA256, TLS_RSA_WITH_AES_256_CBC_SHA256, TLS_RSA_WITH_AES_128_CBC_SHA256, TLS_RSA_WITH_AES_256_CBC_SHA, TLS_RSA_WITH_AES_128_CBC_SHA, TLS_EMPTY_RENEGOTIATION_INFO_SCSV]
15:08:20.872 [main] DEBUG org.apache.http.conn.ssl.SSLConnectionSocketFactory -- Starting handshake
15:08:20.892 [main] DEBUG org.apache.http.conn.ssl.SSLConnectionSocketFactory -- Secure session established
15:08:20.892 [main] DEBUG org.apache.http.conn.ssl.SSLConnectionSocketFactory --  negotiated protocol: TLSv1.3
15:08:20.892 [main] DEBUG org.apache.http.conn.ssl.SSLConnectionSocketFactory --  negotiated cipher suite: TLS_AES_256_GCM_SHA384
15:08:20.892 [main] DEBUG org.apache.http.conn.ssl.SSLConnectionSocketFactory --  peer principal: CN=dog.ceo
15:08:20.892 [main] DEBUG org.apache.http.conn.ssl.SSLConnectionSocketFactory --  peer alternative names: [dog.ceo, *.dog.ceo]
15:08:20.892 [main] DEBUG org.apache.http.conn.ssl.SSLConnectionSocketFactory --  issuer principal: CN=WE1, O=Google Trust Services, C=US
15:08:20.892 [main] DEBUG org.apache.http.impl.conn.DefaultHttpClientConnectionOperator -- Connection established 192.168.0.105:65307<->104.21.17.246:443
15:08:20.892 [main] DEBUG org.apache.http.impl.conn.DefaultManagedHttpClientConnection -- http-outgoing-17: set socket timeout to 30000
15:08:20.892 [main] DEBUG org.apache.http.impl.execchain.MainClientExec -- Executing request GET /api/breed/boxer/images HTTP/1.1
15:08:20.892 [main] DEBUG org.apache.http.impl.execchain.MainClientExec -- Target auth state: UNCHALLENGED
15:08:20.892 [main] DEBUG org.apache.http.impl.execchain.MainClientExec -- Proxy auth state: UNCHALLENGED
15:08:20.892 [main] DEBUG org.apache.http.headers -- http-outgoing-17 >> GET /api/breed/boxer/images HTTP/1.1
15:08:20.892 [main] DEBUG org.apache.http.headers -- http-outgoing-17 >> Host: dog.ceo
15:08:20.892 [main] DEBUG org.apache.http.headers -- http-outgoing-17 >> Connection: Keep-Alive
15:08:20.892 [main] DEBUG org.apache.http.headers -- http-outgoing-17 >> User-Agent: Apache-HttpClient/4.5.14 (Java/11.0.27)
15:08:20.892 [main] DEBUG org.apache.http.headers -- http-outgoing-17 >> Accept-Encoding: gzip,deflate
15:08:20.892 [main] DEBUG org.apache.http.wire -- http-outgoing-17 >> "GET /api/breed/boxer/images HTTP/1.1[\r][\n]"
15:08:20.892 [main] DEBUG org.apache.http.wire -- http-outgoing-17 >> "Host: dog.ceo[\r][\n]"
15:08:20.892 [main] DEBUG org.apache.http.wire -- http-outgoing-17 >> "Connection: Keep-Alive[\r][\n]"
15:08:20.892 [main] DEBUG org.apache.http.wire -- http-outgoing-17 >> "User-Agent: Apache-HttpClient/4.5.14 (Java/11.0.27)[\r][\n]"
15:08:20.892 [main] DEBUG org.apache.http.wire -- http-outgoing-17 >> "Accept-Encoding: gzip,deflate[\r][\n]"
15:08:20.892 [main] DEBUG org.apache.http.wire -- http-outgoing-17 >> "[\r][\n]"
15:08:21.101 [main] DEBUG org.apache.http.wire -- http-outgoing-17 << "HTTP/1.1 200 OK[\r][\n]"
15:08:21.101 [main] DEBUG org.apache.http.wire -- http-outgoing-17 << "Date: Tue, 22 Jul 2025 18:08:35 GMT[\r][\n]"
15:08:21.101 [main] DEBUG org.apache.http.wire -- http-outgoing-17 << "Content-Type: application/json[\r][\n]"
15:08:21.101 [main] DEBUG org.apache.http.wire -- http-outgoing-17 << "Content-Length: 621[\r][\n]"
15:08:21.101 [main] DEBUG org.apache.http.wire -- http-outgoing-17 << "Connection: keep-alive[\r][\n]"
15:08:21.101 [main] DEBUG org.apache.http.wire -- http-outgoing-17 << "Server: cloudflare[\r][\n]"
15:08:21.101 [main] DEBUG org.apache.http.wire -- http-outgoing-17 << "X-Powered-By: PHP/8.1.32[\r][\n]"
15:08:21.101 [main] DEBUG org.apache.http.wire -- http-outgoing-17 << "Access-Control-Allow-Origin: *[\r][\n]"
15:08:21.101 [main] DEBUG org.apache.http.wire -- http-outgoing-17 << "Content-Encoding: gzip[\r][\n]"
15:08:21.101 [main] DEBUG org.apache.http.wire -- http-outgoing-17 << "Via: 1.1 varnish (Varnish/6.3), 1.1 varnish (Varnish/6.3)[\r][\n]"
15:08:21.101 [main] DEBUG org.apache.http.wire -- http-outgoing-17 << "Cache-Control: max-age=1800[\r][\n]"
15:08:21.101 [main] DEBUG org.apache.http.wire -- http-outgoing-17 << "X-Cache-Age: 18269[\r][\n]"
15:08:21.101 [main] DEBUG org.apache.http.wire -- http-outgoing-17 << "X-Cache-Hits: 5[\r][\n]"
15:08:21.101 [main] DEBUG org.apache.http.wire -- http-outgoing-17 << "X-Cache: HIT[\r][\n]"
15:08:21.101 [main] DEBUG org.apache.http.wire -- http-outgoing-17 << "Accept-Ranges: bytes[\r][\n]"
15:08:21.101 [main] DEBUG org.apache.http.wire -- http-outgoing-17 << "Age: 0[\r][\n]"
15:08:21.101 [main] DEBUG org.apache.http.wire -- http-outgoing-17 << "Vary: Accept-Encoding[\r][\n]"
15:08:21.101 [main] DEBUG org.apache.http.wire -- http-outgoing-17 << "Nel: {"report_to":"cf-nel","success_fraction":0.0,"max_age":604800}[\r][\n]"
15:08:21.101 [main] DEBUG org.apache.http.wire -- http-outgoing-17 << "Cf-Cache-Status: DYNAMIC[\r][\n]"
15:08:21.101 [main] DEBUG org.apache.http.wire -- http-outgoing-17 << "Report-To: {"group":"cf-nel","max_age":604800,"endpoints":[{"url":"https://a.nel.cloudflare.com/report/v4?s=Lj5XhhqCH9ioVCayUpX54FyClIOPZKvqdRR%2BCz4ZUcm3MajVQRLtHffLRAtLgsvcTEhRxyKhgWCJSsgKqEXYb0KPiiy2CjU%3D"}]}[\r][\n]"
15:08:21.101 [main] DEBUG org.apache.http.wire -- http-outgoing-17 << "CF-RAY: 9634e25ede595731-GRU[\r][\n]"
15:08:21.102 [main] DEBUG org.apache.http.wire -- http-outgoing-17 << "alt-svc: h3=":443"; ma=86400[\r][\n]"
15:08:21.102 [main] DEBUG org.apache.http.wire -- http-outgoing-17 << "[\r][\n]"
15:08:21.102 [main] DEBUG org.apache.http.wire -- http-outgoing-17 << "[0x1f][0x8b][0x8][0x0][0x0][0x0][0x0][0x0][0x0][0x3][0xa5][0x99]Kj[0x1b]A[0x10][0x86][0xef]2kG[0xea][0xae]g[0x97].[0x10][0xb2][0xc8][0x9][0xa2]`[0x1c]{pl[0xf0][0x3][0x8f][0xc][0x81][0x90][0xbb][0xa7][0x3]Y[0xc4][0xbb][0xc8][0xdf]J [0xf8][0xe8][0xea][0xaa][0xbf][0x1e]][0xf3]syX[0xb7][0xed][0xea]v][0xe]_[0x96][0xef][0xa7][0xd3][0xf3]v8[0xee][0x8f][0xfb][0xbb][0x87][0xf9][0xd7][0xb6][0xbb]y[0xba][0xdd]][0xaf]O[0xc7][0xfd][0xb7][0x97]u[0xbd][0xd9][0xe6][0xef][0xd3][0x8f][0xf5][0xe5][0xb8][0x97][0xd1][0x86][0xb4][0x96]=[0xf2][0xc3][0xc3][0xdd][0xe3][0xee][0xfe][0xf9]v[0xb9][0xf8][0xfc][0xd3][0xe7][0x8f][0x97][0xad]5y[0xf][0xa7]Zv.[0xf7][0xd8][0xa4][0xb7]ir]v[0x80][0xb6][0xa6][0x84][0x16])[0x82]+2=[0xcf][0xf6][0xf5][0x1b]:[0x89][0xcb][5d{)q[0xdc][0xc][0x1b]9}:[0x9e][0xb8][0xae]7[0xe2][0xb9][0xe9]y[0x84]wA[0xb6]wG[0xa7];[\n]"
15:08:21.102 [main] DEBUG org.apache.http.wire -- http-outgoing-17 << "[[0xf4]@[0xf8]H[0x82]#x4[0x86][0xa7][0x3][0x1c][0x85]\[0x4][0xa9]][0x90][0xe1][0xa9][0x83][0xe1]Do[0xaa][0xd6][0x8][0xee]B[0xe4][0xaa]NZ[0x8b]:[0xf1][0xbb]:Q[0xab][0x6][0xa2]Y[0xcc]u[0xb0][0x98][0x8f]"[0xa7][0x1b][0xab][0xce][0xd6][0x89][0xe0]l[0x16]w[0x84][0xa3][0x9b][0x7][0xaa][0xed][0x96][0x1d][0xe1][0x4][0xf6]N[0xa6][0x1]7T[0x1f]=H[0xc8]=[0xcf][0x9f][0x98][0xdf][0xe0][0xe8][0xe6][0xa8])[0x5][\n]"
15:08:21.102 [main] DEBUG org.apache.http.wire -- http-outgoing-17 << "x[0xa0][0xda][0x1a]h[0x8a][0x9]49[0x7][0xf3]Z[0x11][0xb9][0xa4][0x91][0x14]O[0xd4][0x15][0x12][0xdd]{[0xa0][0xea]R[0xe][0xd4][0xf2][0xe7]QKhtvo[0x84]FS[0x80]()M[0x82][0xa6][0x0]AEUl[0x10][0x1a][0xcd]m[0x12][\r][0xe4][0x98][0x4][0x99][0xfa]$[0x92]D,[0x88][0xe1]I[0xa6][0x7]I![0xd7]N2[0xa7]O[0x1a]4A[0xc9]b4[0x91][0xda][0xe8]$[0xbd][0x7]Y[0x1f]I[0x91][0xf7][0xb0][0x14][0x91][0xb9]6[0x1]Z[0xd3]9;[0x0]z[0xd6]5B;[0xb1]\[0x2]4A[0xd5][0x0]jQ-B[[0x3][0x19][0xaa]F[0xde]5[0xea][0x6][0x94]:;([0xa1][0x3]El[0x14][0xa1]I[0xc0][0xec][0x1d][0x9b][0xf8]iCt[0x82][0x14][0x9b][0x8f]`[0xe0]4[0xeb]$A[0xcd]H#2[0x1b][0xe4][0xde]1@9[0xb7]Tb[0xf9] R[0x1b][0xa4].Y[\r][0x10]no[0x6][0xfa][0x90][0x93][0xbd][0xea][0x1c]2A[0xb4][0x9d][0x84]k[0xc2]@*N4[0xee]F[0x6]=wR[0x10]=:x[0xf5]{[0x92][0x91][0xc5]+A[0x1b][0x89]F[0xde][0x14]AV[0xf0]![0xa4][0x8d][0x4][0xda])[0x86][0x91][0xcf][0xa3][0xe1][0x3][0x4][0x8c][0xf4][0xed][0x14][0xb2][0xac]H%[\r],[0x8d]L[0xf5]idY[0x91][0xe4][0xf5][0x99]@(9Hn[0x8e]N`[0xf2][0x1c][0x18]dm=[0xd0][0xc7][0xad]QD[0xe1][0xd5][0xc]T[0x85]B[0x3]^[0x91][0xae]"
15:08:21.102 [main] DEBUG org.apache.http.headers -- http-outgoing-17 << HTTP/1.1 200 OK
15:08:21.102 [main] DEBUG org.apache.http.headers -- http-outgoing-17 << Date: Tue, 22 Jul 2025 18:08:35 GMT
15:08:21.102 [main] DEBUG org.apache.http.headers -- http-outgoing-17 << Content-Type: application/json
15:08:21.102 [main] DEBUG org.apache.http.headers -- http-outgoing-17 << Content-Length: 621
15:08:21.102 [main] DEBUG org.apache.http.headers -- http-outgoing-17 << Connection: keep-alive
15:08:21.102 [main] DEBUG org.apache.http.headers -- http-outgoing-17 << Server: cloudflare
15:08:21.102 [main] DEBUG org.apache.http.headers -- http-outgoing-17 << X-Powered-By: PHP/8.1.32
15:08:21.102 [main] DEBUG org.apache.http.headers -- http-outgoing-17 << Access-Control-Allow-Origin: *
15:08:21.102 [main] DEBUG org.apache.http.headers -- http-outgoing-17 << Content-Encoding: gzip
15:08:21.102 [main] DEBUG org.apache.http.headers -- http-outgoing-17 << Via: 1.1 varnish (Varnish/6.3), 1.1 varnish (Varnish/6.3)
15:08:21.102 [main] DEBUG org.apache.http.headers -- http-outgoing-17 << Cache-Control: max-age=1800
15:08:21.102 [main] DEBUG org.apache.http.headers -- http-outgoing-17 << X-Cache-Age: 18269
15:08:21.102 [main] DEBUG org.apache.http.headers -- http-outgoing-17 << X-Cache-Hits: 5
15:08:21.102 [main] DEBUG org.apache.http.headers -- http-outgoing-17 << X-Cache: HIT
15:08:21.102 [main] DEBUG org.apache.http.headers -- http-outgoing-17 << Accept-Ranges: bytes
15:08:21.102 [main] DEBUG org.apache.http.headers -- http-outgoing-17 << Age: 0
15:08:21.102 [main] DEBUG org.apache.http.headers -- http-outgoing-17 << Vary: Accept-Encoding
15:08:21.102 [main] DEBUG org.apache.http.headers -- http-outgoing-17 << Nel: {"report_to":"cf-nel","success_fraction":0.0,"max_age":604800}
15:08:21.102 [main] DEBUG org.apache.http.headers -- http-outgoing-17 << Cf-Cache-Status: DYNAMIC
15:08:21.102 [main] DEBUG org.apache.http.headers -- http-outgoing-17 << Report-To: {"group":"cf-nel","max_age":604800,"endpoints":[{"url":"https://a.nel.cloudflare.com/report/v4?s=Lj5XhhqCH9ioVCayUpX54FyClIOPZKvqdRR%2BCz4ZUcm3MajVQRLtHffLRAtLgsvcTEhRxyKhgWCJSsgKqEXYb0KPiiy2CjU%3D"}]}
15:08:21.102 [main] DEBUG org.apache.http.headers -- http-outgoing-17 << CF-RAY: 9634e25ede595731-GRU
15:08:21.102 [main] DEBUG org.apache.http.headers -- http-outgoing-17 << alt-svc: h3=":443"; ma=86400
15:08:21.102 [main] DEBUG org.apache.http.impl.execchain.MainClientExec -- Connection can be kept alive indefinitely
15:08:21.102 [main] DEBUG org.apache.http.wire -- http-outgoing-17 << "[d[0xb5]S$[0xb5][0x8a][0xd4][0x84]J[0x1][0xad]k[0xf6][0x1e][0x90]\[0xf5][0xb7][0x1]|[0xbd]X[0xb6][0xd3][0xd5][0xe9]u[[0xe][0xcb][0xf6]z}[0xbd]n[0xdb][0xf2][0xeb]7[0x9a][0xd7][0xa6][0x9d]+$[0x0][0x0]"
15:08:21.102 [main] DEBUG org.apache.http.impl.conn.DefaultManagedHttpClientConnection -- http-outgoing-17: Close connection
15:08:21.116 [main] DEBUG org.apache.http.impl.execchain.MainClientExec -- Connection discarded
15:08:21.116 [main] DEBUG org.apache.http.impl.conn.PoolingHttpClientConnectionManager -- Connection released: [id: 17][route: {s}->https://dog.ceo:443][total available: 0; route allocated: 0 of 5; total allocated: 0 of 10]
15:08:21.116 [main] DEBUG org.apache.http.impl.conn.PoolingHttpClientConnectionManager -- Connection manager is shutting down
15:08:21.116 [main] DEBUG org.apache.http.impl.conn.PoolingHttpClientConnectionManager -- Connection manager shut down
15:08:21.116 [main] DEBUG com.intuit.karate -- response time in milliseconds: 247
1 < 200
1 < Date: Tue, 22 Jul 2025 18:08:35 GMT
1 < Content-Type: application/json
1 < Connection: keep-alive
1 < Server: cloudflare
1 < X-Powered-By: PHP/8.1.32
1 < Access-Control-Allow-Origin: *
1 < Via: 1.1 varnish (Varnish/6.3), 1.1 varnish (Varnish/6.3)
1 < Cache-Control: max-age=1800
1 < X-Cache-Age: 18269
1 < X-Cache-Hits: 5
1 < X-Cache: HIT
1 < Accept-Ranges: bytes
1 < Age: 0
1 < Vary: Accept-Encoding
1 < Nel: {"report_to":"cf-nel","success_fraction":0.0,"max_age":604800}
1 < Cf-Cache-Status: DYNAMIC
1 < Report-To: {"group":"cf-nel","max_age":604800,"endpoints":[{"url":"https://a.nel.cloudflare.com/report/v4?s=Lj5XhhqCH9ioVCayUpX54FyClIOPZKvqdRR%2BCz4ZUcm3MajVQRLtHffLRAtLgsvcTEhRxyKhgWCJSsgKqEXYb0KPiiy2CjU%3D"}]}
1 < CF-RAY: 9634e25ede595731-GRU
1 < alt-svc: h3=":443"; ma=86400
{"message":["https:\/\/images.dog.ceo\/breeds\/boxer\/28082007167-min.jpg","https:\/\/images.dog.ceo\/breeds\/boxer\/IMG_0002.jpg","https:\/\/images.dog.ceo\/breeds\/boxer\/IMG_3394.jpg","https:\/\/images.dog.ceo\/breeds\/boxer\/n02108089_1.jpg","https:\/\/images.dog.ceo\/breeds\/boxer\/n02108089_1003.jpg","https:\/\/images.dog.ceo\/breeds\/boxer\/n02108089_10229.jpg","https:\/\/images.dog.ceo\/breeds\/boxer\/n02108089_1031.jpg","https:\/\/images.dog.ceo\/breeds\/boxer\/n02108089_1072.jpg","https:\/\/images.dog.ceo\/breeds\/boxer\/n02108089_10774.jpg","https:\/\/images.dog.ceo\/breeds\/boxer\/n02108089_10901.jpg","https:\/\/images.dog.ceo\/breeds\/boxer\/n02108089_10939.jpg","https:\/\/images.dog.ceo\/breeds\/boxer\/n02108089_11001.jpg","https:\/\/images.dog.ceo\/breeds\/boxer\/n02108089_11032.jpg","https:\/\/images.dog.ceo\/breeds\/boxer\/n02108089_1104.jpg","https:\/\/images.dog.ceo\/breeds\/boxer\/n02108089_11074.jpg","https:\/\/images.dog.ceo\/breeds\/boxer\/n02108089_11122.jpg","https:\/\/images.dog.ceo\/breeds\/boxer\/n02108089_11154.jpg","https:\/\/images.dog.ceo\/breeds\/boxer\/n02108089_1159.jpg","https:\/\/images.dog.ceo\/breeds\/boxer\/n02108089_11616.jpg","https:\/\/images.dog.ceo\/breeds\/boxer\/n02108089_11687.jpg","https:\/\/images.dog.ceo\/breeds\/boxer\/n02108089_117.jpg","https:\/\/images.dog.ceo\/breeds\/boxer\/n02108089_11807.jpg","https:\/\/images.dog.ceo\/breeds\/boxer\/n02108089_11875.jpg","https:\/\/images.dog.ceo\/breeds\/boxer\/n02108089_122.jpg","https:\/\/images.dog.ceo\/breeds\/boxer\/n02108089_12232.jpg","https:\/\/images.dog.ceo\/breeds\/boxer\/n02108089_125.jpg","https:\/\/images.dog.ceo\/breeds\/boxer\/n02108089_12738.jpg","https:\/\/images.dog.ceo\/breeds\/boxer\/n02108089_12739.jpg","https:\/\/images.dog.ceo\/breeds\/boxer\/n02108089_13340.jpg","https:\/\/images.dog.ceo\/breeds\/boxer\/n02108089_13526.jpg","https:\/\/images.dog.ceo\/breeds\/boxer\/n02108089_1353.jpg","https:\/\/images.dog.ceo\/breeds\/boxer\/n02108089_1355.jpg","https:\/\/images.dog.ceo\/breeds\/boxer\/n02108089_1357.jpg","https:\/\/images.dog.ceo\/breeds\/boxer\/n02108089_1367.jpg","https:\/\/images.dog.ceo\/breeds\/boxer\/n02108089_13738.jpg","https:\/\/images.dog.ceo\/breeds\/boxer\/n02108089_13839.jpg","https:\/\/images.dog.ceo\/breeds\/boxer\/n02108089_13898.jpg","https:\/\/images.dog.ceo\/breeds\/boxer\/n02108089_14074.jpg","https:\/\/images.dog.ceo\/breeds\/boxer\/n02108089_1410.jpg","https:\/\/images.dog.ceo\/breeds\/boxer\/n02108089_14112.jpg","https:\/\/images.dog.ceo\/breeds\/boxer\/n02108089_1418.jpg","https:\/\/images.dog.ceo\/breeds\/boxer\/n02108089_14659.jpg","https:\/\/images.dog.ceo\/breeds\/boxer\/n02108089_14719.jpg","https:\/\/images.dog.ceo\/breeds\/boxer\/n02108089_149.jpg","https:\/\/images.dog.ceo\/breeds\/boxer\/n02108089_1511.jpg","https:\/\/images.dog.ceo\/breeds\/boxer\/n02108089_15432.jpg","https:\/\/images.dog.ceo\/breeds\/boxer\/n02108089_1560.jpg","https:\/\/images.dog.ceo\/breeds\/boxer\/n02108089_15702.jpg","https:\/\/images.dog.ceo\/breeds\/boxer\/n02108089_1571.jpg","https:\/\/images.dog.ceo\/breeds\/boxer\/n02108089_1575.jpg","https:\/\/images.dog.ceo\/breeds\/boxer\/n02108089_1619.jpg","https:\/\/images.dog.ceo\/breeds\/boxer\/n02108089_1626.jpg","https:\/\/images.dog.ceo\/breeds\/boxer\/n02108089_1654.jpg","https:\/\/images.dog.ceo\/breeds\/boxer\/n02108089_1672.jpg","https:\/\/images.dog.ceo\/breeds\/boxer\/n02108089_1675.jpg","https:\/\/images.dog.ceo\/breeds\/boxer\/n02108089_1690.jpg","https:\/\/images.dog.ceo\/breeds\/boxer\/n02108089_1748.jpg","https:\/\/images.dog.ceo\/breeds\/boxer\/n02108089_1757.jpg","https:\/\/images.dog.ceo\/breeds\/boxer\/n02108089_1775.jpg","https:\/\/images.dog.ceo\/breeds\/boxer\/n02108089_1859.jpg","https:\/\/images.dog.ceo\/breeds\/boxer\/n02108089_1956.jpg","https:\/\/images.dog.ceo\/breeds\/boxer\/n02108089_2007.jpg","https:\/\/images.dog.ceo\/breeds\/boxer\/n02108089_2056.jpg","https:\/\/images.dog.ceo\/breeds\/boxer\/n02108089_2106.jpg","https:\/\/images.dog.ceo\/breeds\/boxer\/n02108089_2355.jpg","https:\/\/images.dog.ceo\/breeds\/boxer\/n02108089_2360.jpg","https:\/\/images.dog.ceo\/breeds\/boxer\/n02108089_2367.jpg","https:\/\/images.dog.ceo\/breeds\/boxer\/n02108089_2432.jpg","https:\/\/images.dog.ceo\/breeds\/boxer\/n02108089_2482.jpg","https:\/\/images.dog.ceo\/breeds\/boxer\/n02108089_2526.jpg","https:\/\/images.dog.ceo\/breeds\/boxer\/n02108089_2608.jpg","https:\/\/images.dog.ceo\/breeds\/boxer\/n02108089_2653.jpg","https:\/\/images.dog.ceo\/breeds\/boxer\/n02108089_2670.jpg","https:\/\/images.dog.ceo\/breeds\/boxer\/n02108089_268.jpg","https:\/\/images.dog.ceo\/breeds\/boxer\/n02108089_2718.jpg","https:\/\/images.dog.ceo\/breeds\/boxer\/n02108089_2723.jpg","https:\/\/images.dog.ceo\/breeds\/boxer\/n02108089_2740.jpg","https:\/\/images.dog.ceo\/breeds\/boxer\/n02108089_2741.jpg","https:\/\/images.dog.ceo\/breeds\/boxer\/n02108089_2791.jpg","https:\/\/images.dog.ceo\/breeds\/boxer\/n02108089_2796.jpg","https:\/\/images.dog.ceo\/breeds\/boxer\/n02108089_2815.jpg","https:\/\/images.dog.ceo\/breeds\/boxer\/n02108089_2831.jpg","https:\/\/images.dog.ceo\/breeds\/boxer\/n02108089_2917.jpg","https:\/\/images.dog.ceo\/breeds\/boxer\/n02108089_2953.jpg","https:\/\/images.dog.ceo\/breeds\/boxer\/n02108089_3028.jpg","https:\/\/images.dog.ceo\/breeds\/boxer\/n02108089_3162.jpg","https:\/\/images.dog.ceo\/breeds\/boxer\/n02108089_3236.jpg","https:\/\/images.dog.ceo\/breeds\/boxer\/n02108089_3258.jpg","https:\/\/images.dog.ceo\/breeds\/boxer\/n02108089_3269.jpg","https:\/\/images.dog.ceo\/breeds\/boxer\/n02108089_3365.jpg","https:\/\/images.dog.ceo\/breeds\/boxer\/n02108089_3395.jpg","https:\/\/images.dog.ceo\/breeds\/boxer\/n02108089_3400.jpg","https:\/\/images.dog.ceo\/breeds\/boxer\/n02108089_3412.jpg","https:\/\/images.dog.ceo\/breeds\/boxer\/n02108089_3547.jpg","https:\/\/images.dog.ceo\/breeds\/boxer\/n02108089_3557.jpg","https:\/\/images.dog.ceo\/breeds\/boxer\/n02108089_3669.jpg","https:\/\/images.dog.ceo\/breeds\/boxer\/n02108089_3899.jpg","https:\/\/images.dog.ceo\/breeds\/boxer\/n02108089_395.jpg","https:\/\/images.dog.ceo\/breeds\/boxer\/n02108089_4002.jpg","https:\/\/images.dog.ceo\/breeds\/boxer\/n02108089_4042.jpg","https:\/\/images.dog.ceo\/breeds\/boxer\/n02108089_4076.jpg","https:\/\/images.dog.ceo\/breeds\/boxer\/n02108089_4119.jpg","https:\/\/images.dog.ceo\/breeds\/boxer\/n02108089_4158.jpg","https:\/\/images.dog.ceo\/breeds\/boxer\/n02108089_4440.jpg","https:\/\/images.dog.ceo\/breeds\/boxer\/n02108089_4486.jpg","https:\/\/images.dog.ceo\/breeds\/boxer\/n02108089_4681.jpg","https:\/\/images.dog.ceo\/breeds\/boxer\/n02108089_4730.jpg","https:\/\/images.dog.ceo\/breeds\/boxer\/n02108089_485.jpg","https:\/\/images.dog.ceo\/breeds\/boxer\/n02108089_4865.jpg","https:\/\/images.dog.ceo\/breeds\/boxer\/n02108089_4989.jpg","https:\/\/images.dog.ceo\/breeds\/boxer\/n02108089_5043.jpg","https:\/\/images.dog.ceo\/breeds\/boxer\/n02108089_522.jpg","https:\/\/images.dog.ceo\/breeds\/boxer\/n02108089_5266.jpg","https:\/\/images.dog.ceo\/breeds\/boxer\/n02108089_530.jpg","https:\/\/images.dog.ceo\/breeds\/boxer\/n02108089_5301.jpg","https:\/\/images.dog.ceo\/breeds\/boxer\/n02108089_540.jpg","https:\/\/images.dog.ceo\/breeds\/boxer\/n02108089_5423.jpg","https:\/\/images.dog.ceo\/breeds\/boxer\/n02108089_5599.jpg","https:\/\/images.dog.ceo\/breeds\/boxer\/n02108089_5614.jpg","https:\/\/images.dog.ceo\/breeds\/boxer\/n02108089_5753.jpg","https:\/\/images.dog.ceo\/breeds\/boxer\/n02108089_5977.jpg","https:\/\/images.dog.ceo\/breeds\/boxer\/n02108089_6008.jpg","https:\/\/images.dog.ceo\/breeds\/boxer\/n02108089_625.jpg","https:\/\/images.dog.ceo\/breeds\/boxer\/n02108089_6295.jpg","https:\/\/images.dog.ceo\/breeds\/boxer\/n02108089_6418.jpg","https:\/\/images.dog.ceo\/breeds\/boxer\/n02108089_6429.jpg","https:\/\/images.dog.ceo\/breeds\/boxer\/n02108089_6583.jpg","https:\/\/images.dog.ceo\/breeds\/boxer\/n02108089_69.jpg","https:\/\/images.dog.ceo\/breeds\/boxer\/n02108089_7259.jpg","https:\/\/images.dog.ceo\/breeds\/boxer\/n02108089_7319.jpg","https:\/\/images.dog.ceo\/breeds\/boxer\/n02108089_7431.jpg","https:\/\/images.dog.ceo\/breeds\/boxer\/n02108089_7456.jpg","https:\/\/images.dog.ceo\/breeds\/boxer\/n02108089_770.jpg","https:\/\/images.dog.ceo\/breeds\/boxer\/n02108089_78.jpg","https:\/\/images.dog.ceo\/breeds\/boxer\/n02108089_7853.jpg","https:\/\/images.dog.ceo\/breeds\/boxer\/n02108089_813.jpg","https:\/\/images.dog.ceo\/breeds\/boxer\/n02108089_836.jpg","https:\/\/images.dog.ceo\/breeds\/boxer\/n02108089_849.jpg","https:\/\/images.dog.ceo\/breeds\/boxer\/n02108089_8739.jpg","https:\/\/images.dog.ceo\/breeds\/boxer\/n02108089_8969.jpg","https:\/\/images.dog.ceo\/breeds\/boxer\/n02108089_9045.jpg","https:\/\/images.dog.ceo\/breeds\/boxer\/n02108089_9076.jpg","https:\/\/images.dog.ceo\/breeds\/boxer\/n02108089_922.jpg","https:\/\/images.dog.ceo\/breeds\/boxer\/n02108089_926.jpg","https:\/\/images.dog.ceo\/breeds\/boxer\/n02108089_931.jpg","https:\/\/images.dog.ceo\/breeds\/boxer\/n02108089_959.jpg","https:\/\/images.dog.ceo\/breeds\/boxer\/n02108089_9724.jpg","https:\/\/images.dog.ceo\/breeds\/boxer\/n02108089_9778.jpg","https:\/\/images.dog.ceo\/breeds\/boxer\/n02108089_995.jpg"],"status":"success"}

15:08:21.116 [main] DEBUG com.jayway.jsonpath.internal.path.CompiledPath -- Evaluating path: $['status']
15:08:21.118 [main] DEBUG com.jayway.jsonpath.internal.path.CompiledPath -- Evaluating path: $['message']
15:08:21.118 [main] DEBUG com.jayway.jsonpath.internal.path.CompiledPath -- Evaluating path: $['message']
15:08:21.131 [main] DEBUG org.thymeleaf.TemplateEngine -- [THYMELEAF] INITIALIZING TEMPLATE ENGINE
15:08:21.140 [main] DEBUG org.thymeleaf.TemplateEngine.CONFIG -- Initializing Thymeleaf Template engine configuration...
[THYMELEAF] TEMPLATE ENGINE CONFIGURATION:
[THYMELEAF] * Thymeleaf version: 3.1.2.RELEASE (built 2023-07-30T19:25:50+0000)
[THYMELEAF] * Cache Manager implementation: org.thymeleaf.cache.StandardCacheManager
[THYMELEAF] * Template resolvers:
[THYMELEAF]     * [1] com.intuit.karate.template.ResourceHtmlTemplateResolver
[THYMELEAF] * Message resolvers:
[THYMELEAF]     * org.thymeleaf.messageresolver.StandardMessageResolver
[THYMELEAF] * Link builders:
[THYMELEAF]     * org.thymeleaf.linkbuilder.StandardLinkBuilder
[THYMELEAF] * Dialect [1 of 2]: Standard (com.intuit.karate.template.KarateStandardDialect)
[THYMELEAF]     * Prefix: "th"
[THYMELEAF]     * Processors for Template Mode: HTML
[THYMELEAF]         * Element Tag Processors by [matching element and attribute name] [precedence]:
[THYMELEAF]             * [* {th:include,data-th-include}] [100]: org.thymeleaf.standard.processor.StandardIncludeTagProcessor
[THYMELEAF]             * [* {th:insert,data-th-insert}] [100]: org.thymeleaf.standard.processor.StandardInsertTagProcessor
[THYMELEAF]             * [* {th:replace,data-th-replace}] [100]: org.thymeleaf.standard.processor.StandardReplaceTagProcessor
[THYMELEAF]             * [* {th:each,data-th-each}] [200]: com.intuit.karate.template.KarateEachTagProcessor
[THYMELEAF]             * [* {th:switch,data-th-switch}] [250]: org.thymeleaf.standard.processor.StandardSwitchTagProcessor
[THYMELEAF]             * [* {th:case,data-th-case}] [275]: org.thymeleaf.standard.processor.StandardCaseTagProcessor
[THYMELEAF]             * [* {th:if,data-th-if}] [300]: org.thymeleaf.standard.processor.StandardIfTagProcessor
[THYMELEAF]             * [* {th:unless,data-th-unless}] [400]: org.thymeleaf.standard.processor.StandardUnlessTagProcessor
[THYMELEAF]             * [* {th:object,data-th-object}] [500]: org.thymeleaf.standard.processor.StandardObjectTagProcessor
[THYMELEAF]             * [* {th:with,data-th-with}] [600]: com.intuit.karate.template.KarateWithTagProcessor
[THYMELEAF]             * [* {th:attr,data-th-attr}] [700]: com.intuit.karate.template.KarateAttributeTagProcessor.KarateAttrTagProcessor
[THYMELEAF]             * [* {th:attrappend,data-th-attrappend}] [900]: com.intuit.karate.template.KarateAttributeTagProcessor.KarateAttrappendTagProcessor
[THYMELEAF]             * [* {th:attrprepend,data-th-attrprepend}] [900]: com.intuit.karate.template.KarateAttributeTagProcessor.KarateAttrprependTagProcessor
[THYMELEAF]             * [* {th:alt-title,data-th-alt-title}] [990]: org.thymeleaf.standard.processor.StandardAltTitleTagProcessor
[THYMELEAF]             * [* {th:lang-xmllang,data-th-lang-xmllang}] [990]: org.thymeleaf.standard.processor.StandardLangXmlLangTagProcessor
[THYMELEAF]             * [* {th:action,data-th-action}] [1000]: org.thymeleaf.standard.processor.StandardActionTagProcessor
[THYMELEAF]             * [* {th:autoplay,data-th-autoplay}] [1000]: org.thymeleaf.standard.processor.StandardConditionalFixedValueTagProcessor
[THYMELEAF]             * [* {th:autofocus,data-th-autofocus}] [1000]: org.thymeleaf.standard.processor.StandardConditionalFixedValueTagProcessor
[THYMELEAF]             * [* {th:multiple,data-th-multiple}] [1000]: org.thymeleaf.standard.processor.StandardConditionalFixedValueTagProcessor
[THYMELEAF]             * [* {th:default,data-th-default}] [1000]: org.thymeleaf.standard.processor.StandardConditionalFixedValueTagProcessor
[THYMELEAF]             * [* {th:ismap,data-th-ismap}] [1000]: org.thymeleaf.standard.processor.StandardConditionalFixedValueTagProcessor
[THYMELEAF]             * [* {th:novalidate,data-th-novalidate}] [1000]: org.thymeleaf.standard.processor.StandardConditionalFixedValueTagProcessor
[THYMELEAF]             * [* {th:readonly,data-th-readonly}] [1000]: org.thymeleaf.standard.processor.StandardConditionalFixedValueTagProcessor
[THYMELEAF]             * [* {th:scoped,data-th-scoped}] [1000]: org.thymeleaf.standard.processor.StandardConditionalFixedValueTagProcessor
[THYMELEAF]             * [* {th:pubdate,data-th-pubdate}] [1000]: org.thymeleaf.standard.processor.StandardConditionalFixedValueTagProcessor
[THYMELEAF]             * [* {th:open,data-th-open}] [1000]: org.thymeleaf.standard.processor.StandardConditionalFixedValueTagProcessor
[THYMELEAF]             * [* {th:reversed,data-th-reversed}] [1000]: org.thymeleaf.standard.processor.StandardConditionalFixedValueTagProcessor
[THYMELEAF]             * [* {th:checked,data-th-checked}] [1000]: org.thymeleaf.standard.processor.StandardConditionalFixedValueTagProcessor
[THYMELEAF]             * [* {th:disabled,data-th-disabled}] [1000]: org.thymeleaf.standard.processor.StandardConditionalFixedValueTagProcessor
[THYMELEAF]             * [* {th:hidden,data-th-hidden}] [1000]: org.thymeleaf.standard.processor.StandardConditionalFixedValueTagProcessor
[THYMELEAF]             * [* {th:async,data-th-async}] [1000]: org.thymeleaf.standard.processor.StandardConditionalFixedValueTagProcessor
[THYMELEAF]             * [* {th:nowrap,data-th-nowrap}] [1000]: org.thymeleaf.standard.processor.StandardConditionalFixedValueTagProcessor
[THYMELEAF]             * [* {th:defer,data-th-defer}] [1000]: org.thymeleaf.standard.processor.StandardConditionalFixedValueTagProcessor
[THYMELEAF]             * [* {th:required,data-th-required}] [1000]: org.thymeleaf.standard.processor.StandardConditionalFixedValueTagProcessor
[THYMELEAF]             * [* {th:selected,data-th-selected}] [1000]: org.thymeleaf.standard.processor.StandardConditionalFixedValueTagProcessor
[THYMELEAF]             * [* {th:controls,data-th-controls}] [1000]: org.thymeleaf.standard.processor.StandardConditionalFixedValueTagProcessor
[THYMELEAF]             * [* {th:declare,data-th-declare}] [1000]: org.thymeleaf.standard.processor.StandardConditionalFixedValueTagProcessor
[THYMELEAF]             * [* {th:formnovalidate,data-th-formnovalidate}] [1000]: org.thymeleaf.standard.processor.StandardConditionalFixedValueTagProcessor
[THYMELEAF]             * [* {th:seamless,data-th-seamless}] [1000]: org.thymeleaf.standard.processor.StandardConditionalFixedValueTagProcessor
[THYMELEAF]             * [* {th:loop,data-th-loop}] [1000]: org.thymeleaf.standard.processor.StandardConditionalFixedValueTagProcessor
[THYMELEAF]             * [* {th:ondragleave,data-th-ondragleave}] [1000]: org.thymeleaf.standard.processor.StandardDOMEventAttributeTagProcessor
[THYMELEAF]             * [* {th:onformchange,data-th-onformchange}] [1000]: org.thymeleaf.standard.processor.StandardDOMEventAttributeTagProcessor
[THYMELEAF]             * [* {th:onmessage,data-th-onmessage}] [1000]: org.thymeleaf.standard.processor.StandardDOMEventAttributeTagProcessor
[THYMELEAF]             * [* {th:onstorage,data-th-onstorage}] [1000]: org.thymeleaf.standard.processor.StandardDOMEventAttributeTagProcessor
[THYMELEAF]             * [* {th:onmouseout,data-th-onmouseout}] [1000]: org.thymeleaf.standard.processor.StandardDOMEventAttributeTagProcessor
[THYMELEAF]             * [* {th:onloadedmetadata,data-th-onloadedmetadata}] [1000]: org.thymeleaf.standard.processor.StandardDOMEventAttributeTagProcessor
[THYMELEAF]             * [* {th:onloadstart,data-th-onloadstart}] [1000]: org.thymeleaf.standard.processor.StandardDOMEventAttributeTagProcessor
[THYMELEAF]             * [* {th:ondragenter,data-th-ondragenter}] [1000]: org.thymeleaf.standard.processor.StandardDOMEventAttributeTagProcessor
[THYMELEAF]             * [* {th:onmousewheel,data-th-onmousewheel}] [1000]: org.thymeleaf.standard.processor.StandardDOMEventAttributeTagProcessor
[THYMELEAF]             * [* {th:ontimeupdate,data-th-ontimeupdate}] [1000]: org.thymeleaf.standard.processor.StandardDOMEventAttributeTagProcessor
[THYMELEAF]             * [* {th:onwaiting,data-th-onwaiting}] [1000]: org.thymeleaf.standard.processor.StandardDOMEventAttributeTagProcessor
[THYMELEAF]             * [* {th:ondblclick,data-th-ondblclick}] [1000]: org.thymeleaf.standard.processor.StandardDOMEventAttributeTagProcessor
[THYMELEAF]             * [* {th:ondrag,data-th-ondrag}] [1000]: org.thymeleaf.standard.processor.StandardDOMEventAttributeTagProcessor
[THYMELEAF]             * [* {th:onredo,data-th-onredo}] [1000]: org.thymeleaf.standard.processor.StandardDOMEventAttributeTagProcessor
[THYMELEAF]             * [* {th:onreset,data-th-onreset}] [1000]: org.thymeleaf.standard.processor.StandardDOMEventAttributeTagProcessor
[THYMELEAF]             * [* {th:onkeyup,data-th-onkeyup}] [1000]: org.thymeleaf.standard.processor.StandardDOMEventAttributeTagProcessor
[THYMELEAF]             * [* {th:onplaying,data-th-onplaying}] [1000]: org.thymeleaf.standard.processor.StandardDOMEventAttributeTagProcessor
[THYMELEAF]             * [* {th:onerror,data-th-onerror}] [1000]: org.thymeleaf.standard.processor.StandardDOMEventAttributeTagProcessor
[THYMELEAF]             * [* {th:onseeked,data-th-onseeked}] [1000]: org.thymeleaf.standard.processor.StandardDOMEventAttributeTagProcessor
[THYMELEAF]             * [* {th:onratechange,data-th-onratechange}] [1000]: org.thymeleaf.standard.processor.StandardDOMEventAttributeTagProcessor
[THYMELEAF]             * [* {th:onselect,data-th-onselect}] [1000]: org.thymeleaf.standard.processor.StandardDOMEventAttributeTagProcessor
[THYMELEAF]             * [* {th:onunload,data-th-onunload}] [1000]: org.thymeleaf.standard.processor.StandardDOMEventAttributeTagProcessor
[THYMELEAF]             * [* {th:onfocus,data-th-onfocus}] [1000]: org.thymeleaf.standard.processor.StandardDOMEventAttributeTagProcessor
[THYMELEAF]             * [* {th:onbeforeunload,data-th-onbeforeunload}] [1000]: org.thymeleaf.standard.processor.StandardDOMEventAttributeTagProcessor
[THYMELEAF]             * [* {th:onseeking,data-th-onseeking}] [1000]: org.thymeleaf.standard.processor.StandardDOMEventAttributeTagProcessor
[THYMELEAF]             * [* {th:onstalled,data-th-onstalled}] [1000]: org.thymeleaf.standard.processor.StandardDOMEventAttributeTagProcessor
[THYMELEAF]             * [* {th:onoffline,data-th-onoffline}] [1000]: org.thymeleaf.standard.processor.StandardDOMEventAttributeTagProcessor
[THYMELEAF]             * [* {th:onmouseover,data-th-onmouseover}] [1000]: org.thymeleaf.standard.processor.StandardDOMEventAttributeTagProcessor
[THYMELEAF]             * [* {th:onvolumechange,data-th-onvolumechange}] [1000]: org.thymeleaf.standard.processor.StandardDOMEventAttributeTagProcessor
[THYMELEAF]             * [* {th:onblur,data-th-onblur}] [1000]: org.thymeleaf.standard.processor.StandardDOMEventAttributeTagProcessor
[THYMELEAF]             * [* {th:onchange,data-th-onchange}] [1000]: org.thymeleaf.standard.processor.StandardDOMEventAttributeTagProcessor
[THYMELEAF]             * [* {th:ondragend,data-th-ondragend}] [1000]: org.thymeleaf.standard.processor.StandardDOMEventAttributeTagProcessor
[THYMELEAF]             * [* {th:onhashchange,data-th-onhashchange}] [1000]: org.thymeleaf.standard.processor.StandardDOMEventAttributeTagProcessor
[THYMELEAF]             * [* {th:onplay,data-th-onplay}] [1000]: org.thymeleaf.standard.processor.StandardDOMEventAttributeTagProcessor
[THYMELEAF]             * [* {th:onclick,data-th-onclick}] [1000]: org.thymeleaf.standard.processor.StandardDOMEventAttributeTagProcessor
[THYMELEAF]             * [* {th:onbeforeprint,data-th-onbeforeprint}] [1000]: org.thymeleaf.standard.processor.StandardDOMEventAttributeTagProcessor
[THYMELEAF]             * [* {th:onkeypress,data-th-onkeypress}] [1000]: org.thymeleaf.standard.processor.StandardDOMEventAttributeTagProcessor
[THYMELEAF]             * [* {th:onscroll,data-th-onscroll}] [1000]: org.thymeleaf.standard.processor.StandardDOMEventAttributeTagProcessor
[THYMELEAF]             * [* {th:oninput,data-th-oninput}] [1000]: org.thymeleaf.standard.processor.StandardDOMEventAttributeTagProcessor
[THYMELEAF]             * [* {th:ondragover,data-th-ondragover}] [1000]: org.thymeleaf.standard.processor.StandardDOMEventAttributeTagProcessor
[THYMELEAF]             * [* {th:oninvalid,data-th-oninvalid}] [1000]: org.thymeleaf.standard.processor.StandardDOMEventAttributeTagProcessor
[THYMELEAF]             * [* {th:onundo,data-th-onundo}] [1000]: org.thymeleaf.standard.processor.StandardDOMEventAttributeTagProcessor
[THYMELEAF]             * [* {th:onmouseup,data-th-onmouseup}] [1000]: org.thymeleaf.standard.processor.StandardDOMEventAttributeTagProcessor
[THYMELEAF]             * [* {th:ononline,data-th-ononline}] [1000]: org.thymeleaf.standard.processor.StandardDOMEventAttributeTagProcessor
[THYMELEAF]             * [* {th:onmousemove,data-th-onmousemove}] [1000]: org.thymeleaf.standard.processor.StandardDOMEventAttributeTagProcessor
[THYMELEAF]             * [* {th:onkeydown,data-th-onkeydown}] [1000]: org.thymeleaf.standard.processor.StandardDOMEventAttributeTagProcessor
[THYMELEAF]             * [* {th:onresize,data-th-onresize}] [1000]: org.thymeleaf.standard.processor.StandardDOMEventAttributeTagProcessor
[THYMELEAF]             * [* {th:onreadystatechange,data-th-onreadystatechange}] [1000]: org.thymeleaf.standard.processor.StandardDOMEventAttributeTagProcessor
[THYMELEAF]             * [* {th:onload,data-th-onload}] [1000]: org.thymeleaf.standard.processor.StandardDOMEventAttributeTagProcessor
[THYMELEAF]             * [* {th:onprogress,data-th-onprogress}] [1000]: org.thymeleaf.standard.processor.StandardDOMEventAttributeTagProcessor
[THYMELEAF]             * [* {th:onmousedown,data-th-onmousedown}] [1000]: org.thymeleaf.standard.processor.StandardDOMEventAttributeTagProcessor
[THYMELEAF]             * [* {th:onforminput,data-th-onforminput}] [1000]: org.thymeleaf.standard.processor.StandardDOMEventAttributeTagProcessor
[THYMELEAF]             * [* {th:ondrop,data-th-ondrop}] [1000]: org.thymeleaf.standard.processor.StandardDOMEventAttributeTagProcessor
[THYMELEAF]             * [* {th:onabort,data-th-onabort}] [1000]: org.thymeleaf.standard.processor.StandardDOMEventAttributeTagProcessor
[THYMELEAF]             * [* {th:ondragstart,data-th-ondragstart}] [1000]: org.thymeleaf.standard.processor.StandardDOMEventAttributeTagProcessor
[THYMELEAF]             * [* {th:onloadeddata,data-th-onloadeddata}] [1000]: org.thymeleaf.standard.processor.StandardDOMEventAttributeTagProcessor
[THYMELEAF]             * [* {th:oncanplaythrough,data-th-oncanplaythrough}] [1000]: org.thymeleaf.standard.processor.StandardDOMEventAttributeTagProcessor
[THYMELEAF]             * [* {th:onsubmit,data-th-onsubmit}] [1000]: org.thymeleaf.standard.processor.StandardDOMEventAttributeTagProcessor
[THYMELEAF]             * [* {th:onpause,data-th-onpause}] [1000]: org.thymeleaf.standard.processor.StandardDOMEventAttributeTagProcessor
[THYMELEAF]             * [* {th:ondurationchange,data-th-ondurationchange}] [1000]: org.thymeleaf.standard.processor.StandardDOMEventAttributeTagProcessor
[THYMELEAF]             * [* {th:onafterprint,data-th-onafterprint}] [1000]: org.thymeleaf.standard.processor.StandardDOMEventAttributeTagProcessor
[THYMELEAF]             * [* {th:oncanplay,data-th-oncanplay}] [1000]: org.thymeleaf.standard.processor.StandardDOMEventAttributeTagProcessor
[THYMELEAF]             * [* {th:onshow,data-th-onshow}] [1000]: org.thymeleaf.standard.processor.StandardDOMEventAttributeTagProcessor
[THYMELEAF]             * [* {th:onended,data-th-onended}] [1000]: org.thymeleaf.standard.processor.StandardDOMEventAttributeTagProcessor
[THYMELEAF]             * [* {th:onpopstate,data-th-onpopstate}] [1000]: org.thymeleaf.standard.processor.StandardDOMEventAttributeTagProcessor
[THYMELEAF]             * [* {th:oncontextmenu,data-th-oncontextmenu}] [1000]: org.thymeleaf.standard.processor.StandardDOMEventAttributeTagProcessor
[THYMELEAF]             * [* {th:onemptied,data-th-onemptied}] [1000]: org.thymeleaf.standard.processor.StandardDOMEventAttributeTagProcessor
[THYMELEAF]             * [* {th:onsuspend,data-th-onsuspend}] [1000]: org.thymeleaf.standard.processor.StandardDOMEventAttributeTagProcessor
[THYMELEAF]             * [* {th:href,data-th-href}] [1000]: org.thymeleaf.standard.processor.StandardHrefTagProcessor
[THYMELEAF]             * [* {th:inline,data-th-inline}] [1000]: org.thymeleaf.standard.processor.StandardInlineHTMLTagProcessor
[THYMELEAF]             * [* {th:method,data-th-method}] [1000]: org.thymeleaf.standard.processor.StandardMethodTagProcessor
[THYMELEAF]             * [* {th:type,data-th-type}] [1000]: org.thymeleaf.standard.processor.StandardNonRemovableAttributeTagProcessor
[THYMELEAF]             * [* {th:name,data-th-name}] [1000]: org.thymeleaf.standard.processor.StandardNonRemovableAttributeTagProcessor
[THYMELEAF]             * [* {th:manifest,data-th-manifest}] [1000]: org.thymeleaf.standard.processor.StandardRemovableAttributeTagProcessor
[THYMELEAF]             * [* {th:hspace,data-th-hspace}] [1000]: org.thymeleaf.standard.processor.StandardRemovableAttributeTagProcessor
[THYMELEAF]             * [* {th:compact,data-th-compact}] [1000]: org.thymeleaf.standard.processor.StandardRemovableAttributeTagProcessor
[THYMELEAF]             * [* {th:rules,data-th-rules}] [1000]: org.thymeleaf.standard.processor.StandardRemovableAttributeTagProcessor
[THYMELEAF]             * [* {th:start,data-th-start}] [1000]: org.thymeleaf.standard.processor.StandardRemovableAttributeTagProcessor
[THYMELEAF]             * [* {th:scope,data-th-scope}] [1000]: org.thymeleaf.standard.processor.StandardRemovableAttributeTagProcessor
[THYMELEAF]             * [* {th:headers,data-th-headers}] [1000]: org.thymeleaf.standard.processor.StandardRemovableAttributeTagProcessor
[THYMELEAF]             * [* {th:background,data-th-background}] [1000]: org.thymeleaf.standard.processor.StandardRemovableAttributeTagProcessor
[THYMELEAF]             * [* {th:srclang,data-th-srclang}] [1000]: org.thymeleaf.standard.processor.StandardRemovableAttributeTagProcessor
[THYMELEAF]             * [* {th:longdesc,data-th-longdesc}] [1000]: org.thymeleaf.standard.processor.StandardRemovableAttributeTagProcessor
[THYMELEAF]             * [* {th:low,data-th-low}] [1000]: org.thymeleaf.standard.processor.StandardRemovableAttributeTagProcessor
[THYMELEAF]             * [* {th:frameborder,data-th-frameborder}] [1000]: org.thymeleaf.standard.processor.StandardRemovableAttributeTagProcessor
[THYMELEAF]             * [* {th:sizes,data-th-sizes}] [1000]: org.thymeleaf.standard.processor.StandardRemovableAttributeTagProcessor
[THYMELEAF]             * [* {th:frame,data-th-frame}] [1000]: org.thymeleaf.standard.processor.StandardRemovableAttributeTagProcessor
[THYMELEAF]             * [* {th:draggable,data-th-draggable}] [1000]: org.thymeleaf.standard.processor.StandardRemovableAttributeTagProcessor
[THYMELEAF]             * [* {th:codetype,data-th-codetype}] [1000]: org.thymeleaf.standard.processor.StandardRemovableAttributeTagProcessor
[THYMELEAF]             * [* {th:width,data-th-width}] [1000]: org.thymeleaf.standard.processor.StandardRemovableAttributeTagProcessor
[THYMELEAF]             * [* {th:step,data-th-step}] [1000]: org.thymeleaf.standard.processor.StandardRemovableAttributeTagProcessor
[THYMELEAF]             * [* {th:size,data-th-size}] [1000]: org.thymeleaf.standard.processor.StandardRemovableAttributeTagProcessor
[THYMELEAF]             * [* {th:border,data-th-border}] [1000]: org.thymeleaf.standard.processor.StandardRemovableAttributeTagProcessor
[THYMELEAF]             * [* {th:rows,data-th-rows}] [1000]: org.thymeleaf.standard.processor.StandardRemovableAttributeTagProcessor
[THYMELEAF]             * [* {th:classid,data-th-classid}] [1000]: org.thymeleaf.standard.processor.StandardRemovableAttributeTagProcessor
[THYMELEAF]             * [* {th:codebase,data-th-codebase}] [1000]: org.thymeleaf.standard.processor.StandardRemovableAttributeTagProcessor
[THYMELEAF]             * [* {th:list,data-th-list}] [1000]: org.thymeleaf.standard.processor.StandardRemovableAttributeTagProcessor
[THYMELEAF]             * [* {th:label,data-th-label}] [1000]: org.thymeleaf.standard.processor.StandardRemovableAttributeTagProcessor
[THYMELEAF]             * [* {th:target,data-th-target}] [1000]: org.thymeleaf.standard.processor.StandardRemovableAttributeTagProcessor
[THYMELEAF]             * [* {th:marginwidth,data-th-marginwidth}] [1000]: org.thymeleaf.standard.processor.StandardRemovableAttributeTagProcessor
[THYMELEAF]             * [* {th:content,data-th-content}] [1000]: org.thymeleaf.standard.processor.StandardRemovableAttributeTagProcessor
[THYMELEAF]             * [* {th:media,data-th-media}] [1000]: org.thymeleaf.standard.processor.StandardRemovableAttributeTagProcessor
[THYMELEAF]             * [* {th:min,data-th-min}] [1000]: org.thymeleaf.standard.processor.StandardRemovableAttributeTagProcessor
[THYMELEAF]             * [* {th:class,data-th-class}] [1000]: org.thymeleaf.standard.processor.StandardRemovableAttributeTagProcessor
[THYMELEAF]             * [* {th:spellcheck,data-th-spellcheck}] [1000]: org.thymeleaf.standard.processor.StandardRemovableAttributeTagProcessor
[THYMELEAF]             * [* {th:cols,data-th-cols}] [1000]: org.thymeleaf.standard.processor.StandardRemovableAttributeTagProcessor
[THYMELEAF]             * [* {th:charset,data-th-charset}] [1000]: org.thymeleaf.standard.processor.StandardRemovableAttributeTagProcessor
[THYMELEAF]             * [* {th:dropzone,data-th-dropzone}] [1000]: org.thymeleaf.standard.processor.StandardRemovableAttributeTagProcessor
[THYMELEAF]             * [* {th:icon,data-th-icon}] [1000]: org.thymeleaf.standard.processor.StandardRemovableAttributeTagProcessor
[THYMELEAF]             * [* {th:contextmenu,data-th-contextmenu}] [1000]: org.thymeleaf.standard.processor.StandardRemovableAttributeTagProcessor
[THYMELEAF]             * [* {th:high,data-th-high}] [1000]: org.thymeleaf.standard.processor.StandardRemovableAttributeTagProcessor
[THYMELEAF]             * [* {th:vspace,data-th-vspace}] [1000]: org.thymeleaf.standard.processor.StandardRemovableAttributeTagProcessor
[THYMELEAF]             * [* {th:for,data-th-for}] [1000]: org.thymeleaf.standard.processor.StandardRemovableAttributeTagProcessor
[THYMELEAF]             * [* {th:hreflang,data-th-hreflang}] [1000]: org.thymeleaf.standard.processor.StandardRemovableAttributeTagProcessor
[THYMELEAF]             * [* {th:axis,data-th-axis}] [1000]: org.thymeleaf.standard.processor.StandardRemovableAttributeTagProcessor
[THYMELEAF]             * [* {th:form,data-th-form}] [1000]: org.thymeleaf.standard.processor.StandardRemovableAttributeTagProcessor
[THYMELEAF]             * [* {th:style,data-th-style}] [1000]: org.thymeleaf.standard.processor.StandardRemovableAttributeTagProcessor
[THYMELEAF]             * [* {th:formtarget,data-th-formtarget}] [1000]: org.thymeleaf.standard.processor.StandardRemovableAttributeTagProcessor
[THYMELEAF]             * [* {th:bgcolor,data-th-bgcolor}] [1000]: org.thymeleaf.standard.processor.StandardRemovableAttributeTagProcessor
[THYMELEAF]             * [* {th:http-equiv,data-th-http-equiv}] [1000]: org.thymeleaf.standard.processor.StandardRemovableAttributeTagProcessor
[THYMELEAF]             * [* {th:keytype,data-th-keytype}] [1000]: org.thymeleaf.standard.processor.StandardRemovableAttributeTagProcessor
[THYMELEAF]             * [* {th:rev,data-th-rev}] [1000]: org.thymeleaf.standard.processor.StandardRemovableAttributeTagProcessor
[THYMELEAF]             * [* {th:cite,data-th-cite}] [1000]: org.thymeleaf.standard.processor.StandardRemovableAttributeTagProcessor
[THYMELEAF]             * [* {th:maxlength,data-th-maxlength}] [1000]: org.thymeleaf.standard.processor.StandardRemovableAttributeTagProcessor
[THYMELEAF]             * [* {th:challenge,data-th-challenge}] [1000]: org.thymeleaf.standard.processor.StandardRemovableAttributeTagProcessor
[THYMELEAF]             * [* {th:scrolling,data-th-scrolling}] [1000]: org.thymeleaf.standard.processor.StandardRemovableAttributeTagProcessor
[THYMELEAF]             * [* {th:height,data-th-height}] [1000]: org.thymeleaf.standard.processor.StandardRemovableAttributeTagProcessor
[THYMELEAF]             * [* {th:optimum,data-th-optimum}] [1000]: org.thymeleaf.standard.processor.StandardRemovableAttributeTagProcessor
[THYMELEAF]             * [* {th:rel,data-th-rel}] [1000]: org.thymeleaf.standard.processor.StandardRemovableAttributeTagProcessor
[THYMELEAF]             * [* {th:cellpadding,data-th-cellpadding}] [1000]: org.thymeleaf.standard.processor.StandardRemovableAttributeTagProcessor
[THYMELEAF]             * [* {th:accept,data-th-accept}] [1000]: org.thymeleaf.standard.processor.StandardRemovableAttributeTagProcessor
[THYMELEAF]             * [* {th:datetime,data-th-datetime}] [1000]: org.thymeleaf.standard.processor.StandardRemovableAttributeTagProcessor
[THYMELEAF]             * [* {th:formenctype,data-th-formenctype}] [1000]: org.thymeleaf.standard.processor.StandardRemovableAttributeTagProcessor
[THYMELEAF]             * [* {th:alt,data-th-alt}] [1000]: org.thymeleaf.standard.processor.StandardRemovableAttributeTagProcessor
[THYMELEAF]             * [* {th:colspan,data-th-colspan}] [1000]: org.thymeleaf.standard.processor.StandardRemovableAttributeTagProcessor
[THYMELEAF]             * [* {th:enctype,data-th-enctype}] [1000]: org.thymeleaf.standard.processor.StandardRemovableAttributeTagProcessor
[THYMELEAF]             * [* {th:lang,data-th-lang}] [1000]: org.thymeleaf.standard.processor.StandardRemovableAttributeTagProcessor
[THYMELEAF]             * [* {th:pattern,data-th-pattern}] [1000]: org.thymeleaf.standard.processor.StandardRemovableAttributeTagProcessor
[THYMELEAF]             * [* {th:rowspan,data-th-rowspan}] [1000]: org.thymeleaf.standard.processor.StandardRemovableAttributeTagProcessor
[THYMELEAF]             * [* {th:dir,data-th-dir}] [1000]: org.thymeleaf.standard.processor.StandardRemovableAttributeTagProcessor
[THYMELEAF]             * [* {th:cellspacing,data-th-cellspacing}] [1000]: org.thymeleaf.standard.processor.StandardRemovableAttributeTagProcessor
[THYMELEAF]             * [* {th:marginheight,data-th-marginheight}] [1000]: org.thymeleaf.standard.processor.StandardRemovableAttributeTagProcessor
[THYMELEAF]             * [* {th:wrap,data-th-wrap}] [1000]: org.thymeleaf.standard.processor.StandardRemovableAttributeTagProcessor
[THYMELEAF]             * [* {th:summary,data-th-summary}] [1000]: org.thymeleaf.standard.processor.StandardRemovableAttributeTagProcessor
[THYMELEAF]             * [* {th:data,data-th-data}] [1000]: org.thymeleaf.standard.processor.StandardRemovableAttributeTagProcessor
[THYMELEAF]             * [* {th:preload,data-th-preload}] [1000]: org.thymeleaf.standard.processor.StandardRemovableAttributeTagProcessor
[THYMELEAF]             * [* {th:contenteditable,data-th-contenteditable}] [1000]: org.thymeleaf.standard.processor.StandardRemovableAttributeTagProcessor
[THYMELEAF]             * [* {th:usemap,data-th-usemap}] [1000]: org.thymeleaf.standard.processor.StandardRemovableAttributeTagProcessor
[THYMELEAF]             * [* {th:align,data-th-align}] [1000]: org.thymeleaf.standard.processor.StandardRemovableAttributeTagProcessor
[THYMELEAF]             * [* {th:archive,data-th-archive}] [1000]: org.thymeleaf.standard.processor.StandardRemovableAttributeTagProcessor
[THYMELEAF]             * [* {th:valuetype,data-th-valuetype}] [1000]: org.thymeleaf.standard.processor.StandardRemovableAttributeTagProcessor
[THYMELEAF]             * [* {th:abbr,data-th-abbr}] [1000]: org.thymeleaf.standard.processor.StandardRemovableAttributeTagProcessor
[THYMELEAF]             * [* {th:scheme,data-th-scheme}] [1000]: org.thymeleaf.standard.processor.StandardRemovableAttributeTagProcessor
[THYMELEAF]             * [* {th:accept-charset,data-th-accept-charset}] [1000]: org.thymeleaf.standard.processor.StandardRemovableAttributeTagProcessor
[THYMELEAF]             * [* {th:autocomplete,data-th-autocomplete}] [1000]: org.thymeleaf.standard.processor.StandardRemovableAttributeTagProcessor
[THYMELEAF]             * [* {th:span,data-th-span}] [1000]: org.thymeleaf.standard.processor.StandardRemovableAttributeTagProcessor
[THYMELEAF]             * [* {th:poster,data-th-poster}] [1000]: org.thymeleaf.standard.processor.StandardRemovableAttributeTagProcessor
[THYMELEAF]             * [* {th:accesskey,data-th-accesskey}] [1000]: org.thymeleaf.standard.processor.StandardRemovableAttributeTagProcessor
[THYMELEAF]             * [* {th:radiogroup,data-th-radiogroup}] [1000]: org.thymeleaf.standard.processor.StandardRemovableAttributeTagProcessor
[THYMELEAF]             * [* {th:standby,data-th-standby}] [1000]: org.thymeleaf.standard.processor.StandardRemovableAttributeTagProcessor
[THYMELEAF]             * [* {th:max,data-th-max}] [1000]: org.thymeleaf.standard.processor.StandardRemovableAttributeTagProcessor
[THYMELEAF]             * [* {th:title,data-th-title}] [1000]: org.thymeleaf.standard.processor.StandardRemovableAttributeTagProcessor
[THYMELEAF]             * [* {th:sandbox,data-th-sandbox}] [1000]: org.thymeleaf.standard.processor.StandardRemovableAttributeTagProcessor
[THYMELEAF]             * [* {th:formaction,data-th-formaction}] [1000]: org.thymeleaf.standard.processor.StandardRemovableAttributeTagProcessor
[THYMELEAF]             * [* {th:placeholder,data-th-placeholder}] [1000]: org.thymeleaf.standard.processor.StandardRemovableAttributeTagProcessor
[THYMELEAF]             * [* {th:tabindex,data-th-tabindex}] [1000]: org.thymeleaf.standard.processor.StandardRemovableAttributeTagProcessor
[THYMELEAF]             * [* {th:kind,data-th-kind}] [1000]: org.thymeleaf.standard.processor.StandardRemovableAttributeTagProcessor
[THYMELEAF]             * [* {th:audio,data-th-audio}] [1000]: org.thymeleaf.standard.processor.StandardRemovableAttributeTagProcessor
[THYMELEAF]             * [* {th:formmethod,data-th-formmethod}] [1000]: org.thymeleaf.standard.processor.StandardRemovableAttributeTagProcessor
[THYMELEAF]             * [* {th:id,data-th-id}] [1000]: org.thymeleaf.standard.processor.StandardRemovableAttributeTagProcessor
[THYMELEAF]             * [* {th:src,data-th-src}] [1000]: org.thymeleaf.standard.processor.StandardSrcTagProcessor
[THYMELEAF]             * [* {th:value,data-th-value}] [1000]: org.thymeleaf.standard.processor.StandardValueTagProcessor
[THYMELEAF]             * [* {th:xmlbase,data-th-xmlbase}] [1000]: org.thymeleaf.standard.processor.StandardXmlBaseTagProcessor
[THYMELEAF]             * [* {th:xmllang,data-th-xmllang}] [1000]: org.thymeleaf.standard.processor.StandardXmlLangTagProcessor
[THYMELEAF]             * [* {xmlns:th}] [1000]: org.thymeleaf.standard.processor.StandardXmlNsTagProcessor
[THYMELEAF]             * [* {th:xmlspace,data-th-xmlspace}] [1000]: org.thymeleaf.standard.processor.StandardXmlSpaceTagProcessor
[THYMELEAF]             * [* {th:classappend,data-th-classappend}] [1100]: org.thymeleaf.standard.processor.StandardClassappendTagProcessor
[THYMELEAF]             * [* {th:styleappend,data-th-styleappend}] [1100]: org.thymeleaf.standard.processor.StandardStyleappendTagProcessor
[THYMELEAF]             * [* {th:text,data-th-text}] [1300]: org.thymeleaf.standard.processor.StandardTextTagProcessor
[THYMELEAF]             * [* {th:utext,data-th-utext}] [1400]: org.thymeleaf.standard.processor.StandardUtextTagProcessor
[THYMELEAF]             * [* {th:fragment,data-th-fragment}] [1500]: org.thymeleaf.standard.processor.StandardFragmentTagProcessor
[THYMELEAF]             * [* {th:assert,data-th-assert}] [1550]: org.thymeleaf.standard.processor.StandardAssertTagProcessor
[THYMELEAF]             * [* {th:remove,data-th-remove}] [1600]: org.thymeleaf.standard.processor.StandardRemoveTagProcessor
[THYMELEAF]             * [* {th:ref,data-th-ref}] [10000]: org.thymeleaf.standard.processor.StandardRefAttributeTagProcessor
[THYMELEAF]             * [{th:block,th-block} *] [100000]: org.thymeleaf.standard.processor.StandardBlockTagProcessor
[THYMELEAF]             * [* th:*] [2147483647]: org.thymeleaf.standard.processor.StandardDefaultAttributesTagProcessor
[THYMELEAF]         * Text Processors by [precedence]:
[THYMELEAF]             * [1000]: org.thymeleaf.standard.processor.StandardInliningTextProcessor
[THYMELEAF]         * DOCTYPE Processors by [precedence]:
[THYMELEAF]             * [1000]: org.thymeleaf.standard.processor.StandardTranslationDocTypeProcessor
[THYMELEAF]         * CDATA Section Processors by [precedence]:
[THYMELEAF]             * [1000]: org.thymeleaf.standard.processor.StandardInliningCDATASectionProcessor
[THYMELEAF]         * Comment Processors by [precedence]:
[THYMELEAF]             * [1000]: org.thymeleaf.standard.processor.StandardInliningCommentProcessor
[THYMELEAF]             * [1100]: org.thymeleaf.standard.processor.StandardConditionalCommentProcessor
[THYMELEAF]     * Processors for Template Mode: XML
[THYMELEAF]         * Element Tag Processors by [matching element and attribute name] [precedence]:
[THYMELEAF]             * [* {th:include}] [100]: org.thymeleaf.standard.processor.StandardIncludeTagProcessor
[THYMELEAF]             * [* {th:insert}] [100]: org.thymeleaf.standard.processor.StandardInsertTagProcessor
[THYMELEAF]             * [* {th:replace}] [100]: org.thymeleaf.standard.processor.StandardReplaceTagProcessor
[THYMELEAF]             * [* {th:each}] [200]: com.intuit.karate.template.KarateEachTagProcessor
[THYMELEAF]             * [* {th:switch}] [250]: org.thymeleaf.standard.processor.StandardSwitchTagProcessor
[THYMELEAF]             * [* {th:case}] [275]: org.thymeleaf.standard.processor.StandardCaseTagProcessor
[THYMELEAF]             * [* {th:if}] [300]: org.thymeleaf.standard.processor.StandardIfTagProcessor
[THYMELEAF]             * [* {th:unless}] [400]: org.thymeleaf.standard.processor.StandardUnlessTagProcessor
[THYMELEAF]             * [* {th:object}] [500]: org.thymeleaf.standard.processor.StandardObjectTagProcessor
[THYMELEAF]             * [* {th:with}] [600]: com.intuit.karate.template.KarateWithTagProcessor
[THYMELEAF]             * [* {th:attr}] [700]: com.intuit.karate.template.KarateAttributeTagProcessor.KarateAttrTagProcessor
[THYMELEAF]             * [* {th:attrappend}] [900]: com.intuit.karate.template.KarateAttributeTagProcessor.KarateAttrappendTagProcessor
[THYMELEAF]             * [* {th:attrprepend}] [900]: com.intuit.karate.template.KarateAttributeTagProcessor.KarateAttrprependTagProcessor
[THYMELEAF]             * [* {th:inline}] [1000]: org.thymeleaf.standard.processor.StandardInlineXMLTagProcessor
[THYMELEAF]             * [* {xmlns:th}] [1000]: org.thymeleaf.standard.processor.StandardXmlNsTagProcessor
[THYMELEAF]             * [* {th:text}] [1300]: org.thymeleaf.standard.processor.StandardTextTagProcessor
[THYMELEAF]             * [* {th:utext}] [1400]: org.thymeleaf.standard.processor.StandardUtextTagProcessor
[THYMELEAF]             * [* {th:fragment}] [1500]: org.thymeleaf.standard.processor.StandardFragmentTagProcessor
[THYMELEAF]             * [* {th:assert}] [1550]: org.thymeleaf.standard.processor.StandardAssertTagProcessor
[THYMELEAF]             * [* {th:remove}] [1600]: org.thymeleaf.standard.processor.StandardRemoveTagProcessor
[THYMELEAF]             * [* {th:ref}] [10000]: org.thymeleaf.standard.processor.StandardRefAttributeTagProcessor
[THYMELEAF]             * [{th:block} *] [100000]: org.thymeleaf.standard.processor.StandardBlockTagProcessor
[THYMELEAF]             * [* th:*] [2147483647]: org.thymeleaf.standard.processor.StandardDefaultAttributesTagProcessor
[THYMELEAF]         * Text Processors by [precedence]:
[THYMELEAF]             * [1000]: org.thymeleaf.standard.processor.StandardInliningTextProcessor
[THYMELEAF]         * CDATA Section Processors by [precedence]:
[THYMELEAF]             * [1000]: org.thymeleaf.standard.processor.StandardInliningCDATASectionProcessor
[THYMELEAF]         * Comment Processors by [precedence]:
[THYMELEAF]             * [1000]: org.thymeleaf.standard.processor.StandardInliningCommentProcessor
[THYMELEAF]     * Processors for Template Mode: TEXT
[THYMELEAF]         * Element Tag Processors by [matching element and attribute name] [precedence]:
[THYMELEAF]             * [* {th:insert}] [100]: org.thymeleaf.standard.processor.StandardInsertTagProcessor
[THYMELEAF]             * [* {th:replace}] [100]: org.thymeleaf.standard.processor.StandardReplaceTagProcessor
[THYMELEAF]             * [* {th:each}] [200]: com.intuit.karate.template.KarateEachTagProcessor
[THYMELEAF]             * [* {th:switch}] [250]: org.thymeleaf.standard.processor.StandardSwitchTagProcessor
[THYMELEAF]             * [* {th:case}] [275]: org.thymeleaf.standard.processor.StandardCaseTagProcessor
[THYMELEAF]             * [* {th:if}] [300]: org.thymeleaf.standard.processor.StandardIfTagProcessor
[THYMELEAF]             * [* {th:unless}] [400]: org.thymeleaf.standard.processor.StandardUnlessTagProcessor
[THYMELEAF]             * [* {th:object}] [500]: org.thymeleaf.standard.processor.StandardObjectTagProcessor
[THYMELEAF]             * [* {th:with}] [600]: com.intuit.karate.template.KarateWithTagProcessor
[THYMELEAF]             * [* {th:inline}] [1000]: org.thymeleaf.standard.processor.StandardInlineTextualTagProcessor
[THYMELEAF]             * [* {th:text}] [1300]: org.thymeleaf.standard.processor.StandardTextTagProcessor
[THYMELEAF]             * [* {th:utext}] [1400]: org.thymeleaf.standard.processor.StandardUtextTagProcessor
[THYMELEAF]             * [* {th:assert}] [1550]: org.thymeleaf.standard.processor.StandardAssertTagProcessor
[THYMELEAF]             * [* {th:remove}] [1600]: org.thymeleaf.standard.processor.StandardRemoveTagProcessor
[THYMELEAF]             * [{th:block} *] [100000]: org.thymeleaf.standard.processor.StandardBlockTagProcessor
[THYMELEAF]             * [* 100000] [org.thymeleaf.standard.processor.StandardBlockTagProcessor]: {}
[THYMELEAF]         * Text Processors by [precedence]:
[THYMELEAF]             * [1000]: org.thymeleaf.standard.processor.StandardInliningTextProcessor
[THYMELEAF]     * Processors for Template Mode: JAVASCRIPT
[THYMELEAF]         * Element Tag Processors by [matching element and attribute name] [precedence]:
[THYMELEAF]             * [* {th:insert}] [100]: org.thymeleaf.standard.processor.StandardInsertTagProcessor
[THYMELEAF]             * [* {th:replace}] [100]: org.thymeleaf.standard.processor.StandardReplaceTagProcessor
[THYMELEAF]             * [* {th:each}] [200]: com.intuit.karate.template.KarateEachTagProcessor
[THYMELEAF]             * [* {th:switch}] [250]: org.thymeleaf.standard.processor.StandardSwitchTagProcessor
[THYMELEAF]             * [* {th:case}] [275]: org.thymeleaf.standard.processor.StandardCaseTagProcessor
[THYMELEAF]             * [* {th:if}] [300]: org.thymeleaf.standard.processor.StandardIfTagProcessor
[THYMELEAF]             * [* {th:unless}] [400]: org.thymeleaf.standard.processor.StandardUnlessTagProcessor
[THYMELEAF]             * [* {th:object}] [500]: org.thymeleaf.standard.processor.StandardObjectTagProcessor
[THYMELEAF]             * [* {th:with}] [600]: com.intuit.karate.template.KarateWithTagProcessor
[THYMELEAF]             * [* {th:inline}] [1000]: org.thymeleaf.standard.processor.StandardInlineTextualTagProcessor
[THYMELEAF]             * [* {th:text}] [1300]: org.thymeleaf.standard.processor.StandardTextTagProcessor
[THYMELEAF]             * [* {th:utext}] [1400]: org.thymeleaf.standard.processor.StandardUtextTagProcessor
[THYMELEAF]             * [* {th:assert}] [1550]: org.thymeleaf.standard.processor.StandardAssertTagProcessor
[THYMELEAF]             * [* {th:remove}] [1600]: org.thymeleaf.standard.processor.StandardRemoveTagProcessor
[THYMELEAF]             * [* 100000] [org.thymeleaf.standard.processor.StandardBlockTagProcessor]: {}
[THYMELEAF]             * [{th:block} *] [100000]: org.thymeleaf.standard.processor.StandardBlockTagProcessor
[THYMELEAF]         * Text Processors by [precedence]:
[THYMELEAF]             * [1000]: org.thymeleaf.standard.processor.StandardInliningTextProcessor
[THYMELEAF]     * Processors for Template Mode: CSS
[THYMELEAF]         * Element Tag Processors by [matching element and attribute name] [precedence]:
[THYMELEAF]             * [* {th:insert}] [100]: org.thymeleaf.standard.processor.StandardInsertTagProcessor
[THYMELEAF]             * [* {th:replace}] [100]: org.thymeleaf.standard.processor.StandardReplaceTagProcessor
[THYMELEAF]             * [* {th:each}] [200]: com.intuit.karate.template.KarateEachTagProcessor
[THYMELEAF]             * [* {th:switch}] [250]: org.thymeleaf.standard.processor.StandardSwitchTagProcessor
[THYMELEAF]             * [* {th:case}] [275]: org.thymeleaf.standard.processor.StandardCaseTagProcessor
[THYMELEAF]             * [* {th:if}] [300]: org.thymeleaf.standard.processor.StandardIfTagProcessor
[THYMELEAF]             * [* {th:unless}] [400]: org.thymeleaf.standard.processor.StandardUnlessTagProcessor
[THYMELEAF]             * [* {th:object}] [500]: org.thymeleaf.standard.processor.StandardObjectTagProcessor
[THYMELEAF]             * [* {th:with}] [600]: com.intuit.karate.template.KarateWithTagProcessor
[THYMELEAF]             * [* {th:inline}] [1000]: org.thymeleaf.standard.processor.StandardInlineTextualTagProcessor
[THYMELEAF]             * [* {th:text}] [1300]: org.thymeleaf.standard.processor.StandardTextTagProcessor
[THYMELEAF]             * [* {th:utext}] [1400]: org.thymeleaf.standard.processor.StandardUtextTagProcessor
[THYMELEAF]             * [* {th:assert}] [1550]: org.thymeleaf.standard.processor.StandardAssertTagProcessor
[THYMELEAF]             * [* {th:remove}] [1600]: org.thymeleaf.standard.processor.StandardRemoveTagProcessor
[THYMELEAF]             * [* 100000] [org.thymeleaf.standard.processor.StandardBlockTagProcessor]: {}
[THYMELEAF]             * [{th:block} *] [100000]: org.thymeleaf.standard.processor.StandardBlockTagProcessor
[THYMELEAF]         * Text Processors by [precedence]:
[THYMELEAF]             * [1000]: org.thymeleaf.standard.processor.StandardInliningTextProcessor
[THYMELEAF]     * Expression Objects:
[THYMELEAF]         * #ctx
[THYMELEAF]         * #root
[THYMELEAF]         * #vars
[THYMELEAF]         * #object
[THYMELEAF]         * #locale
[THYMELEAF]         * #conversions
[THYMELEAF]         * #uris
[THYMELEAF]         * #temporals
[THYMELEAF]         * #calendars
[THYMELEAF]         * #dates
[THYMELEAF]         * #bools
[THYMELEAF]         * #numbers
[THYMELEAF]         * #objects
[THYMELEAF]         * #strings
[THYMELEAF]         * #arrays
[THYMELEAF]         * #lists
[THYMELEAF]         * #sets
[THYMELEAF]         * #maps
[THYMELEAF]         * #aggregates
[THYMELEAF]         * #messages
[THYMELEAF]         * #ids
[THYMELEAF]         * #execInfo
[THYMELEAF]         * #request
[THYMELEAF]         * #response
[THYMELEAF]         * #session
[THYMELEAF]         * #servletContext
[THYMELEAF]     * Execution Attributes:
[THYMELEAF]         * "StandardExpressionParser": com.intuit.karate.template.KarateStandardDialect@5341e71a
[THYMELEAF]         * "StandardJavaScriptSerializer": org.thymeleaf.standard.serializer.StandardJavaScriptSerializer@2c08c787
[THYMELEAF]         * "StandardCSSSerializer": org.thymeleaf.standard.serializer.StandardCSSSerializer@67f591c2
[THYMELEAF]         * "StandardVariableExpressionEvaluator": com.intuit.karate.template.KarateStandardDialect@5341e71a
[THYMELEAF]         * "StandardConversionService": org.thymeleaf.standard.expression.StandardConversionService@284c4f02
[THYMELEAF] * Dialect [2 of 2]: karate (com.intuit.karate.template.KarateScriptDialect)
[THYMELEAF]     * Prefix: "ka"
[THYMELEAF]     * Processors for Template Mode: HTML
[THYMELEAF]         * Element Tag Processors by [matching element and attribute name] [precedence]:
[THYMELEAF]             * [* {src}] [1000]: com.intuit.karate.template.KaScriptAttrProcessor
[THYMELEAF]         * Element Model Processors by [matching element and attribute name] [precedence]:
[THYMELEAF]             * [{script} {ka:scope,data-ka-scope}] [1000]: com.intuit.karate.template.KaScriptElemProcessor
[THYMELEAF]             * [* {ka:set,data-ka-set}] [1000]: com.intuit.karate.template.KaSetElemProcessor
[THYMELEAF] TEMPLATE ENGINE CONFIGURED OK
15:08:21.141 [main] DEBUG org.thymeleaf.TemplateEngine -- [THYMELEAF] TEMPLATE ENGINE INITIALIZED
---------------------------------------------------------
feature: classpath:features/breed_images.feature
scenarios: 14 | passed: 14 | failed:  0 | time: 6,1978
---------------------------------------------------------

Karate version: 1.4.1
======================================================
elapsed:  10,36 | threads:    1 | thread time: 8,40 
features:     3 | skipped:    0 | efficiency: 0,81
scenarios:   18 | passed:    18 | failed: 0
======================================================
15:08:21.364 [main] DEBUG org.thymeleaf.TemplateEngine -- [THYMELEAF] INITIALIZING TEMPLATE ENGINE
15:08:21.370 [main] DEBUG org.thymeleaf.TemplateEngine.CONFIG -- Initializing Thymeleaf Template engine configuration...
[THYMELEAF] TEMPLATE ENGINE CONFIGURATION:
[THYMELEAF] * Thymeleaf version: 3.1.2.RELEASE (built 2023-07-30T19:25:50+0000)
[THYMELEAF] * Cache Manager implementation: org.thymeleaf.cache.StandardCacheManager
[THYMELEAF] * Template resolvers:
[THYMELEAF]     * [1] com.intuit.karate.template.ResourceHtmlTemplateResolver
[THYMELEAF] * Message resolvers:
[THYMELEAF]     * org.thymeleaf.messageresolver.StandardMessageResolver
[THYMELEAF] * Link builders:
[THYMELEAF]     * org.thymeleaf.linkbuilder.StandardLinkBuilder
[THYMELEAF] * Dialect [1 of 2]: Standard (com.intuit.karate.template.KarateStandardDialect)
[THYMELEAF]     * Prefix: "th"
[THYMELEAF]     * Processors for Template Mode: HTML
[THYMELEAF]         * Element Tag Processors by [matching element and attribute name] [precedence]:
[THYMELEAF]             * [* {th:include,data-th-include}] [100]: org.thymeleaf.standard.processor.StandardIncludeTagProcessor
[THYMELEAF]             * [* {th:insert,data-th-insert}] [100]: org.thymeleaf.standard.processor.StandardInsertTagProcessor
[THYMELEAF]             * [* {th:replace,data-th-replace}] [100]: org.thymeleaf.standard.processor.StandardReplaceTagProcessor
[THYMELEAF]             * [* {th:each,data-th-each}] [200]: com.intuit.karate.template.KarateEachTagProcessor
[THYMELEAF]             * [* {th:switch,data-th-switch}] [250]: org.thymeleaf.standard.processor.StandardSwitchTagProcessor
[THYMELEAF]             * [* {th:case,data-th-case}] [275]: org.thymeleaf.standard.processor.StandardCaseTagProcessor
[THYMELEAF]             * [* {th:if,data-th-if}] [300]: org.thymeleaf.standard.processor.StandardIfTagProcessor
[THYMELEAF]             * [* {th:unless,data-th-unless}] [400]: org.thymeleaf.standard.processor.StandardUnlessTagProcessor
[THYMELEAF]             * [* {th:object,data-th-object}] [500]: org.thymeleaf.standard.processor.StandardObjectTagProcessor
[THYMELEAF]             * [* {th:with,data-th-with}] [600]: com.intuit.karate.template.KarateWithTagProcessor
[THYMELEAF]             * [* {th:attr,data-th-attr}] [700]: com.intuit.karate.template.KarateAttributeTagProcessor.KarateAttrTagProcessor
[THYMELEAF]             * [* {th:attrappend,data-th-attrappend}] [900]: com.intuit.karate.template.KarateAttributeTagProcessor.KarateAttrappendTagProcessor
[THYMELEAF]             * [* {th:attrprepend,data-th-attrprepend}] [900]: com.intuit.karate.template.KarateAttributeTagProcessor.KarateAttrprependTagProcessor
[THYMELEAF]             * [* {th:alt-title,data-th-alt-title}] [990]: org.thymeleaf.standard.processor.StandardAltTitleTagProcessor
[THYMELEAF]             * [* {th:lang-xmllang,data-th-lang-xmllang}] [990]: org.thymeleaf.standard.processor.StandardLangXmlLangTagProcessor
[THYMELEAF]             * [* {th:action,data-th-action}] [1000]: org.thymeleaf.standard.processor.StandardActionTagProcessor
[THYMELEAF]             * [* {th:ismap,data-th-ismap}] [1000]: org.thymeleaf.standard.processor.StandardConditionalFixedValueTagProcessor
[THYMELEAF]             * [* {th:controls,data-th-controls}] [1000]: org.thymeleaf.standard.processor.StandardConditionalFixedValueTagProcessor
[THYMELEAF]             * [* {th:formnovalidate,data-th-formnovalidate}] [1000]: org.thymeleaf.standard.processor.StandardConditionalFixedValueTagProcessor
[THYMELEAF]             * [* {th:open,data-th-open}] [1000]: org.thymeleaf.standard.processor.StandardConditionalFixedValueTagProcessor
[THYMELEAF]             * [* {th:defer,data-th-defer}] [1000]: org.thymeleaf.standard.processor.StandardConditionalFixedValueTagProcessor
[THYMELEAF]             * [* {th:async,data-th-async}] [1000]: org.thymeleaf.standard.processor.StandardConditionalFixedValueTagProcessor
[THYMELEAF]             * [* {th:required,data-th-required}] [1000]: org.thymeleaf.standard.processor.StandardConditionalFixedValueTagProcessor
[THYMELEAF]             * [* {th:reversed,data-th-reversed}] [1000]: org.thymeleaf.standard.processor.StandardConditionalFixedValueTagProcessor
[THYMELEAF]             * [* {th:default,data-th-default}] [1000]: org.thymeleaf.standard.processor.StandardConditionalFixedValueTagProcessor
[THYMELEAF]             * [* {th:seamless,data-th-seamless}] [1000]: org.thymeleaf.standard.processor.StandardConditionalFixedValueTagProcessor
[THYMELEAF]             * [* {th:scoped,data-th-scoped}] [1000]: org.thymeleaf.standard.processor.StandardConditionalFixedValueTagProcessor
[THYMELEAF]             * [* {th:declare,data-th-declare}] [1000]: org.thymeleaf.standard.processor.StandardConditionalFixedValueTagProcessor
[THYMELEAF]             * [* {th:disabled,data-th-disabled}] [1000]: org.thymeleaf.standard.processor.StandardConditionalFixedValueTagProcessor
[THYMELEAF]             * [* {th:checked,data-th-checked}] [1000]: org.thymeleaf.standard.processor.StandardConditionalFixedValueTagProcessor
[THYMELEAF]             * [* {th:loop,data-th-loop}] [1000]: org.thymeleaf.standard.processor.StandardConditionalFixedValueTagProcessor
[THYMELEAF]             * [* {th:autofocus,data-th-autofocus}] [1000]: org.thymeleaf.standard.processor.StandardConditionalFixedValueTagProcessor
[THYMELEAF]             * [* {th:nowrap,data-th-nowrap}] [1000]: org.thymeleaf.standard.processor.StandardConditionalFixedValueTagProcessor
[THYMELEAF]             * [* {th:multiple,data-th-multiple}] [1000]: org.thymeleaf.standard.processor.StandardConditionalFixedValueTagProcessor
[THYMELEAF]             * [* {th:hidden,data-th-hidden}] [1000]: org.thymeleaf.standard.processor.StandardConditionalFixedValueTagProcessor
[THYMELEAF]             * [* {th:autoplay,data-th-autoplay}] [1000]: org.thymeleaf.standard.processor.StandardConditionalFixedValueTagProcessor
[THYMELEAF]             * [* {th:pubdate,data-th-pubdate}] [1000]: org.thymeleaf.standard.processor.StandardConditionalFixedValueTagProcessor
[THYMELEAF]             * [* {th:selected,data-th-selected}] [1000]: org.thymeleaf.standard.processor.StandardConditionalFixedValueTagProcessor
[THYMELEAF]             * [* {th:novalidate,data-th-novalidate}] [1000]: org.thymeleaf.standard.processor.StandardConditionalFixedValueTagProcessor
[THYMELEAF]             * [* {th:readonly,data-th-readonly}] [1000]: org.thymeleaf.standard.processor.StandardConditionalFixedValueTagProcessor
[THYMELEAF]             * [* {th:onkeypress,data-th-onkeypress}] [1000]: org.thymeleaf.standard.processor.StandardDOMEventAttributeTagProcessor
[THYMELEAF]             * [* {th:onmousedown,data-th-onmousedown}] [1000]: org.thymeleaf.standard.processor.StandardDOMEventAttributeTagProcessor
[THYMELEAF]             * [* {th:onloadstart,data-th-onloadstart}] [1000]: org.thymeleaf.standard.processor.StandardDOMEventAttributeTagProcessor
[THYMELEAF]             * [* {th:onscroll,data-th-onscroll}] [1000]: org.thymeleaf.standard.processor.StandardDOMEventAttributeTagProcessor
[THYMELEAF]             * [* {th:onformchange,data-th-onformchange}] [1000]: org.thymeleaf.standard.processor.StandardDOMEventAttributeTagProcessor
[THYMELEAF]             * [* {th:onerror,data-th-onerror}] [1000]: org.thymeleaf.standard.processor.StandardDOMEventAttributeTagProcessor
[THYMELEAF]             * [* {th:onresize,data-th-onresize}] [1000]: org.thymeleaf.standard.processor.StandardDOMEventAttributeTagProcessor
[THYMELEAF]             * [* {th:onmousemove,data-th-onmousemove}] [1000]: org.thymeleaf.standard.processor.StandardDOMEventAttributeTagProcessor
[THYMELEAF]             * [* {th:onreset,data-th-onreset}] [1000]: org.thymeleaf.standard.processor.StandardDOMEventAttributeTagProcessor
[THYMELEAF]             * [* {th:onemptied,data-th-onemptied}] [1000]: org.thymeleaf.standard.processor.StandardDOMEventAttributeTagProcessor
[THYMELEAF]             * [* {th:oncanplay,data-th-oncanplay}] [1000]: org.thymeleaf.standard.processor.StandardDOMEventAttributeTagProcessor
[THYMELEAF]             * [* {th:onloadeddata,data-th-onloadeddata}] [1000]: org.thymeleaf.standard.processor.StandardDOMEventAttributeTagProcessor
[THYMELEAF]             * [* {th:onreadystatechange,data-th-onreadystatechange}] [1000]: org.thymeleaf.standard.processor.StandardDOMEventAttributeTagProcessor
[THYMELEAF]             * [* {th:ononline,data-th-ononline}] [1000]: org.thymeleaf.standard.processor.StandardDOMEventAttributeTagProcessor
[THYMELEAF]             * [* {th:onbeforeprint,data-th-onbeforeprint}] [1000]: org.thymeleaf.standard.processor.StandardDOMEventAttributeTagProcessor
[THYMELEAF]             * [* {th:onratechange,data-th-onratechange}] [1000]: org.thymeleaf.standard.processor.StandardDOMEventAttributeTagProcessor
[THYMELEAF]             * [* {th:ondragstart,data-th-ondragstart}] [1000]: org.thymeleaf.standard.processor.StandardDOMEventAttributeTagProcessor
[THYMELEAF]             * [* {th:ondrag,data-th-ondrag}] [1000]: org.thymeleaf.standard.processor.StandardDOMEventAttributeTagProcessor
[THYMELEAF]             * [* {th:onmouseout,data-th-onmouseout}] [1000]: org.thymeleaf.standard.processor.StandardDOMEventAttributeTagProcessor
[THYMELEAF]             * [* {th:ondragover,data-th-ondragover}] [1000]: org.thymeleaf.standard.processor.StandardDOMEventAttributeTagProcessor
[THYMELEAF]             * [* {th:onclick,data-th-onclick}] [1000]: org.thymeleaf.standard.processor.StandardDOMEventAttributeTagProcessor
[THYMELEAF]             * [* {th:onprogress,data-th-onprogress}] [1000]: org.thymeleaf.standard.processor.StandardDOMEventAttributeTagProcessor
[THYMELEAF]             * [* {th:ondragend,data-th-ondragend}] [1000]: org.thymeleaf.standard.processor.StandardDOMEventAttributeTagProcessor
[THYMELEAF]             * [* {th:onchange,data-th-onchange}] [1000]: org.thymeleaf.standard.processor.StandardDOMEventAttributeTagProcessor
[THYMELEAF]             * [* {th:onunload,data-th-onunload}] [1000]: org.thymeleaf.standard.processor.StandardDOMEventAttributeTagProcessor
[THYMELEAF]             * [* {th:onbeforeunload,data-th-onbeforeunload}] [1000]: org.thymeleaf.standard.processor.StandardDOMEventAttributeTagProcessor
[THYMELEAF]             * [* {th:ondragenter,data-th-ondragenter}] [1000]: org.thymeleaf.standard.processor.StandardDOMEventAttributeTagProcessor
[THYMELEAF]             * [* {th:onkeydown,data-th-onkeydown}] [1000]: org.thymeleaf.standard.processor.StandardDOMEventAttributeTagProcessor
[THYMELEAF]             * [* {th:ondragleave,data-th-ondragleave}] [1000]: org.thymeleaf.standard.processor.StandardDOMEventAttributeTagProcessor
[THYMELEAF]             * [* {th:onmousewheel,data-th-onmousewheel}] [1000]: org.thymeleaf.standard.processor.StandardDOMEventAttributeTagProcessor
[THYMELEAF]             * [* {th:onstorage,data-th-onstorage}] [1000]: org.thymeleaf.standard.processor.StandardDOMEventAttributeTagProcessor
[THYMELEAF]             * [* {th:ondrop,data-th-ondrop}] [1000]: org.thymeleaf.standard.processor.StandardDOMEventAttributeTagProcessor
[THYMELEAF]             * [* {th:onseeking,data-th-onseeking}] [1000]: org.thymeleaf.standard.processor.StandardDOMEventAttributeTagProcessor
[THYMELEAF]             * [* {th:onwaiting,data-th-onwaiting}] [1000]: org.thymeleaf.standard.processor.StandardDOMEventAttributeTagProcessor
[THYMELEAF]             * [* {th:oninput,data-th-oninput}] [1000]: org.thymeleaf.standard.processor.StandardDOMEventAttributeTagProcessor
[THYMELEAF]             * [* {th:onseeked,data-th-onseeked}] [1000]: org.thymeleaf.standard.processor.StandardDOMEventAttributeTagProcessor
[THYMELEAF]             * [* {th:oninvalid,data-th-oninvalid}] [1000]: org.thymeleaf.standard.processor.StandardDOMEventAttributeTagProcessor
[THYMELEAF]             * [* {th:onvolumechange,data-th-onvolumechange}] [1000]: org.thymeleaf.standard.processor.StandardDOMEventAttributeTagProcessor
[THYMELEAF]             * [* {th:onplay,data-th-onplay}] [1000]: org.thymeleaf.standard.processor.StandardDOMEventAttributeTagProcessor
[THYMELEAF]             * [* {th:onmouseup,data-th-onmouseup}] [1000]: org.thymeleaf.standard.processor.StandardDOMEventAttributeTagProcessor
[THYMELEAF]             * [* {th:onshow,data-th-onshow}] [1000]: org.thymeleaf.standard.processor.StandardDOMEventAttributeTagProcessor
[THYMELEAF]             * [* {th:onhashchange,data-th-onhashchange}] [1000]: org.thymeleaf.standard.processor.StandardDOMEventAttributeTagProcessor
[THYMELEAF]             * [* {th:onplaying,data-th-onplaying}] [1000]: org.thymeleaf.standard.processor.StandardDOMEventAttributeTagProcessor
[THYMELEAF]             * [* {th:onstalled,data-th-onstalled}] [1000]: org.thymeleaf.standard.processor.StandardDOMEventAttributeTagProcessor
[THYMELEAF]             * [* {th:onblur,data-th-onblur}] [1000]: org.thymeleaf.standard.processor.StandardDOMEventAttributeTagProcessor
[THYMELEAF]             * [* {th:onmouseover,data-th-onmouseover}] [1000]: org.thymeleaf.standard.processor.StandardDOMEventAttributeTagProcessor
[THYMELEAF]             * [* {th:ondurationchange,data-th-ondurationchange}] [1000]: org.thymeleaf.standard.processor.StandardDOMEventAttributeTagProcessor
[THYMELEAF]             * [* {th:onmessage,data-th-onmessage}] [1000]: org.thymeleaf.standard.processor.StandardDOMEventAttributeTagProcessor
[THYMELEAF]             * [* {th:onkeyup,data-th-onkeyup}] [1000]: org.thymeleaf.standard.processor.StandardDOMEventAttributeTagProcessor
[THYMELEAF]             * [* {th:onoffline,data-th-onoffline}] [1000]: org.thymeleaf.standard.processor.StandardDOMEventAttributeTagProcessor
[THYMELEAF]             * [* {th:onloadedmetadata,data-th-onloadedmetadata}] [1000]: org.thymeleaf.standard.processor.StandardDOMEventAttributeTagProcessor
[THYMELEAF]             * [* {th:onredo,data-th-onredo}] [1000]: org.thymeleaf.standard.processor.StandardDOMEventAttributeTagProcessor
[THYMELEAF]             * [* {th:onabort,data-th-onabort}] [1000]: org.thymeleaf.standard.processor.StandardDOMEventAttributeTagProcessor
[THYMELEAF]             * [* {th:onpopstate,data-th-onpopstate}] [1000]: org.thymeleaf.standard.processor.StandardDOMEventAttributeTagProcessor
[THYMELEAF]             * [* {th:onended,data-th-onended}] [1000]: org.thymeleaf.standard.processor.StandardDOMEventAttributeTagProcessor
[THYMELEAF]             * [* {th:onpause,data-th-onpause}] [1000]: org.thymeleaf.standard.processor.StandardDOMEventAttributeTagProcessor
[THYMELEAF]             * [* {th:oncontextmenu,data-th-oncontextmenu}] [1000]: org.thymeleaf.standard.processor.StandardDOMEventAttributeTagProcessor
[THYMELEAF]             * [* {th:onafterprint,data-th-onafterprint}] [1000]: org.thymeleaf.standard.processor.StandardDOMEventAttributeTagProcessor
[THYMELEAF]             * [* {th:ondblclick,data-th-ondblclick}] [1000]: org.thymeleaf.standard.processor.StandardDOMEventAttributeTagProcessor
[THYMELEAF]             * [* {th:ontimeupdate,data-th-ontimeupdate}] [1000]: org.thymeleaf.standard.processor.StandardDOMEventAttributeTagProcessor
[THYMELEAF]             * [* {th:onundo,data-th-onundo}] [1000]: org.thymeleaf.standard.processor.StandardDOMEventAttributeTagProcessor
[THYMELEAF]             * [* {th:onsubmit,data-th-onsubmit}] [1000]: org.thymeleaf.standard.processor.StandardDOMEventAttributeTagProcessor
[THYMELEAF]             * [* {th:onfocus,data-th-onfocus}] [1000]: org.thymeleaf.standard.processor.StandardDOMEventAttributeTagProcessor
[THYMELEAF]             * [* {th:onsuspend,data-th-onsuspend}] [1000]: org.thymeleaf.standard.processor.StandardDOMEventAttributeTagProcessor
[THYMELEAF]             * [* {th:onforminput,data-th-onforminput}] [1000]: org.thymeleaf.standard.processor.StandardDOMEventAttributeTagProcessor
[THYMELEAF]             * [* {th:oncanplaythrough,data-th-oncanplaythrough}] [1000]: org.thymeleaf.standard.processor.StandardDOMEventAttributeTagProcessor
[THYMELEAF]             * [* {th:onselect,data-th-onselect}] [1000]: org.thymeleaf.standard.processor.StandardDOMEventAttributeTagProcessor
[THYMELEAF]             * [* {th:onload,data-th-onload}] [1000]: org.thymeleaf.standard.processor.StandardDOMEventAttributeTagProcessor
[THYMELEAF]             * [* {th:href,data-th-href}] [1000]: org.thymeleaf.standard.processor.StandardHrefTagProcessor
[THYMELEAF]             * [* {th:inline,data-th-inline}] [1000]: org.thymeleaf.standard.processor.StandardInlineHTMLTagProcessor
[THYMELEAF]             * [* {th:method,data-th-method}] [1000]: org.thymeleaf.standard.processor.StandardMethodTagProcessor
[THYMELEAF]             * [* {th:name,data-th-name}] [1000]: org.thymeleaf.standard.processor.StandardNonRemovableAttributeTagProcessor
[THYMELEAF]             * [* {th:type,data-th-type}] [1000]: org.thymeleaf.standard.processor.StandardNonRemovableAttributeTagProcessor
[THYMELEAF]             * [* {th:title,data-th-title}] [1000]: org.thymeleaf.standard.processor.StandardRemovableAttributeTagProcessor
[THYMELEAF]             * [* {th:height,data-th-height}] [1000]: org.thymeleaf.standard.processor.StandardRemovableAttributeTagProcessor
[THYMELEAF]             * [* {th:kind,data-th-kind}] [1000]: org.thymeleaf.standard.processor.StandardRemovableAttributeTagProcessor
[THYMELEAF]             * [* {th:valuetype,data-th-valuetype}] [1000]: org.thymeleaf.standard.processor.StandardRemovableAttributeTagProcessor
[THYMELEAF]             * [* {th:enctype,data-th-enctype}] [1000]: org.thymeleaf.standard.processor.StandardRemovableAttributeTagProcessor
[THYMELEAF]             * [* {th:accept-charset,data-th-accept-charset}] [1000]: org.thymeleaf.standard.processor.StandardRemovableAttributeTagProcessor
[THYMELEAF]             * [* {th:icon,data-th-icon}] [1000]: org.thymeleaf.standard.processor.StandardRemovableAttributeTagProcessor
[THYMELEAF]             * [* {th:formtarget,data-th-formtarget}] [1000]: org.thymeleaf.standard.processor.StandardRemovableAttributeTagProcessor
[THYMELEAF]             * [* {th:content,data-th-content}] [1000]: org.thymeleaf.standard.processor.StandardRemovableAttributeTagProcessor
[THYMELEAF]             * [* {th:max,data-th-max}] [1000]: org.thymeleaf.standard.processor.StandardRemovableAttributeTagProcessor
[THYMELEAF]             * [* {th:spellcheck,data-th-spellcheck}] [1000]: org.thymeleaf.standard.processor.StandardRemovableAttributeTagProcessor
[THYMELEAF]             * [* {th:scrolling,data-th-scrolling}] [1000]: org.thymeleaf.standard.processor.StandardRemovableAttributeTagProcessor
[THYMELEAF]             * [* {th:pattern,data-th-pattern}] [1000]: org.thymeleaf.standard.processor.StandardRemovableAttributeTagProcessor
[THYMELEAF]             * [* {th:sizes,data-th-sizes}] [1000]: org.thymeleaf.standard.processor.StandardRemovableAttributeTagProcessor
[THYMELEAF]             * [* {th:usemap,data-th-usemap}] [1000]: org.thymeleaf.standard.processor.StandardRemovableAttributeTagProcessor
[THYMELEAF]             * [* {th:background,data-th-background}] [1000]: org.thymeleaf.standard.processor.StandardRemovableAttributeTagProcessor
[THYMELEAF]             * [* {th:accesskey,data-th-accesskey}] [1000]: org.thymeleaf.standard.processor.StandardRemovableAttributeTagProcessor
[THYMELEAF]             * [* {th:autocomplete,data-th-autocomplete}] [1000]: org.thymeleaf.standard.processor.StandardRemovableAttributeTagProcessor
[THYMELEAF]             * [* {th:id,data-th-id}] [1000]: org.thymeleaf.standard.processor.StandardRemovableAttributeTagProcessor
[THYMELEAF]             * [* {th:charset,data-th-charset}] [1000]: org.thymeleaf.standard.processor.StandardRemovableAttributeTagProcessor
[THYMELEAF]             * [* {th:compact,data-th-compact}] [1000]: org.thymeleaf.standard.processor.StandardRemovableAttributeTagProcessor
[THYMELEAF]             * [* {th:frame,data-th-frame}] [1000]: org.thymeleaf.standard.processor.StandardRemovableAttributeTagProcessor
[THYMELEAF]             * [* {th:keytype,data-th-keytype}] [1000]: org.thymeleaf.standard.processor.StandardRemovableAttributeTagProcessor
[THYMELEAF]             * [* {th:label,data-th-label}] [1000]: org.thymeleaf.standard.processor.StandardRemovableAttributeTagProcessor
[THYMELEAF]             * [* {th:classid,data-th-classid}] [1000]: org.thymeleaf.standard.processor.StandardRemovableAttributeTagProcessor
[THYMELEAF]             * [* {th:headers,data-th-headers}] [1000]: org.thymeleaf.standard.processor.StandardRemovableAttributeTagProcessor
[THYMELEAF]             * [* {th:codebase,data-th-codebase}] [1000]: org.thymeleaf.standard.processor.StandardRemovableAttributeTagProcessor
[THYMELEAF]             * [* {th:standby,data-th-standby}] [1000]: org.thymeleaf.standard.processor.StandardRemovableAttributeTagProcessor
[THYMELEAF]             * [* {th:scope,data-th-scope}] [1000]: org.thymeleaf.standard.processor.StandardRemovableAttributeTagProcessor
[THYMELEAF]             * [* {th:border,data-th-border}] [1000]: org.thymeleaf.standard.processor.StandardRemovableAttributeTagProcessor
[THYMELEAF]             * [* {th:data,data-th-data}] [1000]: org.thymeleaf.standard.processor.StandardRemovableAttributeTagProcessor
[THYMELEAF]             * [* {th:accept,data-th-accept}] [1000]: org.thymeleaf.standard.processor.StandardRemovableAttributeTagProcessor
[THYMELEAF]             * [* {th:cite,data-th-cite}] [1000]: org.thymeleaf.standard.processor.StandardRemovableAttributeTagProcessor
[THYMELEAF]             * [* {th:rev,data-th-rev}] [1000]: org.thymeleaf.standard.processor.StandardRemovableAttributeTagProcessor
[THYMELEAF]             * [* {th:contextmenu,data-th-contextmenu}] [1000]: org.thymeleaf.standard.processor.StandardRemovableAttributeTagProcessor
[THYMELEAF]             * [* {th:manifest,data-th-manifest}] [1000]: org.thymeleaf.standard.processor.StandardRemovableAttributeTagProcessor
[THYMELEAF]             * [* {th:vspace,data-th-vspace}] [1000]: org.thymeleaf.standard.processor.StandardRemovableAttributeTagProcessor
[THYMELEAF]             * [* {th:for,data-th-for}] [1000]: org.thymeleaf.standard.processor.StandardRemovableAttributeTagProcessor
[THYMELEAF]             * [* {th:lang,data-th-lang}] [1000]: org.thymeleaf.standard.processor.StandardRemovableAttributeTagProcessor
[THYMELEAF]             * [* {th:maxlength,data-th-maxlength}] [1000]: org.thymeleaf.standard.processor.StandardRemovableAttributeTagProcessor
[THYMELEAF]             * [* {th:align,data-th-align}] [1000]: org.thymeleaf.standard.processor.StandardRemovableAttributeTagProcessor
[THYMELEAF]             * [* {th:dir,data-th-dir}] [1000]: org.thymeleaf.standard.processor.StandardRemovableAttributeTagProcessor
[THYMELEAF]             * [* {th:tabindex,data-th-tabindex}] [1000]: org.thymeleaf.standard.processor.StandardRemovableAttributeTagProcessor
[THYMELEAF]             * [* {th:hreflang,data-th-hreflang}] [1000]: org.thymeleaf.standard.processor.StandardRemovableAttributeTagProcessor
[THYMELEAF]             * [* {th:radiogroup,data-th-radiogroup}] [1000]: org.thymeleaf.standard.processor.StandardRemovableAttributeTagProcessor
[THYMELEAF]             * [* {th:placeholder,data-th-placeholder}] [1000]: org.thymeleaf.standard.processor.StandardRemovableAttributeTagProcessor
[THYMELEAF]             * [* {th:formmethod,data-th-formmethod}] [1000]: org.thymeleaf.standard.processor.StandardRemovableAttributeTagProcessor
[THYMELEAF]             * [* {th:rows,data-th-rows}] [1000]: org.thymeleaf.standard.processor.StandardRemovableAttributeTagProcessor
[THYMELEAF]             * [* {th:target,data-th-target}] [1000]: org.thymeleaf.standard.processor.StandardRemovableAttributeTagProcessor
[THYMELEAF]             * [* {th:formaction,data-th-formaction}] [1000]: org.thymeleaf.standard.processor.StandardRemovableAttributeTagProcessor
[THYMELEAF]             * [* {th:sandbox,data-th-sandbox}] [1000]: org.thymeleaf.standard.processor.StandardRemovableAttributeTagProcessor
[THYMELEAF]             * [* {th:list,data-th-list}] [1000]: org.thymeleaf.standard.processor.StandardRemovableAttributeTagProcessor
[THYMELEAF]             * [* {th:rules,data-th-rules}] [1000]: org.thymeleaf.standard.processor.StandardRemovableAttributeTagProcessor
[THYMELEAF]             * [* {th:class,data-th-class}] [1000]: org.thymeleaf.standard.processor.StandardRemovableAttributeTagProcessor
[THYMELEAF]             * [* {th:high,data-th-high}] [1000]: org.thymeleaf.standard.processor.StandardRemovableAttributeTagProcessor
[THYMELEAF]             * [* {th:abbr,data-th-abbr}] [1000]: org.thymeleaf.standard.processor.StandardRemovableAttributeTagProcessor
[THYMELEAF]             * [* {th:poster,data-th-poster}] [1000]: org.thymeleaf.standard.processor.StandardRemovableAttributeTagProcessor
[THYMELEAF]             * [* {th:hspace,data-th-hspace}] [1000]: org.thymeleaf.standard.processor.StandardRemovableAttributeTagProcessor
[THYMELEAF]             * [* {th:http-equiv,data-th-http-equiv}] [1000]: org.thymeleaf.standard.processor.StandardRemovableAttributeTagProcessor
[THYMELEAF]             * [* {th:datetime,data-th-datetime}] [1000]: org.thymeleaf.standard.processor.StandardRemovableAttributeTagProcessor
[THYMELEAF]             * [* {th:alt,data-th-alt}] [1000]: org.thymeleaf.standard.processor.StandardRemovableAttributeTagProcessor
[THYMELEAF]             * [* {th:wrap,data-th-wrap}] [1000]: org.thymeleaf.standard.processor.StandardRemovableAttributeTagProcessor
[THYMELEAF]             * [* {th:srclang,data-th-srclang}] [1000]: org.thymeleaf.standard.processor.StandardRemovableAttributeTagProcessor
[THYMELEAF]             * [* {th:cellpadding,data-th-cellpadding}] [1000]: org.thymeleaf.standard.processor.StandardRemovableAttributeTagProcessor
[THYMELEAF]             * [* {th:start,data-th-start}] [1000]: org.thymeleaf.standard.processor.StandardRemovableAttributeTagProcessor
[THYMELEAF]             * [* {th:style,data-th-style}] [1000]: org.thymeleaf.standard.processor.StandardRemovableAttributeTagProcessor
[THYMELEAF]             * [* {th:form,data-th-form}] [1000]: org.thymeleaf.standard.processor.StandardRemovableAttributeTagProcessor
[THYMELEAF]             * [* {th:colspan,data-th-colspan}] [1000]: org.thymeleaf.standard.processor.StandardRemovableAttributeTagProcessor
[THYMELEAF]             * [* {th:audio,data-th-audio}] [1000]: org.thymeleaf.standard.processor.StandardRemovableAttributeTagProcessor
[THYMELEAF]             * [* {th:bgcolor,data-th-bgcolor}] [1000]: org.thymeleaf.standard.processor.StandardRemovableAttributeTagProcessor
[THYMELEAF]             * [* {th:cellspacing,data-th-cellspacing}] [1000]: org.thymeleaf.standard.processor.StandardRemovableAttributeTagProcessor
[THYMELEAF]             * [* {th:low,data-th-low}] [1000]: org.thymeleaf.standard.processor.StandardRemovableAttributeTagProcessor
[THYMELEAF]             * [* {th:marginheight,data-th-marginheight}] [1000]: org.thymeleaf.standard.processor.StandardRemovableAttributeTagProcessor
[THYMELEAF]             * [* {th:longdesc,data-th-longdesc}] [1000]: org.thymeleaf.standard.processor.StandardRemovableAttributeTagProcessor
[THYMELEAF]             * [* {th:challenge,data-th-challenge}] [1000]: org.thymeleaf.standard.processor.StandardRemovableAttributeTagProcessor
[THYMELEAF]             * [* {th:rel,data-th-rel}] [1000]: org.thymeleaf.standard.processor.StandardRemovableAttributeTagProcessor
[THYMELEAF]             * [* {th:min,data-th-min}] [1000]: org.thymeleaf.standard.processor.StandardRemovableAttributeTagProcessor
[THYMELEAF]             * [* {th:dropzone,data-th-dropzone}] [1000]: org.thymeleaf.standard.processor.StandardRemovableAttributeTagProcessor
[THYMELEAF]             * [* {th:width,data-th-width}] [1000]: org.thymeleaf.standard.processor.StandardRemovableAttributeTagProcessor
[THYMELEAF]             * [* {th:formenctype,data-th-formenctype}] [1000]: org.thymeleaf.standard.processor.StandardRemovableAttributeTagProcessor
[THYMELEAF]             * [* {th:step,data-th-step}] [1000]: org.thymeleaf.standard.processor.StandardRemovableAttributeTagProcessor
[THYMELEAF]             * [* {th:frameborder,data-th-frameborder}] [1000]: org.thymeleaf.standard.processor.StandardRemovableAttributeTagProcessor
[THYMELEAF]             * [* {th:axis,data-th-axis}] [1000]: org.thymeleaf.standard.processor.StandardRemovableAttributeTagProcessor
[THYMELEAF]             * [* {th:cols,data-th-cols}] [1000]: org.thymeleaf.standard.processor.StandardRemovableAttributeTagProcessor
[THYMELEAF]             * [* {th:size,data-th-size}] [1000]: org.thymeleaf.standard.processor.StandardRemovableAttributeTagProcessor
[THYMELEAF]             * [* {th:preload,data-th-preload}] [1000]: org.thymeleaf.standard.processor.StandardRemovableAttributeTagProcessor
[THYMELEAF]             * [* {th:summary,data-th-summary}] [1000]: org.thymeleaf.standard.processor.StandardRemovableAttributeTagProcessor
[THYMELEAF]             * [* {th:rowspan,data-th-rowspan}] [1000]: org.thymeleaf.standard.processor.StandardRemovableAttributeTagProcessor
[THYMELEAF]             * [* {th:marginwidth,data-th-marginwidth}] [1000]: org.thymeleaf.standard.processor.StandardRemovableAttributeTagProcessor
[THYMELEAF]             * [* {th:span,data-th-span}] [1000]: org.thymeleaf.standard.processor.StandardRemovableAttributeTagProcessor
[THYMELEAF]             * [* {th:archive,data-th-archive}] [1000]: org.thymeleaf.standard.processor.StandardRemovableAttributeTagProcessor
[THYMELEAF]             * [* {th:draggable,data-th-draggable}] [1000]: org.thymeleaf.standard.processor.StandardRemovableAttributeTagProcessor
[THYMELEAF]             * [* {th:scheme,data-th-scheme}] [1000]: org.thymeleaf.standard.processor.StandardRemovableAttributeTagProcessor
[THYMELEAF]             * [* {th:optimum,data-th-optimum}] [1000]: org.thymeleaf.standard.processor.StandardRemovableAttributeTagProcessor
[THYMELEAF]             * [* {th:contenteditable,data-th-contenteditable}] [1000]: org.thymeleaf.standard.processor.StandardRemovableAttributeTagProcessor
[THYMELEAF]             * [* {th:codetype,data-th-codetype}] [1000]: org.thymeleaf.standard.processor.StandardRemovableAttributeTagProcessor
[THYMELEAF]             * [* {th:media,data-th-media}] [1000]: org.thymeleaf.standard.processor.StandardRemovableAttributeTagProcessor
[THYMELEAF]             * [* {th:src,data-th-src}] [1000]: org.thymeleaf.standard.processor.StandardSrcTagProcessor
[THYMELEAF]             * [* {th:value,data-th-value}] [1000]: org.thymeleaf.standard.processor.StandardValueTagProcessor
[THYMELEAF]             * [* {th:xmlbase,data-th-xmlbase}] [1000]: org.thymeleaf.standard.processor.StandardXmlBaseTagProcessor
[THYMELEAF]             * [* {th:xmllang,data-th-xmllang}] [1000]: org.thymeleaf.standard.processor.StandardXmlLangTagProcessor
[THYMELEAF]             * [* {xmlns:th}] [1000]: org.thymeleaf.standard.processor.StandardXmlNsTagProcessor
[THYMELEAF]             * [* {th:xmlspace,data-th-xmlspace}] [1000]: org.thymeleaf.standard.processor.StandardXmlSpaceTagProcessor
[THYMELEAF]             * [* {th:classappend,data-th-classappend}] [1100]: org.thymeleaf.standard.processor.StandardClassappendTagProcessor
[THYMELEAF]             * [* {th:styleappend,data-th-styleappend}] [1100]: org.thymeleaf.standard.processor.StandardStyleappendTagProcessor
[THYMELEAF]             * [* {th:text,data-th-text}] [1300]: org.thymeleaf.standard.processor.StandardTextTagProcessor
[THYMELEAF]             * [* {th:utext,data-th-utext}] [1400]: org.thymeleaf.standard.processor.StandardUtextTagProcessor
[THYMELEAF]             * [* {th:fragment,data-th-fragment}] [1500]: org.thymeleaf.standard.processor.StandardFragmentTagProcessor
[THYMELEAF]             * [* {th:assert,data-th-assert}] [1550]: org.thymeleaf.standard.processor.StandardAssertTagProcessor
[THYMELEAF]             * [* {th:remove,data-th-remove}] [1600]: org.thymeleaf.standard.processor.StandardRemoveTagProcessor
[THYMELEAF]             * [* {th:ref,data-th-ref}] [10000]: org.thymeleaf.standard.processor.StandardRefAttributeTagProcessor
[THYMELEAF]             * [{th:block,th-block} *] [100000]: org.thymeleaf.standard.processor.StandardBlockTagProcessor
[THYMELEAF]             * [* th:*] [2147483647]: org.thymeleaf.standard.processor.StandardDefaultAttributesTagProcessor
[THYMELEAF]         * Text Processors by [precedence]:
[THYMELEAF]             * [1000]: org.thymeleaf.standard.processor.StandardInliningTextProcessor
[THYMELEAF]         * DOCTYPE Processors by [precedence]:
[THYMELEAF]             * [1000]: org.thymeleaf.standard.processor.StandardTranslationDocTypeProcessor
[THYMELEAF]         * CDATA Section Processors by [precedence]:
[THYMELEAF]             * [1000]: org.thymeleaf.standard.processor.StandardInliningCDATASectionProcessor
[THYMELEAF]         * Comment Processors by [precedence]:
[THYMELEAF]             * [1000]: org.thymeleaf.standard.processor.StandardInliningCommentProcessor
[THYMELEAF]             * [1100]: org.thymeleaf.standard.processor.StandardConditionalCommentProcessor
[THYMELEAF]     * Processors for Template Mode: XML
[THYMELEAF]         * Element Tag Processors by [matching element and attribute name] [precedence]:
[THYMELEAF]             * [* {th:include}] [100]: org.thymeleaf.standard.processor.StandardIncludeTagProcessor
[THYMELEAF]             * [* {th:insert}] [100]: org.thymeleaf.standard.processor.StandardInsertTagProcessor
[THYMELEAF]             * [* {th:replace}] [100]: org.thymeleaf.standard.processor.StandardReplaceTagProcessor
[THYMELEAF]             * [* {th:each}] [200]: com.intuit.karate.template.KarateEachTagProcessor
[THYMELEAF]             * [* {th:switch}] [250]: org.thymeleaf.standard.processor.StandardSwitchTagProcessor
[THYMELEAF]             * [* {th:case}] [275]: org.thymeleaf.standard.processor.StandardCaseTagProcessor
[THYMELEAF]             * [* {th:if}] [300]: org.thymeleaf.standard.processor.StandardIfTagProcessor
[THYMELEAF]             * [* {th:unless}] [400]: org.thymeleaf.standard.processor.StandardUnlessTagProcessor
[THYMELEAF]             * [* {th:object}] [500]: org.thymeleaf.standard.processor.StandardObjectTagProcessor
[THYMELEAF]             * [* {th:with}] [600]: com.intuit.karate.template.KarateWithTagProcessor
[THYMELEAF]             * [* {th:attr}] [700]: com.intuit.karate.template.KarateAttributeTagProcessor.KarateAttrTagProcessor
[THYMELEAF]             * [* {th:attrappend}] [900]: com.intuit.karate.template.KarateAttributeTagProcessor.KarateAttrappendTagProcessor
[THYMELEAF]             * [* {th:attrprepend}] [900]: com.intuit.karate.template.KarateAttributeTagProcessor.KarateAttrprependTagProcessor
[THYMELEAF]             * [* {th:inline}] [1000]: org.thymeleaf.standard.processor.StandardInlineXMLTagProcessor
[THYMELEAF]             * [* {xmlns:th}] [1000]: org.thymeleaf.standard.processor.StandardXmlNsTagProcessor
[THYMELEAF]             * [* {th:text}] [1300]: org.thymeleaf.standard.processor.StandardTextTagProcessor
[THYMELEAF]             * [* {th:utext}] [1400]: org.thymeleaf.standard.processor.StandardUtextTagProcessor
[THYMELEAF]             * [* {th:fragment}] [1500]: org.thymeleaf.standard.processor.StandardFragmentTagProcessor
[THYMELEAF]             * [* {th:assert}] [1550]: org.thymeleaf.standard.processor.StandardAssertTagProcessor
[THYMELEAF]             * [* {th:remove}] [1600]: org.thymeleaf.standard.processor.StandardRemoveTagProcessor
[THYMELEAF]             * [* {th:ref}] [10000]: org.thymeleaf.standard.processor.StandardRefAttributeTagProcessor
[THYMELEAF]             * [{th:block} *] [100000]: org.thymeleaf.standard.processor.StandardBlockTagProcessor
[THYMELEAF]             * [* th:*] [2147483647]: org.thymeleaf.standard.processor.StandardDefaultAttributesTagProcessor
[THYMELEAF]         * Text Processors by [precedence]:
[THYMELEAF]             * [1000]: org.thymeleaf.standard.processor.StandardInliningTextProcessor
[THYMELEAF]         * CDATA Section Processors by [precedence]:
[THYMELEAF]             * [1000]: org.thymeleaf.standard.processor.StandardInliningCDATASectionProcessor
[THYMELEAF]         * Comment Processors by [precedence]:
[THYMELEAF]             * [1000]: org.thymeleaf.standard.processor.StandardInliningCommentProcessor
[THYMELEAF]     * Processors for Template Mode: TEXT
[THYMELEAF]         * Element Tag Processors by [matching element and attribute name] [precedence]:
[THYMELEAF]             * [* {th:insert}] [100]: org.thymeleaf.standard.processor.StandardInsertTagProcessor
[THYMELEAF]             * [* {th:replace}] [100]: org.thymeleaf.standard.processor.StandardReplaceTagProcessor
[THYMELEAF]             * [* {th:each}] [200]: com.intuit.karate.template.KarateEachTagProcessor
[THYMELEAF]             * [* {th:switch}] [250]: org.thymeleaf.standard.processor.StandardSwitchTagProcessor
[THYMELEAF]             * [* {th:case}] [275]: org.thymeleaf.standard.processor.StandardCaseTagProcessor
[THYMELEAF]             * [* {th:if}] [300]: org.thymeleaf.standard.processor.StandardIfTagProcessor
[THYMELEAF]             * [* {th:unless}] [400]: org.thymeleaf.standard.processor.StandardUnlessTagProcessor
[THYMELEAF]             * [* {th:object}] [500]: org.thymeleaf.standard.processor.StandardObjectTagProcessor
[THYMELEAF]             * [* {th:with}] [600]: com.intuit.karate.template.KarateWithTagProcessor
[THYMELEAF]             * [* {th:inline}] [1000]: org.thymeleaf.standard.processor.StandardInlineTextualTagProcessor
[THYMELEAF]             * [* {th:text}] [1300]: org.thymeleaf.standard.processor.StandardTextTagProcessor
[THYMELEAF]             * [* {th:utext}] [1400]: org.thymeleaf.standard.processor.StandardUtextTagProcessor
[THYMELEAF]             * [* {th:assert}] [1550]: org.thymeleaf.standard.processor.StandardAssertTagProcessor
[THYMELEAF]             * [* {th:remove}] [1600]: org.thymeleaf.standard.processor.StandardRemoveTagProcessor
[THYMELEAF]             * [{th:block} *] [100000]: org.thymeleaf.standard.processor.StandardBlockTagProcessor
[THYMELEAF]             * [* 100000] [org.thymeleaf.standard.processor.StandardBlockTagProcessor]: {}
[THYMELEAF]         * Text Processors by [precedence]:
[THYMELEAF]             * [1000]: org.thymeleaf.standard.processor.StandardInliningTextProcessor
[THYMELEAF]     * Processors for Template Mode: JAVASCRIPT
[THYMELEAF]         * Element Tag Processors by [matching element and attribute name] [precedence]:
[THYMELEAF]             * [* {th:insert}] [100]: org.thymeleaf.standard.processor.StandardInsertTagProcessor
[THYMELEAF]             * [* {th:replace}] [100]: org.thymeleaf.standard.processor.StandardReplaceTagProcessor
[THYMELEAF]             * [* {th:each}] [200]: com.intuit.karate.template.KarateEachTagProcessor
[THYMELEAF]             * [* {th:switch}] [250]: org.thymeleaf.standard.processor.StandardSwitchTagProcessor
[THYMELEAF]             * [* {th:case}] [275]: org.thymeleaf.standard.processor.StandardCaseTagProcessor
[THYMELEAF]             * [* {th:if}] [300]: org.thymeleaf.standard.processor.StandardIfTagProcessor
[THYMELEAF]             * [* {th:unless}] [400]: org.thymeleaf.standard.processor.StandardUnlessTagProcessor
[THYMELEAF]             * [* {th:object}] [500]: org.thymeleaf.standard.processor.StandardObjectTagProcessor
[THYMELEAF]             * [* {th:with}] [600]: com.intuit.karate.template.KarateWithTagProcessor
[THYMELEAF]             * [* {th:inline}] [1000]: org.thymeleaf.standard.processor.StandardInlineTextualTagProcessor
[THYMELEAF]             * [* {th:text}] [1300]: org.thymeleaf.standard.processor.StandardTextTagProcessor
[THYMELEAF]             * [* {th:utext}] [1400]: org.thymeleaf.standard.processor.StandardUtextTagProcessor
[THYMELEAF]             * [* {th:assert}] [1550]: org.thymeleaf.standard.processor.StandardAssertTagProcessor
[THYMELEAF]             * [* {th:remove}] [1600]: org.thymeleaf.standard.processor.StandardRemoveTagProcessor
[THYMELEAF]             * [{th:block} *] [100000]: org.thymeleaf.standard.processor.StandardBlockTagProcessor
[THYMELEAF]             * [* 100000] [org.thymeleaf.standard.processor.StandardBlockTagProcessor]: {}
[THYMELEAF]         * Text Processors by [precedence]:
[THYMELEAF]             * [1000]: org.thymeleaf.standard.processor.StandardInliningTextProcessor
[THYMELEAF]     * Processors for Template Mode: CSS
[THYMELEAF]         * Element Tag Processors by [matching element and attribute name] [precedence]:
[THYMELEAF]             * [* {th:insert}] [100]: org.thymeleaf.standard.processor.StandardInsertTagProcessor
[THYMELEAF]             * [* {th:replace}] [100]: org.thymeleaf.standard.processor.StandardReplaceTagProcessor
[THYMELEAF]             * [* {th:each}] [200]: com.intuit.karate.template.KarateEachTagProcessor
[THYMELEAF]             * [* {th:switch}] [250]: org.thymeleaf.standard.processor.StandardSwitchTagProcessor
[THYMELEAF]             * [* {th:case}] [275]: org.thymeleaf.standard.processor.StandardCaseTagProcessor
[THYMELEAF]             * [* {th:if}] [300]: org.thymeleaf.standard.processor.StandardIfTagProcessor
[THYMELEAF]             * [* {th:unless}] [400]: org.thymeleaf.standard.processor.StandardUnlessTagProcessor
[THYMELEAF]             * [* {th:object}] [500]: org.thymeleaf.standard.processor.StandardObjectTagProcessor
[THYMELEAF]             * [* {th:with}] [600]: com.intuit.karate.template.KarateWithTagProcessor
[THYMELEAF]             * [* {th:inline}] [1000]: org.thymeleaf.standard.processor.StandardInlineTextualTagProcessor
[THYMELEAF]             * [* {th:text}] [1300]: org.thymeleaf.standard.processor.StandardTextTagProcessor
[THYMELEAF]             * [* {th:utext}] [1400]: org.thymeleaf.standard.processor.StandardUtextTagProcessor
[THYMELEAF]             * [* {th:assert}] [1550]: org.thymeleaf.standard.processor.StandardAssertTagProcessor
[THYMELEAF]             * [* {th:remove}] [1600]: org.thymeleaf.standard.processor.StandardRemoveTagProcessor
[THYMELEAF]             * [{th:block} *] [100000]: org.thymeleaf.standard.processor.StandardBlockTagProcessor
[THYMELEAF]             * [* 100000] [org.thymeleaf.standard.processor.StandardBlockTagProcessor]: {}
[THYMELEAF]         * Text Processors by [precedence]:
[THYMELEAF]             * [1000]: org.thymeleaf.standard.processor.StandardInliningTextProcessor
[THYMELEAF]     * Expression Objects:
[THYMELEAF]         * #ctx
[THYMELEAF]         * #root
[THYMELEAF]         * #vars
[THYMELEAF]         * #object
[THYMELEAF]         * #locale
[THYMELEAF]         * #conversions
[THYMELEAF]         * #uris
[THYMELEAF]         * #temporals
[THYMELEAF]         * #calendars
[THYMELEAF]         * #dates
[THYMELEAF]         * #bools
[THYMELEAF]         * #numbers
[THYMELEAF]         * #objects
[THYMELEAF]         * #strings
[THYMELEAF]         * #arrays
[THYMELEAF]         * #lists
[THYMELEAF]         * #sets
[THYMELEAF]         * #maps
[THYMELEAF]         * #aggregates
[THYMELEAF]         * #messages
[THYMELEAF]         * #ids
[THYMELEAF]         * #execInfo
[THYMELEAF]         * #request
[THYMELEAF]         * #response
[THYMELEAF]         * #session
[THYMELEAF]         * #servletContext
[THYMELEAF]     * Execution Attributes:
[THYMELEAF]         * "StandardExpressionParser": com.intuit.karate.template.KarateStandardDialect@78b9155e
[THYMELEAF]         * "StandardJavaScriptSerializer": org.thymeleaf.standard.serializer.StandardJavaScriptSerializer@6d6f6ca9
[THYMELEAF]         * "StandardCSSSerializer": org.thymeleaf.standard.serializer.StandardCSSSerializer@54496c2d
[THYMELEAF]         * "StandardVariableExpressionEvaluator": com.intuit.karate.template.KarateStandardDialect@78b9155e
[THYMELEAF]         * "StandardConversionService": org.thymeleaf.standard.expression.StandardConversionService@4e1a3d5a
[THYMELEAF] * Dialect [2 of 2]: karate (com.intuit.karate.template.KarateScriptDialect)
[THYMELEAF]     * Prefix: "ka"
[THYMELEAF]     * Processors for Template Mode: HTML
[THYMELEAF]         * Element Tag Processors by [matching element and attribute name] [precedence]:
[THYMELEAF]             * [* {src}] [1000]: com.intuit.karate.template.KaScriptAttrProcessor
[THYMELEAF]         * Element Model Processors by [matching element and attribute name] [precedence]:
[THYMELEAF]             * [{script} {ka:scope,data-ka-scope}] [1000]: com.intuit.karate.template.KaScriptElemProcessor
[THYMELEAF]             * [* {ka:set,data-ka-set}] [1000]: com.intuit.karate.template.KaSetElemProcessor
[THYMELEAF] TEMPLATE ENGINE CONFIGURED OK
15:08:21.370 [main] DEBUG org.thymeleaf.TemplateEngine -- [THYMELEAF] TEMPLATE ENGINE INITIALIZED
15:08:21.378 [main] DEBUG org.thymeleaf.TemplateEngine -- [THYMELEAF] INITIALIZING TEMPLATE ENGINE
15:08:21.384 [main] DEBUG org.thymeleaf.TemplateEngine.CONFIG -- Initializing Thymeleaf Template engine configuration...
[THYMELEAF] TEMPLATE ENGINE CONFIGURATION:
[THYMELEAF] * Thymeleaf version: 3.1.2.RELEASE (built 2023-07-30T19:25:50+0000)
[THYMELEAF] * Cache Manager implementation: org.thymeleaf.cache.StandardCacheManager
[THYMELEAF] * Template resolvers:
[THYMELEAF]     * [1] com.intuit.karate.template.ResourceHtmlTemplateResolver
[THYMELEAF] * Message resolvers:
[THYMELEAF]     * org.thymeleaf.messageresolver.StandardMessageResolver
[THYMELEAF] * Link builders:
[THYMELEAF]     * org.thymeleaf.linkbuilder.StandardLinkBuilder
[THYMELEAF] * Dialect [1 of 2]: Standard (com.intuit.karate.template.KarateStandardDialect)
[THYMELEAF]     * Prefix: "th"
[THYMELEAF]     * Processors for Template Mode: HTML
[THYMELEAF]         * Element Tag Processors by [matching element and attribute name] [precedence]:
[THYMELEAF]             * [* {th:include,data-th-include}] [100]: org.thymeleaf.standard.processor.StandardIncludeTagProcessor
[THYMELEAF]             * [* {th:insert,data-th-insert}] [100]: org.thymeleaf.standard.processor.StandardInsertTagProcessor
[THYMELEAF]             * [* {th:replace,data-th-replace}] [100]: org.thymeleaf.standard.processor.StandardReplaceTagProcessor
[THYMELEAF]             * [* {th:each,data-th-each}] [200]: com.intuit.karate.template.KarateEachTagProcessor
[THYMELEAF]             * [* {th:switch,data-th-switch}] [250]: org.thymeleaf.standard.processor.StandardSwitchTagProcessor
[THYMELEAF]             * [* {th:case,data-th-case}] [275]: org.thymeleaf.standard.processor.StandardCaseTagProcessor
[THYMELEAF]             * [* {th:if,data-th-if}] [300]: org.thymeleaf.standard.processor.StandardIfTagProcessor
[THYMELEAF]             * [* {th:unless,data-th-unless}] [400]: org.thymeleaf.standard.processor.StandardUnlessTagProcessor
[THYMELEAF]             * [* {th:object,data-th-object}] [500]: org.thymeleaf.standard.processor.StandardObjectTagProcessor
[THYMELEAF]             * [* {th:with,data-th-with}] [600]: com.intuit.karate.template.KarateWithTagProcessor
[THYMELEAF]             * [* {th:attr,data-th-attr}] [700]: com.intuit.karate.template.KarateAttributeTagProcessor.KarateAttrTagProcessor
[THYMELEAF]             * [* {th:attrappend,data-th-attrappend}] [900]: com.intuit.karate.template.KarateAttributeTagProcessor.KarateAttrappendTagProcessor
[THYMELEAF]             * [* {th:attrprepend,data-th-attrprepend}] [900]: com.intuit.karate.template.KarateAttributeTagProcessor.KarateAttrprependTagProcessor
[THYMELEAF]             * [* {th:alt-title,data-th-alt-title}] [990]: org.thymeleaf.standard.processor.StandardAltTitleTagProcessor
[THYMELEAF]             * [* {th:lang-xmllang,data-th-lang-xmllang}] [990]: org.thymeleaf.standard.processor.StandardLangXmlLangTagProcessor
[THYMELEAF]             * [* {th:action,data-th-action}] [1000]: org.thymeleaf.standard.processor.StandardActionTagProcessor
[THYMELEAF]             * [* {th:multiple,data-th-multiple}] [1000]: org.thymeleaf.standard.processor.StandardConditionalFixedValueTagProcessor
[THYMELEAF]             * [* {th:hidden,data-th-hidden}] [1000]: org.thymeleaf.standard.processor.StandardConditionalFixedValueTagProcessor
[THYMELEAF]             * [* {th:controls,data-th-controls}] [1000]: org.thymeleaf.standard.processor.StandardConditionalFixedValueTagProcessor
[THYMELEAF]             * [* {th:open,data-th-open}] [1000]: org.thymeleaf.standard.processor.StandardConditionalFixedValueTagProcessor
[THYMELEAF]             * [* {th:defer,data-th-defer}] [1000]: org.thymeleaf.standard.processor.StandardConditionalFixedValueTagProcessor
[THYMELEAF]             * [* {th:required,data-th-required}] [1000]: org.thymeleaf.standard.processor.StandardConditionalFixedValueTagProcessor
[THYMELEAF]             * [* {th:pubdate,data-th-pubdate}] [1000]: org.thymeleaf.standard.processor.StandardConditionalFixedValueTagProcessor
[THYMELEAF]             * [* {th:disabled,data-th-disabled}] [1000]: org.thymeleaf.standard.processor.StandardConditionalFixedValueTagProcessor
[THYMELEAF]             * [* {th:seamless,data-th-seamless}] [1000]: org.thymeleaf.standard.processor.StandardConditionalFixedValueTagProcessor
[THYMELEAF]             * [* {th:default,data-th-default}] [1000]: org.thymeleaf.standard.processor.StandardConditionalFixedValueTagProcessor
[THYMELEAF]             * [* {th:readonly,data-th-readonly}] [1000]: org.thymeleaf.standard.processor.StandardConditionalFixedValueTagProcessor
[THYMELEAF]             * [* {th:scoped,data-th-scoped}] [1000]: org.thymeleaf.standard.processor.StandardConditionalFixedValueTagProcessor
[THYMELEAF]             * [* {th:ismap,data-th-ismap}] [1000]: org.thymeleaf.standard.processor.StandardConditionalFixedValueTagProcessor
[THYMELEAF]             * [* {th:loop,data-th-loop}] [1000]: org.thymeleaf.standard.processor.StandardConditionalFixedValueTagProcessor
[THYMELEAF]             * [* {th:autoplay,data-th-autoplay}] [1000]: org.thymeleaf.standard.processor.StandardConditionalFixedValueTagProcessor
[THYMELEAF]             * [* {th:declare,data-th-declare}] [1000]: org.thymeleaf.standard.processor.StandardConditionalFixedValueTagProcessor
[THYMELEAF]             * [* {th:checked,data-th-checked}] [1000]: org.thymeleaf.standard.processor.StandardConditionalFixedValueTagProcessor
[THYMELEAF]             * [* {th:formnovalidate,data-th-formnovalidate}] [1000]: org.thymeleaf.standard.processor.StandardConditionalFixedValueTagProcessor
[THYMELEAF]             * [* {th:reversed,data-th-reversed}] [1000]: org.thymeleaf.standard.processor.StandardConditionalFixedValueTagProcessor
[THYMELEAF]             * [* {th:nowrap,data-th-nowrap}] [1000]: org.thymeleaf.standard.processor.StandardConditionalFixedValueTagProcessor
[THYMELEAF]             * [* {th:selected,data-th-selected}] [1000]: org.thymeleaf.standard.processor.StandardConditionalFixedValueTagProcessor
[THYMELEAF]             * [* {th:async,data-th-async}] [1000]: org.thymeleaf.standard.processor.StandardConditionalFixedValueTagProcessor
[THYMELEAF]             * [* {th:autofocus,data-th-autofocus}] [1000]: org.thymeleaf.standard.processor.StandardConditionalFixedValueTagProcessor
[THYMELEAF]             * [* {th:novalidate,data-th-novalidate}] [1000]: org.thymeleaf.standard.processor.StandardConditionalFixedValueTagProcessor
[THYMELEAF]             * [* {th:ondragenter,data-th-ondragenter}] [1000]: org.thymeleaf.standard.processor.StandardDOMEventAttributeTagProcessor
[THYMELEAF]             * [* {th:onscroll,data-th-onscroll}] [1000]: org.thymeleaf.standard.processor.StandardDOMEventAttributeTagProcessor
[THYMELEAF]             * [* {th:onmousedown,data-th-onmousedown}] [1000]: org.thymeleaf.standard.processor.StandardDOMEventAttributeTagProcessor
[THYMELEAF]             * [* {th:onvolumechange,data-th-onvolumechange}] [1000]: org.thymeleaf.standard.processor.StandardDOMEventAttributeTagProcessor
[THYMELEAF]             * [* {th:onmouseup,data-th-onmouseup}] [1000]: org.thymeleaf.standard.processor.StandardDOMEventAttributeTagProcessor
[THYMELEAF]             * [* {th:onended,data-th-onended}] [1000]: org.thymeleaf.standard.processor.StandardDOMEventAttributeTagProcessor
[THYMELEAF]             * [* {th:ontimeupdate,data-th-ontimeupdate}] [1000]: org.thymeleaf.standard.processor.StandardDOMEventAttributeTagProcessor
[THYMELEAF]             * [* {th:onloadstart,data-th-onloadstart}] [1000]: org.thymeleaf.standard.processor.StandardDOMEventAttributeTagProcessor
[THYMELEAF]             * [* {th:onsuspend,data-th-onsuspend}] [1000]: org.thymeleaf.standard.processor.StandardDOMEventAttributeTagProcessor
[THYMELEAF]             * [* {th:onbeforeunload,data-th-onbeforeunload}] [1000]: org.thymeleaf.standard.processor.StandardDOMEventAttributeTagProcessor
[THYMELEAF]             * [* {th:ondragstart,data-th-ondragstart}] [1000]: org.thymeleaf.standard.processor.StandardDOMEventAttributeTagProcessor
[THYMELEAF]             * [* {th:onoffline,data-th-onoffline}] [1000]: org.thymeleaf.standard.processor.StandardDOMEventAttributeTagProcessor
[THYMELEAF]             * [* {th:onabort,data-th-onabort}] [1000]: org.thymeleaf.standard.processor.StandardDOMEventAttributeTagProcessor
[THYMELEAF]             * [* {th:oncanplaythrough,data-th-oncanplaythrough}] [1000]: org.thymeleaf.standard.processor.StandardDOMEventAttributeTagProcessor
[THYMELEAF]             * [* {th:onstorage,data-th-onstorage}] [1000]: org.thymeleaf.standard.processor.StandardDOMEventAttributeTagProcessor
[THYMELEAF]             * [* {th:onunload,data-th-onunload}] [1000]: org.thymeleaf.standard.processor.StandardDOMEventAttributeTagProcessor
[THYMELEAF]             * [* {th:oninput,data-th-oninput}] [1000]: org.thymeleaf.standard.processor.StandardDOMEventAttributeTagProcessor
[THYMELEAF]             * [* {th:onmousewheel,data-th-onmousewheel}] [1000]: org.thymeleaf.standard.processor.StandardDOMEventAttributeTagProcessor
[THYMELEAF]             * [* {th:oncontextmenu,data-th-oncontextmenu}] [1000]: org.thymeleaf.standard.processor.StandardDOMEventAttributeTagProcessor
[THYMELEAF]             * [* {th:onforminput,data-th-onforminput}] [1000]: org.thymeleaf.standard.processor.StandardDOMEventAttributeTagProcessor
[THYMELEAF]             * [* {th:onwaiting,data-th-onwaiting}] [1000]: org.thymeleaf.standard.processor.StandardDOMEventAttributeTagProcessor
[THYMELEAF]             * [* {th:onshow,data-th-onshow}] [1000]: org.thymeleaf.standard.processor.StandardDOMEventAttributeTagProcessor
[THYMELEAF]             * [* {th:onload,data-th-onload}] [1000]: org.thymeleaf.standard.processor.StandardDOMEventAttributeTagProcessor
[THYMELEAF]             * [* {th:onmessage,data-th-onmessage}] [1000]: org.thymeleaf.standard.processor.StandardDOMEventAttributeTagProcessor
[THYMELEAF]             * [* {th:onfocus,data-th-onfocus}] [1000]: org.thymeleaf.standard.processor.StandardDOMEventAttributeTagProcessor
[THYMELEAF]             * [* {th:oncanplay,data-th-oncanplay}] [1000]: org.thymeleaf.standard.processor.StandardDOMEventAttributeTagProcessor
[THYMELEAF]             * [* {th:ondragend,data-th-ondragend}] [1000]: org.thymeleaf.standard.processor.StandardDOMEventAttributeTagProcessor
[THYMELEAF]             * [* {th:onplaying,data-th-onplaying}] [1000]: org.thymeleaf.standard.processor.StandardDOMEventAttributeTagProcessor
[THYMELEAF]             * [* {th:onpause,data-th-onpause}] [1000]: org.thymeleaf.standard.processor.StandardDOMEventAttributeTagProcessor
[THYMELEAF]             * [* {th:onemptied,data-th-onemptied}] [1000]: org.thymeleaf.standard.processor.StandardDOMEventAttributeTagProcessor
[THYMELEAF]             * [* {th:onhashchange,data-th-onhashchange}] [1000]: org.thymeleaf.standard.processor.StandardDOMEventAttributeTagProcessor
[THYMELEAF]             * [* {th:onloadedmetadata,data-th-onloadedmetadata}] [1000]: org.thymeleaf.standard.processor.StandardDOMEventAttributeTagProcessor
[THYMELEAF]             * [* {th:onmousemove,data-th-onmousemove}] [1000]: org.thymeleaf.standard.processor.StandardDOMEventAttributeTagProcessor
[THYMELEAF]             * [* {th:onplay,data-th-onplay}] [1000]: org.thymeleaf.standard.processor.StandardDOMEventAttributeTagProcessor
[THYMELEAF]             * [* {th:onloadeddata,data-th-onloadeddata}] [1000]: org.thymeleaf.standard.processor.StandardDOMEventAttributeTagProcessor
[THYMELEAF]             * [* {th:ondragover,data-th-ondragover}] [1000]: org.thymeleaf.standard.processor.StandardDOMEventAttributeTagProcessor
[THYMELEAF]             * [* {th:onreadystatechange,data-th-onreadystatechange}] [1000]: org.thymeleaf.standard.processor.StandardDOMEventAttributeTagProcessor
[THYMELEAF]             * [* {th:ononline,data-th-ononline}] [1000]: org.thymeleaf.standard.processor.StandardDOMEventAttributeTagProcessor
[THYMELEAF]             * [* {th:onpopstate,data-th-onpopstate}] [1000]: org.thymeleaf.standard.processor.StandardDOMEventAttributeTagProcessor
[THYMELEAF]             * [* {th:ondblclick,data-th-ondblclick}] [1000]: org.thymeleaf.standard.processor.StandardDOMEventAttributeTagProcessor
[THYMELEAF]             * [* {th:onkeypress,data-th-onkeypress}] [1000]: org.thymeleaf.standard.processor.StandardDOMEventAttributeTagProcessor
[THYMELEAF]             * [* {th:onbeforeprint,data-th-onbeforeprint}] [1000]: org.thymeleaf.standard.processor.StandardDOMEventAttributeTagProcessor
[THYMELEAF]             * [* {th:ondragleave,data-th-ondragleave}] [1000]: org.thymeleaf.standard.processor.StandardDOMEventAttributeTagProcessor
[THYMELEAF]             * [* {th:onresize,data-th-onresize}] [1000]: org.thymeleaf.standard.processor.StandardDOMEventAttributeTagProcessor
[THYMELEAF]             * [* {th:onstalled,data-th-onstalled}] [1000]: org.thymeleaf.standard.processor.StandardDOMEventAttributeTagProcessor
[THYMELEAF]             * [* {th:onprogress,data-th-onprogress}] [1000]: org.thymeleaf.standard.processor.StandardDOMEventAttributeTagProcessor
[THYMELEAF]             * [* {th:onratechange,data-th-onratechange}] [1000]: org.thymeleaf.standard.processor.StandardDOMEventAttributeTagProcessor
[THYMELEAF]             * [* {th:onundo,data-th-onundo}] [1000]: org.thymeleaf.standard.processor.StandardDOMEventAttributeTagProcessor
[THYMELEAF]             * [* {th:onsubmit,data-th-onsubmit}] [1000]: org.thymeleaf.standard.processor.StandardDOMEventAttributeTagProcessor
[THYMELEAF]             * [* {th:onmouseover,data-th-onmouseover}] [1000]: org.thymeleaf.standard.processor.StandardDOMEventAttributeTagProcessor
[THYMELEAF]             * [* {th:onafterprint,data-th-onafterprint}] [1000]: org.thymeleaf.standard.processor.StandardDOMEventAttributeTagProcessor
[THYMELEAF]             * [* {th:onreset,data-th-onreset}] [1000]: org.thymeleaf.standard.processor.StandardDOMEventAttributeTagProcessor
[THYMELEAF]             * [* {th:onformchange,data-th-onformchange}] [1000]: org.thymeleaf.standard.processor.StandardDOMEventAttributeTagProcessor
[THYMELEAF]             * [* {th:ondrag,data-th-ondrag}] [1000]: org.thymeleaf.standard.processor.StandardDOMEventAttributeTagProcessor
[THYMELEAF]             * [* {th:onclick,data-th-onclick}] [1000]: org.thymeleaf.standard.processor.StandardDOMEventAttributeTagProcessor
[THYMELEAF]             * [* {th:ondurationchange,data-th-ondurationchange}] [1000]: org.thymeleaf.standard.processor.StandardDOMEventAttributeTagProcessor
[THYMELEAF]             * [* {th:onseeked,data-th-onseeked}] [1000]: org.thymeleaf.standard.processor.StandardDOMEventAttributeTagProcessor
[THYMELEAF]             * [* {th:onerror,data-th-onerror}] [1000]: org.thymeleaf.standard.processor.StandardDOMEventAttributeTagProcessor
[THYMELEAF]             * [* {th:onkeydown,data-th-onkeydown}] [1000]: org.thymeleaf.standard.processor.StandardDOMEventAttributeTagProcessor
[THYMELEAF]             * [* {th:onchange,data-th-onchange}] [1000]: org.thymeleaf.standard.processor.StandardDOMEventAttributeTagProcessor
[THYMELEAF]             * [* {th:ondrop,data-th-ondrop}] [1000]: org.thymeleaf.standard.processor.StandardDOMEventAttributeTagProcessor
[THYMELEAF]             * [* {th:onredo,data-th-onredo}] [1000]: org.thymeleaf.standard.processor.StandardDOMEventAttributeTagProcessor
[THYMELEAF]             * [* {th:onseeking,data-th-onseeking}] [1000]: org.thymeleaf.standard.processor.StandardDOMEventAttributeTagProcessor
[THYMELEAF]             * [* {th:onselect,data-th-onselect}] [1000]: org.thymeleaf.standard.processor.StandardDOMEventAttributeTagProcessor
[THYMELEAF]             * [* {th:oninvalid,data-th-oninvalid}] [1000]: org.thymeleaf.standard.processor.StandardDOMEventAttributeTagProcessor
[THYMELEAF]             * [* {th:onblur,data-th-onblur}] [1000]: org.thymeleaf.standard.processor.StandardDOMEventAttributeTagProcessor
[THYMELEAF]             * [* {th:onmouseout,data-th-onmouseout}] [1000]: org.thymeleaf.standard.processor.StandardDOMEventAttributeTagProcessor
[THYMELEAF]             * [* {th:onkeyup,data-th-onkeyup}] [1000]: org.thymeleaf.standard.processor.StandardDOMEventAttributeTagProcessor
[THYMELEAF]             * [* {th:href,data-th-href}] [1000]: org.thymeleaf.standard.processor.StandardHrefTagProcessor
[THYMELEAF]             * [* {th:inline,data-th-inline}] [1000]: org.thymeleaf.standard.processor.StandardInlineHTMLTagProcessor
[THYMELEAF]             * [* {th:method,data-th-method}] [1000]: org.thymeleaf.standard.processor.StandardMethodTagProcessor
[THYMELEAF]             * [* {th:name,data-th-name}] [1000]: org.thymeleaf.standard.processor.StandardNonRemovableAttributeTagProcessor
[THYMELEAF]             * [* {th:type,data-th-type}] [1000]: org.thymeleaf.standard.processor.StandardNonRemovableAttributeTagProcessor
[THYMELEAF]             * [* {th:accept,data-th-accept}] [1000]: org.thymeleaf.standard.processor.StandardRemovableAttributeTagProcessor
[THYMELEAF]             * [* {th:dropzone,data-th-dropzone}] [1000]: org.thymeleaf.standard.processor.StandardRemovableAttributeTagProcessor
[THYMELEAF]             * [* {th:archive,data-th-archive}] [1000]: org.thymeleaf.standard.processor.StandardRemovableAttributeTagProcessor
[THYMELEAF]             * [* {th:bgcolor,data-th-bgcolor}] [1000]: org.thymeleaf.standard.processor.StandardRemovableAttributeTagProcessor
[THYMELEAF]             * [* {th:audio,data-th-audio}] [1000]: org.thymeleaf.standard.processor.StandardRemovableAttributeTagProcessor
[THYMELEAF]             * [* {th:content,data-th-content}] [1000]: org.thymeleaf.standard.processor.StandardRemovableAttributeTagProcessor
[THYMELEAF]             * [* {th:rowspan,data-th-rowspan}] [1000]: org.thymeleaf.standard.processor.StandardRemovableAttributeTagProcessor
[THYMELEAF]             * [* {th:vspace,data-th-vspace}] [1000]: org.thymeleaf.standard.processor.StandardRemovableAttributeTagProcessor
[THYMELEAF]             * [* {th:width,data-th-width}] [1000]: org.thymeleaf.standard.processor.StandardRemovableAttributeTagProcessor
[THYMELEAF]             * [* {th:label,data-th-label}] [1000]: org.thymeleaf.standard.processor.StandardRemovableAttributeTagProcessor
[THYMELEAF]             * [* {th:scheme,data-th-scheme}] [1000]: org.thymeleaf.standard.processor.StandardRemovableAttributeTagProcessor
[THYMELEAF]             * [* {th:hreflang,data-th-hreflang}] [1000]: org.thymeleaf.standard.processor.StandardRemovableAttributeTagProcessor
[THYMELEAF]             * [* {th:low,data-th-low}] [1000]: org.thymeleaf.standard.processor.StandardRemovableAttributeTagProcessor
[THYMELEAF]             * [* {th:placeholder,data-th-placeholder}] [1000]: org.thymeleaf.standard.processor.StandardRemovableAttributeTagProcessor
[THYMELEAF]             * [* {th:target,data-th-target}] [1000]: org.thymeleaf.standard.processor.StandardRemovableAttributeTagProcessor
[THYMELEAF]             * [* {th:background,data-th-background}] [1000]: org.thymeleaf.standard.processor.StandardRemovableAttributeTagProcessor
[THYMELEAF]             * [* {th:summary,data-th-summary}] [1000]: org.thymeleaf.standard.processor.StandardRemovableAttributeTagProcessor
[THYMELEAF]             * [* {th:id,data-th-id}] [1000]: org.thymeleaf.standard.processor.StandardRemovableAttributeTagProcessor
[THYMELEAF]             * [* {th:colspan,data-th-colspan}] [1000]: org.thymeleaf.standard.processor.StandardRemovableAttributeTagProcessor
[THYMELEAF]             * [* {th:marginwidth,data-th-marginwidth}] [1000]: org.thymeleaf.standard.processor.StandardRemovableAttributeTagProcessor
[THYMELEAF]             * [* {th:axis,data-th-axis}] [1000]: org.thymeleaf.standard.processor.StandardRemovableAttributeTagProcessor
[THYMELEAF]             * [* {th:autocomplete,data-th-autocomplete}] [1000]: org.thymeleaf.standard.processor.StandardRemovableAttributeTagProcessor
[THYMELEAF]             * [* {th:height,data-th-height}] [1000]: org.thymeleaf.standard.processor.StandardRemovableAttributeTagProcessor
[THYMELEAF]             * [* {th:cols,data-th-cols}] [1000]: org.thymeleaf.standard.processor.StandardRemovableAttributeTagProcessor
[THYMELEAF]             * [* {th:abbr,data-th-abbr}] [1000]: org.thymeleaf.standard.processor.StandardRemovableAttributeTagProcessor
[THYMELEAF]             * [* {th:step,data-th-step}] [1000]: org.thymeleaf.standard.processor.StandardRemovableAttributeTagProcessor
[THYMELEAF]             * [* {th:sandbox,data-th-sandbox}] [1000]: org.thymeleaf.standard.processor.StandardRemovableAttributeTagProcessor
[THYMELEAF]             * [* {th:preload,data-th-preload}] [1000]: org.thymeleaf.standard.processor.StandardRemovableAttributeTagProcessor
[THYMELEAF]             * [* {th:cellspacing,data-th-cellspacing}] [1000]: org.thymeleaf.standard.processor.StandardRemovableAttributeTagProcessor
[THYMELEAF]             * [* {th:rows,data-th-rows}] [1000]: org.thymeleaf.standard.processor.StandardRemovableAttributeTagProcessor
[THYMELEAF]             * [* {th:icon,data-th-icon}] [1000]: org.thymeleaf.standard.processor.StandardRemovableAttributeTagProcessor
[THYMELEAF]             * [* {th:longdesc,data-th-longdesc}] [1000]: org.thymeleaf.standard.processor.StandardRemovableAttributeTagProcessor
[THYMELEAF]             * [* {th:high,data-th-high}] [1000]: org.thymeleaf.standard.processor.StandardRemovableAttributeTagProcessor
[THYMELEAF]             * [* {th:hspace,data-th-hspace}] [1000]: org.thymeleaf.standard.processor.StandardRemovableAttributeTagProcessor
[THYMELEAF]             * [* {th:formenctype,data-th-formenctype}] [1000]: org.thymeleaf.standard.processor.StandardRemovableAttributeTagProcessor
[THYMELEAF]             * [* {th:style,data-th-style}] [1000]: org.thymeleaf.standard.processor.StandardRemovableAttributeTagProcessor
[THYMELEAF]             * [* {th:max,data-th-max}] [1000]: org.thymeleaf.standard.processor.StandardRemovableAttributeTagProcessor
[THYMELEAF]             * [* {th:codetype,data-th-codetype}] [1000]: org.thymeleaf.standard.processor.StandardRemovableAttributeTagProcessor
[THYMELEAF]             * [* {th:sizes,data-th-sizes}] [1000]: org.thymeleaf.standard.processor.StandardRemovableAttributeTagProcessor
[THYMELEAF]             * [* {th:maxlength,data-th-maxlength}] [1000]: org.thymeleaf.standard.processor.StandardRemovableAttributeTagProcessor
[THYMELEAF]             * [* {th:list,data-th-list}] [1000]: org.thymeleaf.standard.processor.StandardRemovableAttributeTagProcessor
[THYMELEAF]             * [* {th:cellpadding,data-th-cellpadding}] [1000]: org.thymeleaf.standard.processor.StandardRemovableAttributeTagProcessor
[THYMELEAF]             * [* {th:enctype,data-th-enctype}] [1000]: org.thymeleaf.standard.processor.StandardRemovableAttributeTagProcessor
[THYMELEAF]             * [* {th:border,data-th-border}] [1000]: org.thymeleaf.standard.processor.StandardRemovableAttributeTagProcessor
[THYMELEAF]             * [* {th:accesskey,data-th-accesskey}] [1000]: org.thymeleaf.standard.processor.StandardRemovableAttributeTagProcessor
[THYMELEAF]             * [* {th:usemap,data-th-usemap}] [1000]: org.thymeleaf.standard.processor.StandardRemovableAttributeTagProcessor
[THYMELEAF]             * [* {th:tabindex,data-th-tabindex}] [1000]: org.thymeleaf.standard.processor.StandardRemovableAttributeTagProcessor
[THYMELEAF]             * [* {th:contenteditable,data-th-contenteditable}] [1000]: org.thymeleaf.standard.processor.StandardRemovableAttributeTagProcessor
[THYMELEAF]             * [* {th:span,data-th-span}] [1000]: org.thymeleaf.standard.processor.StandardRemovableAttributeTagProcessor
[THYMELEAF]             * [* {th:contextmenu,data-th-contextmenu}] [1000]: org.thymeleaf.standard.processor.StandardRemovableAttributeTagProcessor
[THYMELEAF]             * [* {th:form,data-th-form}] [1000]: org.thymeleaf.standard.processor.StandardRemovableAttributeTagProcessor
[THYMELEAF]             * [* {th:manifest,data-th-manifest}] [1000]: org.thymeleaf.standard.processor.StandardRemovableAttributeTagProcessor
[THYMELEAF]             * [* {th:cite,data-th-cite}] [1000]: org.thymeleaf.standard.processor.StandardRemovableAttributeTagProcessor
[THYMELEAF]             * [* {th:standby,data-th-standby}] [1000]: org.thymeleaf.standard.processor.StandardRemovableAttributeTagProcessor
[THYMELEAF]             * [* {th:frameborder,data-th-frameborder}] [1000]: org.thymeleaf.standard.processor.StandardRemovableAttributeTagProcessor
[THYMELEAF]             * [* {th:datetime,data-th-datetime}] [1000]: org.thymeleaf.standard.processor.StandardRemovableAttributeTagProcessor
[THYMELEAF]             * [* {th:pattern,data-th-pattern}] [1000]: org.thymeleaf.standard.processor.StandardRemovableAttributeTagProcessor
[THYMELEAF]             * [* {th:poster,data-th-poster}] [1000]: org.thymeleaf.standard.processor.StandardRemovableAttributeTagProcessor
[THYMELEAF]             * [* {th:charset,data-th-charset}] [1000]: org.thymeleaf.standard.processor.StandardRemovableAttributeTagProcessor
[THYMELEAF]             * [* {th:data,data-th-data}] [1000]: org.thymeleaf.standard.processor.StandardRemovableAttributeTagProcessor
[THYMELEAF]             * [* {th:min,data-th-min}] [1000]: org.thymeleaf.standard.processor.StandardRemovableAttributeTagProcessor
[THYMELEAF]             * [* {th:http-equiv,data-th-http-equiv}] [1000]: org.thymeleaf.standard.processor.StandardRemovableAttributeTagProcessor
[THYMELEAF]             * [* {th:formtarget,data-th-formtarget}] [1000]: org.thymeleaf.standard.processor.StandardRemovableAttributeTagProcessor
[THYMELEAF]             * [* {th:rules,data-th-rules}] [1000]: org.thymeleaf.standard.processor.StandardRemovableAttributeTagProcessor
[THYMELEAF]             * [* {th:rel,data-th-rel}] [1000]: org.thymeleaf.standard.processor.StandardRemovableAttributeTagProcessor
[THYMELEAF]             * [* {th:formaction,data-th-formaction}] [1000]: org.thymeleaf.standard.processor.StandardRemovableAttributeTagProcessor
[THYMELEAF]             * [* {th:srclang,data-th-srclang}] [1000]: org.thymeleaf.standard.processor.StandardRemovableAttributeTagProcessor
[THYMELEAF]             * [* {th:valuetype,data-th-valuetype}] [1000]: org.thymeleaf.standard.processor.StandardRemovableAttributeTagProcessor
[THYMELEAF]             * [* {th:alt,data-th-alt}] [1000]: org.thymeleaf.standard.processor.StandardRemovableAttributeTagProcessor
[THYMELEAF]             * [* {th:frame,data-th-frame}] [1000]: org.thymeleaf.standard.processor.StandardRemovableAttributeTagProcessor
[THYMELEAF]             * [* {th:formmethod,data-th-formmethod}] [1000]: org.thymeleaf.standard.processor.StandardRemovableAttributeTagProcessor
[THYMELEAF]             * [* {th:title,data-th-title}] [1000]: org.thymeleaf.standard.processor.StandardRemovableAttributeTagProcessor
[THYMELEAF]             * [* {th:rev,data-th-rev}] [1000]: org.thymeleaf.standard.processor.StandardRemovableAttributeTagProcessor
[THYMELEAF]             * [* {th:marginheight,data-th-marginheight}] [1000]: org.thymeleaf.standard.processor.StandardRemovableAttributeTagProcessor
[THYMELEAF]             * [* {th:compact,data-th-compact}] [1000]: org.thymeleaf.standard.processor.StandardRemovableAttributeTagProcessor
[THYMELEAF]             * [* {th:for,data-th-for}] [1000]: org.thymeleaf.standard.processor.StandardRemovableAttributeTagProcessor
[THYMELEAF]             * [* {th:start,data-th-start}] [1000]: org.thymeleaf.standard.processor.StandardRemovableAttributeTagProcessor
[THYMELEAF]             * [* {th:codebase,data-th-codebase}] [1000]: org.thymeleaf.standard.processor.StandardRemovableAttributeTagProcessor
[THYMELEAF]             * [* {th:draggable,data-th-draggable}] [1000]: org.thymeleaf.standard.processor.StandardRemovableAttributeTagProcessor
[THYMELEAF]             * [* {th:align,data-th-align}] [1000]: org.thymeleaf.standard.processor.StandardRemovableAttributeTagProcessor
[THYMELEAF]             * [* {th:spellcheck,data-th-spellcheck}] [1000]: org.thymeleaf.standard.processor.StandardRemovableAttributeTagProcessor
[THYMELEAF]             * [* {th:optimum,data-th-optimum}] [1000]: org.thymeleaf.standard.processor.StandardRemovableAttributeTagProcessor
[THYMELEAF]             * [* {th:scope,data-th-scope}] [1000]: org.thymeleaf.standard.processor.StandardRemovableAttributeTagProcessor
[THYMELEAF]             * [* {th:challenge,data-th-challenge}] [1000]: org.thymeleaf.standard.processor.StandardRemovableAttributeTagProcessor
[THYMELEAF]             * [* {th:media,data-th-media}] [1000]: org.thymeleaf.standard.processor.StandardRemovableAttributeTagProcessor
[THYMELEAF]             * [* {th:class,data-th-class}] [1000]: org.thymeleaf.standard.processor.StandardRemovableAttributeTagProcessor
[THYMELEAF]             * [* {th:headers,data-th-headers}] [1000]: org.thymeleaf.standard.processor.StandardRemovableAttributeTagProcessor
[THYMELEAF]             * [* {th:kind,data-th-kind}] [1000]: org.thymeleaf.standard.processor.StandardRemovableAttributeTagProcessor
[THYMELEAF]             * [* {th:classid,data-th-classid}] [1000]: org.thymeleaf.standard.processor.StandardRemovableAttributeTagProcessor
[THYMELEAF]             * [* {th:lang,data-th-lang}] [1000]: org.thymeleaf.standard.processor.StandardRemovableAttributeTagProcessor
[THYMELEAF]             * [* {th:size,data-th-size}] [1000]: org.thymeleaf.standard.processor.StandardRemovableAttributeTagProcessor
[THYMELEAF]             * [* {th:dir,data-th-dir}] [1000]: org.thymeleaf.standard.processor.StandardRemovableAttributeTagProcessor
[THYMELEAF]             * [* {th:scrolling,data-th-scrolling}] [1000]: org.thymeleaf.standard.processor.StandardRemovableAttributeTagProcessor
[THYMELEAF]             * [* {th:keytype,data-th-keytype}] [1000]: org.thymeleaf.standard.processor.StandardRemovableAttributeTagProcessor
[THYMELEAF]             * [* {th:wrap,data-th-wrap}] [1000]: org.thymeleaf.standard.processor.StandardRemovableAttributeTagProcessor
[THYMELEAF]             * [* {th:radiogroup,data-th-radiogroup}] [1000]: org.thymeleaf.standard.processor.StandardRemovableAttributeTagProcessor
[THYMELEAF]             * [* {th:accept-charset,data-th-accept-charset}] [1000]: org.thymeleaf.standard.processor.StandardRemovableAttributeTagProcessor
[THYMELEAF]             * [* {th:src,data-th-src}] [1000]: org.thymeleaf.standard.processor.StandardSrcTagProcessor
[THYMELEAF]             * [* {th:value,data-th-value}] [1000]: org.thymeleaf.standard.processor.StandardValueTagProcessor
[THYMELEAF]             * [* {th:xmlbase,data-th-xmlbase}] [1000]: org.thymeleaf.standard.processor.StandardXmlBaseTagProcessor
[THYMELEAF]             * [* {th:xmllang,data-th-xmllang}] [1000]: org.thymeleaf.standard.processor.StandardXmlLangTagProcessor
[THYMELEAF]             * [* {xmlns:th}] [1000]: org.thymeleaf.standard.processor.StandardXmlNsTagProcessor
[THYMELEAF]             * [* {th:xmlspace,data-th-xmlspace}] [1000]: org.thymeleaf.standard.processor.StandardXmlSpaceTagProcessor
[THYMELEAF]             * [* {th:classappend,data-th-classappend}] [1100]: org.thymeleaf.standard.processor.StandardClassappendTagProcessor
[THYMELEAF]             * [* {th:styleappend,data-th-styleappend}] [1100]: org.thymeleaf.standard.processor.StandardStyleappendTagProcessor
[THYMELEAF]             * [* {th:text,data-th-text}] [1300]: org.thymeleaf.standard.processor.StandardTextTagProcessor
[THYMELEAF]             * [* {th:utext,data-th-utext}] [1400]: org.thymeleaf.standard.processor.StandardUtextTagProcessor
[THYMELEAF]             * [* {th:fragment,data-th-fragment}] [1500]: org.thymeleaf.standard.processor.StandardFragmentTagProcessor
[THYMELEAF]             * [* {th:assert,data-th-assert}] [1550]: org.thymeleaf.standard.processor.StandardAssertTagProcessor
[THYMELEAF]             * [* {th:remove,data-th-remove}] [1600]: org.thymeleaf.standard.processor.StandardRemoveTagProcessor
[THYMELEAF]             * [* {th:ref,data-th-ref}] [10000]: org.thymeleaf.standard.processor.StandardRefAttributeTagProcessor
[THYMELEAF]             * [{th:block,th-block} *] [100000]: org.thymeleaf.standard.processor.StandardBlockTagProcessor
[THYMELEAF]             * [* th:*] [2147483647]: org.thymeleaf.standard.processor.StandardDefaultAttributesTagProcessor
[THYMELEAF]         * Text Processors by [precedence]:
[THYMELEAF]             * [1000]: org.thymeleaf.standard.processor.StandardInliningTextProcessor
[THYMELEAF]         * DOCTYPE Processors by [precedence]:
[THYMELEAF]             * [1000]: org.thymeleaf.standard.processor.StandardTranslationDocTypeProcessor
[THYMELEAF]         * CDATA Section Processors by [precedence]:
[THYMELEAF]             * [1000]: org.thymeleaf.standard.processor.StandardInliningCDATASectionProcessor
[THYMELEAF]         * Comment Processors by [precedence]:
[THYMELEAF]             * [1000]: org.thymeleaf.standard.processor.StandardInliningCommentProcessor
[THYMELEAF]             * [1100]: org.thymeleaf.standard.processor.StandardConditionalCommentProcessor
[THYMELEAF]     * Processors for Template Mode: XML
[THYMELEAF]         * Element Tag Processors by [matching element and attribute name] [precedence]:
[THYMELEAF]             * [* {th:include}] [100]: org.thymeleaf.standard.processor.StandardIncludeTagProcessor
[THYMELEAF]             * [* {th:insert}] [100]: org.thymeleaf.standard.processor.StandardInsertTagProcessor
[THYMELEAF]             * [* {th:replace}] [100]: org.thymeleaf.standard.processor.StandardReplaceTagProcessor
[THYMELEAF]             * [* {th:each}] [200]: com.intuit.karate.template.KarateEachTagProcessor
[THYMELEAF]             * [* {th:switch}] [250]: org.thymeleaf.standard.processor.StandardSwitchTagProcessor
[THYMELEAF]             * [* {th:case}] [275]: org.thymeleaf.standard.processor.StandardCaseTagProcessor
[THYMELEAF]             * [* {th:if}] [300]: org.thymeleaf.standard.processor.StandardIfTagProcessor
[THYMELEAF]             * [* {th:unless}] [400]: org.thymeleaf.standard.processor.StandardUnlessTagProcessor
[THYMELEAF]             * [* {th:object}] [500]: org.thymeleaf.standard.processor.StandardObjectTagProcessor
[THYMELEAF]             * [* {th:with}] [600]: com.intuit.karate.template.KarateWithTagProcessor
[THYMELEAF]             * [* {th:attr}] [700]: com.intuit.karate.template.KarateAttributeTagProcessor.KarateAttrTagProcessor
[THYMELEAF]             * [* {th:attrappend}] [900]: com.intuit.karate.template.KarateAttributeTagProcessor.KarateAttrappendTagProcessor
[THYMELEAF]             * [* {th:attrprepend}] [900]: com.intuit.karate.template.KarateAttributeTagProcessor.KarateAttrprependTagProcessor
[THYMELEAF]             * [* {th:inline}] [1000]: org.thymeleaf.standard.processor.StandardInlineXMLTagProcessor
[THYMELEAF]             * [* {xmlns:th}] [1000]: org.thymeleaf.standard.processor.StandardXmlNsTagProcessor
[THYMELEAF]             * [* {th:text}] [1300]: org.thymeleaf.standard.processor.StandardTextTagProcessor
[THYMELEAF]             * [* {th:utext}] [1400]: org.thymeleaf.standard.processor.StandardUtextTagProcessor
[THYMELEAF]             * [* {th:fragment}] [1500]: org.thymeleaf.standard.processor.StandardFragmentTagProcessor
[THYMELEAF]             * [* {th:assert}] [1550]: org.thymeleaf.standard.processor.StandardAssertTagProcessor
[THYMELEAF]             * [* {th:remove}] [1600]: org.thymeleaf.standard.processor.StandardRemoveTagProcessor
[THYMELEAF]             * [* {th:ref}] [10000]: org.thymeleaf.standard.processor.StandardRefAttributeTagProcessor
[THYMELEAF]             * [{th:block} *] [100000]: org.thymeleaf.standard.processor.StandardBlockTagProcessor
[THYMELEAF]             * [* th:*] [2147483647]: org.thymeleaf.standard.processor.StandardDefaultAttributesTagProcessor
[THYMELEAF]         * Text Processors by [precedence]:
[THYMELEAF]             * [1000]: org.thymeleaf.standard.processor.StandardInliningTextProcessor
[THYMELEAF]         * CDATA Section Processors by [precedence]:
[THYMELEAF]             * [1000]: org.thymeleaf.standard.processor.StandardInliningCDATASectionProcessor
[THYMELEAF]         * Comment Processors by [precedence]:
[THYMELEAF]             * [1000]: org.thymeleaf.standard.processor.StandardInliningCommentProcessor
[THYMELEAF]     * Processors for Template Mode: TEXT
[THYMELEAF]         * Element Tag Processors by [matching element and attribute name] [precedence]:
[THYMELEAF]             * [* {th:insert}] [100]: org.thymeleaf.standard.processor.StandardInsertTagProcessor
[THYMELEAF]             * [* {th:replace}] [100]: org.thymeleaf.standard.processor.StandardReplaceTagProcessor
[THYMELEAF]             * [* {th:each}] [200]: com.intuit.karate.template.KarateEachTagProcessor
[THYMELEAF]             * [* {th:switch}] [250]: org.thymeleaf.standard.processor.StandardSwitchTagProcessor
[THYMELEAF]             * [* {th:case}] [275]: org.thymeleaf.standard.processor.StandardCaseTagProcessor
[THYMELEAF]             * [* {th:if}] [300]: org.thymeleaf.standard.processor.StandardIfTagProcessor
[THYMELEAF]             * [* {th:unless}] [400]: org.thymeleaf.standard.processor.StandardUnlessTagProcessor
[THYMELEAF]             * [* {th:object}] [500]: org.thymeleaf.standard.processor.StandardObjectTagProcessor
[THYMELEAF]             * [* {th:with}] [600]: com.intuit.karate.template.KarateWithTagProcessor
[THYMELEAF]             * [* {th:inline}] [1000]: org.thymeleaf.standard.processor.StandardInlineTextualTagProcessor
[THYMELEAF]             * [* {th:text}] [1300]: org.thymeleaf.standard.processor.StandardTextTagProcessor
[THYMELEAF]             * [* {th:utext}] [1400]: org.thymeleaf.standard.processor.StandardUtextTagProcessor
[THYMELEAF]             * [* {th:assert}] [1550]: org.thymeleaf.standard.processor.StandardAssertTagProcessor
[THYMELEAF]             * [* {th:remove}] [1600]: org.thymeleaf.standard.processor.StandardRemoveTagProcessor
[THYMELEAF]             * [{th:block} *] [100000]: org.thymeleaf.standard.processor.StandardBlockTagProcessor
[THYMELEAF]             * [* 100000] [org.thymeleaf.standard.processor.StandardBlockTagProcessor]: {}
[THYMELEAF]         * Text Processors by [precedence]:
[THYMELEAF]             * [1000]: org.thymeleaf.standard.processor.StandardInliningTextProcessor
[THYMELEAF]     * Processors for Template Mode: JAVASCRIPT
[THYMELEAF]         * Element Tag Processors by [matching element and attribute name] [precedence]:
[THYMELEAF]             * [* {th:insert}] [100]: org.thymeleaf.standard.processor.StandardInsertTagProcessor
[THYMELEAF]             * [* {th:replace}] [100]: org.thymeleaf.standard.processor.StandardReplaceTagProcessor
[THYMELEAF]             * [* {th:each}] [200]: com.intuit.karate.template.KarateEachTagProcessor
[THYMELEAF]             * [* {th:switch}] [250]: org.thymeleaf.standard.processor.StandardSwitchTagProcessor
[THYMELEAF]             * [* {th:case}] [275]: org.thymeleaf.standard.processor.StandardCaseTagProcessor
[THYMELEAF]             * [* {th:if}] [300]: org.thymeleaf.standard.processor.StandardIfTagProcessor
[THYMELEAF]             * [* {th:unless}] [400]: org.thymeleaf.standard.processor.StandardUnlessTagProcessor
[THYMELEAF]             * [* {th:object}] [500]: org.thymeleaf.standard.processor.StandardObjectTagProcessor
[THYMELEAF]             * [* {th:with}] [600]: com.intuit.karate.template.KarateWithTagProcessor
[THYMELEAF]             * [* {th:inline}] [1000]: org.thymeleaf.standard.processor.StandardInlineTextualTagProcessor
[THYMELEAF]             * [* {th:text}] [1300]: org.thymeleaf.standard.processor.StandardTextTagProcessor
[THYMELEAF]             * [* {th:utext}] [1400]: org.thymeleaf.standard.processor.StandardUtextTagProcessor
[THYMELEAF]             * [* {th:assert}] [1550]: org.thymeleaf.standard.processor.StandardAssertTagProcessor
[THYMELEAF]             * [* {th:remove}] [1600]: org.thymeleaf.standard.processor.StandardRemoveTagProcessor
[THYMELEAF]             * [* 100000] [org.thymeleaf.standard.processor.StandardBlockTagProcessor]: {}
[THYMELEAF]             * [{th:block} *] [100000]: org.thymeleaf.standard.processor.StandardBlockTagProcessor
[THYMELEAF]         * Text Processors by [precedence]:
[THYMELEAF]             * [1000]: org.thymeleaf.standard.processor.StandardInliningTextProcessor
[THYMELEAF]     * Processors for Template Mode: CSS
[THYMELEAF]         * Element Tag Processors by [matching element and attribute name] [precedence]:
[THYMELEAF]             * [* {th:insert}] [100]: org.thymeleaf.standard.processor.StandardInsertTagProcessor
[THYMELEAF]             * [* {th:replace}] [100]: org.thymeleaf.standard.processor.StandardReplaceTagProcessor
[THYMELEAF]             * [* {th:each}] [200]: com.intuit.karate.template.KarateEachTagProcessor
[THYMELEAF]             * [* {th:switch}] [250]: org.thymeleaf.standard.processor.StandardSwitchTagProcessor
[THYMELEAF]             * [* {th:case}] [275]: org.thymeleaf.standard.processor.StandardCaseTagProcessor
[THYMELEAF]             * [* {th:if}] [300]: org.thymeleaf.standard.processor.StandardIfTagProcessor
[THYMELEAF]             * [* {th:unless}] [400]: org.thymeleaf.standard.processor.StandardUnlessTagProcessor
[THYMELEAF]             * [* {th:object}] [500]: org.thymeleaf.standard.processor.StandardObjectTagProcessor
[THYMELEAF]             * [* {th:with}] [600]: com.intuit.karate.template.KarateWithTagProcessor
[THYMELEAF]             * [* {th:inline}] [1000]: org.thymeleaf.standard.processor.StandardInlineTextualTagProcessor
[THYMELEAF]             * [* {th:text}] [1300]: org.thymeleaf.standard.processor.StandardTextTagProcessor
[THYMELEAF]             * [* {th:utext}] [1400]: org.thymeleaf.standard.processor.StandardUtextTagProcessor
[THYMELEAF]             * [* {th:assert}] [1550]: org.thymeleaf.standard.processor.StandardAssertTagProcessor
[THYMELEAF]             * [* {th:remove}] [1600]: org.thymeleaf.standard.processor.StandardRemoveTagProcessor
[THYMELEAF]             * [{th:block} *] [100000]: org.thymeleaf.standard.processor.StandardBlockTagProcessor
[THYMELEAF]             * [* 100000] [org.thymeleaf.standard.processor.StandardBlockTagProcessor]: {}
[THYMELEAF]         * Text Processors by [precedence]:
[THYMELEAF]             * [1000]: org.thymeleaf.standard.processor.StandardInliningTextProcessor
[THYMELEAF]     * Expression Objects:
[THYMELEAF]         * #ctx
[THYMELEAF]         * #root
[THYMELEAF]         * #vars
[THYMELEAF]         * #object
[THYMELEAF]         * #locale
[THYMELEAF]         * #conversions
[THYMELEAF]         * #uris
[THYMELEAF]         * #temporals
[THYMELEAF]         * #calendars
[THYMELEAF]         * #dates
[THYMELEAF]         * #bools
[THYMELEAF]         * #numbers
[THYMELEAF]         * #objects
[THYMELEAF]         * #strings
[THYMELEAF]         * #arrays
[THYMELEAF]         * #lists
[THYMELEAF]         * #sets
[THYMELEAF]         * #maps
[THYMELEAF]         * #aggregates
[THYMELEAF]         * #messages
[THYMELEAF]         * #ids
[THYMELEAF]         * #execInfo
[THYMELEAF]         * #request
[THYMELEAF]         * #response
[THYMELEAF]         * #session
[THYMELEAF]         * #servletContext
[THYMELEAF]     * Execution Attributes:
[THYMELEAF]         * "StandardExpressionParser": com.intuit.karate.template.KarateStandardDialect@2295566b
[THYMELEAF]         * "StandardJavaScriptSerializer": org.thymeleaf.standard.serializer.StandardJavaScriptSerializer@4780341
[THYMELEAF]         * "StandardCSSSerializer": org.thymeleaf.standard.serializer.StandardCSSSerializer@3c910acd
[THYMELEAF]         * "StandardVariableExpressionEvaluator": com.intuit.karate.template.KarateStandardDialect@2295566b
[THYMELEAF]         * "StandardConversionService": org.thymeleaf.standard.expression.StandardConversionService@612ac38b
[THYMELEAF] * Dialect [2 of 2]: karate (com.intuit.karate.template.KarateScriptDialect)
[THYMELEAF]     * Prefix: "ka"
[THYMELEAF]     * Processors for Template Mode: HTML
[THYMELEAF]         * Element Tag Processors by [matching element and attribute name] [precedence]:
[THYMELEAF]             * [* {src}] [1000]: com.intuit.karate.template.KaScriptAttrProcessor
[THYMELEAF]         * Element Model Processors by [matching element and attribute name] [precedence]:
[THYMELEAF]             * [{script} {ka:scope,data-ka-scope}] [1000]: com.intuit.karate.template.KaScriptElemProcessor
[THYMELEAF]             * [* {ka:set,data-ka-set}] [1000]: com.intuit.karate.template.KaSetElemProcessor
[THYMELEAF] TEMPLATE ENGINE CONFIGURED OK
15:08:21.384 [main] DEBUG org.thymeleaf.TemplateEngine -- [THYMELEAF] TEMPLATE ENGINE INITIALIZED
15:08:21.397 [main] DEBUG org.thymeleaf.TemplateEngine -- [THYMELEAF] INITIALIZING TEMPLATE ENGINE
15:08:21.403 [main] DEBUG org.thymeleaf.TemplateEngine.CONFIG -- Initializing Thymeleaf Template engine configuration...
[THYMELEAF] TEMPLATE ENGINE CONFIGURATION:
[THYMELEAF] * Thymeleaf version: 3.1.2.RELEASE (built 2023-07-30T19:25:50+0000)
[THYMELEAF] * Cache Manager implementation: org.thymeleaf.cache.StandardCacheManager
[THYMELEAF] * Template resolvers:
[THYMELEAF]     * [1] com.intuit.karate.template.ResourceHtmlTemplateResolver
[THYMELEAF] * Message resolvers:
[THYMELEAF]     * org.thymeleaf.messageresolver.StandardMessageResolver
[THYMELEAF] * Link builders:
[THYMELEAF]     * org.thymeleaf.linkbuilder.StandardLinkBuilder
[THYMELEAF] * Dialect [1 of 2]: Standard (com.intuit.karate.template.KarateStandardDialect)
[THYMELEAF]     * Prefix: "th"
[THYMELEAF]     * Processors for Template Mode: HTML
[THYMELEAF]         * Element Tag Processors by [matching element and attribute name] [precedence]:
[THYMELEAF]             * [* {th:include,data-th-include}] [100]: org.thymeleaf.standard.processor.StandardIncludeTagProcessor
[THYMELEAF]             * [* {th:insert,data-th-insert}] [100]: org.thymeleaf.standard.processor.StandardInsertTagProcessor
[THYMELEAF]             * [* {th:replace,data-th-replace}] [100]: org.thymeleaf.standard.processor.StandardReplaceTagProcessor
[THYMELEAF]             * [* {th:each,data-th-each}] [200]: com.intuit.karate.template.KarateEachTagProcessor
[THYMELEAF]             * [* {th:switch,data-th-switch}] [250]: org.thymeleaf.standard.processor.StandardSwitchTagProcessor
[THYMELEAF]             * [* {th:case,data-th-case}] [275]: org.thymeleaf.standard.processor.StandardCaseTagProcessor
[THYMELEAF]             * [* {th:if,data-th-if}] [300]: org.thymeleaf.standard.processor.StandardIfTagProcessor
[THYMELEAF]             * [* {th:unless,data-th-unless}] [400]: org.thymeleaf.standard.processor.StandardUnlessTagProcessor
[THYMELEAF]             * [* {th:object,data-th-object}] [500]: org.thymeleaf.standard.processor.StandardObjectTagProcessor
[THYMELEAF]             * [* {th:with,data-th-with}] [600]: com.intuit.karate.template.KarateWithTagProcessor
[THYMELEAF]             * [* {th:attr,data-th-attr}] [700]: com.intuit.karate.template.KarateAttributeTagProcessor.KarateAttrTagProcessor
[THYMELEAF]             * [* {th:attrappend,data-th-attrappend}] [900]: com.intuit.karate.template.KarateAttributeTagProcessor.KarateAttrappendTagProcessor
[THYMELEAF]             * [* {th:attrprepend,data-th-attrprepend}] [900]: com.intuit.karate.template.KarateAttributeTagProcessor.KarateAttrprependTagProcessor
[THYMELEAF]             * [* {th:alt-title,data-th-alt-title}] [990]: org.thymeleaf.standard.processor.StandardAltTitleTagProcessor
[THYMELEAF]             * [* {th:lang-xmllang,data-th-lang-xmllang}] [990]: org.thymeleaf.standard.processor.StandardLangXmlLangTagProcessor
[THYMELEAF]             * [* {th:action,data-th-action}] [1000]: org.thymeleaf.standard.processor.StandardActionTagProcessor
[THYMELEAF]             * [* {th:open,data-th-open}] [1000]: org.thymeleaf.standard.processor.StandardConditionalFixedValueTagProcessor
[THYMELEAF]             * [* {th:seamless,data-th-seamless}] [1000]: org.thymeleaf.standard.processor.StandardConditionalFixedValueTagProcessor
[THYMELEAF]             * [* {th:novalidate,data-th-novalidate}] [1000]: org.thymeleaf.standard.processor.StandardConditionalFixedValueTagProcessor
[THYMELEAF]             * [* {th:checked,data-th-checked}] [1000]: org.thymeleaf.standard.processor.StandardConditionalFixedValueTagProcessor
[THYMELEAF]             * [* {th:loop,data-th-loop}] [1000]: org.thymeleaf.standard.processor.StandardConditionalFixedValueTagProcessor
[THYMELEAF]             * [* {th:disabled,data-th-disabled}] [1000]: org.thymeleaf.standard.processor.StandardConditionalFixedValueTagProcessor
[THYMELEAF]             * [* {th:pubdate,data-th-pubdate}] [1000]: org.thymeleaf.standard.processor.StandardConditionalFixedValueTagProcessor
[THYMELEAF]             * [* {th:autofocus,data-th-autofocus}] [1000]: org.thymeleaf.standard.processor.StandardConditionalFixedValueTagProcessor
[THYMELEAF]             * [* {th:selected,data-th-selected}] [1000]: org.thymeleaf.standard.processor.StandardConditionalFixedValueTagProcessor
[THYMELEAF]             * [* {th:ismap,data-th-ismap}] [1000]: org.thymeleaf.standard.processor.StandardConditionalFixedValueTagProcessor
[THYMELEAF]             * [* {th:hidden,data-th-hidden}] [1000]: org.thymeleaf.standard.processor.StandardConditionalFixedValueTagProcessor
[THYMELEAF]             * [* {th:scoped,data-th-scoped}] [1000]: org.thymeleaf.standard.processor.StandardConditionalFixedValueTagProcessor
[THYMELEAF]             * [* {th:required,data-th-required}] [1000]: org.thymeleaf.standard.processor.StandardConditionalFixedValueTagProcessor
[THYMELEAF]             * [* {th:autoplay,data-th-autoplay}] [1000]: org.thymeleaf.standard.processor.StandardConditionalFixedValueTagProcessor
[THYMELEAF]             * [* {th:controls,data-th-controls}] [1000]: org.thymeleaf.standard.processor.StandardConditionalFixedValueTagProcessor
[THYMELEAF]             * [* {th:async,data-th-async}] [1000]: org.thymeleaf.standard.processor.StandardConditionalFixedValueTagProcessor
[THYMELEAF]             * [* {th:readonly,data-th-readonly}] [1000]: org.thymeleaf.standard.processor.StandardConditionalFixedValueTagProcessor
[THYMELEAF]             * [* {th:reversed,data-th-reversed}] [1000]: org.thymeleaf.standard.processor.StandardConditionalFixedValueTagProcessor
[THYMELEAF]             * [* {th:nowrap,data-th-nowrap}] [1000]: org.thymeleaf.standard.processor.StandardConditionalFixedValueTagProcessor
[THYMELEAF]             * [* {th:multiple,data-th-multiple}] [1000]: org.thymeleaf.standard.processor.StandardConditionalFixedValueTagProcessor
[THYMELEAF]             * [* {th:default,data-th-default}] [1000]: org.thymeleaf.standard.processor.StandardConditionalFixedValueTagProcessor
[THYMELEAF]             * [* {th:formnovalidate,data-th-formnovalidate}] [1000]: org.thymeleaf.standard.processor.StandardConditionalFixedValueTagProcessor
[THYMELEAF]             * [* {th:declare,data-th-declare}] [1000]: org.thymeleaf.standard.processor.StandardConditionalFixedValueTagProcessor
[THYMELEAF]             * [* {th:defer,data-th-defer}] [1000]: org.thymeleaf.standard.processor.StandardConditionalFixedValueTagProcessor
[THYMELEAF]             * [* {th:onratechange,data-th-onratechange}] [1000]: org.thymeleaf.standard.processor.StandardDOMEventAttributeTagProcessor
[THYMELEAF]             * [* {th:onkeypress,data-th-onkeypress}] [1000]: org.thymeleaf.standard.processor.StandardDOMEventAttributeTagProcessor
[THYMELEAF]             * [* {th:onredo,data-th-onredo}] [1000]: org.thymeleaf.standard.processor.StandardDOMEventAttributeTagProcessor
[THYMELEAF]             * [* {th:onchange,data-th-onchange}] [1000]: org.thymeleaf.standard.processor.StandardDOMEventAttributeTagProcessor
[THYMELEAF]             * [* {th:ondragover,data-th-ondragover}] [1000]: org.thymeleaf.standard.processor.StandardDOMEventAttributeTagProcessor
[THYMELEAF]             * [* {th:ontimeupdate,data-th-ontimeupdate}] [1000]: org.thymeleaf.standard.processor.StandardDOMEventAttributeTagProcessor
[THYMELEAF]             * [* {th:onbeforeunload,data-th-onbeforeunload}] [1000]: org.thymeleaf.standard.processor.StandardDOMEventAttributeTagProcessor
[THYMELEAF]             * [* {th:onkeydown,data-th-onkeydown}] [1000]: org.thymeleaf.standard.processor.StandardDOMEventAttributeTagProcessor
[THYMELEAF]             * [* {th:onended,data-th-onended}] [1000]: org.thymeleaf.standard.processor.StandardDOMEventAttributeTagProcessor
[THYMELEAF]             * [* {th:onundo,data-th-onundo}] [1000]: org.thymeleaf.standard.processor.StandardDOMEventAttributeTagProcessor
[THYMELEAF]             * [* {th:onstorage,data-th-onstorage}] [1000]: org.thymeleaf.standard.processor.StandardDOMEventAttributeTagProcessor
[THYMELEAF]             * [* {th:ondragend,data-th-ondragend}] [1000]: org.thymeleaf.standard.processor.StandardDOMEventAttributeTagProcessor
[THYMELEAF]             * [* {th:oncanplaythrough,data-th-oncanplaythrough}] [1000]: org.thymeleaf.standard.processor.StandardDOMEventAttributeTagProcessor
[THYMELEAF]             * [* {th:ondblclick,data-th-ondblclick}] [1000]: org.thymeleaf.standard.processor.StandardDOMEventAttributeTagProcessor
[THYMELEAF]             * [* {th:onabort,data-th-onabort}] [1000]: org.thymeleaf.standard.processor.StandardDOMEventAttributeTagProcessor
[THYMELEAF]             * [* {th:onload,data-th-onload}] [1000]: org.thymeleaf.standard.processor.StandardDOMEventAttributeTagProcessor
[THYMELEAF]             * [* {th:onmousemove,data-th-onmousemove}] [1000]: org.thymeleaf.standard.processor.StandardDOMEventAttributeTagProcessor
[THYMELEAF]             * [* {th:onmouseout,data-th-onmouseout}] [1000]: org.thymeleaf.standard.processor.StandardDOMEventAttributeTagProcessor
[THYMELEAF]             * [* {th:onclick,data-th-onclick}] [1000]: org.thymeleaf.standard.processor.StandardDOMEventAttributeTagProcessor
[THYMELEAF]             * [* {th:onshow,data-th-onshow}] [1000]: org.thymeleaf.standard.processor.StandardDOMEventAttributeTagProcessor
[THYMELEAF]             * [* {th:onmousewheel,data-th-onmousewheel}] [1000]: org.thymeleaf.standard.processor.StandardDOMEventAttributeTagProcessor
[THYMELEAF]             * [* {th:onhashchange,data-th-onhashchange}] [1000]: org.thymeleaf.standard.processor.StandardDOMEventAttributeTagProcessor
[THYMELEAF]             * [* {th:ondrag,data-th-ondrag}] [1000]: org.thymeleaf.standard.processor.StandardDOMEventAttributeTagProcessor
[THYMELEAF]             * [* {th:ondurationchange,data-th-ondurationchange}] [1000]: org.thymeleaf.standard.processor.StandardDOMEventAttributeTagProcessor
[THYMELEAF]             * [* {th:onwaiting,data-th-onwaiting}] [1000]: org.thymeleaf.standard.processor.StandardDOMEventAttributeTagProcessor
[THYMELEAF]             * [* {th:onblur,data-th-onblur}] [1000]: org.thymeleaf.standard.processor.StandardDOMEventAttributeTagProcessor
[THYMELEAF]             * [* {th:onmouseup,data-th-onmouseup}] [1000]: org.thymeleaf.standard.processor.StandardDOMEventAttributeTagProcessor
[THYMELEAF]             * [* {th:onplay,data-th-onplay}] [1000]: org.thymeleaf.standard.processor.StandardDOMEventAttributeTagProcessor
[THYMELEAF]             * [* {th:onvolumechange,data-th-onvolumechange}] [1000]: org.thymeleaf.standard.processor.StandardDOMEventAttributeTagProcessor
[THYMELEAF]             * [* {th:onseeking,data-th-onseeking}] [1000]: org.thymeleaf.standard.processor.StandardDOMEventAttributeTagProcessor
[THYMELEAF]             * [* {th:onafterprint,data-th-onafterprint}] [1000]: org.thymeleaf.standard.processor.StandardDOMEventAttributeTagProcessor
[THYMELEAF]             * [* {th:ondragstart,data-th-ondragstart}] [1000]: org.thymeleaf.standard.processor.StandardDOMEventAttributeTagProcessor
[THYMELEAF]             * [* {th:ononline,data-th-ononline}] [1000]: org.thymeleaf.standard.processor.StandardDOMEventAttributeTagProcessor
[THYMELEAF]             * [* {th:oncanplay,data-th-oncanplay}] [1000]: org.thymeleaf.standard.processor.StandardDOMEventAttributeTagProcessor
[THYMELEAF]             * [* {th:onloadeddata,data-th-onloadeddata}] [1000]: org.thymeleaf.standard.processor.StandardDOMEventAttributeTagProcessor
[THYMELEAF]             * [* {th:onreadystatechange,data-th-onreadystatechange}] [1000]: org.thymeleaf.standard.processor.StandardDOMEventAttributeTagProcessor
[THYMELEAF]             * [* {th:onoffline,data-th-onoffline}] [1000]: org.thymeleaf.standard.processor.StandardDOMEventAttributeTagProcessor
[THYMELEAF]             * [* {th:onsubmit,data-th-onsubmit}] [1000]: org.thymeleaf.standard.processor.StandardDOMEventAttributeTagProcessor
[THYMELEAF]             * [* {th:onbeforeprint,data-th-onbeforeprint}] [1000]: org.thymeleaf.standard.processor.StandardDOMEventAttributeTagProcessor
[THYMELEAF]             * [* {th:onmousedown,data-th-onmousedown}] [1000]: org.thymeleaf.standard.processor.StandardDOMEventAttributeTagProcessor
[THYMELEAF]             * [* {th:ondragleave,data-th-ondragleave}] [1000]: org.thymeleaf.standard.processor.StandardDOMEventAttributeTagProcessor
[THYMELEAF]             * [* {th:onfocus,data-th-onfocus}] [1000]: org.thymeleaf.standard.processor.StandardDOMEventAttributeTagProcessor
[THYMELEAF]             * [* {th:onloadstart,data-th-onloadstart}] [1000]: org.thymeleaf.standard.processor.StandardDOMEventAttributeTagProcessor
[THYMELEAF]             * [* {th:oncontextmenu,data-th-oncontextmenu}] [1000]: org.thymeleaf.standard.processor.StandardDOMEventAttributeTagProcessor
[THYMELEAF]             * [* {th:onplaying,data-th-onplaying}] [1000]: org.thymeleaf.standard.processor.StandardDOMEventAttributeTagProcessor
[THYMELEAF]             * [* {th:onloadedmetadata,data-th-onloadedmetadata}] [1000]: org.thymeleaf.standard.processor.StandardDOMEventAttributeTagProcessor
[THYMELEAF]             * [* {th:onpause,data-th-onpause}] [1000]: org.thymeleaf.standard.processor.StandardDOMEventAttributeTagProcessor
[THYMELEAF]             * [* {th:ondrop,data-th-ondrop}] [1000]: org.thymeleaf.standard.processor.StandardDOMEventAttributeTagProcessor
[THYMELEAF]             * [* {th:onformchange,data-th-onformchange}] [1000]: org.thymeleaf.standard.processor.StandardDOMEventAttributeTagProcessor
[THYMELEAF]             * [* {th:onpopstate,data-th-onpopstate}] [1000]: org.thymeleaf.standard.processor.StandardDOMEventAttributeTagProcessor
[THYMELEAF]             * [* {th:onmouseover,data-th-onmouseover}] [1000]: org.thymeleaf.standard.processor.StandardDOMEventAttributeTagProcessor
[THYMELEAF]             * [* {th:onreset,data-th-onreset}] [1000]: org.thymeleaf.standard.processor.StandardDOMEventAttributeTagProcessor
[THYMELEAF]             * [* {th:onseeked,data-th-onseeked}] [1000]: org.thymeleaf.standard.processor.StandardDOMEventAttributeTagProcessor
[THYMELEAF]             * [* {th:onstalled,data-th-onstalled}] [1000]: org.thymeleaf.standard.processor.StandardDOMEventAttributeTagProcessor
[THYMELEAF]             * [* {th:onmessage,data-th-onmessage}] [1000]: org.thymeleaf.standard.processor.StandardDOMEventAttributeTagProcessor
[THYMELEAF]             * [* {th:onkeyup,data-th-onkeyup}] [1000]: org.thymeleaf.standard.processor.StandardDOMEventAttributeTagProcessor
[THYMELEAF]             * [* {th:oninvalid,data-th-oninvalid}] [1000]: org.thymeleaf.standard.processor.StandardDOMEventAttributeTagProcessor
[THYMELEAF]             * [* {th:ondragenter,data-th-ondragenter}] [1000]: org.thymeleaf.standard.processor.StandardDOMEventAttributeTagProcessor
[THYMELEAF]             * [* {th:onselect,data-th-onselect}] [1000]: org.thymeleaf.standard.processor.StandardDOMEventAttributeTagProcessor
[THYMELEAF]             * [* {th:onforminput,data-th-onforminput}] [1000]: org.thymeleaf.standard.processor.StandardDOMEventAttributeTagProcessor
[THYMELEAF]             * [* {th:onemptied,data-th-onemptied}] [1000]: org.thymeleaf.standard.processor.StandardDOMEventAttributeTagProcessor
[THYMELEAF]             * [* {th:onprogress,data-th-onprogress}] [1000]: org.thymeleaf.standard.processor.StandardDOMEventAttributeTagProcessor
[THYMELEAF]             * [* {th:onresize,data-th-onresize}] [1000]: org.thymeleaf.standard.processor.StandardDOMEventAttributeTagProcessor
[THYMELEAF]             * [* {th:onsuspend,data-th-onsuspend}] [1000]: org.thymeleaf.standard.processor.StandardDOMEventAttributeTagProcessor
[THYMELEAF]             * [* {th:oninput,data-th-oninput}] [1000]: org.thymeleaf.standard.processor.StandardDOMEventAttributeTagProcessor
[THYMELEAF]             * [* {th:onerror,data-th-onerror}] [1000]: org.thymeleaf.standard.processor.StandardDOMEventAttributeTagProcessor
[THYMELEAF]             * [* {th:onunload,data-th-onunload}] [1000]: org.thymeleaf.standard.processor.StandardDOMEventAttributeTagProcessor
[THYMELEAF]             * [* {th:onscroll,data-th-onscroll}] [1000]: org.thymeleaf.standard.processor.StandardDOMEventAttributeTagProcessor
[THYMELEAF]             * [* {th:href,data-th-href}] [1000]: org.thymeleaf.standard.processor.StandardHrefTagProcessor
[THYMELEAF]             * [* {th:inline,data-th-inline}] [1000]: org.thymeleaf.standard.processor.StandardInlineHTMLTagProcessor
[THYMELEAF]             * [* {th:method,data-th-method}] [1000]: org.thymeleaf.standard.processor.StandardMethodTagProcessor
[THYMELEAF]             * [* {th:name,data-th-name}] [1000]: org.thymeleaf.standard.processor.StandardNonRemovableAttributeTagProcessor
[THYMELEAF]             * [* {th:type,data-th-type}] [1000]: org.thymeleaf.standard.processor.StandardNonRemovableAttributeTagProcessor
[THYMELEAF]             * [* {th:accesskey,data-th-accesskey}] [1000]: org.thymeleaf.standard.processor.StandardRemovableAttributeTagProcessor
[THYMELEAF]             * [* {th:target,data-th-target}] [1000]: org.thymeleaf.standard.processor.StandardRemovableAttributeTagProcessor
[THYMELEAF]             * [* {th:spellcheck,data-th-spellcheck}] [1000]: org.thymeleaf.standard.processor.StandardRemovableAttributeTagProcessor
[THYMELEAF]             * [* {th:list,data-th-list}] [1000]: org.thymeleaf.standard.processor.StandardRemovableAttributeTagProcessor
[THYMELEAF]             * [* {th:dir,data-th-dir}] [1000]: org.thymeleaf.standard.processor.StandardRemovableAttributeTagProcessor
[THYMELEAF]             * [* {th:pattern,data-th-pattern}] [1000]: org.thymeleaf.standard.processor.StandardRemovableAttributeTagProcessor
[THYMELEAF]             * [* {th:size,data-th-size}] [1000]: org.thymeleaf.standard.processor.StandardRemovableAttributeTagProcessor
[THYMELEAF]             * [* {th:hspace,data-th-hspace}] [1000]: org.thymeleaf.standard.processor.StandardRemovableAttributeTagProcessor
[THYMELEAF]             * [* {th:preload,data-th-preload}] [1000]: org.thymeleaf.standard.processor.StandardRemovableAttributeTagProcessor
[THYMELEAF]             * [* {th:sandbox,data-th-sandbox}] [1000]: org.thymeleaf.standard.processor.StandardRemovableAttributeTagProcessor
[THYMELEAF]             * [* {th:cite,data-th-cite}] [1000]: org.thymeleaf.standard.processor.StandardRemovableAttributeTagProcessor
[THYMELEAF]             * [* {th:rules,data-th-rules}] [1000]: org.thymeleaf.standard.processor.StandardRemovableAttributeTagProcessor
[THYMELEAF]             * [* {th:background,data-th-background}] [1000]: org.thymeleaf.standard.processor.StandardRemovableAttributeTagProcessor
[THYMELEAF]             * [* {th:high,data-th-high}] [1000]: org.thymeleaf.standard.processor.StandardRemovableAttributeTagProcessor
[THYMELEAF]             * [* {th:rel,data-th-rel}] [1000]: org.thymeleaf.standard.processor.StandardRemovableAttributeTagProcessor
[THYMELEAF]             * [* {th:style,data-th-style}] [1000]: org.thymeleaf.standard.processor.StandardRemovableAttributeTagProcessor
[THYMELEAF]             * [* {th:frameborder,data-th-frameborder}] [1000]: org.thymeleaf.standard.processor.StandardRemovableAttributeTagProcessor
[THYMELEAF]             * [* {th:icon,data-th-icon}] [1000]: org.thymeleaf.standard.processor.StandardRemovableAttributeTagProcessor
[THYMELEAF]             * [* {th:width,data-th-width}] [1000]: org.thymeleaf.standard.processor.StandardRemovableAttributeTagProcessor
[THYMELEAF]             * [* {th:rowspan,data-th-rowspan}] [1000]: org.thymeleaf.standard.processor.StandardRemovableAttributeTagProcessor
[THYMELEAF]             * [* {th:cols,data-th-cols}] [1000]: org.thymeleaf.standard.processor.StandardRemovableAttributeTagProcessor
[THYMELEAF]             * [* {th:placeholder,data-th-placeholder}] [1000]: org.thymeleaf.standard.processor.StandardRemovableAttributeTagProcessor
[THYMELEAF]             * [* {th:cellpadding,data-th-cellpadding}] [1000]: org.thymeleaf.standard.processor.StandardRemovableAttributeTagProcessor
[THYMELEAF]             * [* {th:http-equiv,data-th-http-equiv}] [1000]: org.thymeleaf.standard.processor.StandardRemovableAttributeTagProcessor
[THYMELEAF]             * [* {th:audio,data-th-audio}] [1000]: org.thymeleaf.standard.processor.StandardRemovableAttributeTagProcessor
[THYMELEAF]             * [* {th:max,data-th-max}] [1000]: org.thymeleaf.standard.processor.StandardRemovableAttributeTagProcessor
[THYMELEAF]             * [* {th:border,data-th-border}] [1000]: org.thymeleaf.standard.processor.StandardRemovableAttributeTagProcessor
[THYMELEAF]             * [* {th:longdesc,data-th-longdesc}] [1000]: org.thymeleaf.standard.processor.StandardRemovableAttributeTagProcessor
[THYMELEAF]             * [* {th:height,data-th-height}] [1000]: org.thymeleaf.standard.processor.StandardRemovableAttributeTagProcessor
[THYMELEAF]             * [* {th:min,data-th-min}] [1000]: org.thymeleaf.standard.processor.StandardRemovableAttributeTagProcessor
[THYMELEAF]             * [* {th:colspan,data-th-colspan}] [1000]: org.thymeleaf.standard.processor.StandardRemovableAttributeTagProcessor
[THYMELEAF]             * [* {th:contextmenu,data-th-contextmenu}] [1000]: org.thymeleaf.standard.processor.StandardRemovableAttributeTagProcessor
[THYMELEAF]             * [* {th:usemap,data-th-usemap}] [1000]: org.thymeleaf.standard.processor.StandardRemovableAttributeTagProcessor
[THYMELEAF]             * [* {th:codetype,data-th-codetype}] [1000]: org.thymeleaf.standard.processor.StandardRemovableAttributeTagProcessor
[THYMELEAF]             * [* {th:alt,data-th-alt}] [1000]: org.thymeleaf.standard.processor.StandardRemovableAttributeTagProcessor
[THYMELEAF]             * [* {th:marginwidth,data-th-marginwidth}] [1000]: org.thymeleaf.standard.processor.StandardRemovableAttributeTagProcessor
[THYMELEAF]             * [* {th:formmethod,data-th-formmethod}] [1000]: org.thymeleaf.standard.processor.StandardRemovableAttributeTagProcessor
[THYMELEAF]             * [* {th:manifest,data-th-manifest}] [1000]: org.thymeleaf.standard.processor.StandardRemovableAttributeTagProcessor
[THYMELEAF]             * [* {th:optimum,data-th-optimum}] [1000]: org.thymeleaf.standard.processor.StandardRemovableAttributeTagProcessor
[THYMELEAF]             * [* {th:draggable,data-th-draggable}] [1000]: org.thymeleaf.standard.processor.StandardRemovableAttributeTagProcessor
[THYMELEAF]             * [* {th:challenge,data-th-challenge}] [1000]: org.thymeleaf.standard.processor.StandardRemovableAttributeTagProcessor
[THYMELEAF]             * [* {th:accept,data-th-accept}] [1000]: org.thymeleaf.standard.processor.StandardRemovableAttributeTagProcessor
[THYMELEAF]             * [* {th:keytype,data-th-keytype}] [1000]: org.thymeleaf.standard.processor.StandardRemovableAttributeTagProcessor
[THYMELEAF]             * [* {th:wrap,data-th-wrap}] [1000]: org.thymeleaf.standard.processor.StandardRemovableAttributeTagProcessor
[THYMELEAF]             * [* {th:radiogroup,data-th-radiogroup}] [1000]: org.thymeleaf.standard.processor.StandardRemovableAttributeTagProcessor
[THYMELEAF]             * [* {th:title,data-th-title}] [1000]: org.thymeleaf.standard.processor.StandardRemovableAttributeTagProcessor
[THYMELEAF]             * [* {th:enctype,data-th-enctype}] [1000]: org.thymeleaf.standard.processor.StandardRemovableAttributeTagProcessor
[THYMELEAF]             * [* {th:low,data-th-low}] [1000]: org.thymeleaf.standard.processor.StandardRemovableAttributeTagProcessor
[THYMELEAF]             * [* {th:contenteditable,data-th-contenteditable}] [1000]: org.thymeleaf.standard.processor.StandardRemovableAttributeTagProcessor
[THYMELEAF]             * [* {th:dropzone,data-th-dropzone}] [1000]: org.thymeleaf.standard.processor.StandardRemovableAttributeTagProcessor
[THYMELEAF]             * [* {th:standby,data-th-standby}] [1000]: org.thymeleaf.standard.processor.StandardRemovableAttributeTagProcessor
[THYMELEAF]             * [* {th:frame,data-th-frame}] [1000]: org.thymeleaf.standard.processor.StandardRemovableAttributeTagProcessor
[THYMELEAF]             * [* {th:span,data-th-span}] [1000]: org.thymeleaf.standard.processor.StandardRemovableAttributeTagProcessor
[THYMELEAF]             * [* {th:summary,data-th-summary}] [1000]: org.thymeleaf.standard.processor.StandardRemovableAttributeTagProcessor
[THYMELEAF]             * [* {th:cellspacing,data-th-cellspacing}] [1000]: org.thymeleaf.standard.processor.StandardRemovableAttributeTagProcessor
[THYMELEAF]             * [* {th:for,data-th-for}] [1000]: org.thymeleaf.standard.processor.StandardRemovableAttributeTagProcessor
[THYMELEAF]             * [* {th:srclang,data-th-srclang}] [1000]: org.thymeleaf.standard.processor.StandardRemovableAttributeTagProcessor
[THYMELEAF]             * [* {th:media,data-th-media}] [1000]: org.thymeleaf.standard.processor.StandardRemovableAttributeTagProcessor
[THYMELEAF]             * [* {th:charset,data-th-charset}] [1000]: org.thymeleaf.standard.processor.StandardRemovableAttributeTagProcessor
[THYMELEAF]             * [* {th:classid,data-th-classid}] [1000]: org.thymeleaf.standard.processor.StandardRemovableAttributeTagProcessor
[THYMELEAF]             * [* {th:poster,data-th-poster}] [1000]: org.thymeleaf.standard.processor.StandardRemovableAttributeTagProcessor
[THYMELEAF]             * [* {th:label,data-th-label}] [1000]: org.thymeleaf.standard.processor.StandardRemovableAttributeTagProcessor
[THYMELEAF]             * [* {th:rev,data-th-rev}] [1000]: org.thymeleaf.standard.processor.StandardRemovableAttributeTagProcessor
[THYMELEAF]             * [* {th:formenctype,data-th-formenctype}] [1000]: org.thymeleaf.standard.processor.StandardRemovableAttributeTagProcessor
[THYMELEAF]             * [* {th:accept-charset,data-th-accept-charset}] [1000]: org.thymeleaf.standard.processor.StandardRemovableAttributeTagProcessor
[THYMELEAF]             * [* {th:scrolling,data-th-scrolling}] [1000]: org.thymeleaf.standard.processor.StandardRemovableAttributeTagProcessor
[THYMELEAF]             * [* {th:datetime,data-th-datetime}] [1000]: org.thymeleaf.standard.processor.StandardRemovableAttributeTagProcessor
[THYMELEAF]             * [* {th:abbr,data-th-abbr}] [1000]: org.thymeleaf.standard.processor.StandardRemovableAttributeTagProcessor
[THYMELEAF]             * [* {th:axis,data-th-axis}] [1000]: org.thymeleaf.standard.processor.StandardRemovableAttributeTagProcessor
[THYMELEAF]             * [* {th:scheme,data-th-scheme}] [1000]: org.thymeleaf.standard.processor.StandardRemovableAttributeTagProcessor
[THYMELEAF]             * [* {th:formtarget,data-th-formtarget}] [1000]: org.thymeleaf.standard.processor.StandardRemovableAttributeTagProcessor
[THYMELEAF]             * [* {th:form,data-th-form}] [1000]: org.thymeleaf.standard.processor.StandardRemovableAttributeTagProcessor
[THYMELEAF]             * [* {th:class,data-th-class}] [1000]: org.thymeleaf.standard.processor.StandardRemovableAttributeTagProcessor
[THYMELEAF]             * [* {th:id,data-th-id}] [1000]: org.thymeleaf.standard.processor.StandardRemovableAttributeTagProcessor
[THYMELEAF]             * [* {th:scope,data-th-scope}] [1000]: org.thymeleaf.standard.processor.StandardRemovableAttributeTagProcessor
[THYMELEAF]             * [* {th:formaction,data-th-formaction}] [1000]: org.thymeleaf.standard.processor.StandardRemovableAttributeTagProcessor
[THYMELEAF]             * [* {th:bgcolor,data-th-bgcolor}] [1000]: org.thymeleaf.standard.processor.StandardRemovableAttributeTagProcessor
[THYMELEAF]             * [* {th:valuetype,data-th-valuetype}] [1000]: org.thymeleaf.standard.processor.StandardRemovableAttributeTagProcessor
[THYMELEAF]             * [* {th:data,data-th-data}] [1000]: org.thymeleaf.standard.processor.StandardRemovableAttributeTagProcessor
[THYMELEAF]             * [* {th:align,data-th-align}] [1000]: org.thymeleaf.standard.processor.StandardRemovableAttributeTagProcessor
[THYMELEAF]             * [* {th:archive,data-th-archive}] [1000]: org.thymeleaf.standard.processor.StandardRemovableAttributeTagProcessor
[THYMELEAF]             * [* {th:headers,data-th-headers}] [1000]: org.thymeleaf.standard.processor.StandardRemovableAttributeTagProcessor
[THYMELEAF]             * [* {th:sizes,data-th-sizes}] [1000]: org.thymeleaf.standard.processor.StandardRemovableAttributeTagProcessor
[THYMELEAF]             * [* {th:vspace,data-th-vspace}] [1000]: org.thymeleaf.standard.processor.StandardRemovableAttributeTagProcessor
[THYMELEAF]             * [* {th:hreflang,data-th-hreflang}] [1000]: org.thymeleaf.standard.processor.StandardRemovableAttributeTagProcessor
[THYMELEAF]             * [* {th:codebase,data-th-codebase}] [1000]: org.thymeleaf.standard.processor.StandardRemovableAttributeTagProcessor
[THYMELEAF]             * [* {th:kind,data-th-kind}] [1000]: org.thymeleaf.standard.processor.StandardRemovableAttributeTagProcessor
[THYMELEAF]             * [* {th:maxlength,data-th-maxlength}] [1000]: org.thymeleaf.standard.processor.StandardRemovableAttributeTagProcessor
[THYMELEAF]             * [* {th:rows,data-th-rows}] [1000]: org.thymeleaf.standard.processor.StandardRemovableAttributeTagProcessor
[THYMELEAF]             * [* {th:compact,data-th-compact}] [1000]: org.thymeleaf.standard.processor.StandardRemovableAttributeTagProcessor
[THYMELEAF]             * [* {th:start,data-th-start}] [1000]: org.thymeleaf.standard.processor.StandardRemovableAttributeTagProcessor
[THYMELEAF]             * [* {th:autocomplete,data-th-autocomplete}] [1000]: org.thymeleaf.standard.processor.StandardRemovableAttributeTagProcessor
[THYMELEAF]             * [* {th:content,data-th-content}] [1000]: org.thymeleaf.standard.processor.StandardRemovableAttributeTagProcessor
[THYMELEAF]             * [* {th:lang,data-th-lang}] [1000]: org.thymeleaf.standard.processor.StandardRemovableAttributeTagProcessor
[THYMELEAF]             * [* {th:tabindex,data-th-tabindex}] [1000]: org.thymeleaf.standard.processor.StandardRemovableAttributeTagProcessor
[THYMELEAF]             * [* {th:marginheight,data-th-marginheight}] [1000]: org.thymeleaf.standard.processor.StandardRemovableAttributeTagProcessor
[THYMELEAF]             * [* {th:step,data-th-step}] [1000]: org.thymeleaf.standard.processor.StandardRemovableAttributeTagProcessor
[THYMELEAF]             * [* {th:src,data-th-src}] [1000]: org.thymeleaf.standard.processor.StandardSrcTagProcessor
[THYMELEAF]             * [* {th:value,data-th-value}] [1000]: org.thymeleaf.standard.processor.StandardValueTagProcessor
[THYMELEAF]             * [* {th:xmlbase,data-th-xmlbase}] [1000]: org.thymeleaf.standard.processor.StandardXmlBaseTagProcessor
[THYMELEAF]             * [* {th:xmllang,data-th-xmllang}] [1000]: org.thymeleaf.standard.processor.StandardXmlLangTagProcessor
[THYMELEAF]             * [* {xmlns:th}] [1000]: org.thymeleaf.standard.processor.StandardXmlNsTagProcessor
[THYMELEAF]             * [* {th:xmlspace,data-th-xmlspace}] [1000]: org.thymeleaf.standard.processor.StandardXmlSpaceTagProcessor
[THYMELEAF]             * [* {th:classappend,data-th-classappend}] [1100]: org.thymeleaf.standard.processor.StandardClassappendTagProcessor
[THYMELEAF]             * [* {th:styleappend,data-th-styleappend}] [1100]: org.thymeleaf.standard.processor.StandardStyleappendTagProcessor
[THYMELEAF]             * [* {th:text,data-th-text}] [1300]: org.thymeleaf.standard.processor.StandardTextTagProcessor
[THYMELEAF]             * [* {th:utext,data-th-utext}] [1400]: org.thymeleaf.standard.processor.StandardUtextTagProcessor
[THYMELEAF]             * [* {th:fragment,data-th-fragment}] [1500]: org.thymeleaf.standard.processor.StandardFragmentTagProcessor
[THYMELEAF]             * [* {th:assert,data-th-assert}] [1550]: org.thymeleaf.standard.processor.StandardAssertTagProcessor
[THYMELEAF]             * [* {th:remove,data-th-remove}] [1600]: org.thymeleaf.standard.processor.StandardRemoveTagProcessor
[THYMELEAF]             * [* {th:ref,data-th-ref}] [10000]: org.thymeleaf.standard.processor.StandardRefAttributeTagProcessor
[THYMELEAF]             * [{th:block,th-block} *] [100000]: org.thymeleaf.standard.processor.StandardBlockTagProcessor
[THYMELEAF]             * [* th:*] [2147483647]: org.thymeleaf.standard.processor.StandardDefaultAttributesTagProcessor
[THYMELEAF]         * Text Processors by [precedence]:
[THYMELEAF]             * [1000]: org.thymeleaf.standard.processor.StandardInliningTextProcessor
[THYMELEAF]         * DOCTYPE Processors by [precedence]:
[THYMELEAF]             * [1000]: org.thymeleaf.standard.processor.StandardTranslationDocTypeProcessor
[THYMELEAF]         * CDATA Section Processors by [precedence]:
[THYMELEAF]             * [1000]: org.thymeleaf.standard.processor.StandardInliningCDATASectionProcessor
[THYMELEAF]         * Comment Processors by [precedence]:
[THYMELEAF]             * [1000]: org.thymeleaf.standard.processor.StandardInliningCommentProcessor
[THYMELEAF]             * [1100]: org.thymeleaf.standard.processor.StandardConditionalCommentProcessor
[THYMELEAF]     * Processors for Template Mode: XML
[THYMELEAF]         * Element Tag Processors by [matching element and attribute name] [precedence]:
[THYMELEAF]             * [* {th:include}] [100]: org.thymeleaf.standard.processor.StandardIncludeTagProcessor
[THYMELEAF]             * [* {th:insert}] [100]: org.thymeleaf.standard.processor.StandardInsertTagProcessor
[THYMELEAF]             * [* {th:replace}] [100]: org.thymeleaf.standard.processor.StandardReplaceTagProcessor
[THYMELEAF]             * [* {th:each}] [200]: com.intuit.karate.template.KarateEachTagProcessor
[THYMELEAF]             * [* {th:switch}] [250]: org.thymeleaf.standard.processor.StandardSwitchTagProcessor
[THYMELEAF]             * [* {th:case}] [275]: org.thymeleaf.standard.processor.StandardCaseTagProcessor
[THYMELEAF]             * [* {th:if}] [300]: org.thymeleaf.standard.processor.StandardIfTagProcessor
[THYMELEAF]             * [* {th:unless}] [400]: org.thymeleaf.standard.processor.StandardUnlessTagProcessor
[THYMELEAF]             * [* {th:object}] [500]: org.thymeleaf.standard.processor.StandardObjectTagProcessor
[THYMELEAF]             * [* {th:with}] [600]: com.intuit.karate.template.KarateWithTagProcessor
[THYMELEAF]             * [* {th:attr}] [700]: com.intuit.karate.template.KarateAttributeTagProcessor.KarateAttrTagProcessor
[THYMELEAF]             * [* {th:attrappend}] [900]: com.intuit.karate.template.KarateAttributeTagProcessor.KarateAttrappendTagProcessor
[THYMELEAF]             * [* {th:attrprepend}] [900]: com.intuit.karate.template.KarateAttributeTagProcessor.KarateAttrprependTagProcessor
[THYMELEAF]             * [* {th:inline}] [1000]: org.thymeleaf.standard.processor.StandardInlineXMLTagProcessor
[THYMELEAF]             * [* {xmlns:th}] [1000]: org.thymeleaf.standard.processor.StandardXmlNsTagProcessor
[THYMELEAF]             * [* {th:text}] [1300]: org.thymeleaf.standard.processor.StandardTextTagProcessor
[THYMELEAF]             * [* {th:utext}] [1400]: org.thymeleaf.standard.processor.StandardUtextTagProcessor
[THYMELEAF]             * [* {th:fragment}] [1500]: org.thymeleaf.standard.processor.StandardFragmentTagProcessor
[THYMELEAF]             * [* {th:assert}] [1550]: org.thymeleaf.standard.processor.StandardAssertTagProcessor
[THYMELEAF]             * [* {th:remove}] [1600]: org.thymeleaf.standard.processor.StandardRemoveTagProcessor
[THYMELEAF]             * [* {th:ref}] [10000]: org.thymeleaf.standard.processor.StandardRefAttributeTagProcessor
[THYMELEAF]             * [{th:block} *] [100000]: org.thymeleaf.standard.processor.StandardBlockTagProcessor
[THYMELEAF]             * [* th:*] [2147483647]: org.thymeleaf.standard.processor.StandardDefaultAttributesTagProcessor
[THYMELEAF]         * Text Processors by [precedence]:
[THYMELEAF]             * [1000]: org.thymeleaf.standard.processor.StandardInliningTextProcessor
[THYMELEAF]         * CDATA Section Processors by [precedence]:
[THYMELEAF]             * [1000]: org.thymeleaf.standard.processor.StandardInliningCDATASectionProcessor
[THYMELEAF]         * Comment Processors by [precedence]:
[THYMELEAF]             * [1000]: org.thymeleaf.standard.processor.StandardInliningCommentProcessor
[THYMELEAF]     * Processors for Template Mode: TEXT
[THYMELEAF]         * Element Tag Processors by [matching element and attribute name] [precedence]:
[THYMELEAF]             * [* {th:insert}] [100]: org.thymeleaf.standard.processor.StandardInsertTagProcessor
[THYMELEAF]             * [* {th:replace}] [100]: org.thymeleaf.standard.processor.StandardReplaceTagProcessor
[THYMELEAF]             * [* {th:each}] [200]: com.intuit.karate.template.KarateEachTagProcessor
[THYMELEAF]             * [* {th:switch}] [250]: org.thymeleaf.standard.processor.StandardSwitchTagProcessor
[THYMELEAF]             * [* {th:case}] [275]: org.thymeleaf.standard.processor.StandardCaseTagProcessor
[THYMELEAF]             * [* {th:if}] [300]: org.thymeleaf.standard.processor.StandardIfTagProcessor
[THYMELEAF]             * [* {th:unless}] [400]: org.thymeleaf.standard.processor.StandardUnlessTagProcessor
[THYMELEAF]             * [* {th:object}] [500]: org.thymeleaf.standard.processor.StandardObjectTagProcessor
[THYMELEAF]             * [* {th:with}] [600]: com.intuit.karate.template.KarateWithTagProcessor
[THYMELEAF]             * [* {th:inline}] [1000]: org.thymeleaf.standard.processor.StandardInlineTextualTagProcessor
[THYMELEAF]             * [* {th:text}] [1300]: org.thymeleaf.standard.processor.StandardTextTagProcessor
[THYMELEAF]             * [* {th:utext}] [1400]: org.thymeleaf.standard.processor.StandardUtextTagProcessor
[THYMELEAF]             * [* {th:assert}] [1550]: org.thymeleaf.standard.processor.StandardAssertTagProcessor
[THYMELEAF]             * [* {th:remove}] [1600]: org.thymeleaf.standard.processor.StandardRemoveTagProcessor
[THYMELEAF]             * [{th:block} *] [100000]: org.thymeleaf.standard.processor.StandardBlockTagProcessor
[THYMELEAF]             * [* 100000] [org.thymeleaf.standard.processor.StandardBlockTagProcessor]: {}
[THYMELEAF]         * Text Processors by [precedence]:
[THYMELEAF]             * [1000]: org.thymeleaf.standard.processor.StandardInliningTextProcessor
[THYMELEAF]     * Processors for Template Mode: JAVASCRIPT
[THYMELEAF]         * Element Tag Processors by [matching element and attribute name] [precedence]:
[THYMELEAF]             * [* {th:insert}] [100]: org.thymeleaf.standard.processor.StandardInsertTagProcessor
[THYMELEAF]             * [* {th:replace}] [100]: org.thymeleaf.standard.processor.StandardReplaceTagProcessor
[THYMELEAF]             * [* {th:each}] [200]: com.intuit.karate.template.KarateEachTagProcessor
[THYMELEAF]             * [* {th:switch}] [250]: org.thymeleaf.standard.processor.StandardSwitchTagProcessor
[THYMELEAF]             * [* {th:case}] [275]: org.thymeleaf.standard.processor.StandardCaseTagProcessor
[THYMELEAF]             * [* {th:if}] [300]: org.thymeleaf.standard.processor.StandardIfTagProcessor
[THYMELEAF]             * [* {th:unless}] [400]: org.thymeleaf.standard.processor.StandardUnlessTagProcessor
[THYMELEAF]             * [* {th:object}] [500]: org.thymeleaf.standard.processor.StandardObjectTagProcessor
[THYMELEAF]             * [* {th:with}] [600]: com.intuit.karate.template.KarateWithTagProcessor
[THYMELEAF]             * [* {th:inline}] [1000]: org.thymeleaf.standard.processor.StandardInlineTextualTagProcessor
[THYMELEAF]             * [* {th:text}] [1300]: org.thymeleaf.standard.processor.StandardTextTagProcessor
[THYMELEAF]             * [* {th:utext}] [1400]: org.thymeleaf.standard.processor.StandardUtextTagProcessor
[THYMELEAF]             * [* {th:assert}] [1550]: org.thymeleaf.standard.processor.StandardAssertTagProcessor
[THYMELEAF]             * [* {th:remove}] [1600]: org.thymeleaf.standard.processor.StandardRemoveTagProcessor
[THYMELEAF]             * [{th:block} *] [100000]: org.thymeleaf.standard.processor.StandardBlockTagProcessor
[THYMELEAF]             * [* 100000] [org.thymeleaf.standard.processor.StandardBlockTagProcessor]: {}
[THYMELEAF]         * Text Processors by [precedence]:
[THYMELEAF]             * [1000]: org.thymeleaf.standard.processor.StandardInliningTextProcessor
[THYMELEAF]     * Processors for Template Mode: CSS
[THYMELEAF]         * Element Tag Processors by [matching element and attribute name] [precedence]:
[THYMELEAF]             * [* {th:insert}] [100]: org.thymeleaf.standard.processor.StandardInsertTagProcessor
[THYMELEAF]             * [* {th:replace}] [100]: org.thymeleaf.standard.processor.StandardReplaceTagProcessor
[THYMELEAF]             * [* {th:each}] [200]: com.intuit.karate.template.KarateEachTagProcessor
[THYMELEAF]             * [* {th:switch}] [250]: org.thymeleaf.standard.processor.StandardSwitchTagProcessor
[THYMELEAF]             * [* {th:case}] [275]: org.thymeleaf.standard.processor.StandardCaseTagProcessor
[THYMELEAF]             * [* {th:if}] [300]: org.thymeleaf.standard.processor.StandardIfTagProcessor
[THYMELEAF]             * [* {th:unless}] [400]: org.thymeleaf.standard.processor.StandardUnlessTagProcessor
[THYMELEAF]             * [* {th:object}] [500]: org.thymeleaf.standard.processor.StandardObjectTagProcessor
[THYMELEAF]             * [* {th:with}] [600]: com.intuit.karate.template.KarateWithTagProcessor
[THYMELEAF]             * [* {th:inline}] [1000]: org.thymeleaf.standard.processor.StandardInlineTextualTagProcessor
[THYMELEAF]             * [* {th:text}] [1300]: org.thymeleaf.standard.processor.StandardTextTagProcessor
[THYMELEAF]             * [* {th:utext}] [1400]: org.thymeleaf.standard.processor.StandardUtextTagProcessor
[THYMELEAF]             * [* {th:assert}] [1550]: org.thymeleaf.standard.processor.StandardAssertTagProcessor
[THYMELEAF]             * [* {th:remove}] [1600]: org.thymeleaf.standard.processor.StandardRemoveTagProcessor
[THYMELEAF]             * [{th:block} *] [100000]: org.thymeleaf.standard.processor.StandardBlockTagProcessor
[THYMELEAF]             * [* 100000] [org.thymeleaf.standard.processor.StandardBlockTagProcessor]: {}
[THYMELEAF]         * Text Processors by [precedence]:
[THYMELEAF]             * [1000]: org.thymeleaf.standard.processor.StandardInliningTextProcessor
[THYMELEAF]     * Expression Objects:
[THYMELEAF]         * #ctx
[THYMELEAF]         * #root
[THYMELEAF]         * #vars
[THYMELEAF]         * #object
[THYMELEAF]         * #locale
[THYMELEAF]         * #conversions
[THYMELEAF]         * #uris
[THYMELEAF]         * #temporals
[THYMELEAF]         * #calendars
[THYMELEAF]         * #dates
[THYMELEAF]         * #bools
[THYMELEAF]         * #numbers
[THYMELEAF]         * #objects
[THYMELEAF]         * #strings
[THYMELEAF]         * #arrays
[THYMELEAF]         * #lists
[THYMELEAF]         * #sets
[THYMELEAF]         * #maps
[THYMELEAF]         * #aggregates
[THYMELEAF]         * #messages
[THYMELEAF]         * #ids
[THYMELEAF]         * #execInfo
[THYMELEAF]         * #request
[THYMELEAF]         * #response
[THYMELEAF]         * #session
[THYMELEAF]         * #servletContext
[THYMELEAF]     * Execution Attributes:
[THYMELEAF]         * "StandardExpressionParser": com.intuit.karate.template.KarateStandardDialect@64688978
[THYMELEAF]         * "StandardJavaScriptSerializer": org.thymeleaf.standard.serializer.StandardJavaScriptSerializer@570299e3
[THYMELEAF]         * "StandardCSSSerializer": org.thymeleaf.standard.serializer.StandardCSSSerializer@bff764c
[THYMELEAF]         * "StandardVariableExpressionEvaluator": com.intuit.karate.template.KarateStandardDialect@64688978
[THYMELEAF]         * "StandardConversionService": org.thymeleaf.standard.expression.StandardConversionService@3beaa16d
[THYMELEAF] * Dialect [2 of 2]: karate (com.intuit.karate.template.KarateScriptDialect)
[THYMELEAF]     * Prefix: "ka"
[THYMELEAF]     * Processors for Template Mode: HTML
[THYMELEAF]         * Element Tag Processors by [matching element and attribute name] [precedence]:
[THYMELEAF]             * [* {src}] [1000]: com.intuit.karate.template.KaScriptAttrProcessor
[THYMELEAF]         * Element Model Processors by [matching element and attribute name] [precedence]:
[THYMELEAF]             * [{script} {ka:scope,data-ka-scope}] [1000]: com.intuit.karate.template.KaScriptElemProcessor
[THYMELEAF]             * [* {ka:set,data-ka-set}] [1000]: com.intuit.karate.template.KaSetElemProcessor
[THYMELEAF] TEMPLATE ENGINE CONFIGURED OK
15:08:21.404 [main] DEBUG org.thymeleaf.TemplateEngine -- [THYMELEAF] TEMPLATE ENGINE INITIALIZED

HTML report: (paste into browser to view) | Karate version: 1.4.1
file:///C:/Users/bella/Desktop/Dog%20Api/target/karate-reports/karate-summary.html
===================================================================

]]></system-out>
  </testcase>
</testsuite>